


materialPath: C:\Program Files (x86)\Steam\steamapps\common\half-life 2\hl2\materials
Loading c:\program files (x86)\steam\steamapps\sourcemods\hlmbv\maps\background01.vmf
Could not locate 'GameData' key in c:\program files (x86)\steam\steamapps\common\half-life 2\hl2\gameinfo.txt
fixing up env_cubemap materials on brush sides...
0...1...2...3...4...5...6...7...8...9...100...1...2...3...4...5...6...7...8...9...10Processing areas...done (0)
Building Faces...done (0)
Chop Details...done (0)
Find Visible Detail Sides...done (0)
Merging details...done (0)
FixTjuncs...
PruneNodes...
WriteBSP...
done (0)
writing c:\program files (x86)\steam\steamapps\sourcemods\hlmbv\maps\background01.prt...Building visibility clusters...
done (0)
Creating default LDR cubemaps for env_cubemap using skybox materials:
   skybox/sky_day02_09*.vmt
 ! Run buildcubemaps in the engine to get the correct cube maps.
Creating default HDR cubemaps for env_cubemap using skybox materials:
   skybox/sky_day02_09*.vmt
 ! Run buildcubemaps in the engine to get the correct cube maps.
Finding displacement neighbors...
Finding lightmap sample positions...
Displacement Alpha : 0...1...2...3...4...5...6...7...8...9...10
Building Physics collision data...
done (0) (13090 bytes)
Placing detail props : 0...1...2...3...4...5...6...7...8...9...10
Compacting texture/material tables...
Reduced 108 texinfos to 68
Reduced 16 texdatas to 15 (354 bytes to 306)
Writing c:\program files (x86)\steam\steamapps\sourcemods\hlmbv\maps\background01.bsp
0 seconds elapsed



4 threads
reading c:\program files (x86)\steam\steamapps\sourcemods\hlmbv\maps\background01.bsp
reading c:\program files (x86)\steam\steamapps\sourcemods\hlmbv\maps\background01.prt
  58 portalclusters
 172 numportals
0...1...2...3...4...5...6...7...8...9...100...1...2...3...4...5...6...7...8...9...10Optimized: 3 visible clusters (0.11%)
Total clusters visible: 2676
Average clusters visible: 46
Building PAS...
Average clusters audible: 56
visdatasize:1409  compressed from 928
writing c:\program files (x86)\steam\steamapps\sourcemods\hlmbv\maps\background01.bsp
0 seconds elapsed



[Reading texlights from 'lights.rad']
[45 texlights parsed from 'lights.rad']

Loading c:\program files (x86)\steam\steamapps\sourcemods\hlmbv\maps\background01.bsp
219 faces
285527 square feet [41115936.00 square inches]
5 Displacements
70472 Square Feet [10148016.00 Square Inches]
219 patches before subdivision
6847 patches after subdivision
6 direct lights
0...1...2...3...4...5...6...7...8...9...100...1...2...3...4...5...6...7...8...9...10transfers 394926, max 255
transfer lists:   3.0 megs
0...1...2...3...4...5...6...7...8...9...10	Bounce #1 added RGB(44143, 48783, 47669)
0...1...2...3...4...5...6...7...8...9...10	Bounce #2 added RGB(10615, 11528, 12591)
0...1...2...3...4...5...6...7...8...9...10	Bounce #3 added RGB(3472, 3840, 4569)
0...1...2...3...4...5...6...7...8...9...10	Bounce #4 added RGB(1000, 1203, 1695)
0...1...2...3...4...5...6...7...8...9...10	Bounce #5 added RGB(320, 420, 660)
0...1...2...3...4...5...6...7...8...9...10	Bounce #6 added RGB(98, 145, 263)
0...1...2...3...4...5...6...7...8...9...10	Bounce #7 added RGB(31, 53, 106)
0...1...2...3...4...5...6...7...8...9...10	Bounce #8 added RGB(10, 19, 43)
0...1...2...3...4...5...6...7...8...9...10	Bounce #9 added RGB(3, 7, 17)
0...1...2...3...4...5...6...7...8...9...10	Bounce #10 added RGB(1, 3, 7)
0...1...2...3...4...5...6...7...8...9...10	Bounce #11 added RGB(0, 1, 3)
0...1...2...3...4...5...6...7...8...9...10	Bounce #12 added RGB(0, 0, 1)
0...1...2...3...4...5...6...7...8...9...10	Bounce #13 added RGB(0, 0, 1)
Build Patch/Sample Hash Table(s).....Done<0.0019 sec>
0...1...2...3...4...5...6...7...8...9...10FinalLightFace Done
0 of 0 (0% of) surface lights went in leaf ambient cubes.
0...1...2...3...4...5...6...7...8...9...10Writing leaf ambient...done
Ready to Finish

Object names       Objects/Maxobjs  Memory / Maxmem  Fullness 
------------       ---------------  ---------------  -------- 
models                   3/1024          144/49152    ( 0.3%) 
brushes                 35/8192          420/98304    ( 0.4%) 
brushsides             234/65536        1872/524288   ( 0.4%) 
planes                 242/65536        4840/1310720  ( 0.4%) 
vertexes               296/65536        3552/786432   ( 0.5%) 
nodes                  152/65536        4864/2097152  ( 0.2%) 
texinfos                68/12288        4896/884736   ( 0.6%) 
texdata                 15/2048          480/65536    ( 0.7%) 
dispinfos                5/0             880/0        ( 0.0%) 
disp_verts             405/0            8100/0        ( 0.0%) 
disp_tris              640/0            1280/0        ( 0.0%) 
disp_lmsamples      122000/0          122000/0        ( 0.0%) 
faces                  219/65536       12264/3670016  ( 0.3%) 
hdr faces                0/65536           0/3670016  ( 0.0%) 
origfaces              123/65536        6888/3670016  ( 0.2%) 
leaves                 156/65536        4992/2097152  ( 0.2%) 
leaffaces              238/65536         476/131072   ( 0.4%) 
leafbrushes             96/65536         192/131072   ( 0.1%) 
areas                    2/256            16/2048     ( 0.8%) 
surfedges             1469/512000       5876/2048000  ( 0.3%) 
edges                  881/256000       3524/1024000  ( 0.3%) 
LDR worldlights          6/8192          528/720896   ( 0.1%) 
HDR worldlights          0/8192            0/720896   ( 0.0%) 
leafwaterdata            0/32768           0/393216   ( 0.0%) 
waterstrips              8/32768          80/327680   ( 0.0%) 
waterverts               0/65536           0/786432   ( 0.0%) 
waterindices           174/65536         348/131072   ( 0.3%) 
cubemapsamples           0/1024            0/16384    ( 0.0%) 
overlays                 0/512             0/180224   ( 0.0%) 
LDR lightdata         [variable]      357556/0        ( 0.0%) 
HDR lightdata         [variable]           0/0        ( 0.0%) 
visdata               [variable]        1409/16777216 ( 0.0%) 
entdata               [variable]        5195/393216   ( 1.3%) 
LDR ambient table      156/65536         624/262144   ( 0.2%) 
HDR ambient table      156/65536         624/262144   ( 0.2%) 
LDR leaf ambient       828/65536       23184/1835008  ( 1.3%) 
HDR leaf ambient       156/65536        4368/1835008  ( 0.2%) 
occluders                0/0               0/0        ( 0.0%) 
occluder polygons        0/0               0/0        ( 0.0%) 
occluder vert ind        0/0               0/0        ( 0.0%) 
detail props          [variable]           1/12       ( 8.3%) 
static props          [variable]           1/210      ( 0.5%) 
pakfile               [variable]      173757/0        ( 0.0%) 
physics               [variable]       13090/4194304  ( 0.3%) 
physics terrain       [variable]        2129/1048576  ( 0.2%) 

Level flags = 0

Total triangle count: 542
Writing c:\program files (x86)\steam\steamapps\sourcemods\hlmbv\maps\background01.bsp
1 second elapsed



[Reading texlights from 'lights.rad']
[45 texlights parsed from 'lights.rad']

Loading c:\program files (x86)\steam\steamapps\sourcemods\hlmbv\maps\background01.bsp
219 faces
285527 square feet [41115936.00 square inches]
5 Displacements
70472 Square Feet [10148016.00 Square Inches]
219 patches before subdivision
6847 patches after subdivision
6 direct lights
0...1...2...3...4...5...6...7...8...9...100...1...2...3...4...5...6...7...8...9...10transfers 394926, max 255
transfer lists:   3.0 megs
0...1...2...3...4...5...6...7...8...9...10	Bounce #1 added RGB(44143, 48783, 47669)
0...1...2...3...4...5...6...7...8...9...10	Bounce #2 added RGB(10615, 11528, 12591)
0...1...2...3...4...5...6...7...8...9...10	Bounce #3 added RGB(3472, 3840, 4569)
0...1...2...3...4...5...6...7...8...9...10	Bounce #4 added RGB(1000, 1203, 1695)
0...1...2...3...4...5...6...7...8...9...10	Bounce #5 added RGB(320, 420, 660)
0...1...2...3...4...5...6...7...8...9...10	Bounce #6 added RGB(98, 145, 263)
0...1...2...3...4...5...6...7...8...9...10	Bounce #7 added RGB(31, 53, 106)
0...1...2...3...4...5...6...7...8...9...10	Bounce #8 added RGB(10, 19, 43)
0...1...2...3...4...5...6...7...8...9...10	Bounce #9 added RGB(3, 7, 17)
0...1...2...3...4...5...6...7...8...9...10	Bounce #10 added RGB(1, 3, 7)
0...1...2...3...4...5...6...7...8...9...10	Bounce #11 added RGB(0, 1, 3)
0...1...2...3...4...5...6...7...8...9...10	Bounce #12 added RGB(0, 0, 1)
0...1...2...3...4...5...6...7...8...9...10	Bounce #13 added RGB(0, 0, 1)
Build Patch/Sample Hash Table(s).....Done<0.0019 sec>
0...1...2...3...4...5...6...7...8...9...10FinalLightFace Done
0 of 0 (0% of) surface lights went in leaf ambient cubes.
0...1...2...3...4...5...6...7...8...9...10Writing leaf ambient...done
Ready to Finish

Object names       Objects/Maxobjs  Memory / Maxmem  Fullness 
------------       ---------------  ---------------  -------- 
models                   3/1024          144/49152    ( 0.3%) 
brushes                 35/8192          420/98304    ( 0.4%) 
brushsides             234/65536        1872/524288   ( 0.4%) 
planes                 242/65536        4840/1310720  ( 0.4%) 
vertexes               296/65536        3552/786432   ( 0.5%) 
nodes                  152/65536        4864/2097152  ( 0.2%) 
texinfos                68/12288        4896/884736   ( 0.6%) 
texdata                 15/2048          480/65536    ( 0.7%) 
dispinfos                5/0             880/0        ( 0.0%) 
disp_verts             405/0            8100/0        ( 0.0%) 
disp_tris              640/0            1280/0        ( 0.0%) 
disp_lmsamples      122000/0          122000/0        ( 0.0%) 
faces                  219/65536       12264/3670016  ( 0.3%) 
hdr faces              219/65536       12264/3670016  ( 0.3%) 
origfaces              123/65536        6888/3670016  ( 0.2%) 
leaves                 156/65536        4992/2097152  ( 0.2%) 
leaffaces              238/65536         476/131072   ( 0.4%) 
leafbrushes             96/65536         192/131072   ( 0.1%) 
areas                    2/256            16/2048     ( 0.8%) 
surfedges             1469/512000       5876/2048000  ( 0.3%) 
edges                  881/256000       3524/1024000  ( 0.3%) 
LDR worldlights          6/8192          528/720896   ( 0.1%) 
HDR worldlights          6/8192          528/720896   ( 0.1%) 
leafwaterdata            0/32768           0/393216   ( 0.0%) 
waterstrips              8/32768          80/327680   ( 0.0%) 
waterverts               0/65536           0/786432   ( 0.0%) 
waterindices           174/65536         348/131072   ( 0.3%) 
cubemapsamples           0/1024            0/16384    ( 0.0%) 
overlays                 0/512             0/180224   ( 0.0%) 
LDR lightdata         [variable]      357556/0        ( 0.0%) 
HDR lightdata         [variable]      357556/0        ( 0.0%) 
visdata               [variable]        1409/16777216 ( 0.0%) 
entdata               [variable]        5195/393216   ( 1.3%) 
LDR ambient table      156/65536         624/262144   ( 0.2%) 
HDR ambient table      156/65536         624/262144   ( 0.2%) 
LDR leaf ambient       828/65536       23184/1835008  ( 1.3%) 
HDR leaf ambient       828/65536       23184/1835008  ( 1.3%) 
occluders                0/0               0/0        ( 0.0%) 
occluder polygons        0/0               0/0        ( 0.0%) 
occluder vert ind        0/0               0/0        ( 0.0%) 
detail props          [variable]           1/12       ( 8.3%) 
static props          [variable]           1/210      ( 0.5%) 
pakfile               [variable]      173757/0        ( 0.0%) 
physics               [variable]       13090/4194304  ( 0.3%) 
physics terrain       [variable]        2129/1048576  ( 0.2%) 

Level flags = 0

Total triangle count: 542
Writing c:\program files (x86)\steam\steamapps\sourcemods\hlmbv\maps\background01.bsp
2 seconds elapsed



materialPath: C:\Program Files (x86)\Steam\steamapps\common\half-life 2\hl2\materials
Loading c:\program files (x86)\steam\steamapps\sourcemods\hlmbv\maps\background01.vmf
Could not locate 'GameData' key in c:\program files (x86)\steam\steamapps\common\half-life 2\hl2\gameinfo.txt
fixing up env_cubemap materials on brush sides...
0...1...2...3...4...5...6...7...8...9...100...1...2...3...4...5...6...7...8...9...10Processing areas...done (0)
Building Faces...done (0)
Chop Details...done (0)
Find Visible Detail Sides...done (0)
Merging details...done (0)
FixTjuncs...
PruneNodes...
WriteBSP...
done (0)
writing c:\program files (x86)\steam\steamapps\sourcemods\hlmbv\maps\background01.prt...Building visibility clusters...
done (0)
Creating default LDR cubemaps for env_cubemap using skybox materials:
   skybox/sky_day02_09*.vmt
 ! Run buildcubemaps in the engine to get the correct cube maps.
Creating default HDR cubemaps for env_cubemap using skybox materials:
   skybox/sky_day02_09*.vmt
 ! Run buildcubemaps in the engine to get the correct cube maps.
Finding displacement neighbors...
Finding lightmap sample positions...
Displacement Alpha : 0...1...2...3...4...5...6...7...8...9...10
Building Physics collision data...
done (0) (13090 bytes)
Placing detail props : 0...1...2...3...4...5...6...7...8...9...10
Compacting texture/material tables...
Reduced 108 texinfos to 68
Reduced 16 texdatas to 15 (354 bytes to 306)
Writing c:\program files (x86)\steam\steamapps\sourcemods\hlmbv\maps\background01.bsp
0 seconds elapsed



4 threads
reading c:\program files (x86)\steam\steamapps\sourcemods\hlmbv\maps\background01.bsp
reading c:\program files (x86)\steam\steamapps\sourcemods\hlmbv\maps\background01.prt
  58 portalclusters
 172 numportals
0...1...2...3...4...5...6...7...8...9...100...1...2...3...4...5...6...7...8...9...10Optimized: 3 visible clusters (0.11%)
Total clusters visible: 2676
Average clusters visible: 46
Building PAS...
Average clusters audible: 56
visdatasize:1409  compressed from 928
writing c:\program files (x86)\steam\steamapps\sourcemods\hlmbv\maps\background01.bsp
0 seconds elapsed



[Reading texlights from 'lights.rad']
[45 texlights parsed from 'lights.rad']

Loading c:\program files (x86)\steam\steamapps\sourcemods\hlmbv\maps\background01.bsp
219 faces
285527 square feet [41115936.00 square inches]
5 Displacements
70472 Square Feet [10148016.00 Square Inches]
219 patches before subdivision
6847 patches after subdivision
6 direct lights
0...1...2...3...4...5...6...7...8...9...100...1...2...3...4...5...6...7...8...9...10transfers 394926, max 255
transfer lists:   3.0 megs
0...1...2...3...4...5...6...7...8...9...10	Bounce #1 added RGB(44143, 48783, 47669)
0...1...2...3...4...5...6...7...8...9...10	Bounce #2 added RGB(10615, 11528, 12591)
0...1...2...3...4...5...6...7...8...9...10	Bounce #3 added RGB(3472, 3840, 4569)
0...1...2...3...4...5...6...7...8...9...10	Bounce #4 added RGB(1000, 1203, 1695)
0...1...2...3...4...5...6...7...8...9...10	Bounce #5 added RGB(320, 420, 660)
0...1...2...3...4...5...6...7...8...9...10	Bounce #6 added RGB(98, 145, 263)
0...1...2...3...4...5...6...7...8...9...10	Bounce #7 added RGB(31, 53, 106)
0...1...2...3...4...5...6...7...8...9...10	Bounce #8 added RGB(10, 19, 43)
0...1...2...3...4...5...6...7...8...9...10	Bounce #9 added RGB(3, 7, 17)
0...1...2...3...4...5...6...7...8...9...10	Bounce #10 added RGB(1, 3, 7)
0...1...2...3...4...5...6...7...8...9...10	Bounce #11 added RGB(0, 1, 3)
0...1...2...3...4...5...6...7...8...9...10	Bounce #12 added RGB(0, 0, 1)
0...1...2...3...4...5...6...7...8...9...10	Bounce #13 added RGB(0, 0, 1)
Build Patch/Sample Hash Table(s).....Done<0.0018 sec>
0...1...2...3...4...5...6...7...8...9...10FinalLightFace Done
0 of 0 (0% of) surface lights went in leaf ambient cubes.
0...1...2...3...4...5...6...7...8...9...10Writing leaf ambient...done
Ready to Finish

Object names       Objects/Maxobjs  Memory / Maxmem  Fullness 
------------       ---------------  ---------------  -------- 
models                   3/1024          144/49152    ( 0.3%) 
brushes                 35/8192          420/98304    ( 0.4%) 
brushsides             234/65536        1872/524288   ( 0.4%) 
planes                 242/65536        4840/1310720  ( 0.4%) 
vertexes               296/65536        3552/786432   ( 0.5%) 
nodes                  152/65536        4864/2097152  ( 0.2%) 
texinfos                68/12288        4896/884736   ( 0.6%) 
texdata                 15/2048          480/65536    ( 0.7%) 
dispinfos                5/0             880/0        ( 0.0%) 
disp_verts             405/0            8100/0        ( 0.0%) 
disp_tris              640/0            1280/0        ( 0.0%) 
disp_lmsamples      122000/0          122000/0        ( 0.0%) 
faces                  219/65536       12264/3670016  ( 0.3%) 
hdr faces                0/65536           0/3670016  ( 0.0%) 
origfaces              123/65536        6888/3670016  ( 0.2%) 
leaves                 156/65536        4992/2097152  ( 0.2%) 
leaffaces              238/65536         476/131072   ( 0.4%) 
leafbrushes             96/65536         192/131072   ( 0.1%) 
areas                    2/256            16/2048     ( 0.8%) 
surfedges             1469/512000       5876/2048000  ( 0.3%) 
edges                  881/256000       3524/1024000  ( 0.3%) 
LDR worldlights          6/8192          528/720896   ( 0.1%) 
HDR worldlights          0/8192            0/720896   ( 0.0%) 
leafwaterdata            0/32768           0/393216   ( 0.0%) 
waterstrips              8/32768          80/327680   ( 0.0%) 
waterverts               0/65536           0/786432   ( 0.0%) 
waterindices           174/65536         348/131072   ( 0.3%) 
cubemapsamples           0/1024            0/16384    ( 0.0%) 
overlays                 0/512             0/180224   ( 0.0%) 
LDR lightdata         [variable]      357556/0        ( 0.0%) 
HDR lightdata         [variable]           0/0        ( 0.0%) 
visdata               [variable]        1409/16777216 ( 0.0%) 
entdata               [variable]        5195/393216   ( 1.3%) 
LDR ambient table      156/65536         624/262144   ( 0.2%) 
HDR ambient table      156/65536         624/262144   ( 0.2%) 
LDR leaf ambient       828/65536       23184/1835008  ( 1.3%) 
HDR leaf ambient       156/65536        4368/1835008  ( 0.2%) 
occluders                0/0               0/0        ( 0.0%) 
occluder polygons        0/0               0/0        ( 0.0%) 
occluder vert ind        0/0               0/0        ( 0.0%) 
detail props          [variable]           1/12       ( 8.3%) 
static props          [variable]           1/210      ( 0.5%) 
pakfile               [variable]      173757/0        ( 0.0%) 
physics               [variable]       13090/4194304  ( 0.3%) 
physics terrain       [variable]        2129/1048576  ( 0.2%) 

Level flags = 0

Total triangle count: 542
Writing c:\program files (x86)\steam\steamapps\sourcemods\hlmbv\maps\background01.bsp
1 second elapsed



[Reading texlights from 'lights.rad']
[45 texlights parsed from 'lights.rad']

Loading c:\program files (x86)\steam\steamapps\sourcemods\hlmbv\maps\background01.bsp
219 faces
285527 square feet [41115936.00 square inches]
5 Displacements
70472 Square Feet [10148016.00 Square Inches]
219 patches before subdivision
6847 patches after subdivision
6 direct lights
0...1...2...3...4...5...6...7...8...9...100...1...2...3...4...5...6...7...8...9...10transfers 394926, max 255
transfer lists:   3.0 megs
0...1...2...3...4...5...6...7...8...9...10	Bounce #1 added RGB(44143, 48783, 47669)
0...1...2...3...4...5...6...7...8...9...10	Bounce #2 added RGB(10615, 11528, 12591)
0...1...2...3...4...5...6...7...8...9...10	Bounce #3 added RGB(3472, 3840, 4569)
0...1...2...3...4...5...6...7...8...9...10	Bounce #4 added RGB(1000, 1203, 1695)
0...1...2...3...4...5...6...7...8...9...10	Bounce #5 added RGB(320, 420, 660)
0...1...2...3...4...5...6...7...8...9...10	Bounce #6 added RGB(98, 145, 263)
0...1...2...3...4...5...6...7...8...9...10	Bounce #7 added RGB(31, 53, 106)
0...1...2...3...4...5...6...7...8...9...10	Bounce #8 added RGB(10, 19, 43)
0...1...2...3...4...5...6...7...8...9...10	Bounce #9 added RGB(3, 7, 17)
0...1...2...3...4...5...6...7...8...9...10	Bounce #10 added RGB(1, 3, 7)
0...1...2...3...4...5...6...7...8...9...10	Bounce #11 added RGB(0, 1, 3)
0...1...2...3...4...5...6...7...8...9...10	Bounce #12 added RGB(0, 0, 1)
0...1...2...3...4...5...6...7...8...9...10	Bounce #13 added RGB(0, 0, 1)
Build Patch/Sample Hash Table(s).....Done<0.0018 sec>
0...1...2...3...4...5...6...7...8...9...10FinalLightFace Done
0 of 0 (0% of) surface lights went in leaf ambient cubes.
0...1...2...3...4...5...6...7...8...9...10Writing leaf ambient...done
Ready to Finish

Object names       Objects/Maxobjs  Memory / Maxmem  Fullness 
------------       ---------------  ---------------  -------- 
models                   3/1024          144/49152    ( 0.3%) 
brushes                 35/8192          420/98304    ( 0.4%) 
brushsides             234/65536        1872/524288   ( 0.4%) 
planes                 242/65536        4840/1310720  ( 0.4%) 
vertexes               296/65536        3552/786432   ( 0.5%) 
nodes                  152/65536        4864/2097152  ( 0.2%) 
texinfos                68/12288        4896/884736   ( 0.6%) 
texdata                 15/2048          480/65536    ( 0.7%) 
dispinfos                5/0             880/0        ( 0.0%) 
disp_verts             405/0            8100/0        ( 0.0%) 
disp_tris              640/0            1280/0        ( 0.0%) 
disp_lmsamples      122000/0          122000/0        ( 0.0%) 
faces                  219/65536       12264/3670016  ( 0.3%) 
hdr faces              219/65536       12264/3670016  ( 0.3%) 
origfaces              123/65536        6888/3670016  ( 0.2%) 
leaves                 156/65536        4992/2097152  ( 0.2%) 
leaffaces              238/65536         476/131072   ( 0.4%) 
leafbrushes             96/65536         192/131072   ( 0.1%) 
areas                    2/256            16/2048     ( 0.8%) 
surfedges             1469/512000       5876/2048000  ( 0.3%) 
edges                  881/256000       3524/1024000  ( 0.3%) 
LDR worldlights          6/8192          528/720896   ( 0.1%) 
HDR worldlights          6/8192          528/720896   ( 0.1%) 
leafwaterdata            0/32768           0/393216   ( 0.0%) 
waterstrips              8/32768          80/327680   ( 0.0%) 
waterverts               0/65536           0/786432   ( 0.0%) 
waterindices           174/65536         348/131072   ( 0.3%) 
cubemapsamples           0/1024            0/16384    ( 0.0%) 
overlays                 0/512             0/180224   ( 0.0%) 
LDR lightdata         [variable]      357556/0        ( 0.0%) 
HDR lightdata         [variable]      357556/0        ( 0.0%) 
visdata               [variable]        1409/16777216 ( 0.0%) 
entdata               [variable]        5195/393216   ( 1.3%) 
LDR ambient table      156/65536         624/262144   ( 0.2%) 
HDR ambient table      156/65536         624/262144   ( 0.2%) 
LDR leaf ambient       828/65536       23184/1835008  ( 1.3%) 
HDR leaf ambient       828/65536       23184/1835008  ( 1.3%) 
occluders                0/0               0/0        ( 0.0%) 
occluder polygons        0/0               0/0        ( 0.0%) 
occluder vert ind        0/0               0/0        ( 0.0%) 
detail props          [variable]           1/12       ( 8.3%) 
static props          [variable]           1/210      ( 0.5%) 
pakfile               [variable]      173757/0        ( 0.0%) 
physics               [variable]       13090/4194304  ( 0.3%) 
physics terrain       [variable]        2129/1048576  ( 0.2%) 

Level flags = 0

Total triangle count: 542
Writing c:\program files (x86)\steam\steamapps\sourcemods\hlmbv\maps\background01.bsp
2 seconds elapsed



materialPath: C:\Program Files (x86)\Steam\steamapps\common\half-life 2\hl2\materials
Loading c:\program files (x86)\steam\steamapps\sourcemods\hlmbv\maps\background01.vmf
Could not locate 'GameData' key in c:\program files (x86)\steam\steamapps\common\half-life 2\hl2\gameinfo.txt
fixing up env_cubemap materials on brush sides...
0...1...2...3...4...5...6...7...8...9...100...1...2...3...4...5...6...7...8...9...10Processing areas...done (0)
Building Faces...done (0)
Chop Details...done (0)
Find Visible Detail Sides...done (0)
Merging details...done (0)
FixTjuncs...
PruneNodes...
WriteBSP...
done (0)
writing c:\program files (x86)\steam\steamapps\sourcemods\hlmbv\maps\background01.prt...Building visibility clusters...
done (0)
Creating default LDR cubemaps for env_cubemap using skybox materials:
   skybox/sky_day02_09*.vmt
 ! Run buildcubemaps in the engine to get the correct cube maps.
Creating default HDR cubemaps for env_cubemap using skybox materials:
   skybox/sky_day02_09*.vmt
 ! Run buildcubemaps in the engine to get the correct cube maps.
Finding displacement neighbors...
Finding lightmap sample positions...
Displacement Alpha : 0...1...2...3...4...5...6...7...8...9...10
Building Physics collision data...
done (0) (13090 bytes)
Placing detail props : 0...1...2...3...4...5...6...7...8...9...10
Compacting texture/material tables...
Reduced 108 texinfos to 68
Reduced 16 texdatas to 15 (354 bytes to 306)
Writing c:\program files (x86)\steam\steamapps\sourcemods\hlmbv\maps\background01.bsp
0 seconds elapsed



4 threads
reading c:\program files (x86)\steam\steamapps\sourcemods\hlmbv\maps\background01.bsp
reading c:\program files (x86)\steam\steamapps\sourcemods\hlmbv\maps\background01.prt
  58 portalclusters
 172 numportals
0...1...2...3...4...5...6...7...8...9...100...1...2...3...4...5...6...7...8...9...10Optimized: 3 visible clusters (0.11%)
Total clusters visible: 2676
Average clusters visible: 46
Building PAS...
Average clusters audible: 56
visdatasize:1409  compressed from 928
writing c:\program files (x86)\steam\steamapps\sourcemods\hlmbv\maps\background01.bsp
0 seconds elapsed



[Reading texlights from 'lights.rad']
[45 texlights parsed from 'lights.rad']

Loading c:\program files (x86)\steam\steamapps\sourcemods\hlmbv\maps\background01.bsp
219 faces
285527 square feet [41115936.00 square inches]
5 Displacements
70472 Square Feet [10148016.00 Square Inches]
219 patches before subdivision
6847 patches after subdivision
6 direct lights
0...1...2...3...4...5...6...7...8...9...100...1...2...3...4...5...6...7...8...9...10transfers 394926, max 255
transfer lists:   3.0 megs
0...1...2...3...4...5...6...7...8...9...10	Bounce #1 added RGB(44143, 48783, 47669)
0...1...2...3...4...5...6...7...8...9...10	Bounce #2 added RGB(10615, 11528, 12591)
0...1...2...3...4...5...6...7...8...9...10	Bounce #3 added RGB(3472, 3840, 4569)
0...1...2...3...4...5...6...7...8...9...10	Bounce #4 added RGB(1000, 1203, 1695)
0...1...2...3...4...5...6...7...8...9...10	Bounce #5 added RGB(320, 420, 660)
0...1...2...3...4...5...6...7...8...9...10	Bounce #6 added RGB(98, 145, 263)
0...1...2...3...4...5...6...7...8...9...10	Bounce #7 added RGB(31, 53, 106)
0...1...2...3...4...5...6...7...8...9...10	Bounce #8 added RGB(10, 19, 43)
0...1...2...3...4...5...6...7...8...9...10	Bounce #9 added RGB(3, 7, 17)
0...1...2...3...4...5...6...7...8...9...10	Bounce #10 added RGB(1, 3, 7)
0...1...2...3...4...5...6...7...8...9...10	Bounce #11 added RGB(0, 1, 3)
0...1...2...3...4...5...6...7...8...9...10	Bounce #12 added RGB(0, 0, 1)
0...1...2...3...4...5...6...7...8...9...10	Bounce #13 added RGB(0, 0, 1)
Build Patch/Sample Hash Table(s).....Done<0.0019 sec>
0...1...2...3...4...5...6...7...8...9...10FinalLightFace Done
0 of 0 (0% of) surface lights went in leaf ambient cubes.
0...1...2...3...4...5...6...7...8...9...10Writing leaf ambient...done
Ready to Finish

Object names       Objects/Maxobjs  Memory / Maxmem  Fullness 
------------       ---------------  ---------------  -------- 
models                   3/1024          144/49152    ( 0.3%) 
brushes                 35/8192          420/98304    ( 0.4%) 
brushsides             234/65536        1872/524288   ( 0.4%) 
planes                 242/65536        4840/1310720  ( 0.4%) 
vertexes               296/65536        3552/786432   ( 0.5%) 
nodes                  152/65536        4864/2097152  ( 0.2%) 
texinfos                68/12288        4896/884736   ( 0.6%) 
texdata                 15/2048          480/65536    ( 0.7%) 
dispinfos                5/0             880/0        ( 0.0%) 
disp_verts             405/0            8100/0        ( 0.0%) 
disp_tris              640/0            1280/0        ( 0.0%) 
disp_lmsamples      122000/0          122000/0        ( 0.0%) 
faces                  219/65536       12264/3670016  ( 0.3%) 
hdr faces                0/65536           0/3670016  ( 0.0%) 
origfaces              123/65536        6888/3670016  ( 0.2%) 
leaves                 156/65536        4992/2097152  ( 0.2%) 
leaffaces              238/65536         476/131072   ( 0.4%) 
leafbrushes             96/65536         192/131072   ( 0.1%) 
areas                    2/256            16/2048     ( 0.8%) 
surfedges             1469/512000       5876/2048000  ( 0.3%) 
edges                  881/256000       3524/1024000  ( 0.3%) 
LDR worldlights          6/8192          528/720896   ( 0.1%) 
HDR worldlights          0/8192            0/720896   ( 0.0%) 
leafwaterdata            0/32768           0/393216   ( 0.0%) 
waterstrips              8/32768          80/327680   ( 0.0%) 
waterverts               0/65536           0/786432   ( 0.0%) 
waterindices           174/65536         348/131072   ( 0.3%) 
cubemapsamples           0/1024            0/16384    ( 0.0%) 
overlays                 0/512             0/180224   ( 0.0%) 
LDR lightdata         [variable]      357556/0        ( 0.0%) 
HDR lightdata         [variable]           0/0        ( 0.0%) 
visdata               [variable]        1409/16777216 ( 0.0%) 
entdata               [variable]        5195/393216   ( 1.3%) 
LDR ambient table      156/65536         624/262144   ( 0.2%) 
HDR ambient table      156/65536         624/262144   ( 0.2%) 
LDR leaf ambient       828/65536       23184/1835008  ( 1.3%) 
HDR leaf ambient       156/65536        4368/1835008  ( 0.2%) 
occluders                0/0               0/0        ( 0.0%) 
occluder polygons        0/0               0/0        ( 0.0%) 
occluder vert ind        0/0               0/0        ( 0.0%) 
detail props          [variable]           1/12       ( 8.3%) 
static props          [variable]           1/210      ( 0.5%) 
pakfile               [variable]      173757/0        ( 0.0%) 
physics               [variable]       13090/4194304  ( 0.3%) 
physics terrain       [variable]        2129/1048576  ( 0.2%) 

Level flags = 0

Total triangle count: 542
Writing c:\program files (x86)\steam\steamapps\sourcemods\hlmbv\maps\background01.bsp
1 second elapsed



[Reading texlights from 'lights.rad']
[45 texlights parsed from 'lights.rad']

Loading c:\program files (x86)\steam\steamapps\sourcemods\hlmbv\maps\background01.bsp
219 faces
285527 square feet [41115936.00 square inches]
5 Displacements
70472 Square Feet [10148016.00 Square Inches]
219 patches before subdivision
6847 patches after subdivision
6 direct lights
0...1...2...3...4...5...6...7...8...9...100...1...2...3...4...5...6...7...8...9...10transfers 394926, max 255
transfer lists:   3.0 megs
0...1...2...3...4...5...6...7...8...9...10	Bounce #1 added RGB(44143, 48783, 47669)
0...1...2...3...4...5...6...7...8...9...10	Bounce #2 added RGB(10615, 11528, 12591)
0...1...2...3...4...5...6...7...8...9...10	Bounce #3 added RGB(3472, 3840, 4569)
0...1...2...3...4...5...6...7...8...9...10	Bounce #4 added RGB(1000, 1203, 1695)
0...1...2...3...4...5...6...7...8...9...10	Bounce #5 added RGB(320, 420, 660)
0...1...2...3...4...5...6...7...8...9...10	Bounce #6 added RGB(98, 145, 263)
0...1...2...3...4...5...6...7...8...9...10	Bounce #7 added RGB(31, 53, 106)
0...1...2...3...4...5...6...7...8...9...10	Bounce #8 added RGB(10, 19, 43)
0...1...2...3...4...5...6...7...8...9...10	Bounce #9 added RGB(3, 7, 17)
0...1...2...3...4...5...6...7...8...9...10	Bounce #10 added RGB(1, 3, 7)
0...1...2...3...4...5...6...7...8...9...10	Bounce #11 added RGB(0, 1, 3)
0...1...2...3...4...5...6...7...8...9...10	Bounce #12 added RGB(0, 0, 1)
0...1...2...3...4...5...6...7...8...9...10	Bounce #13 added RGB(0, 0, 1)
Build Patch/Sample Hash Table(s).....Done<0.0018 sec>
0...1...2...3...4...5...6...7...8...9...10FinalLightFace Done
0 of 0 (0% of) surface lights went in leaf ambient cubes.
0...1...2...3...4...5...6...7...8...9...10Writing leaf ambient...done
Ready to Finish

Object names       Objects/Maxobjs  Memory / Maxmem  Fullness 
------------       ---------------  ---------------  -------- 
models                   3/1024          144/49152    ( 0.3%) 
brushes                 35/8192          420/98304    ( 0.4%) 
brushsides             234/65536        1872/524288   ( 0.4%) 
planes                 242/65536        4840/1310720  ( 0.4%) 
vertexes               296/65536        3552/786432   ( 0.5%) 
nodes                  152/65536        4864/2097152  ( 0.2%) 
texinfos                68/12288        4896/884736   ( 0.6%) 
texdata                 15/2048          480/65536    ( 0.7%) 
dispinfos                5/0             880/0        ( 0.0%) 
disp_verts             405/0            8100/0        ( 0.0%) 
disp_tris              640/0            1280/0        ( 0.0%) 
disp_lmsamples      122000/0          122000/0        ( 0.0%) 
faces                  219/65536       12264/3670016  ( 0.3%) 
hdr faces              219/65536       12264/3670016  ( 0.3%) 
origfaces              123/65536        6888/3670016  ( 0.2%) 
leaves                 156/65536        4992/2097152  ( 0.2%) 
leaffaces              238/65536         476/131072   ( 0.4%) 
leafbrushes             96/65536         192/131072   ( 0.1%) 
areas                    2/256            16/2048     ( 0.8%) 
surfedges             1469/512000       5876/2048000  ( 0.3%) 
edges                  881/256000       3524/1024000  ( 0.3%) 
LDR worldlights          6/8192          528/720896   ( 0.1%) 
HDR worldlights          6/8192          528/720896   ( 0.1%) 
leafwaterdata            0/32768           0/393216   ( 0.0%) 
waterstrips              8/32768          80/327680   ( 0.0%) 
waterverts               0/65536           0/786432   ( 0.0%) 
waterindices           174/65536         348/131072   ( 0.3%) 
cubemapsamples           0/1024            0/16384    ( 0.0%) 
overlays                 0/512             0/180224   ( 0.0%) 
LDR lightdata         [variable]      357556/0        ( 0.0%) 
HDR lightdata         [variable]      357556/0        ( 0.0%) 
visdata               [variable]        1409/16777216 ( 0.0%) 
entdata               [variable]        5195/393216   ( 1.3%) 
LDR ambient table      156/65536         624/262144   ( 0.2%) 
HDR ambient table      156/65536         624/262144   ( 0.2%) 
LDR leaf ambient       828/65536       23184/1835008  ( 1.3%) 
HDR leaf ambient       828/65536       23184/1835008  ( 1.3%) 
occluders                0/0               0/0        ( 0.0%) 
occluder polygons        0/0               0/0        ( 0.0%) 
occluder vert ind        0/0               0/0        ( 0.0%) 
detail props          [variable]           1/12       ( 8.3%) 
static props          [variable]           1/210      ( 0.5%) 
pakfile               [variable]      173757/0        ( 0.0%) 
physics               [variable]       13090/4194304  ( 0.3%) 
physics terrain       [variable]        2129/1048576  ( 0.2%) 

Level flags = 0

Total triangle count: 542
Writing c:\program files (x86)\steam\steamapps\sourcemods\hlmbv\maps\background01.bsp
2 seconds elapsed
