


materialPath: C:\Program Files (x86)\Steam\steamapps\common\Source SDK Base 2013 Singleplayer\hl2\materials
Loading c:\program files (x86)\steam\steamapps\sourcemods\hlmbv\maps\baghdad.vmf
Could not locate 'GameData' key in c:\program files (x86)\steam\steamapps\common\source sdk base 2013 singleplayer\hl2\gameinfo.txt
fixing up env_cubemap materials on brush sides...
0...1...2...3...4...5...6...7...8...9...100...1...2...3...4...5...6...7...8...9...10Processing areas...done (0)
Building Faces...done (0)
FixTjuncs...
PruneNodes...
WriteBSP...
done (0)
writing c:\program files (x86)\steam\steamapps\sourcemods\hlmbv\maps\baghdad.prt...Building visibility clusters...
done (0)
Creating default LDR cubemaps for env_cubemap using skybox materials:
   skybox/sky_day01_01*.vmt
 ! Run buildcubemaps in the engine to get the correct cube maps.
Creating default HDR cubemaps for env_cubemap using skybox materials:
   skybox/sky_day01_01*.vmt
 ! Run buildcubemaps in the engine to get the correct cube maps.
Finding displacement neighbors...
Finding lightmap sample positions...
Displacement Alpha : 0...1...2...3...4...5...6...7...8...9...10
Building Physics collision data...
done (0) (22082 bytes)
Placing detail props : 0...1...2...3...4...5...6...7...8...9...10
Compacting texture/material tables...
Reduced 9 texinfos to 7
Reduced 2 texdatas to 2 (51 bytes to 51)
Writing c:\program files (x86)\steam\steamapps\sourcemods\hlmbv\maps\baghdad.bsp
0 seconds elapsed



4 threads
reading c:\program files (x86)\steam\steamapps\sourcemods\hlmbv\maps\baghdad.bsp
reading c:\program files (x86)\steam\steamapps\sourcemods\hlmbv\maps\baghdad.prt
  17 portalclusters
  18 numportals
0...1...2...3...4...5...6...7...8...9...10Optimized: 0 visible clusters (0.00%)
Total clusters visible: 221
Average clusters visible: 13
Building PAS...
Average clusters audible: 17
visdatasize:245  compressed from 272
writing c:\program files (x86)\steam\steamapps\sourcemods\hlmbv\maps\baghdad.bsp
0 seconds elapsed



Could not find lights.rad in lights.rad.
Trying VRAD BIN directory instead...
Warning: Couldn't open texlight file C:\Program Files (x86)\Steam\steamapps\common\Source SDK Base 2013 Singleplayer\bin\lights.rad.
Loading c:\program files (x86)\steam\steamapps\sourcemods\hlmbv\maps\baghdad.bsp
94 faces
12979 square feet [1869100.25 square inches]
0 Displacements
0 Square Feet [0.00 Square Inches]
94 patches before subdivision
2008 patches after subdivision
9 direct lights
0...1...2...3...4...5...6...7...8...9...100...1...2...3...4...5...6...7...8...9...10transfers 124889, max 192
transfer lists:   1.0 megs
0...1...2...3...4...5...6...7...8...9...10	Bounce #1 added RGB(30613, 15485, 12922)
0...1...2...3...4...5...6...7...8...9...10	Bounce #2 added RGB(6579, 2107, 858)
Build Patch/Sample Hash Table(s).....Done<0.0003 sec>
0...1...2...3...4...5...6...7...8...9...10FinalLightFace Done
0 of 0 (0% of) surface lights went in leaf ambient cubes.
0...1...2...3...4...5...6...7...8...9...10Writing leaf ambient...done
Ready to Finish

Object names       Objects/Maxobjs  Memory / Maxmem  Fullness 
------------       ---------------  ---------------  -------- 
models                   1/1024           48/49152    ( 0.1%) 
brushes                 61/8192          732/98304    ( 0.7%) 
brushsides             382/65536        3056/524288   ( 0.6%) 
planes                 152/65536        3040/1310720  ( 0.2%) 
vertexes               155/65536        1860/786432   ( 0.2%) 
nodes                   68/65536        2176/2097152  ( 0.1%) 
texinfos                 7/12288         504/884736   ( 0.1%) 
texdata                  2/2048           64/65536    ( 0.1%) 
dispinfos                0/0               0/0        ( 0.0%) 
disp_verts               0/0               0/0        ( 0.0%) 
disp_tris                0/0               0/0        ( 0.0%) 
disp_lmsamples           0/0               0/0        ( 0.0%) 
faces                   94/65536        5264/3670016  ( 0.1%) 
hdr faces                0/65536           0/3670016  ( 0.0%) 
origfaces               75/65536        4200/3670016  ( 0.1%) 
leaves                  70/65536        2240/2097152  ( 0.1%) 
leaffaces               98/65536         196/131072   ( 0.1%) 
leafbrushes             82/65536         164/131072   ( 0.1%) 
areas                    2/256            16/2048     ( 0.8%) 
surfedges              734/512000       2936/2048000  ( 0.1%) 
edges                  436/256000       1744/1024000  ( 0.2%) 
LDR worldlights          9/8192          792/720896   ( 0.1%) 
HDR worldlights          0/8192            0/720896   ( 0.0%) 
leafwaterdata            0/32768           0/393216   ( 0.0%) 
waterstrips              6/32768          60/327680   ( 0.0%) 
waterverts               0/65536           0/786432   ( 0.0%) 
waterindices            75/65536         150/131072   ( 0.1%) 
cubemapsamples           0/1024            0/16384    ( 0.0%) 
overlays                 0/512             0/180224   ( 0.0%) 
LDR lightdata         [variable]       38396/0        ( 0.0%) 
HDR lightdata         [variable]           0/0        ( 0.0%) 
visdata               [variable]         245/16777216 ( 0.0%) 
entdata               [variable]       17646/393216   ( 4.5%) 
LDR ambient table       70/65536         280/262144   ( 0.1%) 
HDR ambient table       70/65536         280/262144   ( 0.1%) 
LDR leaf ambient       211/65536        5908/1835008  ( 0.3%) 
HDR leaf ambient        70/65536        1960/1835008  ( 0.1%) 
occluders                0/0               0/0        ( 0.0%) 
occluder polygons        0/0               0/0        ( 0.0%) 
occluder vert ind        0/0               0/0        ( 0.0%) 
detail props          [variable]           1/12       ( 8.3%) 
static props          [variable]           1/12       ( 8.3%) 
pakfile               [variable]      105659/0        ( 0.0%) 
physics               [variable]       22082/4194304  ( 0.5%) 
physics terrain       [variable]           2/1048576  ( 0.0%) 

Level flags = 0

Total triangle count: 246
Writing c:\program files (x86)\steam\steamapps\sourcemods\hlmbv\maps\baghdad.bsp
0 seconds elapsed



materialPath: C:\Program Files (x86)\Steam\steamapps\common\Source SDK Base 2013 Singleplayer\hl2\materials
Loading c:\program files (x86)\steam\steamapps\sourcemods\hlmbv\maps\baghdad.vmf
Could not locate 'GameData' key in c:\program files (x86)\steam\steamapps\common\source sdk base 2013 singleplayer\hl2\gameinfo.txt
fixing up env_cubemap materials on brush sides...
0...1...2...3...4...5...6...7...8...9...100...1...2...3...4...5...6...7...8...9...10Processing areas...done (0)
Building Faces...done (0)
FixTjuncs...
PruneNodes...
WriteBSP...
done (0)
writing c:\program files (x86)\steam\steamapps\sourcemods\hlmbv\maps\baghdad.prt...Building visibility clusters...
done (0)
Creating default LDR cubemaps for env_cubemap using skybox materials:
   skybox/sky_day01_01*.vmt
 ! Run buildcubemaps in the engine to get the correct cube maps.
Creating default HDR cubemaps for env_cubemap using skybox materials:
   skybox/sky_day01_01*.vmt
 ! Run buildcubemaps in the engine to get the correct cube maps.
Finding displacement neighbors...
Finding lightmap sample positions...
Displacement Alpha : 0...1...2...3...4...5...6...7...8...9...10
Building Physics collision data...
done (0) (22082 bytes)
Placing detail props : 0...1...2...3...4...5...6...7...8...9...10
Compacting texture/material tables...
Reduced 9 texinfos to 7
Reduced 2 texdatas to 2 (51 bytes to 51)
Writing c:\program files (x86)\steam\steamapps\sourcemods\hlmbv\maps\baghdad.bsp
0 seconds elapsed



4 threads
reading c:\program files (x86)\steam\steamapps\sourcemods\hlmbv\maps\baghdad.bsp
reading c:\program files (x86)\steam\steamapps\sourcemods\hlmbv\maps\baghdad.prt
  17 portalclusters
  18 numportals
0...1...2...3...4...5...6...7...8...9...10Optimized: 0 visible clusters (0.00%)
Total clusters visible: 221
Average clusters visible: 13
Building PAS...
Average clusters audible: 17
visdatasize:245  compressed from 272
writing c:\program files (x86)\steam\steamapps\sourcemods\hlmbv\maps\baghdad.bsp
0 seconds elapsed



Could not find lights.rad in lights.rad.
Trying VRAD BIN directory instead...
Warning: Couldn't open texlight file C:\Program Files (x86)\Steam\steamapps\common\Source SDK Base 2013 Singleplayer\bin\lights.rad.
Loading c:\program files (x86)\steam\steamapps\sourcemods\hlmbv\maps\baghdad.bsp
94 faces
12994 square feet [1871148.25 square inches]
0 Displacements
0 Square Feet [0.00 Square Inches]
94 patches before subdivision
2022 patches after subdivision
9 direct lights
0...1...2...3...4...5...6...7...8...9...100...1...2...3...4...5...6...7...8...9...10transfers 127182, max 192
transfer lists:   1.0 megs
0...1...2...3...4...5...6...7...8...9...10	Bounce #1 added RGB(30968, 15622, 12975)
0...1...2...3...4...5...6...7...8...9...10	Bounce #2 added RGB(6663, 2128, 855)
Build Patch/Sample Hash Table(s).....Done<0.0003 sec>
0...1...2...3...4...5...6...7...8...9...10FinalLightFace Done
0 of 0 (0% of) surface lights went in leaf ambient cubes.
0...1...2...3...4...5...6...7...8...9...10Writing leaf ambient...done
Ready to Finish

Object names       Objects/Maxobjs  Memory / Maxmem  Fullness 
------------       ---------------  ---------------  -------- 
models                   1/1024           48/49152    ( 0.1%) 
brushes                 61/8192          732/98304    ( 0.7%) 
brushsides             382/65536        3056/524288   ( 0.6%) 
planes                 154/65536        3080/1310720  ( 0.2%) 
vertexes               155/65536        1860/786432   ( 0.2%) 
nodes                   68/65536        2176/2097152  ( 0.1%) 
texinfos                 7/12288         504/884736   ( 0.1%) 
texdata                  2/2048           64/65536    ( 0.1%) 
dispinfos                0/0               0/0        ( 0.0%) 
disp_verts               0/0               0/0        ( 0.0%) 
disp_tris                0/0               0/0        ( 0.0%) 
disp_lmsamples           0/0               0/0        ( 0.0%) 
faces                   94/65536        5264/3670016  ( 0.1%) 
hdr faces                0/65536           0/3670016  ( 0.0%) 
origfaces               75/65536        4200/3670016  ( 0.1%) 
leaves                  70/65536        2240/2097152  ( 0.1%) 
leaffaces               98/65536         196/131072   ( 0.1%) 
leafbrushes             82/65536         164/131072   ( 0.1%) 
areas                    2/256            16/2048     ( 0.8%) 
surfedges              734/512000       2936/2048000  ( 0.1%) 
edges                  436/256000       1744/1024000  ( 0.2%) 
LDR worldlights          9/8192          792/720896   ( 0.1%) 
HDR worldlights          0/8192            0/720896   ( 0.0%) 
leafwaterdata            0/32768           0/393216   ( 0.0%) 
waterstrips              6/32768          60/327680   ( 0.0%) 
waterverts               0/65536           0/786432   ( 0.0%) 
waterindices            75/65536         150/131072   ( 0.1%) 
cubemapsamples           0/1024            0/16384    ( 0.0%) 
overlays                 0/512             0/180224   ( 0.0%) 
LDR lightdata         [variable]       38436/0        ( 0.0%) 
HDR lightdata         [variable]           0/0        ( 0.0%) 
visdata               [variable]         245/16777216 ( 0.0%) 
entdata               [variable]       17646/393216   ( 4.5%) 
LDR ambient table       70/65536         280/262144   ( 0.1%) 
HDR ambient table       70/65536         280/262144   ( 0.1%) 
LDR leaf ambient       211/65536        5908/1835008  ( 0.3%) 
HDR leaf ambient        70/65536        1960/1835008  ( 0.1%) 
occluders                0/0               0/0        ( 0.0%) 
occluder polygons        0/0               0/0        ( 0.0%) 
occluder vert ind        0/0               0/0        ( 0.0%) 
detail props          [variable]           1/12       ( 8.3%) 
static props          [variable]           1/12       ( 8.3%) 
pakfile               [variable]      105659/0        ( 0.0%) 
physics               [variable]       22082/4194304  ( 0.5%) 
physics terrain       [variable]           2/1048576  ( 0.0%) 

Level flags = 0

Total triangle count: 246
Writing c:\program files (x86)\steam\steamapps\sourcemods\hlmbv\maps\baghdad.bsp
0 seconds elapsed



materialPath: C:\Program Files (x86)\Steam\steamapps\common\Source SDK Base 2013 Singleplayer\hl2\materials
Loading c:\program files (x86)\steam\steamapps\sourcemods\hlmbv\maps\baghdad.vmf
Could not locate 'GameData' key in c:\program files (x86)\steam\steamapps\common\source sdk base 2013 singleplayer\hl2\gameinfo.txt
fixing up env_cubemap materials on brush sides...
0...1...2...3...4...5...6...7...8...9...100...1...2...3...4...5...6...7...8...9...10Processing areas...done (0)
Building Faces...done (0)
FixTjuncs...
PruneNodes...
WriteBSP...
done (0)
writing c:\program files (x86)\steam\steamapps\sourcemods\hlmbv\maps\baghdad.prt...Building visibility clusters...
done (0)
Creating default LDR cubemaps for env_cubemap using skybox materials:
   skybox/sky_day01_01*.vmt
 ! Run buildcubemaps in the engine to get the correct cube maps.
Creating default HDR cubemaps for env_cubemap using skybox materials:
   skybox/sky_day01_01*.vmt
 ! Run buildcubemaps in the engine to get the correct cube maps.
Finding displacement neighbors...
Finding lightmap sample positions...
Displacement Alpha : 0...1...2...3...4...5...6...7...8...9...10
Building Physics collision data...
done (0) (22636 bytes)
Placing detail props : 0...1...2...3...4...5...6...7...8...9...10
Compacting texture/material tables...
Reduced 16 texinfos to 10
Reduced 4 texdatas to 4 (91 bytes to 91)
Writing c:\program files (x86)\steam\steamapps\sourcemods\hlmbv\maps\baghdad.bsp
0 seconds elapsed



4 threads
reading c:\program files (x86)\steam\steamapps\sourcemods\hlmbv\maps\baghdad.bsp
reading c:\program files (x86)\steam\steamapps\sourcemods\hlmbv\maps\baghdad.prt
  17 portalclusters
  18 numportals
0...1...2...3...4...5...6...7...8...9...10Optimized: 0 visible clusters (0.00%)
Total clusters visible: 221
Average clusters visible: 13
Building PAS...
Average clusters audible: 17
visdatasize:245  compressed from 272
writing c:\program files (x86)\steam\steamapps\sourcemods\hlmbv\maps\baghdad.bsp
0 seconds elapsed



Could not find lights.rad in lights.rad.
Trying VRAD BIN directory instead...
Warning: Couldn't open texlight file C:\Program Files (x86)\Steam\steamapps\common\Source SDK Base 2013 Singleplayer\bin\lights.rad.
Loading c:\program files (x86)\steam\steamapps\sourcemods\hlmbv\maps\baghdad.bsp
97 faces
13093 square feet [1885484.25 square inches]
0 Displacements
0 Square Feet [0.00 Square Inches]
97 patches before subdivision
2039 patches after subdivision
9 direct lights
0...1...2...3...4...5...6...7...8...9...100...1...2...3...4...5...6...7...8...9...10transfers 127683, max 192
transfer lists:   1.0 megs
0...1...2...3...4...5...6...7...8...9...10	Bounce #1 added RGB(31160, 15729, 13051)
0...1...2...3...4...5...6...7...8...9...10	Bounce #2 added RGB(6707, 2144, 861)
Build Patch/Sample Hash Table(s).....Done<0.0004 sec>
0...1...2...3...4...5...6...7...8...9...10FinalLightFace Done
0 of 0 (0% of) surface lights went in leaf ambient cubes.
0...1...2...3...4...5...6...7...8...9...10Writing leaf ambient...done
Ready to Finish

Object names       Objects/Maxobjs  Memory / Maxmem  Fullness 
------------       ---------------  ---------------  -------- 
models                   2/1024           96/49152    ( 0.2%) 
brushes                 62/8192          744/98304    ( 0.8%) 
brushsides             388/65536        3104/524288   ( 0.6%) 
planes                 176/65536        3520/1310720  ( 0.3%) 
vertexes               163/65536        1956/786432   ( 0.2%) 
nodes                   74/65536        2368/2097152  ( 0.1%) 
texinfos                10/12288         720/884736   ( 0.1%) 
texdata                  4/2048          128/65536    ( 0.2%) 
dispinfos                0/0               0/0        ( 0.0%) 
disp_verts               0/0               0/0        ( 0.0%) 
disp_tris                0/0               0/0        ( 0.0%) 
disp_lmsamples           0/0               0/0        ( 0.0%) 
faces                   97/65536        5432/3670016  ( 0.1%) 
hdr faces                0/65536           0/3670016  ( 0.0%) 
origfaces               78/65536        4368/3670016  ( 0.1%) 
leaves                  77/65536        2464/2097152  ( 0.1%) 
leaffaces              101/65536         202/131072   ( 0.2%) 
leafbrushes             83/65536         166/131072   ( 0.1%) 
areas                    2/256            16/2048     ( 0.8%) 
surfedges              758/512000       3032/2048000  ( 0.1%) 
edges                  456/256000       1824/1024000  ( 0.2%) 
LDR worldlights          9/8192          792/720896   ( 0.1%) 
HDR worldlights          0/8192            0/720896   ( 0.0%) 
leafwaterdata            0/32768           0/393216   ( 0.0%) 
waterstrips              6/32768          60/327680   ( 0.0%) 
waterverts               0/65536           0/786432   ( 0.0%) 
waterindices            75/65536         150/131072   ( 0.1%) 
cubemapsamples           0/1024            0/16384    ( 0.0%) 
overlays                 0/512             0/180224   ( 0.0%) 
LDR lightdata         [variable]       38788/0        ( 0.0%) 
HDR lightdata         [variable]           0/0        ( 0.0%) 
visdata               [variable]         245/16777216 ( 0.0%) 
entdata               [variable]       18064/393216   ( 4.6%) 
LDR ambient table       77/65536         308/262144   ( 0.1%) 
HDR ambient table       77/65536         308/262144   ( 0.1%) 
LDR leaf ambient       217/65536        6076/1835008  ( 0.3%) 
HDR leaf ambient        77/65536        2156/1835008  ( 0.1%) 
occluders                0/0               0/0        ( 0.0%) 
occluder polygons        0/0               0/0        ( 0.0%) 
occluder vert ind        0/0               0/0        ( 0.0%) 
detail props          [variable]           1/12       ( 8.3%) 
static props          [variable]           1/12       ( 8.3%) 
pakfile               [variable]      105659/0        ( 0.0%) 
physics               [variable]       22636/4194304  ( 0.5%) 
physics terrain       [variable]           2/1048576  ( 0.0%) 

Level flags = 0

Total triangle count: 252
Writing c:\program files (x86)\steam\steamapps\sourcemods\hlmbv\maps\baghdad.bsp
0 seconds elapsed



materialPath: C:\Program Files (x86)\Steam\steamapps\common\Source SDK Base 2013 Singleplayer\hl2\materials
Loading c:\program files (x86)\steam\steamapps\sourcemods\hlmbv\maps\baghdad.vmf
Could not locate 'GameData' key in c:\program files (x86)\steam\steamapps\common\source sdk base 2013 singleplayer\hl2\gameinfo.txt
fixing up env_cubemap materials on brush sides...
0...1...2...3...4...5...6...7...8...9...100...1...2...3...4...5...6...7...8...9...10Processing areas...done (0)
Building Faces...done (0)
FixTjuncs...
PruneNodes...
WriteBSP...
done (0)
writing c:\program files (x86)\steam\steamapps\sourcemods\hlmbv\maps\baghdad.prt...Building visibility clusters...
done (0)
Creating default LDR cubemaps for env_cubemap using skybox materials:
   skybox/sky_day01_01*.vmt
 ! Run buildcubemaps in the engine to get the correct cube maps.
Creating default HDR cubemaps for env_cubemap using skybox materials:
   skybox/sky_day01_01*.vmt
 ! Run buildcubemaps in the engine to get the correct cube maps.
Finding displacement neighbors...
Finding lightmap sample positions...
Displacement Alpha : 0...1...2...3...4...5...6...7...8...9...10
Building Physics collision data...
done (0) (22636 bytes)
Placing detail props : 0...1...2...3...4...5...6...7...8...9...10
Compacting texture/material tables...
Reduced 16 texinfos to 10
Reduced 4 texdatas to 4 (91 bytes to 91)
Writing c:\program files (x86)\steam\steamapps\sourcemods\hlmbv\maps\baghdad.bsp
0 seconds elapsed



4 threads
reading c:\program files (x86)\steam\steamapps\sourcemods\hlmbv\maps\baghdad.bsp
reading c:\program files (x86)\steam\steamapps\sourcemods\hlmbv\maps\baghdad.prt
  17 portalclusters
  18 numportals
0...1...2...3...4...5...6...7...8...9...10Optimized: 0 visible clusters (0.00%)
Total clusters visible: 221
Average clusters visible: 13
Building PAS...
Average clusters audible: 17
visdatasize:245  compressed from 272
writing c:\program files (x86)\steam\steamapps\sourcemods\hlmbv\maps\baghdad.bsp
0 seconds elapsed



Could not find lights.rad in lights.rad.
Trying VRAD BIN directory instead...
Warning: Couldn't open texlight file C:\Program Files (x86)\Steam\steamapps\common\Source SDK Base 2013 Singleplayer\bin\lights.rad.
Loading c:\program files (x86)\steam\steamapps\sourcemods\hlmbv\maps\baghdad.bsp
97 faces
13093 square feet [1885484.25 square inches]
0 Displacements
0 Square Feet [0.00 Square Inches]
97 patches before subdivision
2039 patches after subdivision
9 direct lights
0...1...2...3...4...5...6...7...8...9...100...1...2...3...4...5...6...7...8...9...10transfers 127683, max 192
transfer lists:   1.0 megs
0...1...2...3...4...5...6...7...8...9...10	Bounce #1 added RGB(31160, 15729, 13051)
0...1...2...3...4...5...6...7...8...9...10	Bounce #2 added RGB(6707, 2144, 861)
Build Patch/Sample Hash Table(s).....Done<0.0003 sec>
0...1...2...3...4...5...6...7...8...9...10FinalLightFace Done
0 of 0 (0% of) surface lights went in leaf ambient cubes.
0...1...2...3...4...5...6...7...8...9...10Writing leaf ambient...done
Ready to Finish

Object names       Objects/Maxobjs  Memory / Maxmem  Fullness 
------------       ---------------  ---------------  -------- 
models                   2/1024           96/49152    ( 0.2%) 
brushes                 62/8192          744/98304    ( 0.8%) 
brushsides             388/65536        3104/524288   ( 0.6%) 
planes                 176/65536        3520/1310720  ( 0.3%) 
vertexes               163/65536        1956/786432   ( 0.2%) 
nodes                   74/65536        2368/2097152  ( 0.1%) 
texinfos                10/12288         720/884736   ( 0.1%) 
texdata                  4/2048          128/65536    ( 0.2%) 
dispinfos                0/0               0/0        ( 0.0%) 
disp_verts               0/0               0/0        ( 0.0%) 
disp_tris                0/0               0/0        ( 0.0%) 
disp_lmsamples           0/0               0/0        ( 0.0%) 
faces                   97/65536        5432/3670016  ( 0.1%) 
hdr faces                0/65536           0/3670016  ( 0.0%) 
origfaces               78/65536        4368/3670016  ( 0.1%) 
leaves                  77/65536        2464/2097152  ( 0.1%) 
leaffaces              101/65536         202/131072   ( 0.2%) 
leafbrushes             83/65536         166/131072   ( 0.1%) 
areas                    2/256            16/2048     ( 0.8%) 
surfedges              758/512000       3032/2048000  ( 0.1%) 
edges                  456/256000       1824/1024000  ( 0.2%) 
LDR worldlights          9/8192          792/720896   ( 0.1%) 
HDR worldlights          0/8192            0/720896   ( 0.0%) 
leafwaterdata            0/32768           0/393216   ( 0.0%) 
waterstrips              6/32768          60/327680   ( 0.0%) 
waterverts               0/65536           0/786432   ( 0.0%) 
waterindices            75/65536         150/131072   ( 0.1%) 
cubemapsamples           0/1024            0/16384    ( 0.0%) 
overlays                 0/512             0/180224   ( 0.0%) 
LDR lightdata         [variable]       38788/0        ( 0.0%) 
HDR lightdata         [variable]           0/0        ( 0.0%) 
visdata               [variable]         245/16777216 ( 0.0%) 
entdata               [variable]       18134/393216   ( 4.6%) 
LDR ambient table       77/65536         308/262144   ( 0.1%) 
HDR ambient table       77/65536         308/262144   ( 0.1%) 
LDR leaf ambient       217/65536        6076/1835008  ( 0.3%) 
HDR leaf ambient        77/65536        2156/1835008  ( 0.1%) 
occluders                0/0               0/0        ( 0.0%) 
occluder polygons        0/0               0/0        ( 0.0%) 
occluder vert ind        0/0               0/0        ( 0.0%) 
detail props          [variable]           1/12       ( 8.3%) 
static props          [variable]           1/12       ( 8.3%) 
pakfile               [variable]      105659/0        ( 0.0%) 
physics               [variable]       22636/4194304  ( 0.5%) 
physics terrain       [variable]           2/1048576  ( 0.0%) 

Level flags = 0

Total triangle count: 252
Writing c:\program files (x86)\steam\steamapps\sourcemods\hlmbv\maps\baghdad.bsp
0 seconds elapsed



materialPath: C:\Program Files (x86)\Steam\steamapps\common\Source SDK Base 2013 Singleplayer\hl2\materials
Loading c:\program files (x86)\steam\steamapps\sourcemods\hlmbv\maps\baghdad.vmf
Could not locate 'GameData' key in c:\program files (x86)\steam\steamapps\common\source sdk base 2013 singleplayer\hl2\gameinfo.txt
fixing up env_cubemap materials on brush sides...
0...1...2...3...4...5...6...7...8...9...100...1...2...3...4...5...6...7...8...9...10Processing areas...done (0)
Building Faces...done (0)
FixTjuncs...
PruneNodes...
WriteBSP...
done (0)
writing c:\program files (x86)\steam\steamapps\sourcemods\hlmbv\maps\baghdad.prt...Building visibility clusters...
done (0)
Creating default LDR cubemaps for env_cubemap using skybox materials:
   skybox/sky_day01_01*.vmt
 ! Run buildcubemaps in the engine to get the correct cube maps.
Creating default HDR cubemaps for env_cubemap using skybox materials:
   skybox/sky_day01_01*.vmt
 ! Run buildcubemaps in the engine to get the correct cube maps.
Finding displacement neighbors...
Finding lightmap sample positions...
Displacement Alpha : 0...1...2...3...4...5...6...7...8...9...10
Building Physics collision data...
done (0) (22636 bytes)
Placing detail props : 0...1...2...3...4...5...6...7...8...9...10
Compacting texture/material tables...
Reduced 16 texinfos to 10
Reduced 4 texdatas to 4 (91 bytes to 91)
Writing c:\program files (x86)\steam\steamapps\sourcemods\hlmbv\maps\baghdad.bsp
0 seconds elapsed



4 threads
reading c:\program files (x86)\steam\steamapps\sourcemods\hlmbv\maps\baghdad.bsp
reading c:\program files (x86)\steam\steamapps\sourcemods\hlmbv\maps\baghdad.prt
  17 portalclusters
  18 numportals
0...1...2...3...4...5...6...7...8...9...10Optimized: 0 visible clusters (0.00%)
Total clusters visible: 221
Average clusters visible: 13
Building PAS...
Average clusters audible: 17
visdatasize:245  compressed from 272
writing c:\program files (x86)\steam\steamapps\sourcemods\hlmbv\maps\baghdad.bsp
0 seconds elapsed



Could not find lights.rad in lights.rad.
Trying VRAD BIN directory instead...
Warning: Couldn't open texlight file C:\Program Files (x86)\Steam\steamapps\common\Source SDK Base 2013 Singleplayer\bin\lights.rad.
Loading c:\program files (x86)\steam\steamapps\sourcemods\hlmbv\maps\baghdad.bsp
97 faces
13093 square feet [1885484.25 square inches]
0 Displacements
0 Square Feet [0.00 Square Inches]
97 patches before subdivision
2039 patches after subdivision
9 direct lights
0...1...2...3...4...5...6...7...8...9...100...1...2...3...4...5...6...7...8...9...10transfers 127683, max 192
transfer lists:   1.0 megs
0...1...2...3...4...5...6...7...8...9...10	Bounce #1 added RGB(31160, 15729, 13051)
0...1...2...3...4...5...6...7...8...9...10	Bounce #2 added RGB(6707, 2144, 861)
Build Patch/Sample Hash Table(s).....Done<0.0003 sec>
0...1...2...3...4...5...6...7...8...9...10FinalLightFace Done
0 of 0 (0% of) surface lights went in leaf ambient cubes.
0...1...2...3...4...5...6...7...8...9...10Writing leaf ambient...done
Ready to Finish

Object names       Objects/Maxobjs  Memory / Maxmem  Fullness 
------------       ---------------  ---------------  -------- 
models                   2/1024           96/49152    ( 0.2%) 
brushes                 62/8192          744/98304    ( 0.8%) 
brushsides             388/65536        3104/524288   ( 0.6%) 
planes                 176/65536        3520/1310720  ( 0.3%) 
vertexes               163/65536        1956/786432   ( 0.2%) 
nodes                   74/65536        2368/2097152  ( 0.1%) 
texinfos                10/12288         720/884736   ( 0.1%) 
texdata                  4/2048          128/65536    ( 0.2%) 
dispinfos                0/0               0/0        ( 0.0%) 
disp_verts               0/0               0/0        ( 0.0%) 
disp_tris                0/0               0/0        ( 0.0%) 
disp_lmsamples           0/0               0/0        ( 0.0%) 
faces                   97/65536        5432/3670016  ( 0.1%) 
hdr faces                0/65536           0/3670016  ( 0.0%) 
origfaces               78/65536        4368/3670016  ( 0.1%) 
leaves                  77/65536        2464/2097152  ( 0.1%) 
leaffaces              101/65536         202/131072   ( 0.2%) 
leafbrushes             83/65536         166/131072   ( 0.1%) 
areas                    2/256            16/2048     ( 0.8%) 
surfedges              758/512000       3032/2048000  ( 0.1%) 
edges                  456/256000       1824/1024000  ( 0.2%) 
LDR worldlights          9/8192          792/720896   ( 0.1%) 
HDR worldlights          0/8192            0/720896   ( 0.0%) 
leafwaterdata            0/32768           0/393216   ( 0.0%) 
waterstrips              6/32768          60/327680   ( 0.0%) 
waterverts               0/65536           0/786432   ( 0.0%) 
waterindices            75/65536         150/131072   ( 0.1%) 
cubemapsamples           0/1024            0/16384    ( 0.0%) 
overlays                 0/512             0/180224   ( 0.0%) 
LDR lightdata         [variable]       38788/0        ( 0.0%) 
HDR lightdata         [variable]           0/0        ( 0.0%) 
visdata               [variable]         245/16777216 ( 0.0%) 
entdata               [variable]       18136/393216   ( 4.6%) 
LDR ambient table       77/65536         308/262144   ( 0.1%) 
HDR ambient table       77/65536         308/262144   ( 0.1%) 
LDR leaf ambient       217/65536        6076/1835008  ( 0.3%) 
HDR leaf ambient        77/65536        2156/1835008  ( 0.1%) 
occluders                0/0               0/0        ( 0.0%) 
occluder polygons        0/0               0/0        ( 0.0%) 
occluder vert ind        0/0               0/0        ( 0.0%) 
detail props          [variable]           1/12       ( 8.3%) 
static props          [variable]           1/12       ( 8.3%) 
pakfile               [variable]      105659/0        ( 0.0%) 
physics               [variable]       22636/4194304  ( 0.5%) 
physics terrain       [variable]           2/1048576  ( 0.0%) 

Level flags = 0

Total triangle count: 252
Writing c:\program files (x86)\steam\steamapps\sourcemods\hlmbv\maps\baghdad.bsp
0 seconds elapsed



materialPath: C:\Program Files (x86)\Steam\steamapps\common\Source SDK Base 2013 Singleplayer\hl2\materials
Loading c:\program files (x86)\steam\steamapps\sourcemods\hlmbv\maps\baghdad.vmf
Could not locate 'GameData' key in c:\program files (x86)\steam\steamapps\common\source sdk base 2013 singleplayer\hl2\gameinfo.txt
fixing up env_cubemap materials on brush sides...
0...1...2...3...4...5...6...7...8...9...100...1...2...3...4...5...6...7...8...9...10Processing areas...done (0)
Building Faces...done (0)
FixTjuncs...
PruneNodes...
WriteBSP...
done (0)
writing c:\program files (x86)\steam\steamapps\sourcemods\hlmbv\maps\baghdad.prt...Building visibility clusters...
done (0)
Creating default LDR cubemaps for env_cubemap using skybox materials:
   skybox/sky_day01_01*.vmt
 ! Run buildcubemaps in the engine to get the correct cube maps.
Creating default HDR cubemaps for env_cubemap using skybox materials:
   skybox/sky_day01_01*.vmt
 ! Run buildcubemaps in the engine to get the correct cube maps.
Finding displacement neighbors...
Finding lightmap sample positions...
Displacement Alpha : 0...1...2...3...4...5...6...7...8...9...10
Building Physics collision data...
done (0) (22636 bytes)
Placing detail props : 0...1...2...3...4...5...6...7...8...9...10
Compacting texture/material tables...
Reduced 16 texinfos to 10
Reduced 4 texdatas to 4 (91 bytes to 91)
Writing c:\program files (x86)\steam\steamapps\sourcemods\hlmbv\maps\baghdad.bsp
0 seconds elapsed



4 threads
reading c:\program files (x86)\steam\steamapps\sourcemods\hlmbv\maps\baghdad.bsp
reading c:\program files (x86)\steam\steamapps\sourcemods\hlmbv\maps\baghdad.prt
  17 portalclusters
  18 numportals
0...1...2...3...4...5...6...7...8...9...10Optimized: 0 visible clusters (0.00%)
Total clusters visible: 221
Average clusters visible: 13
Building PAS...
Average clusters audible: 17
visdatasize:245  compressed from 272
writing c:\program files (x86)\steam\steamapps\sourcemods\hlmbv\maps\baghdad.bsp
0 seconds elapsed



Could not find lights.rad in lights.rad.
Trying VRAD BIN directory instead...
Warning: Couldn't open texlight file C:\Program Files (x86)\Steam\steamapps\common\Source SDK Base 2013 Singleplayer\bin\lights.rad.
Loading c:\program files (x86)\steam\steamapps\sourcemods\hlmbv\maps\baghdad.bsp
97 faces
13093 square feet [1885484.25 square inches]
0 Displacements
0 Square Feet [0.00 Square Inches]
97 patches before subdivision
2039 patches after subdivision
9 direct lights
0...1...2...3...4...5...6...7...8...9...100...1...2...3...4...5...6...7...8...9...10transfers 127683, max 192
transfer lists:   1.0 megs
0...1...2...3...4...5...6...7...8...9...10	Bounce #1 added RGB(31160, 15729, 13051)
0...1...2...3...4...5...6...7...8...9...10	Bounce #2 added RGB(6707, 2144, 861)
Build Patch/Sample Hash Table(s).....Done<0.0003 sec>
0...1...2...3...4...5...6...7...8...9...10FinalLightFace Done
0 of 0 (0% of) surface lights went in leaf ambient cubes.
0...1...2...3...4...5...6...7...8...9...10Writing leaf ambient...done
Ready to Finish

Object names       Objects/Maxobjs  Memory / Maxmem  Fullness 
------------       ---------------  ---------------  -------- 
models                   2/1024           96/49152    ( 0.2%) 
brushes                 62/8192          744/98304    ( 0.8%) 
brushsides             388/65536        3104/524288   ( 0.6%) 
planes                 176/65536        3520/1310720  ( 0.3%) 
vertexes               163/65536        1956/786432   ( 0.2%) 
nodes                   74/65536        2368/2097152  ( 0.1%) 
texinfos                10/12288         720/884736   ( 0.1%) 
texdata                  4/2048          128/65536    ( 0.2%) 
dispinfos                0/0               0/0        ( 0.0%) 
disp_verts               0/0               0/0        ( 0.0%) 
disp_tris                0/0               0/0        ( 0.0%) 
disp_lmsamples           0/0               0/0        ( 0.0%) 
faces                   97/65536        5432/3670016  ( 0.1%) 
hdr faces                0/65536           0/3670016  ( 0.0%) 
origfaces               78/65536        4368/3670016  ( 0.1%) 
leaves                  77/65536        2464/2097152  ( 0.1%) 
leaffaces              101/65536         202/131072   ( 0.2%) 
leafbrushes             83/65536         166/131072   ( 0.1%) 
areas                    2/256            16/2048     ( 0.8%) 
surfedges              758/512000       3032/2048000  ( 0.1%) 
edges                  456/256000       1824/1024000  ( 0.2%) 
LDR worldlights          9/8192          792/720896   ( 0.1%) 
HDR worldlights          0/8192            0/720896   ( 0.0%) 
leafwaterdata            0/32768           0/393216   ( 0.0%) 
waterstrips              6/32768          60/327680   ( 0.0%) 
waterverts               0/65536           0/786432   ( 0.0%) 
waterindices            75/65536         150/131072   ( 0.1%) 
cubemapsamples           0/1024            0/16384    ( 0.0%) 
overlays                 0/512             0/180224   ( 0.0%) 
LDR lightdata         [variable]       38788/0        ( 0.0%) 
HDR lightdata         [variable]           0/0        ( 0.0%) 
visdata               [variable]         245/16777216 ( 0.0%) 
entdata               [variable]       18306/393216   ( 4.7%) 
LDR ambient table       77/65536         308/262144   ( 0.1%) 
HDR ambient table       77/65536         308/262144   ( 0.1%) 
LDR leaf ambient       217/65536        6076/1835008  ( 0.3%) 
HDR leaf ambient        77/65536        2156/1835008  ( 0.1%) 
occluders                0/0               0/0        ( 0.0%) 
occluder polygons        0/0               0/0        ( 0.0%) 
occluder vert ind        0/0               0/0        ( 0.0%) 
detail props          [variable]           1/12       ( 8.3%) 
static props          [variable]           1/12       ( 8.3%) 
pakfile               [variable]      105659/0        ( 0.0%) 
physics               [variable]       22636/4194304  ( 0.5%) 
physics terrain       [variable]           2/1048576  ( 0.0%) 

Level flags = 0

Total triangle count: 252
Writing c:\program files (x86)\steam\steamapps\sourcemods\hlmbv\maps\baghdad.bsp
0 seconds elapsed



materialPath: C:\Program Files (x86)\Steam\steamapps\common\Source SDK Base 2013 Singleplayer\hl2\materials
Loading c:\program files (x86)\steam\steamapps\sourcemods\hlmbv\maps\baghdad.vmf
ConVarRef mat_reduceparticles doesn't point to an existing ConVar
Could not locate 'GameData' key in c:\program files (x86)\steam\steamapps\common\source sdk base 2013 singleplayer\hl2\gameinfo.txt
fixing up env_cubemap materials on brush sides...
0...1...2...3...4...5...6...7...8...9...10**** leaked ****
Entity trigger_multiple (-287.50 -96.00 240.00) leaked!

FindPortalSide: Couldn't find a good match for which brush to assign to a portal near (1024.0 -872.0 152.0)
Leaf 0 contents: CONTENTS_SOLID 
Leaf 1 contents: 
viscontents (node 0 contents ^ node 1 contents): CONTENTS_SOLID 
This means that none of the brushes in leaf 0 or 1 that touches the portal has CONTENTS_SOLID 
Check for a huge brush enclosing the coordinates above that has contents CONTENTS_SOLID 
Candidate brush IDs: 


FindPortalSide: Couldn't find a good match for which brush to assign to a portal near (1024.0 -528.0 152.0)
Leaf 0 contents: CONTENTS_SOLID 
Leaf 1 contents: 
viscontents (node 0 contents ^ node 1 contents): CONTENTS_SOLID 
This means that none of the brushes in leaf 0 or 1 that touches the portal has CONTENTS_SOLID 
Check for a huge brush enclosing the coordinates above that has contents CONTENTS_SOLID 
Candidate brush IDs: 


FindPortalSide: Couldn't find a good match for which brush to assign to a portal near (1024.0 -328.0 48.0)
Leaf 0 contents: CONTENTS_SOLID 
Leaf 1 contents: 
viscontents (node 0 contents ^ node 1 contents): CONTENTS_SOLID 
This means that none of the brushes in leaf 0 or 1 that touches the portal has CONTENTS_SOLID 
Check for a huge brush enclosing the coordinates above that has contents CONTENTS_SOLID 
Candidate brush IDs: 


FindPortalSide: Couldn't find a good match for which brush to assign to a portal near (1024.0 -328.0 320.0)
Leaf 0 contents: CONTENTS_SOLID 
Leaf 1 contents: 
viscontents (node 0 contents ^ node 1 contents): CONTENTS_SOLID 
This means that none of the brushes in leaf 0 or 1 that touches the portal has CONTENTS_SOLID 
Check for a huge brush enclosing the coordinates above that has contents CONTENTS_SOLID 
Candidate brush IDs: 


FindPortalSide: Couldn't find a good match for which brush to assign to a portal near (1024.0 -328.0 424.0)
Leaf 0 contents: CONTENTS_SOLID 
Leaf 1 contents: 
viscontents (node 0 contents ^ node 1 contents): CONTENTS_SOLID 
This means that none of the brushes in leaf 0 or 1 that touches the portal has CONTENTS_SOLID 
Check for a huge brush enclosing the coordinates above that has contents CONTENTS_SOLID 
Candidate brush IDs: 


FindPortalSide: Couldn't find a good match for which brush to assign to a portal near (1024.0 -160.0 152.0)
Leaf 0 contents: CONTENTS_SOLID 
Leaf 1 contents: 
viscontents (node 0 contents ^ node 1 contents): CONTENTS_SOLID 
This means that none of the brushes in leaf 0 or 1 that touches the portal has CONTENTS_SOLID 
Check for a huge brush enclosing the coordinates above that has contents CONTENTS_SOLID 
Candidate brush IDs: 


FindPortalSide: Couldn't find a good match for which brush to assign to a portal near (1536.0 -1024.0 152.0)
Leaf 0 contents: CONTENTS_SOLID 
Leaf 1 contents: 
viscontents (node 0 contents ^ node 1 contents): CONTENTS_SOLID 
This means that none of the brushes in leaf 0 or 1 that touches the portal has CONTENTS_SOLID 
Check for a huge brush enclosing the coordinates above that has contents CONTENTS_SOLID 
Candidate brush IDs: 


FindPortalSide: Couldn't find a good match for which brush to assign to a portal near (1040.0 0.0 -80.0)
Leaf 0 contents: 
Leaf 1 contents: CONTENTS_SOLID 
viscontents (node 0 contents ^ node 1 contents): CONTENTS_SOLID 
This means that none of the brushes in leaf 0 or 1 that touches the portal has CONTENTS_SOLID 
Check for a huge brush enclosing the coordinates above that has contents CONTENTS_SOLID 
Candidate brush IDs: 

*** Suppressing further FindPortalSide errors.... ***
Processing areas...done (0)
Building Faces...done (0)
FixTjuncs...
PruneNodes...
WriteBSP...
done (0)
Creating default LDR cubemaps for env_cubemap using skybox materials:
   skybox/sky_day01_01*.vmt
 ! Run buildcubemaps in the engine to get the correct cube maps.
Creating default HDR cubemaps for env_cubemap using skybox materials:
   skybox/sky_day01_01*.vmt
 ! Run buildcubemaps in the engine to get the correct cube maps.
Finding displacement neighbors...
Finding lightmap sample positions...
Displacement Alpha : 0...1...2...3...4...5...6...7...8...9...10
Building Physics collision data...
done (1) (30070 bytes)
Placing detail props : 0...1...2...3...4...5...6...7...8...9...10
Compacting texture/material tables...
Reduced 44 texinfos to 34
Reduced 6 texdatas to 6 (131 bytes to 131)
Writing c:\program files (x86)\steam\steamapps\sourcemods\hlmbv\maps\baghdad.bsp
1 second elapsed



4 threads
reading c:\program files (x86)\steam\steamapps\sourcemods\hlmbv\maps\baghdad.bsp
reading c:\program files (x86)\steam\steamapps\sourcemods\hlmbv\maps\baghdad.prt
LoadPortals: couldn't read c:\program files (x86)\steam\steamapps\sourcemods\hlmbv\maps\baghdad.prt



Could not find lights.rad in lights.rad.
Trying VRAD BIN directory instead...
Warning: Couldn't open texlight file C:\Program Files (x86)\Steam\steamapps\common\Source SDK Base 2013 Singleplayer\bin\lights.rad.
Loading c:\program files (x86)\steam\steamapps\sourcemods\hlmbv\maps\baghdad.bsp
No vis information, direct lighting only.
527 faces
52058 square feet [7496419.00 square inches]
0 Displacements
0 Square Feet [0.00 Square Inches]
9 direct lights
0...1...2...3...4...5...6...7...8...9...10Build Patch/Sample Hash Table(s).....Done<0.0009 sec>
0...1...2...3...4...5...6...7...8...9...10FinalLightFace Done
0 of 0 (0% of) surface lights went in leaf ambient cubes.
0...1...2...3...4...5...6...7...8...9...10Writing leaf ambient...done
Ready to Finish

Object names       Objects/Maxobjs  Memory / Maxmem  Fullness 
------------       ---------------  ---------------  -------- 
models                   5/1024          240/49152    ( 0.5%) 
brushes                 81/8192          972/98304    ( 1.0%) 
brushsides             502/65536        4016/524288   ( 0.8%) 
planes                 246/65536        4920/1310720  ( 0.4%) 
vertexes               535/65536        6420/786432   ( 0.8%) 
nodes                  330/65536       10560/2097152  ( 0.5%) 
texinfos                34/12288        2448/884736   ( 0.3%) 
texdata                  6/2048          192/65536    ( 0.3%) 
dispinfos                0/0               0/0        ( 0.0%) 
disp_verts               0/0               0/0        ( 0.0%) 
disp_tris                0/0               0/0        ( 0.0%) 
disp_lmsamples           0/0               0/0        ( 0.0%) 
faces                  527/65536       29512/3670016  ( 0.8%) 
hdr faces                0/65536           0/3670016  ( 0.0%) 
origfaces              419/65536       23464/3670016  ( 0.6%) 
leaves                 336/65536       10752/2097152  ( 0.5%) 
leaffaces              554/65536        1108/131072   ( 0.8%) 
leafbrushes            105/65536         210/131072   ( 0.2%) 
areas                    3/256            24/2048     ( 1.2%) 
surfedges             4054/512000      16216/2048000  ( 0.8%) 
edges                 2105/256000       8420/1024000  ( 0.8%) 
LDR worldlights          9/8192          792/720896   ( 0.1%) 
HDR worldlights          0/8192            0/720896   ( 0.0%) 
leafwaterdata            0/32768           0/393216   ( 0.0%) 
waterstrips             36/32768         360/327680   ( 0.1%) 
waterverts               0/65536           0/786432   ( 0.0%) 
waterindices           477/65536         954/131072   ( 0.7%) 
cubemapsamples           0/1024            0/16384    ( 0.0%) 
overlays                 0/512             0/180224   ( 0.0%) 
LDR lightdata         [variable]      143924/0        ( 0.0%) 
HDR lightdata         [variable]           0/0        ( 0.0%) 
visdata               [variable]           0/16777216 ( 0.0%) 
entdata               [variable]       22864/393216   ( 5.8%) 
LDR ambient table      336/65536        1344/262144   ( 0.5%) 
HDR ambient table      336/65536        1344/262144   ( 0.5%) 
LDR leaf ambient       559/65536       15652/1835008  ( 0.9%) 
HDR leaf ambient       336/65536        9408/1835008  ( 0.5%) 
occluders                0/0               0/0        ( 0.0%) 
occluder polygons        0/0               0/0        ( 0.0%) 
occluder vert ind        0/0               0/0        ( 0.0%) 
detail props          [variable]           1/12       ( 8.3%) 
static props          [variable]           1/206      ( 0.5%) 
pakfile               [variable]      105659/0        ( 0.0%) 
physics               [variable]       30070/4194304  ( 0.7%) 
physics terrain       [variable]           2/1048576  ( 0.0%) 

Level flags = 0

Total triangle count: 1324
Writing c:\program files (x86)\steam\steamapps\sourcemods\hlmbv\maps\baghdad.bsp
0 seconds elapsed



materialPath: C:\Program Files (x86)\Steam\steamapps\common\Source SDK Base 2013 Singleplayer\hl2\materials
Loading c:\program files (x86)\steam\steamapps\sourcemods\hlmbv\maps\baghdad.vmf
ConVarRef mat_reduceparticles doesn't point to an existing ConVar
Could not locate 'GameData' key in c:\program files (x86)\steam\steamapps\common\source sdk base 2013 singleplayer\hl2\gameinfo.txt
fixing up env_cubemap materials on brush sides...
0...1...2...3...4...5...6...7...8...9...10**** leaked ****
Entity trigger_multiple (-287.50 -96.00 240.00) leaked!

FindPortalSide: Couldn't find a good match for which brush to assign to a portal near (1024.0 -872.0 152.0)
Leaf 0 contents: CONTENTS_SOLID 
Leaf 1 contents: 
viscontents (node 0 contents ^ node 1 contents): CONTENTS_SOLID 
This means that none of the brushes in leaf 0 or 1 that touches the portal has CONTENTS_SOLID 
Check for a huge brush enclosing the coordinates above that has contents CONTENTS_SOLID 
Candidate brush IDs: 


FindPortalSide: Couldn't find a good match for which brush to assign to a portal near (1024.0 -528.0 152.0)
Leaf 0 contents: CONTENTS_SOLID 
Leaf 1 contents: 
viscontents (node 0 contents ^ node 1 contents): CONTENTS_SOLID 
This means that none of the brushes in leaf 0 or 1 that touches the portal has CONTENTS_SOLID 
Check for a huge brush enclosing the coordinates above that has contents CONTENTS_SOLID 
Candidate brush IDs: 


FindPortalSide: Couldn't find a good match for which brush to assign to a portal near (1024.0 -328.0 48.0)
Leaf 0 contents: CONTENTS_SOLID 
Leaf 1 contents: 
viscontents (node 0 contents ^ node 1 contents): CONTENTS_SOLID 
This means that none of the brushes in leaf 0 or 1 that touches the portal has CONTENTS_SOLID 
Check for a huge brush enclosing the coordinates above that has contents CONTENTS_SOLID 
Candidate brush IDs: 


FindPortalSide: Couldn't find a good match for which brush to assign to a portal near (1024.0 -328.0 320.0)
Leaf 0 contents: CONTENTS_SOLID 
Leaf 1 contents: 
viscontents (node 0 contents ^ node 1 contents): CONTENTS_SOLID 
This means that none of the brushes in leaf 0 or 1 that touches the portal has CONTENTS_SOLID 
Check for a huge brush enclosing the coordinates above that has contents CONTENTS_SOLID 
Candidate brush IDs: 


FindPortalSide: Couldn't find a good match for which brush to assign to a portal near (1024.0 -328.0 424.0)
Leaf 0 contents: CONTENTS_SOLID 
Leaf 1 contents: 
viscontents (node 0 contents ^ node 1 contents): CONTENTS_SOLID 
This means that none of the brushes in leaf 0 or 1 that touches the portal has CONTENTS_SOLID 
Check for a huge brush enclosing the coordinates above that has contents CONTENTS_SOLID 
Candidate brush IDs: 


FindPortalSide: Couldn't find a good match for which brush to assign to a portal near (1024.0 -160.0 152.0)
Leaf 0 contents: CONTENTS_SOLID 
Leaf 1 contents: 
viscontents (node 0 contents ^ node 1 contents): CONTENTS_SOLID 
This means that none of the brushes in leaf 0 or 1 that touches the portal has CONTENTS_SOLID 
Check for a huge brush enclosing the coordinates above that has contents CONTENTS_SOLID 
Candidate brush IDs: 


FindPortalSide: Couldn't find a good match for which brush to assign to a portal near (1536.0 -1024.0 152.0)
Leaf 0 contents: CONTENTS_SOLID 
Leaf 1 contents: 
viscontents (node 0 contents ^ node 1 contents): CONTENTS_SOLID 
This means that none of the brushes in leaf 0 or 1 that touches the portal has CONTENTS_SOLID 
Check for a huge brush enclosing the coordinates above that has contents CONTENTS_SOLID 
Candidate brush IDs: 


FindPortalSide: Couldn't find a good match for which brush to assign to a portal near (1040.0 0.0 -80.0)
Leaf 0 contents: 
Leaf 1 contents: CONTENTS_SOLID 
viscontents (node 0 contents ^ node 1 contents): CONTENTS_SOLID 
This means that none of the brushes in leaf 0 or 1 that touches the portal has CONTENTS_SOLID 
Check for a huge brush enclosing the coordinates above that has contents CONTENTS_SOLID 
Candidate brush IDs: 

*** Suppressing further FindPortalSide errors.... ***
Processing areas...done (0)
Building Faces...done (0)
FixTjuncs...
PruneNodes...
WriteBSP...
done (0)
Creating default LDR cubemaps for env_cubemap using skybox materials:
   skybox/sky_day01_01*.vmt
 ! Run buildcubemaps in the engine to get the correct cube maps.
Creating default HDR cubemaps for env_cubemap using skybox materials:
   skybox/sky_day01_01*.vmt
 ! Run buildcubemaps in the engine to get the correct cube maps.
Finding displacement neighbors...
Finding lightmap sample positions...
Displacement Alpha : 0...1...2...3...4...5...6...7...8...9...10
Building Physics collision data...
done (1) (30070 bytes)
Placing detail props : 0...1...2...3...4...5...6...7...8...9...10
Compacting texture/material tables...
Reduced 44 texinfos to 34
Reduced 6 texdatas to 6 (131 bytes to 131)
Writing c:\program files (x86)\steam\steamapps\sourcemods\hlmbv\maps\baghdad.bsp
1 second elapsed



4 threads
reading c:\program files (x86)\steam\steamapps\sourcemods\hlmbv\maps\baghdad.bsp
reading c:\program files (x86)\steam\steamapps\sourcemods\hlmbv\maps\baghdad.prt
LoadPortals: couldn't read c:\program files (x86)\steam\steamapps\sourcemods\hlmbv\maps\baghdad.prt



Could not find lights.rad in lights.rad.
Trying VRAD BIN directory instead...
Warning: Couldn't open texlight file C:\Program Files (x86)\Steam\steamapps\common\Source SDK Base 2013 Singleplayer\bin\lights.rad.
Loading c:\program files (x86)\steam\steamapps\sourcemods\hlmbv\maps\baghdad.bsp
No vis information, direct lighting only.
527 faces
52058 square feet [7496419.00 square inches]
0 Displacements
0 Square Feet [0.00 Square Inches]
11 direct lights
0...1...2...3...4...5...6...7...8...9...10Build Patch/Sample Hash Table(s).....Done<0.0009 sec>
0...1...2...3...4...5...6...7...8...9...10FinalLightFace Done
0 of 0 (0% of) surface lights went in leaf ambient cubes.
0...1...2...3...4...5...6...7...8...9...10Writing leaf ambient...done
Ready to Finish

Object names       Objects/Maxobjs  Memory / Maxmem  Fullness 
------------       ---------------  ---------------  -------- 
models                   5/1024          240/49152    ( 0.5%) 
brushes                 81/8192          972/98304    ( 1.0%) 
brushsides             502/65536        4016/524288   ( 0.8%) 
planes                 246/65536        4920/1310720  ( 0.4%) 
vertexes               535/65536        6420/786432   ( 0.8%) 
nodes                  330/65536       10560/2097152  ( 0.5%) 
texinfos                34/12288        2448/884736   ( 0.3%) 
texdata                  6/2048          192/65536    ( 0.3%) 
dispinfos                0/0               0/0        ( 0.0%) 
disp_verts               0/0               0/0        ( 0.0%) 
disp_tris                0/0               0/0        ( 0.0%) 
disp_lmsamples           0/0               0/0        ( 0.0%) 
faces                  527/65536       29512/3670016  ( 0.8%) 
hdr faces                0/65536           0/3670016  ( 0.0%) 
origfaces              419/65536       23464/3670016  ( 0.6%) 
leaves                 336/65536       10752/2097152  ( 0.5%) 
leaffaces              554/65536        1108/131072   ( 0.8%) 
leafbrushes            105/65536         210/131072   ( 0.2%) 
areas                    3/256            24/2048     ( 1.2%) 
surfedges             4054/512000      16216/2048000  ( 0.8%) 
edges                 2105/256000       8420/1024000  ( 0.8%) 
LDR worldlights         11/8192          968/720896   ( 0.1%) 
HDR worldlights          0/8192            0/720896   ( 0.0%) 
leafwaterdata            0/32768           0/393216   ( 0.0%) 
waterstrips             36/32768         360/327680   ( 0.1%) 
waterverts               0/65536           0/786432   ( 0.0%) 
waterindices           477/65536         954/131072   ( 0.7%) 
cubemapsamples           0/1024            0/16384    ( 0.0%) 
overlays                 0/512             0/180224   ( 0.0%) 
LDR lightdata         [variable]      143924/0        ( 0.0%) 
HDR lightdata         [variable]           0/0        ( 0.0%) 
visdata               [variable]           0/16777216 ( 0.0%) 
entdata               [variable]       23597/393216   ( 6.0%) 
LDR ambient table      336/65536        1344/262144   ( 0.5%) 
HDR ambient table      336/65536        1344/262144   ( 0.5%) 
LDR leaf ambient       581/65536       16268/1835008  ( 0.9%) 
HDR leaf ambient       336/65536        9408/1835008  ( 0.5%) 
occluders                0/0               0/0        ( 0.0%) 
occluder polygons        0/0               0/0        ( 0.0%) 
occluder vert ind        0/0               0/0        ( 0.0%) 
detail props          [variable]           1/12       ( 8.3%) 
static props          [variable]           1/206      ( 0.5%) 
pakfile               [variable]      105659/0        ( 0.0%) 
physics               [variable]       30070/4194304  ( 0.7%) 
physics terrain       [variable]           2/1048576  ( 0.0%) 

Level flags = 0

Total triangle count: 1324
Writing c:\program files (x86)\steam\steamapps\sourcemods\hlmbv\maps\baghdad.bsp
0 seconds elapsed



materialPath: C:\Program Files (x86)\Steam\steamapps\common\Source SDK Base 2013 Singleplayer\hl2\materials
Loading c:\program files (x86)\steam\steamapps\sourcemods\hlmbv\maps\baghdad.vmf
ConVarRef mat_reduceparticles doesn't point to an existing ConVar
Could not locate 'GameData' key in c:\program files (x86)\steam\steamapps\common\source sdk base 2013 singleplayer\hl2\gameinfo.txt
fixing up env_cubemap materials on brush sides...
0...1...2...3...4...5...6...7...8...9...10**** leaked ****
Entity trigger_multiple (-271.50 -96.00 240.00) leaked!

FindPortalSide: Couldn't find a good match for which brush to assign to a portal near (1024.0 -872.0 152.0)
Leaf 0 contents: CONTENTS_SOLID 
Leaf 1 contents: 
viscontents (node 0 contents ^ node 1 contents): CONTENTS_SOLID 
This means that none of the brushes in leaf 0 or 1 that touches the portal has CONTENTS_SOLID 
Check for a huge brush enclosing the coordinates above that has contents CONTENTS_SOLID 
Candidate brush IDs: 


FindPortalSide: Couldn't find a good match for which brush to assign to a portal near (1024.0 -528.0 152.0)
Leaf 0 contents: CONTENTS_SOLID 
Leaf 1 contents: 
viscontents (node 0 contents ^ node 1 contents): CONTENTS_SOLID 
This means that none of the brushes in leaf 0 or 1 that touches the portal has CONTENTS_SOLID 
Check for a huge brush enclosing the coordinates above that has contents CONTENTS_SOLID 
Candidate brush IDs: 


FindPortalSide: Couldn't find a good match for which brush to assign to a portal near (1024.0 -328.0 48.0)
Leaf 0 contents: CONTENTS_SOLID 
Leaf 1 contents: 
viscontents (node 0 contents ^ node 1 contents): CONTENTS_SOLID 
This means that none of the brushes in leaf 0 or 1 that touches the portal has CONTENTS_SOLID 
Check for a huge brush enclosing the coordinates above that has contents CONTENTS_SOLID 
Candidate brush IDs: 


FindPortalSide: Couldn't find a good match for which brush to assign to a portal near (1024.0 -328.0 320.0)
Leaf 0 contents: CONTENTS_SOLID 
Leaf 1 contents: 
viscontents (node 0 contents ^ node 1 contents): CONTENTS_SOLID 
This means that none of the brushes in leaf 0 or 1 that touches the portal has CONTENTS_SOLID 
Check for a huge brush enclosing the coordinates above that has contents CONTENTS_SOLID 
Candidate brush IDs: 


FindPortalSide: Couldn't find a good match for which brush to assign to a portal near (1024.0 -328.0 424.0)
Leaf 0 contents: CONTENTS_SOLID 
Leaf 1 contents: 
viscontents (node 0 contents ^ node 1 contents): CONTENTS_SOLID 
This means that none of the brushes in leaf 0 or 1 that touches the portal has CONTENTS_SOLID 
Check for a huge brush enclosing the coordinates above that has contents CONTENTS_SOLID 
Candidate brush IDs: 


FindPortalSide: Couldn't find a good match for which brush to assign to a portal near (1024.0 -160.0 -144.0)
Leaf 0 contents: CONTENTS_SOLID 
Leaf 1 contents: 
viscontents (node 0 contents ^ node 1 contents): CONTENTS_SOLID 
This means that none of the brushes in leaf 0 or 1 that touches the portal has CONTENTS_SOLID 
Check for a huge brush enclosing the coordinates above that has contents CONTENTS_SOLID 
Candidate brush IDs: 


FindPortalSide: Couldn't find a good match for which brush to assign to a portal near (1024.0 -160.0 152.0)
Leaf 0 contents: CONTENTS_SOLID 
Leaf 1 contents: 
viscontents (node 0 contents ^ node 1 contents): CONTENTS_SOLID 
This means that none of the brushes in leaf 0 or 1 that touches the portal has CONTENTS_SOLID 
Check for a huge brush enclosing the coordinates above that has contents CONTENTS_SOLID 
Candidate brush IDs: 


FindPortalSide: Couldn't find a good match for which brush to assign to a portal near (1024.0 -160.0 448.0)
Leaf 0 contents: CONTENTS_SOLID 
Leaf 1 contents: 
viscontents (node 0 contents ^ node 1 contents): CONTENTS_SOLID 
This means that none of the brushes in leaf 0 or 1 that touches the portal has CONTENTS_SOLID 
Check for a huge brush enclosing the coordinates above that has contents CONTENTS_SOLID 
Candidate brush IDs: 

*** Suppressing further FindPortalSide errors.... ***
Processing areas...done (0)
Building Faces...done (0)
FixTjuncs...
PruneNodes...
WriteBSP...
done (0)
Creating default LDR cubemaps for env_cubemap using skybox materials:
   skybox/sky_day01_01*.vmt
 ! Run buildcubemaps in the engine to get the correct cube maps.
Creating default HDR cubemaps for env_cubemap using skybox materials:
   skybox/sky_day01_01*.vmt
 ! Run buildcubemaps in the engine to get the correct cube maps.
Finding displacement neighbors...
Finding lightmap sample positions...
Displacement Alpha : 0...1...2...3...4...5...6...7...8...9...10
Building Physics collision data...
done (1) (30070 bytes)
Placing detail props : 0...1...2...3...4...5...6...7...8...9...10
Compacting texture/material tables...
Reduced 48 texinfos to 34
Reduced 6 texdatas to 6 (131 bytes to 131)
Writing c:\program files (x86)\steam\steamapps\sourcemods\hlmbv\maps\baghdad.bsp
1 second elapsed



4 threads
reading c:\program files (x86)\steam\steamapps\sourcemods\hlmbv\maps\baghdad.bsp
reading c:\program files (x86)\steam\steamapps\sourcemods\hlmbv\maps\baghdad.prt
LoadPortals: couldn't read c:\program files (x86)\steam\steamapps\sourcemods\hlmbv\maps\baghdad.prt



Could not find lights.rad in lights.rad.
Trying VRAD BIN directory instead...
Warning: Couldn't open texlight file C:\Program Files (x86)\Steam\steamapps\common\Source SDK Base 2013 Singleplayer\bin\lights.rad.
Loading c:\program files (x86)\steam\steamapps\sourcemods\hlmbv\maps\baghdad.bsp
No vis information, direct lighting only.
507 faces
51347 square feet [7394019.00 square inches]
0 Displacements
0 Square Feet [0.00 Square Inches]
11 direct lights
0...1...2...3...4...5...6...7...8...9...10Build Patch/Sample Hash Table(s).....Done<0.0008 sec>
0...1...2...3...4...5...6...7...8...9...10FinalLightFace Done
0 of 0 (0% of) surface lights went in leaf ambient cubes.
0...1...2...3...4...5...6...7...8...9...10Writing leaf ambient...done
Ready to Finish

Object names       Objects/Maxobjs  Memory / Maxmem  Fullness 
------------       ---------------  ---------------  -------- 
models                   5/1024          240/49152    ( 0.5%) 
brushes                 81/8192          972/98304    ( 1.0%) 
brushsides             502/65536        4016/524288   ( 0.8%) 
planes                 242/65536        4840/1310720  ( 0.4%) 
vertexes               527/65536        6324/786432   ( 0.8%) 
nodes                  328/65536       10496/2097152  ( 0.5%) 
texinfos                34/12288        2448/884736   ( 0.3%) 
texdata                  6/2048          192/65536    ( 0.3%) 
dispinfos                0/0               0/0        ( 0.0%) 
disp_verts               0/0               0/0        ( 0.0%) 
disp_tris                0/0               0/0        ( 0.0%) 
disp_lmsamples           0/0               0/0        ( 0.0%) 
faces                  507/65536       28392/3670016  ( 0.8%) 
hdr faces                0/65536           0/3670016  ( 0.0%) 
origfaces              411/65536       23016/3670016  ( 0.6%) 
leaves                 334/65536       10688/2097152  ( 0.5%) 
leaffaces              534/65536        1068/131072   ( 0.8%) 
leafbrushes            105/65536         210/131072   ( 0.2%) 
areas                    3/256            24/2048     ( 1.2%) 
surfedges             3942/512000      15768/2048000  ( 0.8%) 
edges                 2057/256000       8228/1024000  ( 0.8%) 
LDR worldlights         11/8192          968/720896   ( 0.1%) 
HDR worldlights          0/8192            0/720896   ( 0.0%) 
leafwaterdata            0/32768           0/393216   ( 0.0%) 
waterstrips             38/32768         380/327680   ( 0.1%) 
waterverts               0/65536           0/786432   ( 0.0%) 
waterindices           501/65536        1002/131072   ( 0.8%) 
cubemapsamples           0/1024            0/16384    ( 0.0%) 
overlays                 0/512             0/180224   ( 0.0%) 
LDR lightdata         [variable]      141076/0        ( 0.0%) 
HDR lightdata         [variable]           0/0        ( 0.0%) 
visdata               [variable]           0/16777216 ( 0.0%) 
entdata               [variable]       23597/393216   ( 6.0%) 
LDR ambient table      334/65536        1336/262144   ( 0.5%) 
HDR ambient table      334/65536        1336/262144   ( 0.5%) 
LDR leaf ambient       579/65536       16212/1835008  ( 0.9%) 
HDR leaf ambient       334/65536        9352/1835008  ( 0.5%) 
occluders                0/0               0/0        ( 0.0%) 
occluder polygons        0/0               0/0        ( 0.0%) 
occluder vert ind        0/0               0/0        ( 0.0%) 
detail props          [variable]           1/12       ( 8.3%) 
static props          [variable]           1/206      ( 0.5%) 
pakfile               [variable]      105659/0        ( 0.0%) 
physics               [variable]       30070/4194304  ( 0.7%) 
physics terrain       [variable]           2/1048576  ( 0.0%) 

Level flags = 0

Total triangle count: 1284
Writing c:\program files (x86)\steam\steamapps\sourcemods\hlmbv\maps\baghdad.bsp
0 seconds elapsed



materialPath: C:\Program Files (x86)\Steam\steamapps\common\Source SDK Base 2013 Singleplayer\hl2\materials
Loading c:\program files (x86)\steam\steamapps\sourcemods\hlmbv\maps\baghdad.vmf
ConVarRef mat_reduceparticles doesn't point to an existing ConVar
Could not locate 'GameData' key in c:\program files (x86)\steam\steamapps\common\source sdk base 2013 singleplayer\hl2\gameinfo.txt
fixing up env_cubemap materials on brush sides...
0...1...2...3...4...5...6...7...8...9...10**** leaked ****
Entity trigger_multiple (-271.50 -96.00 240.00) leaked!

FindPortalSide: Couldn't find a good match for which brush to assign to a portal near (1032.0 -1024.0 240.0)
Leaf 0 contents: CONTENTS_SOLID 
Leaf 1 contents: 
viscontents (node 0 contents ^ node 1 contents): CONTENTS_SOLID 
This means that none of the brushes in leaf 0 or 1 that touches the portal has CONTENTS_SOLID 
Check for a huge brush enclosing the coordinates above that has contents CONTENTS_SOLID 
Candidate brush IDs: 


FindPortalSide: Couldn't find a good match for which brush to assign to a portal near (1544.0 -1024.0 240.0)
Leaf 0 contents: CONTENTS_SOLID 
Leaf 1 contents: 
viscontents (node 0 contents ^ node 1 contents): CONTENTS_SOLID 
This means that none of the brushes in leaf 0 or 1 that touches the portal has CONTENTS_SOLID 
Check for a huge brush enclosing the coordinates above that has contents CONTENTS_SOLID 
Candidate brush IDs: 


FindPortalSide: Couldn't find a good match for which brush to assign to a portal near (1536.0 -1024.0 784.0)
Leaf 0 contents: CONTENTS_SOLID 
Leaf 1 contents: 
viscontents (node 0 contents ^ node 1 contents): CONTENTS_SOLID 
This means that none of the brushes in leaf 0 or 1 that touches the portal has CONTENTS_SOLID 
Check for a huge brush enclosing the coordinates above that has contents CONTENTS_SOLID 
Candidate brush IDs: 


FindPortalSide: Couldn't find a good match for which brush to assign to a portal near (1024.0 -880.0 248.0)
Leaf 0 contents: CONTENTS_SOLID 
Leaf 1 contents: 
viscontents (node 0 contents ^ node 1 contents): CONTENTS_SOLID 
This means that none of the brushes in leaf 0 or 1 that touches the portal has CONTENTS_SOLID 
Check for a huge brush enclosing the coordinates above that has contents CONTENTS_SOLID 
Candidate brush IDs: 


FindPortalSide: Couldn't find a good match for which brush to assign to a portal near (1024.0 -728.0 248.0)
Leaf 0 contents: CONTENTS_SOLID 
Leaf 1 contents: 
viscontents (node 0 contents ^ node 1 contents): CONTENTS_SOLID 
This means that none of the brushes in leaf 0 or 1 that touches the portal has CONTENTS_SOLID 
Check for a huge brush enclosing the coordinates above that has contents CONTENTS_SOLID 
Candidate brush IDs: 


FindPortalSide: Couldn't find a good match for which brush to assign to a portal near (1024.0 -528.0 248.0)
Leaf 0 contents: CONTENTS_SOLID 
Leaf 1 contents: 
viscontents (node 0 contents ^ node 1 contents): CONTENTS_SOLID 
This means that none of the brushes in leaf 0 or 1 that touches the portal has CONTENTS_SOLID 
Check for a huge brush enclosing the coordinates above that has contents CONTENTS_SOLID 
Candidate brush IDs: 


FindPortalSide: Couldn't find a good match for which brush to assign to a portal near (1024.0 -680.0 40.0)
Leaf 0 contents: CONTENTS_SOLID 
Leaf 1 contents: 
viscontents (node 0 contents ^ node 1 contents): CONTENTS_SOLID 
This means that none of the brushes in leaf 0 or 1 that touches the portal has CONTENTS_SOLID 
Check for a huge brush enclosing the coordinates above that has contents CONTENTS_SOLID 
Candidate brush IDs: 


FindPortalSide: Couldn't find a good match for which brush to assign to a portal near (1024.0 -880.0 320.0)
Leaf 0 contents: CONTENTS_SOLID 
Leaf 1 contents: 
viscontents (node 0 contents ^ node 1 contents): CONTENTS_SOLID 
This means that none of the brushes in leaf 0 or 1 that touches the portal has CONTENTS_SOLID 
Check for a huge brush enclosing the coordinates above that has contents CONTENTS_SOLID 
Candidate brush IDs: 

*** Suppressing further FindPortalSide errors.... ***
Processing areas...done (0)
Building Faces...done (0)
FixTjuncs...
PruneNodes...
WriteBSP...
done (0)
Creating default LDR cubemaps for env_cubemap using skybox materials:
   skybox/sky_day01_01*.vmt
 ! Run buildcubemaps in the engine to get the correct cube maps.
Creating default HDR cubemaps for env_cubemap using skybox materials:
   skybox/sky_day01_01*.vmt
 ! Run buildcubemaps in the engine to get the correct cube maps.
Finding displacement neighbors...
Finding lightmap sample positions...
Displacement Alpha : 0...1...2...3...4...5...6...7...8...9...10
Building Physics collision data...
done (0) (39098 bytes)
Placing detail props : 0...1...2...3...4...5...6...7...8...9...10
Compacting texture/material tables...
Reduced 63 texinfos to 48
Reduced 7 texdatas to 7 (144 bytes to 144)
Writing c:\program files (x86)\steam\steamapps\sourcemods\hlmbv\maps\baghdad.bsp
0 seconds elapsed



4 threads
reading c:\program files (x86)\steam\steamapps\sourcemods\hlmbv\maps\baghdad.bsp
reading c:\program files (x86)\steam\steamapps\sourcemods\hlmbv\maps\baghdad.prt
LoadPortals: couldn't read c:\program files (x86)\steam\steamapps\sourcemods\hlmbv\maps\baghdad.prt



Could not find lights.rad in lights.rad.
Trying VRAD BIN directory instead...
Warning: Couldn't open texlight file C:\Program Files (x86)\Steam\steamapps\common\Source SDK Base 2013 Singleplayer\bin\lights.rad.
Loading c:\program files (x86)\steam\steamapps\sourcemods\hlmbv\maps\baghdad.bsp
No vis information, direct lighting only.
681 faces
91356 square feet [13155305.00 square inches]
0 Displacements
0 Square Feet [0.00 Square Inches]
19 direct lights
0...1...2...3...4...5...6...7...8...9...10Build Patch/Sample Hash Table(s).....Done<0.0017 sec>
0...1...2...3...4...5...6...7...8...9...10FinalLightFace Done
0 of 0 (0% of) surface lights went in leaf ambient cubes.
0...1...2...3...4...5...6...7...8...9...10Writing leaf ambient...done
Ready to Finish

Object names       Objects/Maxobjs  Memory / Maxmem  Fullness 
------------       ---------------  ---------------  -------- 
models                   7/1024          336/49152    ( 0.7%) 
brushes                105/8192         1260/98304    ( 1.3%) 
brushsides             654/65536        5232/524288   ( 1.0%) 
planes                 304/65536        6080/1310720  ( 0.5%) 
vertexes               713/65536        8556/786432   ( 1.1%) 
nodes                  428/65536       13696/2097152  ( 0.7%) 
texinfos                48/12288        3456/884736   ( 0.4%) 
texdata                  7/2048          224/65536    ( 0.3%) 
dispinfos                0/0               0/0        ( 0.0%) 
disp_verts               0/0               0/0        ( 0.0%) 
disp_tris                0/0               0/0        ( 0.0%) 
disp_lmsamples           0/0               0/0        ( 0.0%) 
faces                  681/65536       38136/3670016  ( 1.0%) 
hdr faces                0/65536           0/3670016  ( 0.0%) 
origfaces              523/65536       29288/3670016  ( 0.8%) 
leaves                 436/65536       13952/2097152  ( 0.7%) 
leaffaces              745/65536        1490/131072   ( 1.1%) 
leafbrushes            134/65536         268/131072   ( 0.2%) 
areas                    3/256            24/2048     ( 1.2%) 
surfedges             5197/512000      20788/2048000  ( 1.0%) 
edges                 2727/256000      10908/1024000  ( 1.1%) 
LDR worldlights         19/8192         1672/720896   ( 0.2%) 
HDR worldlights          0/8192            0/720896   ( 0.0%) 
leafwaterdata            0/32768           0/393216   ( 0.0%) 
waterstrips             49/32768         490/327680   ( 0.1%) 
waterverts               0/65536           0/786432   ( 0.0%) 
waterindices           702/65536        1404/131072   ( 1.1%) 
cubemapsamples           0/1024            0/16384    ( 0.0%) 
overlays                 0/512             0/180224   ( 0.0%) 
LDR lightdata         [variable]      252744/0        ( 0.0%) 
HDR lightdata         [variable]           0/0        ( 0.0%) 
visdata               [variable]           0/16777216 ( 0.0%) 
entdata               [variable]       32116/393216   ( 8.2%) 
LDR ambient table      436/65536        1744/262144   ( 0.7%) 
HDR ambient table      436/65536        1744/262144   ( 0.7%) 
LDR leaf ambient       871/65536       24388/1835008  ( 1.3%) 
HDR leaf ambient       436/65536       12208/1835008  ( 0.7%) 
occluders                0/0               0/0        ( 0.0%) 
occluder polygons        0/0               0/0        ( 0.0%) 
occluder vert ind        0/0               0/0        ( 0.0%) 
detail props          [variable]           1/12       ( 8.3%) 
static props          [variable]           1/206      ( 0.5%) 
pakfile               [variable]      105659/0        ( 0.0%) 
physics               [variable]       39098/4194304  ( 0.9%) 
physics terrain       [variable]           2/1048576  ( 0.0%) 

Level flags = 0

Total triangle count: 1743
Writing c:\program files (x86)\steam\steamapps\sourcemods\hlmbv\maps\baghdad.bsp
0 seconds elapsed



materialPath: C:\Program Files (x86)\Steam\steamapps\common\Source SDK Base 2013 Singleplayer\hl2\materials
Loading c:\program files (x86)\steam\steamapps\sourcemods\hlmbv\maps\baghdad.vmf
ConVarRef mat_reduceparticles doesn't point to an existing ConVar
Could not locate 'GameData' key in c:\program files (x86)\steam\steamapps\common\source sdk base 2013 singleplayer\hl2\gameinfo.txt
fixing up env_cubemap materials on brush sides...
0...1...2...3...4...5...6...7...8...9...10**** leaked ****
Entity trigger_multiple (-271.50 -96.00 240.00) leaked!

FindPortalSide: Couldn't find a good match for which brush to assign to a portal near (1032.0 -1024.0 240.0)
Leaf 0 contents: CONTENTS_SOLID 
Leaf 1 contents: 
viscontents (node 0 contents ^ node 1 contents): CONTENTS_SOLID 
This means that none of the brushes in leaf 0 or 1 that touches the portal has CONTENTS_SOLID 
Check for a huge brush enclosing the coordinates above that has contents CONTENTS_SOLID 
Candidate brush IDs: 


FindPortalSide: Couldn't find a good match for which brush to assign to a portal near (1544.0 -1024.0 240.0)
Leaf 0 contents: CONTENTS_SOLID 
Leaf 1 contents: 
viscontents (node 0 contents ^ node 1 contents): CONTENTS_SOLID 
This means that none of the brushes in leaf 0 or 1 that touches the portal has CONTENTS_SOLID 
Check for a huge brush enclosing the coordinates above that has contents CONTENTS_SOLID 
Candidate brush IDs: 


FindPortalSide: Couldn't find a good match for which brush to assign to a portal near (1536.0 -1024.0 784.0)
Leaf 0 contents: CONTENTS_SOLID 
Leaf 1 contents: 
viscontents (node 0 contents ^ node 1 contents): CONTENTS_SOLID 
This means that none of the brushes in leaf 0 or 1 that touches the portal has CONTENTS_SOLID 
Check for a huge brush enclosing the coordinates above that has contents CONTENTS_SOLID 
Candidate brush IDs: 


FindPortalSide: Couldn't find a good match for which brush to assign to a portal near (1024.0 -880.0 248.0)
Leaf 0 contents: CONTENTS_SOLID 
Leaf 1 contents: 
viscontents (node 0 contents ^ node 1 contents): CONTENTS_SOLID 
This means that none of the brushes in leaf 0 or 1 that touches the portal has CONTENTS_SOLID 
Check for a huge brush enclosing the coordinates above that has contents CONTENTS_SOLID 
Candidate brush IDs: 


FindPortalSide: Couldn't find a good match for which brush to assign to a portal near (1024.0 -728.0 248.0)
Leaf 0 contents: CONTENTS_SOLID 
Leaf 1 contents: 
viscontents (node 0 contents ^ node 1 contents): CONTENTS_SOLID 
This means that none of the brushes in leaf 0 or 1 that touches the portal has CONTENTS_SOLID 
Check for a huge brush enclosing the coordinates above that has contents CONTENTS_SOLID 
Candidate brush IDs: 


FindPortalSide: Couldn't find a good match for which brush to assign to a portal near (1024.0 -528.0 248.0)
Leaf 0 contents: CONTENTS_SOLID 
Leaf 1 contents: 
viscontents (node 0 contents ^ node 1 contents): CONTENTS_SOLID 
This means that none of the brushes in leaf 0 or 1 that touches the portal has CONTENTS_SOLID 
Check for a huge brush enclosing the coordinates above that has contents CONTENTS_SOLID 
Candidate brush IDs: 


FindPortalSide: Couldn't find a good match for which brush to assign to a portal near (1024.0 -680.0 40.0)
Leaf 0 contents: CONTENTS_SOLID 
Leaf 1 contents: 
viscontents (node 0 contents ^ node 1 contents): CONTENTS_SOLID 
This means that none of the brushes in leaf 0 or 1 that touches the portal has CONTENTS_SOLID 
Check for a huge brush enclosing the coordinates above that has contents CONTENTS_SOLID 
Candidate brush IDs: 


FindPortalSide: Couldn't find a good match for which brush to assign to a portal near (1024.0 -880.0 320.0)
Leaf 0 contents: CONTENTS_SOLID 
Leaf 1 contents: 
viscontents (node 0 contents ^ node 1 contents): CONTENTS_SOLID 
This means that none of the brushes in leaf 0 or 1 that touches the portal has CONTENTS_SOLID 
Check for a huge brush enclosing the coordinates above that has contents CONTENTS_SOLID 
Candidate brush IDs: 

*** Suppressing further FindPortalSide errors.... ***
Processing areas...done (0)
Building Faces...done (0)
FixTjuncs...
PruneNodes...
WriteBSP...
done (0)
Creating default LDR cubemaps for env_cubemap using skybox materials:
   skybox/sky_day01_01*.vmt
 ! Run buildcubemaps in the engine to get the correct cube maps.
Creating default HDR cubemaps for env_cubemap using skybox materials:
   skybox/sky_day01_01*.vmt
 ! Run buildcubemaps in the engine to get the correct cube maps.
Finding displacement neighbors...
Finding lightmap sample positions...
Displacement Alpha : 0...1...2...3...4...5...6...7...8...9...10
Building Physics collision data...
done (0) (39882 bytes)
Placing detail props : 0...1...2...3...4...5...6...7...8...9...10
Compacting texture/material tables...
Reduced 64 texinfos to 49
Reduced 7 texdatas to 7 (144 bytes to 144)
Writing c:\program files (x86)\steam\steamapps\sourcemods\hlmbv\maps\baghdad.bsp
0 seconds elapsed



4 threads
reading c:\program files (x86)\steam\steamapps\sourcemods\hlmbv\maps\baghdad.bsp
reading c:\program files (x86)\steam\steamapps\sourcemods\hlmbv\maps\baghdad.prt
LoadPortals: couldn't read c:\program files (x86)\steam\steamapps\sourcemods\hlmbv\maps\baghdad.prt



Could not find lights.rad in lights.rad.
Trying VRAD BIN directory instead...
Warning: Couldn't open texlight file C:\Program Files (x86)\Steam\steamapps\common\Source SDK Base 2013 Singleplayer\bin\lights.rad.
Loading c:\program files (x86)\steam\steamapps\sourcemods\hlmbv\maps\baghdad.bsp
No vis information, direct lighting only.
697 faces
91697 square feet [13204457.00 square inches]
0 Displacements
0 Square Feet [0.00 Square Inches]
19 direct lights
0...1...2...3...4...5...6...7...8...9...10Build Patch/Sample Hash Table(s).....Done<0.0017 sec>
0...1...2...3...4...5...6...7...8...9...10FinalLightFace Done
0 of 0 (0% of) surface lights went in leaf ambient cubes.
0...1...2...3...4...5...6...7...8...9...10Writing leaf ambient...done
Ready to Finish

Object names       Objects/Maxobjs  Memory / Maxmem  Fullness 
------------       ---------------  ---------------  -------- 
models                   7/1024          336/49152    ( 0.7%) 
brushes                107/8192         1284/98304    ( 1.3%) 
brushsides             666/65536        5328/524288   ( 1.0%) 
planes                 308/65536        6160/1310720  ( 0.5%) 
vertexes               736/65536        8832/786432   ( 1.1%) 
nodes                  435/65536       13920/2097152  ( 0.7%) 
texinfos                49/12288        3528/884736   ( 0.4%) 
texdata                  7/2048          224/65536    ( 0.3%) 
dispinfos                0/0               0/0        ( 0.0%) 
disp_verts               0/0               0/0        ( 0.0%) 
disp_tris                0/0               0/0        ( 0.0%) 
disp_lmsamples           0/0               0/0        ( 0.0%) 
faces                  697/65536       39032/3670016  ( 1.1%) 
hdr faces                0/65536           0/3670016  ( 0.0%) 
origfaces              533/65536       29848/3670016  ( 0.8%) 
leaves                 443/65536       14176/2097152  ( 0.7%) 
leaffaces              784/65536        1568/131072   ( 1.2%) 
leafbrushes            136/65536         272/131072   ( 0.2%) 
areas                    3/256            24/2048     ( 1.2%) 
surfedges             5323/512000      21292/2048000  ( 1.0%) 
edges                 2794/256000      11176/1024000  ( 1.1%) 
LDR worldlights         19/8192         1672/720896   ( 0.2%) 
HDR worldlights          0/8192            0/720896   ( 0.0%) 
leafwaterdata            0/32768           0/393216   ( 0.0%) 
waterstrips             56/32768         560/327680   ( 0.2%) 
waterverts               0/65536           0/786432   ( 0.0%) 
waterindices           798/65536        1596/131072   ( 1.2%) 
cubemapsamples           0/1024            0/16384    ( 0.0%) 
overlays                 0/512             0/180224   ( 0.0%) 
LDR lightdata         [variable]      254516/0        ( 0.0%) 
HDR lightdata         [variable]           0/0        ( 0.0%) 
visdata               [variable]           0/16777216 ( 0.0%) 
entdata               [variable]       39238/393216   (10.0%) 
LDR ambient table      443/65536        1772/262144   ( 0.7%) 
HDR ambient table      443/65536        1772/262144   ( 0.7%) 
LDR leaf ambient       832/65536       23296/1835008  ( 1.3%) 
HDR leaf ambient       443/65536       12404/1835008  ( 0.7%) 
occluders                0/0               0/0        ( 0.0%) 
occluder polygons        0/0               0/0        ( 0.0%) 
occluder vert ind        0/0               0/0        ( 0.0%) 
detail props          [variable]           1/12       ( 8.3%) 
static props          [variable]           1/206      ( 0.5%) 
pakfile               [variable]      105659/0        ( 0.0%) 
physics               [variable]       39882/4194304  ( 1.0%) 
physics terrain       [variable]           2/1048576  ( 0.0%) 

Level flags = 0

Total triangle count: 1797
Writing c:\program files (x86)\steam\steamapps\sourcemods\hlmbv\maps\baghdad.bsp
0 seconds elapsed
