


materialPath: C:\Program Files (x86)\Steam\steamapps\common\half-life 2\hl2\materials
Loading c:\program files (x86)\steam\steamapps\sourcemods\hlmbv\maps\bullet_time.vmf
Could not locate 'GameData' key in c:\program files (x86)\steam\steamapps\common\half-life 2\hl2\gameinfo.txt
fixing up env_cubemap materials on brush sides...
0...1...2...3...4...5...6...7...8...9...100...1...2...3...4...5...6...7...8...9...10Processing areas...done (0)
Building Faces...done (0)
FixTjuncs...
PruneNodes...
WriteBSP...
done (0)
writing c:\program files (x86)\steam\steamapps\sourcemods\hlmbv\maps\bullet_time.prt...Building visibility clusters...
done (0)
Creating default LDR cubemaps for env_cubemap using skybox materials:
   skybox/sky_day01_01*.vmt
 ! Run buildcubemaps in the engine to get the correct cube maps.
Creating default HDR cubemaps for env_cubemap using skybox materials:
   skybox/sky_day01_01*.vmt
 ! Run buildcubemaps in the engine to get the correct cube maps.
Finding displacement neighbors...
Finding lightmap sample positions...
Displacement Alpha : 0...1...2...3...4...5...6...7...8...9...10
Building Physics collision data...
done (0) (6185 bytes)
Placing detail props : 0...1...2...3...4...5...6...7...8...9...10
Compacting texture/material tables...
Reduced 26 texinfos to 13
Reduced 5 texdatas to 5 (119 bytes to 119)
Writing c:\program files (x86)\steam\steamapps\sourcemods\hlmbv\maps\bullet_time.bsp
0 seconds elapsed



4 threads
reading c:\program files (x86)\steam\steamapps\sourcemods\hlmbv\maps\bullet_time.bsp
reading c:\program files (x86)\steam\steamapps\sourcemods\hlmbv\maps\bullet_time.prt
   9 portalclusters
  11 numportals
0...1...2...3...4...5...6...7...8...9...100...1...2...3...4...5...6...7...8...9...10Optimized: 0 visible clusters (0.00%)
Total clusters visible: 61
Average clusters visible: 6
Building PAS...
Average clusters audible: 9
visdatasize:114  compressed from 144
writing c:\program files (x86)\steam\steamapps\sourcemods\hlmbv\maps\bullet_time.bsp
0 seconds elapsed



[Reading texlights from 'lights.rad']
[45 texlights parsed from 'lights.rad']

Loading c:\program files (x86)\steam\steamapps\sourcemods\hlmbv\maps\bullet_time.bsp
49 faces
13889 square feet [2000155.75 square inches]
0 Displacements
0 Square Feet [0.00 Square Inches]
49 patches before subdivision
3111 patches after subdivision
4 direct lights
0...1...2...3...4...5...6...7...8...9...100...1...2...3...4...5...6...7...8...9...10transfers 291083, max 245
transfer lists:   2.2 megs
0...1...2...3...4...5...6...7...8...9...10	Bounce #1 added RGB(18357, 18141, 16627)
0...1...2...3...4...5...6...7...8...9...10	Bounce #2 added RGB(3732, 3603, 2950)
0...1...2...3...4...5...6...7...8...9...10	Bounce #3 added RGB(789, 746, 549)
0...1...2...3...4...5...6...7...8...9...10	Bounce #4 added RGB(164, 152, 100)
0...1...2...3...4...5...6...7...8...9...10	Bounce #5 added RGB(34, 31, 18)
0...1...2...3...4...5...6...7...8...9...10	Bounce #6 added RGB(7, 6, 3)
0...1...2...3...4...5...6...7...8...9...10	Bounce #7 added RGB(2, 1, 1)
0...1...2...3...4...5...6...7...8...9...10	Bounce #8 added RGB(0, 0, 0)
Build Patch/Sample Hash Table(s).....Done<0.0004 sec>
0...1...2...3...4...5...6...7...8...9...10FinalLightFace Done
0 of 0 (0% of) surface lights went in leaf ambient cubes.
0...1...2...3...4...5...6...7...8...9...10Writing leaf ambient...done
Ready to Finish

Object names       Objects/Maxobjs  Memory / Maxmem  Fullness 
------------       ---------------  ---------------  -------- 
models                   3/1024          144/49152    ( 0.3%) 
brushes                 16/8192          192/98304    ( 0.2%) 
brushsides              97/65536         776/524288   ( 0.1%) 
planes                  92/65536        1840/1310720  ( 0.1%) 
vertexes                69/65536         828/786432   ( 0.1%) 
nodes                   50/65536        1600/2097152  ( 0.1%) 
texinfos                13/12288         936/884736   ( 0.1%) 
texdata                  5/2048          160/65536    ( 0.2%) 
dispinfos                0/0               0/0        ( 0.0%) 
disp_verts               0/0               0/0        ( 0.0%) 
disp_tris                0/0               0/0        ( 0.0%) 
disp_lmsamples           0/0               0/0        ( 0.0%) 
faces                   49/65536        2744/3670016  ( 0.1%) 
hdr faces                0/65536           0/3670016  ( 0.0%) 
origfaces               34/65536        1904/3670016  ( 0.1%) 
leaves                  54/65536        1728/2097152  ( 0.1%) 
leaffaces               51/65536         102/131072   ( 0.1%) 
leafbrushes             27/65536          54/131072   ( 0.0%) 
areas                    2/256            16/2048     ( 0.8%) 
surfedges              346/512000       1384/2048000  ( 0.1%) 
edges                  197/256000        788/1024000  ( 0.1%) 
LDR worldlights          4/8192          352/720896   ( 0.0%) 
HDR worldlights          0/8192            0/720896   ( 0.0%) 
leafwaterdata            0/32768           0/393216   ( 0.0%) 
waterstrips              2/32768          20/327680   ( 0.0%) 
waterverts               0/65536           0/786432   ( 0.0%) 
waterindices            21/65536          42/131072   ( 0.0%) 
cubemapsamples           0/1024            0/16384    ( 0.0%) 
overlays                 0/512             0/180224   ( 0.0%) 
LDR lightdata         [variable]       63612/0        ( 0.0%) 
HDR lightdata         [variable]           0/0        ( 0.0%) 
visdata               [variable]         114/16777216 ( 0.0%) 
entdata               [variable]       13669/393216   ( 3.5%) 
LDR ambient table       54/65536         216/262144   ( 0.1%) 
HDR ambient table       54/65536         216/262144   ( 0.1%) 
LDR leaf ambient       156/65536        4368/1835008  ( 0.2%) 
HDR leaf ambient        54/65536        1512/1835008  ( 0.1%) 
occluders                0/0               0/0        ( 0.0%) 
occluder polygons        0/0               0/0        ( 0.0%) 
occluder vert ind        0/0               0/0        ( 0.0%) 
detail props          [variable]           1/12       ( 8.3%) 
static props          [variable]           1/12       ( 8.3%) 
pakfile               [variable]      105675/0        ( 0.0%) 
physics               [variable]        6185/4194304  ( 0.1%) 
physics terrain       [variable]           2/1048576  ( 0.0%) 

Level flags = 0

Total triangle count: 112
Writing c:\program files (x86)\steam\steamapps\sourcemods\hlmbv\maps\bullet_time.bsp
0 seconds elapsed



[Reading texlights from 'lights.rad']
[45 texlights parsed from 'lights.rad']

Loading c:\program files (x86)\steam\steamapps\sourcemods\hlmbv\maps\bullet_time.bsp
49 faces
13889 square feet [2000155.75 square inches]
0 Displacements
0 Square Feet [0.00 Square Inches]
49 patches before subdivision
3111 patches after subdivision
4 direct lights
0...1...2...3...4...5...6...7...8...9...100...1...2...3...4...5...6...7...8...9...10transfers 291083, max 245
transfer lists:   2.2 megs
0...1...2...3...4...5...6...7...8...9...10	Bounce #1 added RGB(18357, 18141, 16627)
0...1...2...3...4...5...6...7...8...9...10	Bounce #2 added RGB(3732, 3603, 2950)
0...1...2...3...4...5...6...7...8...9...10	Bounce #3 added RGB(789, 746, 549)
0...1...2...3...4...5...6...7...8...9...10	Bounce #4 added RGB(164, 152, 100)
0...1...2...3...4...5...6...7...8...9...10	Bounce #5 added RGB(34, 31, 18)
0...1...2...3...4...5...6...7...8...9...10	Bounce #6 added RGB(7, 6, 3)
0...1...2...3...4...5...6...7...8...9...10	Bounce #7 added RGB(2, 1, 1)
0...1...2...3...4...5...6...7...8...9...10	Bounce #8 added RGB(0, 0, 0)
Build Patch/Sample Hash Table(s).....Done<0.0003 sec>
0...1...2...3...4...5...6...7...8...9...10FinalLightFace Done
0 of 0 (0% of) surface lights went in leaf ambient cubes.
0...1...2...3...4...5...6...7...8...9...10Writing leaf ambient...done
Ready to Finish

Object names       Objects/Maxobjs  Memory / Maxmem  Fullness 
------------       ---------------  ---------------  -------- 
models                   3/1024          144/49152    ( 0.3%) 
brushes                 16/8192          192/98304    ( 0.2%) 
brushsides              97/65536         776/524288   ( 0.1%) 
planes                  92/65536        1840/1310720  ( 0.1%) 
vertexes                69/65536         828/786432   ( 0.1%) 
nodes                   50/65536        1600/2097152  ( 0.1%) 
texinfos                13/12288         936/884736   ( 0.1%) 
texdata                  5/2048          160/65536    ( 0.2%) 
dispinfos                0/0               0/0        ( 0.0%) 
disp_verts               0/0               0/0        ( 0.0%) 
disp_tris                0/0               0/0        ( 0.0%) 
disp_lmsamples           0/0               0/0        ( 0.0%) 
faces                   49/65536        2744/3670016  ( 0.1%) 
hdr faces               49/65536        2744/3670016  ( 0.1%) 
origfaces               34/65536        1904/3670016  ( 0.1%) 
leaves                  54/65536        1728/2097152  ( 0.1%) 
leaffaces               51/65536         102/131072   ( 0.1%) 
leafbrushes             27/65536          54/131072   ( 0.0%) 
areas                    2/256            16/2048     ( 0.8%) 
surfedges              346/512000       1384/2048000  ( 0.1%) 
edges                  197/256000        788/1024000  ( 0.1%) 
LDR worldlights          4/8192          352/720896   ( 0.0%) 
HDR worldlights          4/8192          352/720896   ( 0.0%) 
leafwaterdata            0/32768           0/393216   ( 0.0%) 
waterstrips              2/32768          20/327680   ( 0.0%) 
waterverts               0/65536           0/786432   ( 0.0%) 
waterindices            21/65536          42/131072   ( 0.0%) 
cubemapsamples           0/1024            0/16384    ( 0.0%) 
overlays                 0/512             0/180224   ( 0.0%) 
LDR lightdata         [variable]       63612/0        ( 0.0%) 
HDR lightdata         [variable]       63612/0        ( 0.0%) 
visdata               [variable]         114/16777216 ( 0.0%) 
entdata               [variable]       13669/393216   ( 3.5%) 
LDR ambient table       54/65536         216/262144   ( 0.1%) 
HDR ambient table       54/65536         216/262144   ( 0.1%) 
LDR leaf ambient       156/65536        4368/1835008  ( 0.2%) 
HDR leaf ambient       156/65536        4368/1835008  ( 0.2%) 
occluders                0/0               0/0        ( 0.0%) 
occluder polygons        0/0               0/0        ( 0.0%) 
occluder vert ind        0/0               0/0        ( 0.0%) 
detail props          [variable]           1/12       ( 8.3%) 
static props          [variable]           1/12       ( 8.3%) 
pakfile               [variable]      105675/0        ( 0.0%) 
physics               [variable]        6185/4194304  ( 0.1%) 
physics terrain       [variable]           2/1048576  ( 0.0%) 

Level flags = 0

Total triangle count: 112
Writing c:\program files (x86)\steam\steamapps\sourcemods\hlmbv\maps\bullet_time.bsp
1 second elapsed



materialPath: C:\Program Files (x86)\Steam\steamapps\common\half-life 2\hl2\materials
Loading c:\program files (x86)\steam\steamapps\sourcemods\hlmbv\maps\bullet_time.vmf
Could not locate 'GameData' key in c:\program files (x86)\steam\steamapps\common\half-life 2\hl2\gameinfo.txt
fixing up env_cubemap materials on brush sides...
0...1...2...3...4...5...6...7...8...9...100...1...2...3...4...5...6...7...8...9...10Processing areas...done (0)
Building Faces...done (0)
FixTjuncs...
PruneNodes...
WriteBSP...
done (0)
writing c:\program files (x86)\steam\steamapps\sourcemods\hlmbv\maps\bullet_time.prt...Building visibility clusters...
done (0)
Creating default LDR cubemaps for env_cubemap using skybox materials:
   skybox/sky_day01_01*.vmt
 ! Run buildcubemaps in the engine to get the correct cube maps.
Creating default HDR cubemaps for env_cubemap using skybox materials:
   skybox/sky_day01_01*.vmt
 ! Run buildcubemaps in the engine to get the correct cube maps.
Finding displacement neighbors...
Finding lightmap sample positions...
Displacement Alpha : 0...1...2...3...4...5...6...7...8...9...10
Building Physics collision data...
done (0) (6185 bytes)
Placing detail props : 0...1...2...3...4...5...6...7...8...9...10
Compacting texture/material tables...
Reduced 26 texinfos to 13
Reduced 5 texdatas to 5 (119 bytes to 119)
Writing c:\program files (x86)\steam\steamapps\sourcemods\hlmbv\maps\bullet_time.bsp
0 seconds elapsed



4 threads
reading c:\program files (x86)\steam\steamapps\sourcemods\hlmbv\maps\bullet_time.bsp
reading c:\program files (x86)\steam\steamapps\sourcemods\hlmbv\maps\bullet_time.prt
   9 portalclusters
  11 numportals
0...1...2...3...4...5...6...7...8...9...100...1...2...3...4...5...6...7...8...9...10Optimized: 0 visible clusters (0.00%)
Total clusters visible: 61
Average clusters visible: 6
Building PAS...
Average clusters audible: 9
visdatasize:114  compressed from 144
writing c:\program files (x86)\steam\steamapps\sourcemods\hlmbv\maps\bullet_time.bsp
0 seconds elapsed



[Reading texlights from 'lights.rad']
[45 texlights parsed from 'lights.rad']

Loading c:\program files (x86)\steam\steamapps\sourcemods\hlmbv\maps\bullet_time.bsp
49 faces
13889 square feet [2000155.75 square inches]
0 Displacements
0 Square Feet [0.00 Square Inches]
49 patches before subdivision
3111 patches after subdivision
4 direct lights
0...1...2...3...4...5...6...7...8...9...100...1...2...3...4...5...6...7...8...9...10transfers 291083, max 245
transfer lists:   2.2 megs
0...1...2...3...4...5...6...7...8...9...10	Bounce #1 added RGB(18357, 18141, 16627)
0...1...2...3...4...5...6...7...8...9...10	Bounce #2 added RGB(3732, 3603, 2950)
0...1...2...3...4...5...6...7...8...9...10	Bounce #3 added RGB(789, 746, 549)
0...1...2...3...4...5...6...7...8...9...10	Bounce #4 added RGB(164, 152, 100)
0...1...2...3...4...5...6...7...8...9...10	Bounce #5 added RGB(34, 31, 18)
0...1...2...3...4...5...6...7...8...9...10	Bounce #6 added RGB(7, 6, 3)
0...1...2...3...4...5...6...7...8...9...10	Bounce #7 added RGB(2, 1, 1)
0...1...2...3...4...5...6...7...8...9...10	Bounce #8 added RGB(0, 0, 0)
Build Patch/Sample Hash Table(s).....Done<0.0003 sec>
0...1...2...3...4...5...6...7...8...9...10FinalLightFace Done
0 of 0 (0% of) surface lights went in leaf ambient cubes.
0...1...2...3...4...5...6...7...8...9...10Writing leaf ambient...done
Ready to Finish

Object names       Objects/Maxobjs  Memory / Maxmem  Fullness 
------------       ---------------  ---------------  -------- 
models                   3/1024          144/49152    ( 0.3%) 
brushes                 16/8192          192/98304    ( 0.2%) 
brushsides              97/65536         776/524288   ( 0.1%) 
planes                  92/65536        1840/1310720  ( 0.1%) 
vertexes                69/65536         828/786432   ( 0.1%) 
nodes                   50/65536        1600/2097152  ( 0.1%) 
texinfos                13/12288         936/884736   ( 0.1%) 
texdata                  5/2048          160/65536    ( 0.2%) 
dispinfos                0/0               0/0        ( 0.0%) 
disp_verts               0/0               0/0        ( 0.0%) 
disp_tris                0/0               0/0        ( 0.0%) 
disp_lmsamples           0/0               0/0        ( 0.0%) 
faces                   49/65536        2744/3670016  ( 0.1%) 
hdr faces                0/65536           0/3670016  ( 0.0%) 
origfaces               34/65536        1904/3670016  ( 0.1%) 
leaves                  54/65536        1728/2097152  ( 0.1%) 
leaffaces               51/65536         102/131072   ( 0.1%) 
leafbrushes             27/65536          54/131072   ( 0.0%) 
areas                    2/256            16/2048     ( 0.8%) 
surfedges              346/512000       1384/2048000  ( 0.1%) 
edges                  197/256000        788/1024000  ( 0.1%) 
LDR worldlights          4/8192          352/720896   ( 0.0%) 
HDR worldlights          0/8192            0/720896   ( 0.0%) 
leafwaterdata            0/32768           0/393216   ( 0.0%) 
waterstrips              2/32768          20/327680   ( 0.0%) 
waterverts               0/65536           0/786432   ( 0.0%) 
waterindices            21/65536          42/131072   ( 0.0%) 
cubemapsamples           0/1024            0/16384    ( 0.0%) 
overlays                 0/512             0/180224   ( 0.0%) 
LDR lightdata         [variable]       63612/0        ( 0.0%) 
HDR lightdata         [variable]           0/0        ( 0.0%) 
visdata               [variable]         114/16777216 ( 0.0%) 
entdata               [variable]       14305/393216   ( 3.6%) 
LDR ambient table       54/65536         216/262144   ( 0.1%) 
HDR ambient table       54/65536         216/262144   ( 0.1%) 
LDR leaf ambient       156/65536        4368/1835008  ( 0.2%) 
HDR leaf ambient        54/65536        1512/1835008  ( 0.1%) 
occluders                0/0               0/0        ( 0.0%) 
occluder polygons        0/0               0/0        ( 0.0%) 
occluder vert ind        0/0               0/0        ( 0.0%) 
detail props          [variable]           1/12       ( 8.3%) 
static props          [variable]           1/12       ( 8.3%) 
pakfile               [variable]      105675/0        ( 0.0%) 
physics               [variable]        6185/4194304  ( 0.1%) 
physics terrain       [variable]           2/1048576  ( 0.0%) 

Level flags = 0

Total triangle count: 112
Writing c:\program files (x86)\steam\steamapps\sourcemods\hlmbv\maps\bullet_time.bsp
0 seconds elapsed



[Reading texlights from 'lights.rad']
[45 texlights parsed from 'lights.rad']

Loading c:\program files (x86)\steam\steamapps\sourcemods\hlmbv\maps\bullet_time.bsp
49 faces
13889 square feet [2000155.75 square inches]
0 Displacements
0 Square Feet [0.00 Square Inches]
49 patches before subdivision
3111 patches after subdivision
4 direct lights
0...1...2...3...4...5...6...7...8...9...100...1...2...3...4...5...6...7...8...9...10transfers 291083, max 245
transfer lists:   2.2 megs
0...1...2...3...4...5...6...7...8...9...10	Bounce #1 added RGB(18357, 18141, 16627)
0...1...2...3...4...5...6...7...8...9...10	Bounce #2 added RGB(3732, 3603, 2950)
0...1...2...3...4...5...6...7...8...9...10	Bounce #3 added RGB(789, 746, 549)
0...1...2...3...4...5...6...7...8...9...10	Bounce #4 added RGB(164, 152, 100)
0...1...2...3...4...5...6...7...8...9...10	Bounce #5 added RGB(34, 31, 18)
0...1...2...3...4...5...6...7...8...9...10	Bounce #6 added RGB(7, 6, 3)
0...1...2...3...4...5...6...7...8...9...10	Bounce #7 added RGB(2, 1, 1)
0...1...2...3...4...5...6...7...8...9...10	Bounce #8 added RGB(0, 0, 0)
Build Patch/Sample Hash Table(s).....Done<0.0003 sec>
0...1...2...3...4...5...6...7...8...9...10FinalLightFace Done
0 of 0 (0% of) surface lights went in leaf ambient cubes.
0...1...2...3...4...5...6...7...8...9...10Writing leaf ambient...done
Ready to Finish

Object names       Objects/Maxobjs  Memory / Maxmem  Fullness 
------------       ---------------  ---------------  -------- 
models                   3/1024          144/49152    ( 0.3%) 
brushes                 16/8192          192/98304    ( 0.2%) 
brushsides              97/65536         776/524288   ( 0.1%) 
planes                  92/65536        1840/1310720  ( 0.1%) 
vertexes                69/65536         828/786432   ( 0.1%) 
nodes                   50/65536        1600/2097152  ( 0.1%) 
texinfos                13/12288         936/884736   ( 0.1%) 
texdata                  5/2048          160/65536    ( 0.2%) 
dispinfos                0/0               0/0        ( 0.0%) 
disp_verts               0/0               0/0        ( 0.0%) 
disp_tris                0/0               0/0        ( 0.0%) 
disp_lmsamples           0/0               0/0        ( 0.0%) 
faces                   49/65536        2744/3670016  ( 0.1%) 
hdr faces               49/65536        2744/3670016  ( 0.1%) 
origfaces               34/65536        1904/3670016  ( 0.1%) 
leaves                  54/65536        1728/2097152  ( 0.1%) 
leaffaces               51/65536         102/131072   ( 0.1%) 
leafbrushes             27/65536          54/131072   ( 0.0%) 
areas                    2/256            16/2048     ( 0.8%) 
surfedges              346/512000       1384/2048000  ( 0.1%) 
edges                  197/256000        788/1024000  ( 0.1%) 
LDR worldlights          4/8192          352/720896   ( 0.0%) 
HDR worldlights          4/8192          352/720896   ( 0.0%) 
leafwaterdata            0/32768           0/393216   ( 0.0%) 
waterstrips              2/32768          20/327680   ( 0.0%) 
waterverts               0/65536           0/786432   ( 0.0%) 
waterindices            21/65536          42/131072   ( 0.0%) 
cubemapsamples           0/1024            0/16384    ( 0.0%) 
overlays                 0/512             0/180224   ( 0.0%) 
LDR lightdata         [variable]       63612/0        ( 0.0%) 
HDR lightdata         [variable]       63612/0        ( 0.0%) 
visdata               [variable]         114/16777216 ( 0.0%) 
entdata               [variable]       14305/393216   ( 3.6%) 
LDR ambient table       54/65536         216/262144   ( 0.1%) 
HDR ambient table       54/65536         216/262144   ( 0.1%) 
LDR leaf ambient       156/65536        4368/1835008  ( 0.2%) 
HDR leaf ambient       156/65536        4368/1835008  ( 0.2%) 
occluders                0/0               0/0        ( 0.0%) 
occluder polygons        0/0               0/0        ( 0.0%) 
occluder vert ind        0/0               0/0        ( 0.0%) 
detail props          [variable]           1/12       ( 8.3%) 
static props          [variable]           1/12       ( 8.3%) 
pakfile               [variable]      105675/0        ( 0.0%) 
physics               [variable]        6185/4194304  ( 0.1%) 
physics terrain       [variable]           2/1048576  ( 0.0%) 

Level flags = 0

Total triangle count: 112
Writing c:\program files (x86)\steam\steamapps\sourcemods\hlmbv\maps\bullet_time.bsp
0 seconds elapsed
