


materialPath: C:\Program Files (x86)\Steam\steamapps\common\Source SDK Base 2013 Singleplayer\hl2\materials
Loading c:\program files (x86)\steam\steamapps\sourcemods\hlmbv\maps\car.vmf
Could not locate 'GameData' key in c:\program files (x86)\steam\steamapps\common\source sdk base 2013 singleplayer\hl2\gameinfo.txt
fixing up env_cubemap materials on brush sides...
0...1...2...3...4...5...6...7...8...9...100...1...2...3...4...5...6...7...8...9...10Processing areas...done (0)
Building Faces...done (0)
FixTjuncs...
PruneNodes...
WriteBSP...
done (0)
writing c:\program files (x86)\steam\steamapps\sourcemods\hlmbv\maps\car.prt...Building visibility clusters...
done (0)
Creating default LDR cubemaps for env_cubemap using skybox materials:
   skybox/sky_day01_01*.vmt
 ! Run buildcubemaps in the engine to get the correct cube maps.
Creating default HDR cubemaps for env_cubemap using skybox materials:
   skybox/sky_day01_01*.vmt
 ! Run buildcubemaps in the engine to get the correct cube maps.
Finding displacement neighbors...
Finding lightmap sample positions...
Displacement Alpha : 0...1...2...3...4...5...6...7...8...9...10
Building Physics collision data...
done (0) (2868 bytes)
Placing detail props : 0...1...2...3...4...5...6...7...8...9...10
Compacting texture/material tables...
Reduced 18 texinfos to 6
Reduced 2 texdatas to 2 (59 bytes to 59)
Writing c:\program files (x86)\steam\steamapps\sourcemods\hlmbv\maps\car.bsp
0 seconds elapsed



4 threads
reading c:\program files (x86)\steam\steamapps\sourcemods\hlmbv\maps\car.bsp
reading c:\program files (x86)\steam\steamapps\sourcemods\hlmbv\maps\car.prt
   4 portalclusters
   4 numportals
0...1...2...3...4...5...6...7...8...9...10Optimized: 0 visible clusters (0.00%)
Total clusters visible: 16
Average clusters visible: 4
Building PAS...
Average clusters audible: 4
visdatasize:44  compressed from 64
writing c:\program files (x86)\steam\steamapps\sourcemods\hlmbv\maps\car.bsp
0 seconds elapsed



Could not find lights.rad in lights.rad.
Trying VRAD BIN directory instead...
Warning: Couldn't open texlight file C:\Program Files (x86)\Steam\steamapps\common\Source SDK Base 2013 Singleplayer\bin\lights.rad.
Loading c:\program files (x86)\steam\steamapps\sourcemods\hlmbv\maps\car.bsp
150 faces
116849 square feet [16826368.00 square inches]
0 Displacements
0 Square Feet [0.00 Square Inches]
150 patches before subdivision
9110 patches after subdivision
1 direct lights
0...1...2...3...4...5...6...7...8...9...100...1...2...3...4...5...6...7...8...9...10transfers 1314180, max 326
transfer lists:  10.0 megs
0...1...2...3...4...5...6...7...8...9...10	Bounce #1 added RGB(15380, 14844, 13480)
0...1...2...3...4...5...6...7...8...9...10	Bounce #2 added RGB(8634, 8043, 6633)
Build Patch/Sample Hash Table(s).....Done<0.0029 sec>
0...1...2...3...4...5...6...7...8...9...10FinalLightFace Done
0 of 0 (0% of) surface lights went in leaf ambient cubes.
0...1...2...3...4...5...6...7...8...9...10Writing leaf ambient...done
Ready to Finish

Object names       Objects/Maxobjs  Memory / Maxmem  Fullness 
------------       ---------------  ---------------  -------- 
models                   2/1024           96/49152    ( 0.2%) 
brushes                  7/8192           84/98304    ( 0.1%) 
brushsides              42/65536         336/524288   ( 0.1%) 
planes                  64/65536        1280/1310720  ( 0.1%) 
vertexes               171/65536        2052/786432   ( 0.3%) 
nodes                   29/65536         928/2097152  ( 0.0%) 
texinfos                 6/12288         432/884736   ( 0.0%) 
texdata                  2/2048           64/65536    ( 0.1%) 
dispinfos                0/0               0/0        ( 0.0%) 
disp_verts               0/0               0/0        ( 0.0%) 
disp_tris                0/0               0/0        ( 0.0%) 
disp_lmsamples           0/0               0/0        ( 0.0%) 
faces                  150/65536        8400/3670016  ( 0.2%) 
hdr faces                0/65536           0/3670016  ( 0.0%) 
origfaces               12/65536         672/3670016  ( 0.0%) 
leaves                  32/65536        1024/2097152  ( 0.0%) 
leaffaces              150/65536         300/131072   ( 0.2%) 
leafbrushes             17/65536          34/131072   ( 0.0%) 
areas                    2/256            16/2048     ( 0.8%) 
surfedges              680/512000       2720/2048000  ( 0.1%) 
edges                  341/256000       1364/1024000  ( 0.1%) 
LDR worldlights          1/8192           88/720896   ( 0.0%) 
HDR worldlights          0/8192            0/720896   ( 0.0%) 
leafwaterdata            0/32768           0/393216   ( 0.0%) 
waterstrips              0/32768           0/327680   ( 0.0%) 
waterverts               0/65536           0/786432   ( 0.0%) 
waterindices             0/65536           0/131072   ( 0.0%) 
cubemapsamples           0/1024            0/16384    ( 0.0%) 
overlays                 0/512             0/180224   ( 0.0%) 
LDR lightdata         [variable]      294336/0        ( 0.0%) 
HDR lightdata         [variable]           0/0        ( 0.0%) 
visdata               [variable]          44/16777216 ( 0.0%) 
entdata               [variable]        3120/393216   ( 0.8%) 
LDR ambient table       32/65536         128/262144   ( 0.0%) 
HDR ambient table       32/65536         128/262144   ( 0.0%) 
LDR leaf ambient        80/65536        2240/1835008  ( 0.1%) 
HDR leaf ambient        32/65536         896/1835008  ( 0.0%) 
occluders                0/0               0/0        ( 0.0%) 
occluder polygons        0/0               0/0        ( 0.0%) 
occluder vert ind        0/0               0/0        ( 0.0%) 
detail props          [variable]           1/12       ( 8.3%) 
static props          [variable]           1/12       ( 8.3%) 
pakfile               [variable]      105643/0        ( 0.0%) 
physics               [variable]        2868/4194304  ( 0.1%) 
physics terrain       [variable]           2/1048576  ( 0.0%) 

Level flags = 0

Total triangle count: 332
Writing c:\program files (x86)\steam\steamapps\sourcemods\hlmbv\maps\car.bsp
0 seconds elapsed



materialPath: C:\Program Files (x86)\Steam\steamapps\common\Source SDK Base 2013 Singleplayer\hl2\materials
Loading c:\program files (x86)\steam\steamapps\sourcemods\hlmbv\maps\car.vmf
Could not locate 'GameData' key in c:\program files (x86)\steam\steamapps\common\source sdk base 2013 singleplayer\hl2\gameinfo.txt
fixing up env_cubemap materials on brush sides...
0...1...2...3...4...5...6...7...8...9...100...1...2...3...4...5...6...7...8...9...10Processing areas...done (0)
Building Faces...done (0)
FixTjuncs...
PruneNodes...
WriteBSP...
done (0)
writing c:\program files (x86)\steam\steamapps\sourcemods\hlmbv\maps\car.prt...Building visibility clusters...
done (0)
Creating default LDR cubemaps for env_cubemap using skybox materials:
   skybox/sky_day01_01*.vmt
 ! Run buildcubemaps in the engine to get the correct cube maps.
Creating default HDR cubemaps for env_cubemap using skybox materials:
   skybox/sky_day01_01*.vmt
 ! Run buildcubemaps in the engine to get the correct cube maps.
Finding displacement neighbors...
Finding lightmap sample positions...
Displacement Alpha : 0...1...2...3...4...5...6...7...8...9...10
Building Physics collision data...
done (0) (2868 bytes)
Placing detail props : 0...1...2...3...4...5...6...7...8...9...10
Compacting texture/material tables...
Reduced 18 texinfos to 6
Reduced 2 texdatas to 2 (59 bytes to 59)
Writing c:\program files (x86)\steam\steamapps\sourcemods\hlmbv\maps\car.bsp
0 seconds elapsed



4 threads
reading c:\program files (x86)\steam\steamapps\sourcemods\hlmbv\maps\car.bsp
reading c:\program files (x86)\steam\steamapps\sourcemods\hlmbv\maps\car.prt
   4 portalclusters
   4 numportals
0...1...2...3...4...5...6...7...8...9...10Optimized: 0 visible clusters (0.00%)
Total clusters visible: 16
Average clusters visible: 4
Building PAS...
Average clusters audible: 4
visdatasize:44  compressed from 64
writing c:\program files (x86)\steam\steamapps\sourcemods\hlmbv\maps\car.bsp
0 seconds elapsed



Could not find lights.rad in lights.rad.
Trying VRAD BIN directory instead...
Warning: Couldn't open texlight file C:\Program Files (x86)\Steam\steamapps\common\Source SDK Base 2013 Singleplayer\bin\lights.rad.
Loading c:\program files (x86)\steam\steamapps\sourcemods\hlmbv\maps\car.bsp
150 faces
116849 square feet [16826368.00 square inches]
0 Displacements
0 Square Feet [0.00 Square Inches]
150 patches before subdivision
9110 patches after subdivision
1 direct lights
0...1...2...3...4...5...6...7...8...9...100...1...2...3...4...5...6...7...8...9...10transfers 1314180, max 326
transfer lists:  10.0 megs
0...1...2...3...4...5...6...7...8...9...10	Bounce #1 added RGB(15380, 14844, 13480)
0...1...2...3...4...5...6...7...8...9...10	Bounce #2 added RGB(8634, 8043, 6633)
Build Patch/Sample Hash Table(s).....Done<0.0034 sec>
0...1...2...3...4...5...6...7...8...9...10FinalLightFace Done
0 of 0 (0% of) surface lights went in leaf ambient cubes.
0...1...2...3...4...5...6...7...8...9...10Writing leaf ambient...done
Ready to Finish

Object names       Objects/Maxobjs  Memory / Maxmem  Fullness 
------------       ---------------  ---------------  -------- 
models                   2/1024           96/49152    ( 0.2%) 
brushes                  7/8192           84/98304    ( 0.1%) 
brushsides              42/65536         336/524288   ( 0.1%) 
planes                  64/65536        1280/1310720  ( 0.1%) 
vertexes               171/65536        2052/786432   ( 0.3%) 
nodes                   29/65536         928/2097152  ( 0.0%) 
texinfos                 6/12288         432/884736   ( 0.0%) 
texdata                  2/2048           64/65536    ( 0.1%) 
dispinfos                0/0               0/0        ( 0.0%) 
disp_verts               0/0               0/0        ( 0.0%) 
disp_tris                0/0               0/0        ( 0.0%) 
disp_lmsamples           0/0               0/0        ( 0.0%) 
faces                  150/65536        8400/3670016  ( 0.2%) 
hdr faces                0/65536           0/3670016  ( 0.0%) 
origfaces               12/65536         672/3670016  ( 0.0%) 
leaves                  32/65536        1024/2097152  ( 0.0%) 
leaffaces              150/65536         300/131072   ( 0.2%) 
leafbrushes             17/65536          34/131072   ( 0.0%) 
areas                    2/256            16/2048     ( 0.8%) 
surfedges              680/512000       2720/2048000  ( 0.1%) 
edges                  341/256000       1364/1024000  ( 0.1%) 
LDR worldlights          1/8192           88/720896   ( 0.0%) 
HDR worldlights          0/8192            0/720896   ( 0.0%) 
leafwaterdata            0/32768           0/393216   ( 0.0%) 
waterstrips              0/32768           0/327680   ( 0.0%) 
waterverts               0/65536           0/786432   ( 0.0%) 
waterindices             0/65536           0/131072   ( 0.0%) 
cubemapsamples           0/1024            0/16384    ( 0.0%) 
overlays                 0/512             0/180224   ( 0.0%) 
LDR lightdata         [variable]      294336/0        ( 0.0%) 
HDR lightdata         [variable]           0/0        ( 0.0%) 
visdata               [variable]          44/16777216 ( 0.0%) 
entdata               [variable]        3388/393216   ( 0.9%) 
LDR ambient table       32/65536         128/262144   ( 0.0%) 
HDR ambient table       32/65536         128/262144   ( 0.0%) 
LDR leaf ambient        80/65536        2240/1835008  ( 0.1%) 
HDR leaf ambient        32/65536         896/1835008  ( 0.0%) 
occluders                0/0               0/0        ( 0.0%) 
occluder polygons        0/0               0/0        ( 0.0%) 
occluder vert ind        0/0               0/0        ( 0.0%) 
detail props          [variable]           1/12       ( 8.3%) 
static props          [variable]           1/12       ( 8.3%) 
pakfile               [variable]      105643/0        ( 0.0%) 
physics               [variable]        2868/4194304  ( 0.1%) 
physics terrain       [variable]           2/1048576  ( 0.0%) 

Level flags = 0

Total triangle count: 332
Writing c:\program files (x86)\steam\steamapps\sourcemods\hlmbv\maps\car.bsp
0 seconds elapsed



materialPath: C:\Program Files (x86)\Steam\steamapps\common\Source SDK Base 2013 Singleplayer\hl2\materials
Loading c:\program files (x86)\steam\steamapps\sourcemods\hlmbv\maps\car.vmf
Could not locate 'GameData' key in c:\program files (x86)\steam\steamapps\common\source sdk base 2013 singleplayer\hl2\gameinfo.txt
fixing up env_cubemap materials on brush sides...
0...1...2...3...4...5...6...7...8...9...100...1...2...3...4...5...6...7...8...9...10Processing areas...done (0)
Building Faces...done (0)
FixTjuncs...
PruneNodes...
WriteBSP...
done (0)
writing c:\program files (x86)\steam\steamapps\sourcemods\hlmbv\maps\car.prt...Building visibility clusters...
done (0)
Creating default LDR cubemaps for env_cubemap using skybox materials:
   skybox/sky_day01_01*.vmt
 ! Run buildcubemaps in the engine to get the correct cube maps.
Creating default HDR cubemaps for env_cubemap using skybox materials:
   skybox/sky_day01_01*.vmt
 ! Run buildcubemaps in the engine to get the correct cube maps.
Finding displacement neighbors...
Finding lightmap sample positions...
Displacement Alpha : 0...1...2...3...4...5...6...7...8...9...10
Building Physics collision data...
done (0) (2868 bytes)
Placing detail props : 0...1...2...3...4...5...6...7...8...9...10
Compacting texture/material tables...
Reduced 18 texinfos to 6
Reduced 2 texdatas to 2 (59 bytes to 59)
Writing c:\program files (x86)\steam\steamapps\sourcemods\hlmbv\maps\car.bsp
0 seconds elapsed



4 threads
reading c:\program files (x86)\steam\steamapps\sourcemods\hlmbv\maps\car.bsp
reading c:\program files (x86)\steam\steamapps\sourcemods\hlmbv\maps\car.prt
   4 portalclusters
   4 numportals
0...1...2...3...4...5...6...7...8...9...10Optimized: 0 visible clusters (0.00%)
Total clusters visible: 16
Average clusters visible: 4
Building PAS...
Average clusters audible: 4
visdatasize:44  compressed from 64
writing c:\program files (x86)\steam\steamapps\sourcemods\hlmbv\maps\car.bsp
0 seconds elapsed



Could not find lights.rad in lights.rad.
Trying VRAD BIN directory instead...
Warning: Couldn't open texlight file C:\Program Files (x86)\Steam\steamapps\common\Source SDK Base 2013 Singleplayer\bin\lights.rad.
Loading c:\program files (x86)\steam\steamapps\sourcemods\hlmbv\maps\car.bsp
150 faces
116849 square feet [16826368.00 square inches]
0 Displacements
0 Square Feet [0.00 Square Inches]
150 patches before subdivision
9110 patches after subdivision
1 direct lights
0...1...2...3...4...5...6...7...8...9...100...1...2...3...4...5...6...7...8...9...10transfers 1314180, max 326
transfer lists:  10.0 megs
0...1...2...3...4...5...6...7...8...9...10	Bounce #1 added RGB(15380, 14844, 13480)
0...1...2...3...4...5...6...7...8...9...10	Bounce #2 added RGB(8634, 8043, 6633)
Build Patch/Sample Hash Table(s).....Done<0.0031 sec>
0...1...2...3...4...5...6...7...8...9...10FinalLightFace Done
0 of 0 (0% of) surface lights went in leaf ambient cubes.
0...1...2...3...4...5...6...7...8...9...10Writing leaf ambient...done
Ready to Finish

Object names       Objects/Maxobjs  Memory / Maxmem  Fullness 
------------       ---------------  ---------------  -------- 
models                   2/1024           96/49152    ( 0.2%) 
brushes                  7/8192           84/98304    ( 0.1%) 
brushsides              42/65536         336/524288   ( 0.1%) 
planes                  64/65536        1280/1310720  ( 0.1%) 
vertexes               171/65536        2052/786432   ( 0.3%) 
nodes                   29/65536         928/2097152  ( 0.0%) 
texinfos                 6/12288         432/884736   ( 0.0%) 
texdata                  2/2048           64/65536    ( 0.1%) 
dispinfos                0/0               0/0        ( 0.0%) 
disp_verts               0/0               0/0        ( 0.0%) 
disp_tris                0/0               0/0        ( 0.0%) 
disp_lmsamples           0/0               0/0        ( 0.0%) 
faces                  150/65536        8400/3670016  ( 0.2%) 
hdr faces                0/65536           0/3670016  ( 0.0%) 
origfaces               12/65536         672/3670016  ( 0.0%) 
leaves                  32/65536        1024/2097152  ( 0.0%) 
leaffaces              150/65536         300/131072   ( 0.2%) 
leafbrushes             17/65536          34/131072   ( 0.0%) 
areas                    2/256            16/2048     ( 0.8%) 
surfedges              680/512000       2720/2048000  ( 0.1%) 
edges                  341/256000       1364/1024000  ( 0.1%) 
LDR worldlights          1/8192           88/720896   ( 0.0%) 
HDR worldlights          0/8192            0/720896   ( 0.0%) 
leafwaterdata            0/32768           0/393216   ( 0.0%) 
waterstrips              0/32768           0/327680   ( 0.0%) 
waterverts               0/65536           0/786432   ( 0.0%) 
waterindices             0/65536           0/131072   ( 0.0%) 
cubemapsamples           0/1024            0/16384    ( 0.0%) 
overlays                 0/512             0/180224   ( 0.0%) 
LDR lightdata         [variable]      294336/0        ( 0.0%) 
HDR lightdata         [variable]           0/0        ( 0.0%) 
visdata               [variable]          44/16777216 ( 0.0%) 
entdata               [variable]        3392/393216   ( 0.9%) 
LDR ambient table       32/65536         128/262144   ( 0.0%) 
HDR ambient table       32/65536         128/262144   ( 0.0%) 
LDR leaf ambient        80/65536        2240/1835008  ( 0.1%) 
HDR leaf ambient        32/65536         896/1835008  ( 0.0%) 
occluders                0/0               0/0        ( 0.0%) 
occluder polygons        0/0               0/0        ( 0.0%) 
occluder vert ind        0/0               0/0        ( 0.0%) 
detail props          [variable]           1/12       ( 8.3%) 
static props          [variable]           1/12       ( 8.3%) 
pakfile               [variable]      105643/0        ( 0.0%) 
physics               [variable]        2868/4194304  ( 0.1%) 
physics terrain       [variable]           2/1048576  ( 0.0%) 

Level flags = 0

Total triangle count: 332
Writing c:\program files (x86)\steam\steamapps\sourcemods\hlmbv\maps\car.bsp
0 seconds elapsed



materialPath: C:\Program Files (x86)\Steam\steamapps\common\Source SDK Base 2013 Singleplayer\hl2\materials
Loading c:\program files (x86)\steam\steamapps\sourcemods\hlmbv\maps\car.vmf
Could not locate 'GameData' key in c:\program files (x86)\steam\steamapps\common\source sdk base 2013 singleplayer\hl2\gameinfo.txt
fixing up env_cubemap materials on brush sides...
0...1...2...3...4...5...6...7...8...9...100...1...2...3...4...5...6...7...8...9...10Processing areas...done (0)
Building Faces...done (0)
FixTjuncs...
PruneNodes...
WriteBSP...
done (0)
writing c:\program files (x86)\steam\steamapps\sourcemods\hlmbv\maps\car.prt...Building visibility clusters...
done (0)
Creating default LDR cubemaps for env_cubemap using skybox materials:
   skybox/sky_day01_01*.vmt
 ! Run buildcubemaps in the engine to get the correct cube maps.
Creating default HDR cubemaps for env_cubemap using skybox materials:
   skybox/sky_day01_01*.vmt
 ! Run buildcubemaps in the engine to get the correct cube maps.
Finding displacement neighbors...
Finding lightmap sample positions...
Displacement Alpha : 0...1...2...3...4...5...6...7...8...9...10
Building Physics collision data...
done (0) (2868 bytes)
Placing detail props : 0...1...2...3...4...5...6...7...8...9...10
Compacting texture/material tables...
Reduced 18 texinfos to 6
Reduced 2 texdatas to 2 (59 bytes to 59)
Writing c:\program files (x86)\steam\steamapps\sourcemods\hlmbv\maps\car.bsp
0 seconds elapsed



4 threads
reading c:\program files (x86)\steam\steamapps\sourcemods\hlmbv\maps\car.bsp
reading c:\program files (x86)\steam\steamapps\sourcemods\hlmbv\maps\car.prt
   4 portalclusters
   4 numportals
0...1...2...3...4...5...6...7...8...9...10Optimized: 0 visible clusters (0.00%)
Total clusters visible: 16
Average clusters visible: 4
Building PAS...
Average clusters audible: 4
visdatasize:44  compressed from 64
writing c:\program files (x86)\steam\steamapps\sourcemods\hlmbv\maps\car.bsp
0 seconds elapsed



Could not find lights.rad in lights.rad.
Trying VRAD BIN directory instead...
Warning: Couldn't open texlight file C:\Program Files (x86)\Steam\steamapps\common\Source SDK Base 2013 Singleplayer\bin\lights.rad.
Loading c:\program files (x86)\steam\steamapps\sourcemods\hlmbv\maps\car.bsp
150 faces
116849 square feet [16826368.00 square inches]
0 Displacements
0 Square Feet [0.00 Square Inches]
150 patches before subdivision
9110 patches after subdivision
1 direct lights
0...1...2...3...4...5...6...7...8...9...100...1...2...3...4...5...6...7...8...9...10transfers 1314180, max 326
transfer lists:  10.0 megs
0...1...2...3...4...5...6...7...8...9...10	Bounce #1 added RGB(15380, 14844, 13480)
0...1...2...3...4...5...6...7...8...9...10	Bounce #2 added RGB(8634, 8043, 6633)
Build Patch/Sample Hash Table(s).....Done<0.0030 sec>
0...1...2...3...4...5...6...7...8...9...10FinalLightFace Done
0 of 0 (0% of) surface lights went in leaf ambient cubes.
0...1...2...3...4...5...6...7...8...9...10Writing leaf ambient...done
Ready to Finish

Object names       Objects/Maxobjs  Memory / Maxmem  Fullness 
------------       ---------------  ---------------  -------- 
models                   2/1024           96/49152    ( 0.2%) 
brushes                  7/8192           84/98304    ( 0.1%) 
brushsides              42/65536         336/524288   ( 0.1%) 
planes                  64/65536        1280/1310720  ( 0.1%) 
vertexes               171/65536        2052/786432   ( 0.3%) 
nodes                   29/65536         928/2097152  ( 0.0%) 
texinfos                 6/12288         432/884736   ( 0.0%) 
texdata                  2/2048           64/65536    ( 0.1%) 
dispinfos                0/0               0/0        ( 0.0%) 
disp_verts               0/0               0/0        ( 0.0%) 
disp_tris                0/0               0/0        ( 0.0%) 
disp_lmsamples           0/0               0/0        ( 0.0%) 
faces                  150/65536        8400/3670016  ( 0.2%) 
hdr faces                0/65536           0/3670016  ( 0.0%) 
origfaces               12/65536         672/3670016  ( 0.0%) 
leaves                  32/65536        1024/2097152  ( 0.0%) 
leaffaces              150/65536         300/131072   ( 0.2%) 
leafbrushes             17/65536          34/131072   ( 0.0%) 
areas                    2/256            16/2048     ( 0.8%) 
surfedges              680/512000       2720/2048000  ( 0.1%) 
edges                  341/256000       1364/1024000  ( 0.1%) 
LDR worldlights          1/8192           88/720896   ( 0.0%) 
HDR worldlights          0/8192            0/720896   ( 0.0%) 
leafwaterdata            0/32768           0/393216   ( 0.0%) 
waterstrips              0/32768           0/327680   ( 0.0%) 
waterverts               0/65536           0/786432   ( 0.0%) 
waterindices             0/65536           0/131072   ( 0.0%) 
cubemapsamples           0/1024            0/16384    ( 0.0%) 
overlays                 0/512             0/180224   ( 0.0%) 
LDR lightdata         [variable]      294336/0        ( 0.0%) 
HDR lightdata         [variable]           0/0        ( 0.0%) 
visdata               [variable]          44/16777216 ( 0.0%) 
entdata               [variable]        3392/393216   ( 0.9%) 
LDR ambient table       32/65536         128/262144   ( 0.0%) 
HDR ambient table       32/65536         128/262144   ( 0.0%) 
LDR leaf ambient        80/65536        2240/1835008  ( 0.1%) 
HDR leaf ambient        32/65536         896/1835008  ( 0.0%) 
occluders                0/0               0/0        ( 0.0%) 
occluder polygons        0/0               0/0        ( 0.0%) 
occluder vert ind        0/0               0/0        ( 0.0%) 
detail props          [variable]           1/12       ( 8.3%) 
static props          [variable]           1/12       ( 8.3%) 
pakfile               [variable]      105643/0        ( 0.0%) 
physics               [variable]        2868/4194304  ( 0.1%) 
physics terrain       [variable]           2/1048576  ( 0.0%) 

Level flags = 0

Total triangle count: 332
Writing c:\program files (x86)\steam\steamapps\sourcemods\hlmbv\maps\car.bsp
0 seconds elapsed



materialPath: C:\Program Files (x86)\Steam\steamapps\common\Source SDK Base 2013 Singleplayer\hl2\materials
Loading c:\program files (x86)\steam\steamapps\sourcemods\hlmbv\maps\car.vmf
Could not locate 'GameData' key in c:\program files (x86)\steam\steamapps\common\source sdk base 2013 singleplayer\hl2\gameinfo.txt
fixing up env_cubemap materials on brush sides...
0...1...2...3...4...5...6...7...8...9...100...1...2...3...4...5...6...7...8...9...10Processing areas...done (0)
Building Faces...done (0)
FixTjuncs...
PruneNodes...
WriteBSP...
done (0)
writing c:\program files (x86)\steam\steamapps\sourcemods\hlmbv\maps\car.prt...Building visibility clusters...
done (0)
Creating default LDR cubemaps for env_cubemap using skybox materials:
   skybox/sky_day01_01*.vmt
 ! Run buildcubemaps in the engine to get the correct cube maps.
Creating default HDR cubemaps for env_cubemap using skybox materials:
   skybox/sky_day01_01*.vmt
 ! Run buildcubemaps in the engine to get the correct cube maps.
Finding displacement neighbors...
Finding lightmap sample positions...
Displacement Alpha : 0...1...2...3...4...5...6...7...8...9...10
Building Physics collision data...
done (0) (2868 bytes)
Placing detail props : 0...1...2...3...4...5...6...7...8...9...10
Compacting texture/material tables...
Reduced 18 texinfos to 6
Reduced 2 texdatas to 2 (59 bytes to 59)
Writing c:\program files (x86)\steam\steamapps\sourcemods\hlmbv\maps\car.bsp
0 seconds elapsed



4 threads
reading c:\program files (x86)\steam\steamapps\sourcemods\hlmbv\maps\car.bsp
reading c:\program files (x86)\steam\steamapps\sourcemods\hlmbv\maps\car.prt
   4 portalclusters
   4 numportals
0...1...2...3...4...5...6...7...8...9...10Optimized: 0 visible clusters (0.00%)
Total clusters visible: 16
Average clusters visible: 4
Building PAS...
Average clusters audible: 4
visdatasize:44  compressed from 64
writing c:\program files (x86)\steam\steamapps\sourcemods\hlmbv\maps\car.bsp
0 seconds elapsed



Could not find lights.rad in lights.rad.
Trying VRAD BIN directory instead...
Warning: Couldn't open texlight file C:\Program Files (x86)\Steam\steamapps\common\Source SDK Base 2013 Singleplayer\bin\lights.rad.
Loading c:\program files (x86)\steam\steamapps\sourcemods\hlmbv\maps\car.bsp
150 faces
116849 square feet [16826368.00 square inches]
0 Displacements
0 Square Feet [0.00 Square Inches]
150 patches before subdivision
9110 patches after subdivision
1 direct lights
0...1...2...3...4...5...6...7...8...9...100...1...2...3...4...5...6...7...8...9...10transfers 1314180, max 326
transfer lists:  10.0 megs
0...1...2...3...4...5...6...7...8...9...10	Bounce #1 added RGB(15380, 14844, 13480)
0...1...2...3...4...5...6...7...8...9...10	Bounce #2 added RGB(8634, 8043, 6633)
Build Patch/Sample Hash Table(s).....Done<0.0032 sec>
0...1...2...3...4...5...6...7...8...9...10FinalLightFace Done
0 of 0 (0% of) surface lights went in leaf ambient cubes.
0...1...2...3...4...5...6...7...8...9...10Writing leaf ambient...done
Ready to Finish

Object names       Objects/Maxobjs  Memory / Maxmem  Fullness 
------------       ---------------  ---------------  -------- 
models                   2/1024           96/49152    ( 0.2%) 
brushes                  7/8192           84/98304    ( 0.1%) 
brushsides              42/65536         336/524288   ( 0.1%) 
planes                  64/65536        1280/1310720  ( 0.1%) 
vertexes               171/65536        2052/786432   ( 0.3%) 
nodes                   29/65536         928/2097152  ( 0.0%) 
texinfos                 6/12288         432/884736   ( 0.0%) 
texdata                  2/2048           64/65536    ( 0.1%) 
dispinfos                0/0               0/0        ( 0.0%) 
disp_verts               0/0               0/0        ( 0.0%) 
disp_tris                0/0               0/0        ( 0.0%) 
disp_lmsamples           0/0               0/0        ( 0.0%) 
faces                  150/65536        8400/3670016  ( 0.2%) 
hdr faces                0/65536           0/3670016  ( 0.0%) 
origfaces               12/65536         672/3670016  ( 0.0%) 
leaves                  32/65536        1024/2097152  ( 0.0%) 
leaffaces              150/65536         300/131072   ( 0.2%) 
leafbrushes             17/65536          34/131072   ( 0.0%) 
areas                    2/256            16/2048     ( 0.8%) 
surfedges              680/512000       2720/2048000  ( 0.1%) 
edges                  341/256000       1364/1024000  ( 0.1%) 
LDR worldlights          1/8192           88/720896   ( 0.0%) 
HDR worldlights          0/8192            0/720896   ( 0.0%) 
leafwaterdata            0/32768           0/393216   ( 0.0%) 
waterstrips              0/32768           0/327680   ( 0.0%) 
waterverts               0/65536           0/786432   ( 0.0%) 
waterindices             0/65536           0/131072   ( 0.0%) 
cubemapsamples           0/1024            0/16384    ( 0.0%) 
overlays                 0/512             0/180224   ( 0.0%) 
LDR lightdata         [variable]      294336/0        ( 0.0%) 
HDR lightdata         [variable]           0/0        ( 0.0%) 
visdata               [variable]          44/16777216 ( 0.0%) 
entdata               [variable]        3391/393216   ( 0.9%) 
LDR ambient table       32/65536         128/262144   ( 0.0%) 
HDR ambient table       32/65536         128/262144   ( 0.0%) 
LDR leaf ambient        80/65536        2240/1835008  ( 0.1%) 
HDR leaf ambient        32/65536         896/1835008  ( 0.0%) 
occluders                0/0               0/0        ( 0.0%) 
occluder polygons        0/0               0/0        ( 0.0%) 
occluder vert ind        0/0               0/0        ( 0.0%) 
detail props          [variable]           1/12       ( 8.3%) 
static props          [variable]           1/12       ( 8.3%) 
pakfile               [variable]      105643/0        ( 0.0%) 
physics               [variable]        2868/4194304  ( 0.1%) 
physics terrain       [variable]           2/1048576  ( 0.0%) 

Level flags = 0

Total triangle count: 332
Writing c:\program files (x86)\steam\steamapps\sourcemods\hlmbv\maps\car.bsp
0 seconds elapsed



materialPath: C:\Program Files (x86)\Steam\steamapps\common\Source SDK Base 2013 Singleplayer\hl2\materials
Loading c:\program files (x86)\steam\steamapps\sourcemods\hlmbv\maps\car.vmf
Could not locate 'GameData' key in c:\program files (x86)\steam\steamapps\common\source sdk base 2013 singleplayer\hl2\gameinfo.txt
fixing up env_cubemap materials on brush sides...
0...1...2...3...4...5...6...7...8...9...100...1...2...3...4...5...6...7...8...9...10Processing areas...done (0)
Building Faces...done (0)
FixTjuncs...
PruneNodes...
WriteBSP...
done (0)
writing c:\program files (x86)\steam\steamapps\sourcemods\hlmbv\maps\car.prt...Building visibility clusters...
done (0)
Creating default LDR cubemaps for env_cubemap using skybox materials:
   skybox/sky_day01_01*.vmt
 ! Run buildcubemaps in the engine to get the correct cube maps.
Creating default HDR cubemaps for env_cubemap using skybox materials:
   skybox/sky_day01_01*.vmt
 ! Run buildcubemaps in the engine to get the correct cube maps.
Finding displacement neighbors...
Finding lightmap sample positions...
Displacement Alpha : 0...1...2...3...4...5...6...7...8...9...10
Building Physics collision data...
done (0) (7351 bytes)
Placing detail props : 0...1...2...3...4...5...6...7...8...9...10
Compacting texture/material tables...
Reduced 58 texinfos to 22
Reduced 4 texdatas to 4 (110 bytes to 110)
Writing c:\program files (x86)\steam\steamapps\sourcemods\hlmbv\maps\car.bsp
0 seconds elapsed



4 threads
reading c:\program files (x86)\steam\steamapps\sourcemods\hlmbv\maps\car.bsp
reading c:\program files (x86)\steam\steamapps\sourcemods\hlmbv\maps\car.prt
   4 portalclusters
   4 numportals
0...1...2...3...4...5...6...7...8...9...10Optimized: 0 visible clusters (0.00%)
Total clusters visible: 16
Average clusters visible: 4
Building PAS...
Average clusters audible: 4
visdatasize:44  compressed from 64
writing c:\program files (x86)\steam\steamapps\sourcemods\hlmbv\maps\car.bsp
0 seconds elapsed



Could not find lights.rad in lights.rad.
Trying VRAD BIN directory instead...
Warning: Couldn't open texlight file C:\Program Files (x86)\Steam\steamapps\common\Source SDK Base 2013 Singleplayer\bin\lights.rad.
Loading c:\program files (x86)\steam\steamapps\sourcemods\hlmbv\maps\car.bsp
205 faces
117192 square feet [16875754.00 square inches]
0 Displacements
0 Square Feet [0.00 Square Inches]
205 patches before subdivision
9207 patches after subdivision
1 direct lights
0...1...2...3...4...5...6...7...8...9...100...1...2...3...4...5...6...7...8...9...10transfers 1333761, max 326
transfer lists:  10.2 megs
0...1...2...3...4...5...6...7...8...9...10	Bounce #1 added RGB(16087, 15527, 14100)
0...1...2...3...4...5...6...7...8...9...10	Bounce #2 added RGB(8799, 8197, 6759)
Build Patch/Sample Hash Table(s).....Done<0.0031 sec>
0...1...2...3...4...5...6...7...8...9...10FinalLightFace Done
0 of 0 (0% of) surface lights went in leaf ambient cubes.
0...1...2...3...4...5...6...7...8...9...10Writing leaf ambient...done
Ready to Finish

Object names       Objects/Maxobjs  Memory / Maxmem  Fullness 
------------       ---------------  ---------------  -------- 
models                   3/1024          144/49152    ( 0.3%) 
brushes                 17/8192          204/98304    ( 0.2%) 
brushsides             111/65536         888/524288   ( 0.2%) 
planes                 138/65536        2760/1310720  ( 0.2%) 
vertexes               241/65536        2892/786432   ( 0.4%) 
nodes                   66/65536        2112/2097152  ( 0.1%) 
texinfos                22/12288        1584/884736   ( 0.2%) 
texdata                  4/2048          128/65536    ( 0.2%) 
dispinfos                0/0               0/0        ( 0.0%) 
disp_verts               0/0               0/0        ( 0.0%) 
disp_tris                0/0               0/0        ( 0.0%) 
disp_lmsamples           0/0               0/0        ( 0.0%) 
faces                  205/65536       11480/3670016  ( 0.3%) 
hdr faces                0/65536           0/3670016  ( 0.0%) 
origfaces               59/65536        3304/3670016  ( 0.1%) 
leaves                  70/65536        2240/2097152  ( 0.1%) 
leaffaces              205/65536         410/131072   ( 0.3%) 
leafbrushes             27/65536          54/131072   ( 0.0%) 
areas                    2/256            16/2048     ( 0.8%) 
surfedges             1114/512000       4456/2048000  ( 0.2%) 
edges                  568/256000       2272/1024000  ( 0.2%) 
LDR worldlights          1/8192           88/720896   ( 0.0%) 
HDR worldlights          0/8192            0/720896   ( 0.0%) 
leafwaterdata            0/32768           0/393216   ( 0.0%) 
waterstrips              0/32768           0/327680   ( 0.0%) 
waterverts               0/65536           0/786432   ( 0.0%) 
waterindices             0/65536           0/131072   ( 0.0%) 
cubemapsamples           0/1024            0/16384    ( 0.0%) 
overlays                 0/512             0/180224   ( 0.0%) 
LDR lightdata         [variable]      297188/0        ( 0.0%) 
HDR lightdata         [variable]           0/0        ( 0.0%) 
visdata               [variable]          44/16777216 ( 0.0%) 
entdata               [variable]        3137/393216   ( 0.8%) 
LDR ambient table       70/65536         280/262144   ( 0.1%) 
HDR ambient table       70/65536         280/262144   ( 0.1%) 
LDR leaf ambient       110/65536        3080/1835008  ( 0.2%) 
HDR leaf ambient        70/65536        1960/1835008  ( 0.1%) 
occluders                0/0               0/0        ( 0.0%) 
occluder polygons        0/0               0/0        ( 0.0%) 
occluder vert ind        0/0               0/0        ( 0.0%) 
detail props          [variable]           1/12       ( 8.3%) 
static props          [variable]           1/12       ( 8.3%) 
pakfile               [variable]      105643/0        ( 0.0%) 
physics               [variable]        7351/4194304  ( 0.2%) 
physics terrain       [variable]           2/1048576  ( 0.0%) 

Level flags = 0

Total triangle count: 468
Writing c:\program files (x86)\steam\steamapps\sourcemods\hlmbv\maps\car.bsp
0 seconds elapsed



materialPath: C:\Program Files (x86)\Steam\steamapps\common\Source SDK Base 2013 Singleplayer\hl2\materials
Loading c:\program files (x86)\steam\steamapps\sourcemods\hlmbv\maps\car.vmf
Could not locate 'GameData' key in c:\program files (x86)\steam\steamapps\common\source sdk base 2013 singleplayer\hl2\gameinfo.txt
fixing up env_cubemap materials on brush sides...
0...1...2...3...4...5...6...7...8...9...100...1...2...3...4...5...6...7...8...9...10Processing areas...done (0)
Building Faces...done (0)
FixTjuncs...
PruneNodes...
WriteBSP...
done (0)
writing c:\program files (x86)\steam\steamapps\sourcemods\hlmbv\maps\car.prt...Building visibility clusters...
done (0)
Creating default LDR cubemaps for env_cubemap using skybox materials:
   skybox/sky_day01_01*.vmt
 ! Run buildcubemaps in the engine to get the correct cube maps.
Creating default HDR cubemaps for env_cubemap using skybox materials:
   skybox/sky_day01_01*.vmt
 ! Run buildcubemaps in the engine to get the correct cube maps.
Finding displacement neighbors...
Finding lightmap sample positions...
Displacement Alpha : 0...1...2...3...4...5...6...7...8...9...10
Building Physics collision data...
done (0) (7351 bytes)
Placing detail props : 0...1...2...3...4...5...6...7...8...9...10
Compacting texture/material tables...
Reduced 58 texinfos to 22
Reduced 4 texdatas to 4 (110 bytes to 110)
Writing c:\program files (x86)\steam\steamapps\sourcemods\hlmbv\maps\car.bsp
0 seconds elapsed



4 threads
reading c:\program files (x86)\steam\steamapps\sourcemods\hlmbv\maps\car.bsp
reading c:\program files (x86)\steam\steamapps\sourcemods\hlmbv\maps\car.prt
   4 portalclusters
   4 numportals
0...1...2...3...4...5...6...7...8...9...10Optimized: 0 visible clusters (0.00%)
Total clusters visible: 16
Average clusters visible: 4
Building PAS...
Average clusters audible: 4
visdatasize:44  compressed from 64
writing c:\program files (x86)\steam\steamapps\sourcemods\hlmbv\maps\car.bsp
0 seconds elapsed



Could not find lights.rad in lights.rad.
Trying VRAD BIN directory instead...
Warning: Couldn't open texlight file C:\Program Files (x86)\Steam\steamapps\common\Source SDK Base 2013 Singleplayer\bin\lights.rad.
Loading c:\program files (x86)\steam\steamapps\sourcemods\hlmbv\maps\car.bsp
205 faces
117192 square feet [16875754.00 square inches]
0 Displacements
0 Square Feet [0.00 Square Inches]
205 patches before subdivision
9207 patches after subdivision
1 direct lights
0...1...2...3...4...5...6...7...8...9...100...1...2...3...4...5...6...7...8...9...10transfers 1333761, max 326
transfer lists:  10.2 megs
0...1...2...3...4...5...6...7...8...9...10	Bounce #1 added RGB(16087, 15527, 14100)
0...1...2...3...4...5...6...7...8...9...10	Bounce #2 added RGB(8799, 8197, 6759)
Build Patch/Sample Hash Table(s).....Done<0.0033 sec>
0...1...2...3...4...5...6...7...8...9...10FinalLightFace Done
0 of 0 (0% of) surface lights went in leaf ambient cubes.
0...1...2...3...4...5...6...7...8...9...10Writing leaf ambient...done
Ready to Finish

Object names       Objects/Maxobjs  Memory / Maxmem  Fullness 
------------       ---------------  ---------------  -------- 
models                   3/1024          144/49152    ( 0.3%) 
brushes                 17/8192          204/98304    ( 0.2%) 
brushsides             111/65536         888/524288   ( 0.2%) 
planes                 138/65536        2760/1310720  ( 0.2%) 
vertexes               241/65536        2892/786432   ( 0.4%) 
nodes                   66/65536        2112/2097152  ( 0.1%) 
texinfos                22/12288        1584/884736   ( 0.2%) 
texdata                  4/2048          128/65536    ( 0.2%) 
dispinfos                0/0               0/0        ( 0.0%) 
disp_verts               0/0               0/0        ( 0.0%) 
disp_tris                0/0               0/0        ( 0.0%) 
disp_lmsamples           0/0               0/0        ( 0.0%) 
faces                  205/65536       11480/3670016  ( 0.3%) 
hdr faces                0/65536           0/3670016  ( 0.0%) 
origfaces               59/65536        3304/3670016  ( 0.1%) 
leaves                  70/65536        2240/2097152  ( 0.1%) 
leaffaces              205/65536         410/131072   ( 0.3%) 
leafbrushes             27/65536          54/131072   ( 0.0%) 
areas                    2/256            16/2048     ( 0.8%) 
surfedges             1114/512000       4456/2048000  ( 0.2%) 
edges                  568/256000       2272/1024000  ( 0.2%) 
LDR worldlights          1/8192           88/720896   ( 0.0%) 
HDR worldlights          0/8192            0/720896   ( 0.0%) 
leafwaterdata            0/32768           0/393216   ( 0.0%) 
waterstrips              0/32768           0/327680   ( 0.0%) 
waterverts               0/65536           0/786432   ( 0.0%) 
waterindices             0/65536           0/131072   ( 0.0%) 
cubemapsamples           0/1024            0/16384    ( 0.0%) 
overlays                 0/512             0/180224   ( 0.0%) 
LDR lightdata         [variable]      297188/0        ( 0.0%) 
HDR lightdata         [variable]           0/0        ( 0.0%) 
visdata               [variable]          44/16777216 ( 0.0%) 
entdata               [variable]        3142/393216   ( 0.8%) 
LDR ambient table       70/65536         280/262144   ( 0.1%) 
HDR ambient table       70/65536         280/262144   ( 0.1%) 
LDR leaf ambient       110/65536        3080/1835008  ( 0.2%) 
HDR leaf ambient        70/65536        1960/1835008  ( 0.1%) 
occluders                0/0               0/0        ( 0.0%) 
occluder polygons        0/0               0/0        ( 0.0%) 
occluder vert ind        0/0               0/0        ( 0.0%) 
detail props          [variable]           1/12       ( 8.3%) 
static props          [variable]           1/12       ( 8.3%) 
pakfile               [variable]      105643/0        ( 0.0%) 
physics               [variable]        7351/4194304  ( 0.2%) 
physics terrain       [variable]           2/1048576  ( 0.0%) 

Level flags = 0

Total triangle count: 468
Writing c:\program files (x86)\steam\steamapps\sourcemods\hlmbv\maps\car.bsp
0 seconds elapsed



materialPath: C:\Program Files (x86)\Steam\steamapps\common\Source SDK Base 2013 Singleplayer\hl2\materials
Loading c:\program files (x86)\steam\steamapps\sourcemods\hlmbv\maps\car.vmf
Could not locate 'GameData' key in c:\program files (x86)\steam\steamapps\common\source sdk base 2013 singleplayer\hl2\gameinfo.txt
fixing up env_cubemap materials on brush sides...
0...1...2...3...4...5...6...7...8...9...100...1...2...3...4...5...6...7...8...9...10Processing areas...done (0)
Building Faces...done (0)
FixTjuncs...
PruneNodes...
WriteBSP...
done (0)
writing c:\program files (x86)\steam\steamapps\sourcemods\hlmbv\maps\car.prt...Building visibility clusters...
done (0)
Creating default LDR cubemaps for env_cubemap using skybox materials:
   skybox/sky_day01_01*.vmt
 ! Run buildcubemaps in the engine to get the correct cube maps.
Creating default HDR cubemaps for env_cubemap using skybox materials:
   skybox/sky_day01_01*.vmt
 ! Run buildcubemaps in the engine to get the correct cube maps.
Finding displacement neighbors...
Finding lightmap sample positions...
Displacement Alpha : 0...1...2...3...4...5...6...7...8...9...10
Building Physics collision data...
done (0) (7351 bytes)
Placing detail props : 0...1...2...3...4...5...6...7...8...9...10
Compacting texture/material tables...
Reduced 58 texinfos to 22
Reduced 4 texdatas to 4 (110 bytes to 110)
Writing c:\program files (x86)\steam\steamapps\sourcemods\hlmbv\maps\car.bsp
0 seconds elapsed



4 threads
reading c:\program files (x86)\steam\steamapps\sourcemods\hlmbv\maps\car.bsp
reading c:\program files (x86)\steam\steamapps\sourcemods\hlmbv\maps\car.prt
   4 portalclusters
   4 numportals
0...1...2...3...4...5...6...7...8...9...10Optimized: 0 visible clusters (0.00%)
Total clusters visible: 16
Average clusters visible: 4
Building PAS...
Average clusters audible: 4
visdatasize:44  compressed from 64
writing c:\program files (x86)\steam\steamapps\sourcemods\hlmbv\maps\car.bsp
0 seconds elapsed



Could not find lights.rad in lights.rad.
Trying VRAD BIN directory instead...
Warning: Couldn't open texlight file C:\Program Files (x86)\Steam\steamapps\common\Source SDK Base 2013 Singleplayer\bin\lights.rad.
Loading c:\program files (x86)\steam\steamapps\sourcemods\hlmbv\maps\car.bsp
205 faces
117192 square feet [16875754.00 square inches]
0 Displacements
0 Square Feet [0.00 Square Inches]
205 patches before subdivision
9207 patches after subdivision
1 direct lights
0...1...2...3...4...5...6...7...8...9...100...1...2...3...4...5...6...7...8...9...10transfers 1333761, max 326
transfer lists:  10.2 megs
0...1...2...3...4...5...6...7...8...9...10	Bounce #1 added RGB(16087, 15527, 14100)
0...1...2...3...4...5...6...7...8...9...10	Bounce #2 added RGB(8799, 8197, 6759)
Build Patch/Sample Hash Table(s).....Done<0.0031 sec>
0...1...2...3...4...5...6...7...8...9...10FinalLightFace Done
0 of 0 (0% of) surface lights went in leaf ambient cubes.
0...1...2...3...4...5...6...7...8...9...10Writing leaf ambient...done
Ready to Finish

Object names       Objects/Maxobjs  Memory / Maxmem  Fullness 
------------       ---------------  ---------------  -------- 
models                   3/1024          144/49152    ( 0.3%) 
brushes                 17/8192          204/98304    ( 0.2%) 
brushsides             111/65536         888/524288   ( 0.2%) 
planes                 138/65536        2760/1310720  ( 0.2%) 
vertexes               241/65536        2892/786432   ( 0.4%) 
nodes                   66/65536        2112/2097152  ( 0.1%) 
texinfos                22/12288        1584/884736   ( 0.2%) 
texdata                  4/2048          128/65536    ( 0.2%) 
dispinfos                0/0               0/0        ( 0.0%) 
disp_verts               0/0               0/0        ( 0.0%) 
disp_tris                0/0               0/0        ( 0.0%) 
disp_lmsamples           0/0               0/0        ( 0.0%) 
faces                  205/65536       11480/3670016  ( 0.3%) 
hdr faces                0/65536           0/3670016  ( 0.0%) 
origfaces               59/65536        3304/3670016  ( 0.1%) 
leaves                  70/65536        2240/2097152  ( 0.1%) 
leaffaces              205/65536         410/131072   ( 0.3%) 
leafbrushes             27/65536          54/131072   ( 0.0%) 
areas                    2/256            16/2048     ( 0.8%) 
surfedges             1114/512000       4456/2048000  ( 0.2%) 
edges                  568/256000       2272/1024000  ( 0.2%) 
LDR worldlights          1/8192           88/720896   ( 0.0%) 
HDR worldlights          0/8192            0/720896   ( 0.0%) 
leafwaterdata            0/32768           0/393216   ( 0.0%) 
waterstrips              0/32768           0/327680   ( 0.0%) 
waterverts               0/65536           0/786432   ( 0.0%) 
waterindices             0/65536           0/131072   ( 0.0%) 
cubemapsamples           0/1024            0/16384    ( 0.0%) 
overlays                 0/512             0/180224   ( 0.0%) 
LDR lightdata         [variable]      297188/0        ( 0.0%) 
HDR lightdata         [variable]           0/0        ( 0.0%) 
visdata               [variable]          44/16777216 ( 0.0%) 
entdata               [variable]        3505/393216   ( 0.9%) 
LDR ambient table       70/65536         280/262144   ( 0.1%) 
HDR ambient table       70/65536         280/262144   ( 0.1%) 
LDR leaf ambient       110/65536        3080/1835008  ( 0.2%) 
HDR leaf ambient        70/65536        1960/1835008  ( 0.1%) 
occluders                0/0               0/0        ( 0.0%) 
occluder polygons        0/0               0/0        ( 0.0%) 
occluder vert ind        0/0               0/0        ( 0.0%) 
detail props          [variable]           1/12       ( 8.3%) 
static props          [variable]           1/12       ( 8.3%) 
pakfile               [variable]      105643/0        ( 0.0%) 
physics               [variable]        7351/4194304  ( 0.2%) 
physics terrain       [variable]           2/1048576  ( 0.0%) 

Level flags = 0

Total triangle count: 468
Writing c:\program files (x86)\steam\steamapps\sourcemods\hlmbv\maps\car.bsp
0 seconds elapsed



materialPath: C:\Program Files (x86)\Steam\steamapps\common\Source SDK Base 2013 Singleplayer\hl2\materials
Loading c:\program files (x86)\steam\steamapps\sourcemods\hlmbv\maps\car.vmf
Could not locate 'GameData' key in c:\program files (x86)\steam\steamapps\common\source sdk base 2013 singleplayer\hl2\gameinfo.txt
fixing up env_cubemap materials on brush sides...
0...1...2...3...4...5...6...7...8...9...100...1...2...3...4...5...6...7...8...9...10Processing areas...done (0)
Building Faces...done (0)
FixTjuncs...
PruneNodes...
WriteBSP...
done (0)
writing c:\program files (x86)\steam\steamapps\sourcemods\hlmbv\maps\car.prt...Building visibility clusters...
done (0)
Creating default LDR cubemaps for env_cubemap using skybox materials:
   skybox/sky_day01_01*.vmt
 ! Run buildcubemaps in the engine to get the correct cube maps.
Creating default HDR cubemaps for env_cubemap using skybox materials:
   skybox/sky_day01_01*.vmt
 ! Run buildcubemaps in the engine to get the correct cube maps.
Finding displacement neighbors...
Finding lightmap sample positions...
Displacement Alpha : 0...1...2...3...4...5...6...7...8...9...10
Building Physics collision data...
done (0) (7351 bytes)
Placing detail props : 0...1...2...3...4...5...6...7...8...9...10
Compacting texture/material tables...
Reduced 58 texinfos to 22
Reduced 4 texdatas to 4 (110 bytes to 110)
Writing c:\program files (x86)\steam\steamapps\sourcemods\hlmbv\maps\car.bsp
0 seconds elapsed



4 threads
reading c:\program files (x86)\steam\steamapps\sourcemods\hlmbv\maps\car.bsp
reading c:\program files (x86)\steam\steamapps\sourcemods\hlmbv\maps\car.prt
   4 portalclusters
   4 numportals
0...1...2...3...4...5...6...7...8...9...10Optimized: 0 visible clusters (0.00%)
Total clusters visible: 16
Average clusters visible: 4
Building PAS...
Average clusters audible: 4
visdatasize:44  compressed from 64
writing c:\program files (x86)\steam\steamapps\sourcemods\hlmbv\maps\car.bsp
0 seconds elapsed



Could not find lights.rad in lights.rad.
Trying VRAD BIN directory instead...
Warning: Couldn't open texlight file C:\Program Files (x86)\Steam\steamapps\common\Source SDK Base 2013 Singleplayer\bin\lights.rad.
Loading c:\program files (x86)\steam\steamapps\sourcemods\hlmbv\maps\car.bsp
205 faces
117192 square feet [16875754.00 square inches]
0 Displacements
0 Square Feet [0.00 Square Inches]
205 patches before subdivision
9207 patches after subdivision
1 direct lights
0...1...2...3...4...5...6...7...8...9...100...1...2...3...4...5...6...7...8...9...10transfers 1333761, max 326
transfer lists:  10.2 megs
0...1...2...3...4...5...6...7...8...9...10	Bounce #1 added RGB(16087, 15527, 14100)
0...1...2...3...4...5...6...7...8...9...10	Bounce #2 added RGB(8799, 8197, 6759)
Build Patch/Sample Hash Table(s).....Done<0.0028 sec>
0...1...2...3...4...5...6...7...8...9...10FinalLightFace Done
0 of 0 (0% of) surface lights went in leaf ambient cubes.
0...1...2...3...4...5...6...7...8...9...10Writing leaf ambient...done
Ready to Finish

Object names       Objects/Maxobjs  Memory / Maxmem  Fullness 
------------       ---------------  ---------------  -------- 
models                   3/1024          144/49152    ( 0.3%) 
brushes                 17/8192          204/98304    ( 0.2%) 
brushsides             111/65536         888/524288   ( 0.2%) 
planes                 138/65536        2760/1310720  ( 0.2%) 
vertexes               241/65536        2892/786432   ( 0.4%) 
nodes                   66/65536        2112/2097152  ( 0.1%) 
texinfos                22/12288        1584/884736   ( 0.2%) 
texdata                  4/2048          128/65536    ( 0.2%) 
dispinfos                0/0               0/0        ( 0.0%) 
disp_verts               0/0               0/0        ( 0.0%) 
disp_tris                0/0               0/0        ( 0.0%) 
disp_lmsamples           0/0               0/0        ( 0.0%) 
faces                  205/65536       11480/3670016  ( 0.3%) 
hdr faces                0/65536           0/3670016  ( 0.0%) 
origfaces               59/65536        3304/3670016  ( 0.1%) 
leaves                  70/65536        2240/2097152  ( 0.1%) 
leaffaces              205/65536         410/131072   ( 0.3%) 
leafbrushes             27/65536          54/131072   ( 0.0%) 
areas                    2/256            16/2048     ( 0.8%) 
surfedges             1114/512000       4456/2048000  ( 0.2%) 
edges                  568/256000       2272/1024000  ( 0.2%) 
LDR worldlights          1/8192           88/720896   ( 0.0%) 
HDR worldlights          0/8192            0/720896   ( 0.0%) 
leafwaterdata            0/32768           0/393216   ( 0.0%) 
waterstrips              0/32768           0/327680   ( 0.0%) 
waterverts               0/65536           0/786432   ( 0.0%) 
waterindices             0/65536           0/131072   ( 0.0%) 
cubemapsamples           0/1024            0/16384    ( 0.0%) 
overlays                 0/512             0/180224   ( 0.0%) 
LDR lightdata         [variable]      297188/0        ( 0.0%) 
HDR lightdata         [variable]           0/0        ( 0.0%) 
visdata               [variable]          44/16777216 ( 0.0%) 
entdata               [variable]        3505/393216   ( 0.9%) 
LDR ambient table       70/65536         280/262144   ( 0.1%) 
HDR ambient table       70/65536         280/262144   ( 0.1%) 
LDR leaf ambient       110/65536        3080/1835008  ( 0.2%) 
HDR leaf ambient        70/65536        1960/1835008  ( 0.1%) 
occluders                0/0               0/0        ( 0.0%) 
occluder polygons        0/0               0/0        ( 0.0%) 
occluder vert ind        0/0               0/0        ( 0.0%) 
detail props          [variable]           1/12       ( 8.3%) 
static props          [variable]           1/12       ( 8.3%) 
pakfile               [variable]      105643/0        ( 0.0%) 
physics               [variable]        7351/4194304  ( 0.2%) 
physics terrain       [variable]           2/1048576  ( 0.0%) 

Level flags = 0

Total triangle count: 468
Writing c:\program files (x86)\steam\steamapps\sourcemods\hlmbv\maps\car.bsp
0 seconds elapsed



materialPath: C:\Program Files (x86)\Steam\steamapps\common\Source SDK Base 2013 Singleplayer\hl2\materials
Loading c:\program files (x86)\steam\steamapps\sourcemods\hlmbv\maps\car.vmf
Could not locate 'GameData' key in c:\program files (x86)\steam\steamapps\common\source sdk base 2013 singleplayer\hl2\gameinfo.txt
fixing up env_cubemap materials on brush sides...
0...1...2...3...4...5...6...7...8...9...100...1...2...3...4...5...6...7...8...9...10Processing areas...done (0)
Building Faces...done (0)
FixTjuncs...
PruneNodes...
WriteBSP...
done (0)
writing c:\program files (x86)\steam\steamapps\sourcemods\hlmbv\maps\car.prt...Building visibility clusters...
done (0)
Creating default LDR cubemaps for env_cubemap using skybox materials:
   skybox/sky_day01_01*.vmt
 ! Run buildcubemaps in the engine to get the correct cube maps.
Creating default HDR cubemaps for env_cubemap using skybox materials:
   skybox/sky_day01_01*.vmt
 ! Run buildcubemaps in the engine to get the correct cube maps.
Finding displacement neighbors...
Finding lightmap sample positions...
Displacement Alpha : 0...1...2...3...4...5...6...7...8...9...10
Building Physics collision data...
done (0) (7351 bytes)
Placing detail props : 0...1...2...3...4...5...6...7...8...9...10
Compacting texture/material tables...
Reduced 58 texinfos to 22
Reduced 4 texdatas to 4 (110 bytes to 110)
Writing c:\program files (x86)\steam\steamapps\sourcemods\hlmbv\maps\car.bsp
0 seconds elapsed



4 threads
reading c:\program files (x86)\steam\steamapps\sourcemods\hlmbv\maps\car.bsp
reading c:\program files (x86)\steam\steamapps\sourcemods\hlmbv\maps\car.prt
   4 portalclusters
   4 numportals
0...1...2...3...4...5...6...7...8...9...10Optimized: 0 visible clusters (0.00%)
Total clusters visible: 16
Average clusters visible: 4
Building PAS...
Average clusters audible: 4
visdatasize:44  compressed from 64
writing c:\program files (x86)\steam\steamapps\sourcemods\hlmbv\maps\car.bsp
0 seconds elapsed



Could not find lights.rad in lights.rad.
Trying VRAD BIN directory instead...
Warning: Couldn't open texlight file C:\Program Files (x86)\Steam\steamapps\common\Source SDK Base 2013 Singleplayer\bin\lights.rad.
Loading c:\program files (x86)\steam\steamapps\sourcemods\hlmbv\maps\car.bsp
205 faces
117192 square feet [16875754.00 square inches]
0 Displacements
0 Square Feet [0.00 Square Inches]
205 patches before subdivision
9207 patches after subdivision
1 direct lights
0...1...2...3...4...5...6...7...8...9...100...1...2...3...4...5...6...7...8...9...10transfers 1333761, max 326
transfer lists:  10.2 megs
0...1...2...3...4...5...6...7...8...9...10	Bounce #1 added RGB(16087, 15527, 14100)
0...1...2...3...4...5...6...7...8...9...10	Bounce #2 added RGB(8799, 8197, 6759)
Build Patch/Sample Hash Table(s).....Done<0.0029 sec>
0...1...2...3...4...5...6...7...8...9...10FinalLightFace Done
0 of 0 (0% of) surface lights went in leaf ambient cubes.
0...1...2...3...4...5...6...7...8...9...10Writing leaf ambient...done
Ready to Finish

Object names       Objects/Maxobjs  Memory / Maxmem  Fullness 
------------       ---------------  ---------------  -------- 
models                   3/1024          144/49152    ( 0.3%) 
brushes                 17/8192          204/98304    ( 0.2%) 
brushsides             111/65536         888/524288   ( 0.2%) 
planes                 138/65536        2760/1310720  ( 0.2%) 
vertexes               241/65536        2892/786432   ( 0.4%) 
nodes                   66/65536        2112/2097152  ( 0.1%) 
texinfos                22/12288        1584/884736   ( 0.2%) 
texdata                  4/2048          128/65536    ( 0.2%) 
dispinfos                0/0               0/0        ( 0.0%) 
disp_verts               0/0               0/0        ( 0.0%) 
disp_tris                0/0               0/0        ( 0.0%) 
disp_lmsamples           0/0               0/0        ( 0.0%) 
faces                  205/65536       11480/3670016  ( 0.3%) 
hdr faces                0/65536           0/3670016  ( 0.0%) 
origfaces               59/65536        3304/3670016  ( 0.1%) 
leaves                  70/65536        2240/2097152  ( 0.1%) 
leaffaces              205/65536         410/131072   ( 0.3%) 
leafbrushes             27/65536          54/131072   ( 0.0%) 
areas                    2/256            16/2048     ( 0.8%) 
surfedges             1114/512000       4456/2048000  ( 0.2%) 
edges                  568/256000       2272/1024000  ( 0.2%) 
LDR worldlights          1/8192           88/720896   ( 0.0%) 
HDR worldlights          0/8192            0/720896   ( 0.0%) 
leafwaterdata            0/32768           0/393216   ( 0.0%) 
waterstrips              0/32768           0/327680   ( 0.0%) 
waterverts               0/65536           0/786432   ( 0.0%) 
waterindices             0/65536           0/131072   ( 0.0%) 
cubemapsamples           0/1024            0/16384    ( 0.0%) 
overlays                 0/512             0/180224   ( 0.0%) 
LDR lightdata         [variable]      297188/0        ( 0.0%) 
HDR lightdata         [variable]           0/0        ( 0.0%) 
visdata               [variable]          44/16777216 ( 0.0%) 
entdata               [variable]        3524/393216   ( 0.9%) 
LDR ambient table       70/65536         280/262144   ( 0.1%) 
HDR ambient table       70/65536         280/262144   ( 0.1%) 
LDR leaf ambient       110/65536        3080/1835008  ( 0.2%) 
HDR leaf ambient        70/65536        1960/1835008  ( 0.1%) 
occluders                0/0               0/0        ( 0.0%) 
occluder polygons        0/0               0/0        ( 0.0%) 
occluder vert ind        0/0               0/0        ( 0.0%) 
detail props          [variable]           1/12       ( 8.3%) 
static props          [variable]           1/12       ( 8.3%) 
pakfile               [variable]      105643/0        ( 0.0%) 
physics               [variable]        7351/4194304  ( 0.2%) 
physics terrain       [variable]           2/1048576  ( 0.0%) 

Level flags = 0

Total triangle count: 468
Writing c:\program files (x86)\steam\steamapps\sourcemods\hlmbv\maps\car.bsp
0 seconds elapsed



materialPath: C:\Program Files (x86)\Steam\steamapps\common\Source SDK Base 2013 Singleplayer\hl2\materials
Loading c:\program files (x86)\steam\steamapps\sourcemods\hlmbv\maps\car.vmf
Could not locate 'GameData' key in c:\program files (x86)\steam\steamapps\common\source sdk base 2013 singleplayer\hl2\gameinfo.txt
fixing up env_cubemap materials on brush sides...
0...1...2...3...4...5...6...7...8...9...100...1...2...3...4...5...6...7...8...9...10Processing areas...done (0)
Building Faces...done (0)
FixTjuncs...
PruneNodes...
WriteBSP...
done (0)
writing c:\program files (x86)\steam\steamapps\sourcemods\hlmbv\maps\car.prt...Building visibility clusters...
done (0)
Creating default LDR cubemaps for env_cubemap using skybox materials:
   skybox/sky_day01_01*.vmt
 ! Run buildcubemaps in the engine to get the correct cube maps.
Creating default HDR cubemaps for env_cubemap using skybox materials:
   skybox/sky_day01_01*.vmt
 ! Run buildcubemaps in the engine to get the correct cube maps.
Finding displacement neighbors...
Finding lightmap sample positions...
Displacement Alpha : 0...1...2...3...4...5...6...7...8...9...10
Building Physics collision data...
done (0) (7351 bytes)
Placing detail props : 0...1...2...3...4...5...6...7...8...9...10
Compacting texture/material tables...
Reduced 58 texinfos to 22
Reduced 4 texdatas to 4 (110 bytes to 110)
Writing c:\program files (x86)\steam\steamapps\sourcemods\hlmbv\maps\car.bsp
0 seconds elapsed



4 threads
reading c:\program files (x86)\steam\steamapps\sourcemods\hlmbv\maps\car.bsp
reading c:\program files (x86)\steam\steamapps\sourcemods\hlmbv\maps\car.prt
   4 portalclusters
   4 numportals
0...1...2...3...4...5...6...7...8...9...10Optimized: 0 visible clusters (0.00%)
Total clusters visible: 16
Average clusters visible: 4
Building PAS...
Average clusters audible: 4
visdatasize:44  compressed from 64
writing c:\program files (x86)\steam\steamapps\sourcemods\hlmbv\maps\car.bsp
0 seconds elapsed



Could not find lights.rad in lights.rad.
Trying VRAD BIN directory instead...
Warning: Couldn't open texlight file C:\Program Files (x86)\Steam\steamapps\common\Source SDK Base 2013 Singleplayer\bin\lights.rad.
Loading c:\program files (x86)\steam\steamapps\sourcemods\hlmbv\maps\car.bsp
205 faces
117192 square feet [16875754.00 square inches]
0 Displacements
0 Square Feet [0.00 Square Inches]
205 patches before subdivision
9207 patches after subdivision
1 direct lights
0...1...2...3...4...5...6...7...8...9...100...1...2...3...4...5...6...7...8...9...10transfers 1333761, max 326
transfer lists:  10.2 megs
0...1...2...3...4...5...6...7...8...9...10	Bounce #1 added RGB(16087, 15527, 14100)
0...1...2...3...4...5...6...7...8...9...10	Bounce #2 added RGB(8799, 8197, 6759)
Build Patch/Sample Hash Table(s).....Done<0.0031 sec>
0...1...2...3...4...5...6...7...8...9...10FinalLightFace Done
0 of 0 (0% of) surface lights went in leaf ambient cubes.
0...1...2...3...4...5...6...7...8...9...10Writing leaf ambient...done
Ready to Finish

Object names       Objects/Maxobjs  Memory / Maxmem  Fullness 
------------       ---------------  ---------------  -------- 
models                   3/1024          144/49152    ( 0.3%) 
brushes                 17/8192          204/98304    ( 0.2%) 
brushsides             111/65536         888/524288   ( 0.2%) 
planes                 138/65536        2760/1310720  ( 0.2%) 
vertexes               241/65536        2892/786432   ( 0.4%) 
nodes                   66/65536        2112/2097152  ( 0.1%) 
texinfos                22/12288        1584/884736   ( 0.2%) 
texdata                  4/2048          128/65536    ( 0.2%) 
dispinfos                0/0               0/0        ( 0.0%) 
disp_verts               0/0               0/0        ( 0.0%) 
disp_tris                0/0               0/0        ( 0.0%) 
disp_lmsamples           0/0               0/0        ( 0.0%) 
faces                  205/65536       11480/3670016  ( 0.3%) 
hdr faces                0/65536           0/3670016  ( 0.0%) 
origfaces               59/65536        3304/3670016  ( 0.1%) 
leaves                  70/65536        2240/2097152  ( 0.1%) 
leaffaces              205/65536         410/131072   ( 0.3%) 
leafbrushes             27/65536          54/131072   ( 0.0%) 
areas                    2/256            16/2048     ( 0.8%) 
surfedges             1114/512000       4456/2048000  ( 0.2%) 
edges                  568/256000       2272/1024000  ( 0.2%) 
LDR worldlights          1/8192           88/720896   ( 0.0%) 
HDR worldlights          0/8192            0/720896   ( 0.0%) 
leafwaterdata            0/32768           0/393216   ( 0.0%) 
waterstrips              0/32768           0/327680   ( 0.0%) 
waterverts               0/65536           0/786432   ( 0.0%) 
waterindices             0/65536           0/131072   ( 0.0%) 
cubemapsamples           0/1024            0/16384    ( 0.0%) 
overlays                 0/512             0/180224   ( 0.0%) 
LDR lightdata         [variable]      297188/0        ( 0.0%) 
HDR lightdata         [variable]           0/0        ( 0.0%) 
visdata               [variable]          44/16777216 ( 0.0%) 
entdata               [variable]        3509/393216   ( 0.9%) 
LDR ambient table       70/65536         280/262144   ( 0.1%) 
HDR ambient table       70/65536         280/262144   ( 0.1%) 
LDR leaf ambient       110/65536        3080/1835008  ( 0.2%) 
HDR leaf ambient        70/65536        1960/1835008  ( 0.1%) 
occluders                0/0               0/0        ( 0.0%) 
occluder polygons        0/0               0/0        ( 0.0%) 
occluder vert ind        0/0               0/0        ( 0.0%) 
detail props          [variable]           1/12       ( 8.3%) 
static props          [variable]           1/12       ( 8.3%) 
pakfile               [variable]      105643/0        ( 0.0%) 
physics               [variable]        7351/4194304  ( 0.2%) 
physics terrain       [variable]           2/1048576  ( 0.0%) 

Level flags = 0

Total triangle count: 468
Writing c:\program files (x86)\steam\steamapps\sourcemods\hlmbv\maps\car.bsp
0 seconds elapsed



materialPath: C:\Program Files (x86)\Steam\steamapps\common\Source SDK Base 2013 Singleplayer\hl2\materials
Loading c:\program files (x86)\steam\steamapps\sourcemods\hlmbv\maps\car.vmf
Could not locate 'GameData' key in c:\program files (x86)\steam\steamapps\common\source sdk base 2013 singleplayer\hl2\gameinfo.txt
fixing up env_cubemap materials on brush sides...
0...1...2...3...4...5...6...7...8...9...100...1...2...3...4...5...6...7...8...9...10Processing areas...done (0)
Building Faces...done (0)
FixTjuncs...
PruneNodes...
WriteBSP...
done (0)
writing c:\program files (x86)\steam\steamapps\sourcemods\hlmbv\maps\car.prt...Building visibility clusters...
done (0)
Creating default LDR cubemaps for env_cubemap using skybox materials:
   skybox/sky_day01_01*.vmt
 ! Run buildcubemaps in the engine to get the correct cube maps.
Creating default HDR cubemaps for env_cubemap using skybox materials:
   skybox/sky_day01_01*.vmt
 ! Run buildcubemaps in the engine to get the correct cube maps.
Finding displacement neighbors...
Finding lightmap sample positions...
Displacement Alpha : 0...1...2...3...4...5...6...7...8...9...10
Building Physics collision data...
done (0) (7351 bytes)
Placing detail props : 0...1...2...3...4...5...6...7...8...9...10
Compacting texture/material tables...
Reduced 58 texinfos to 22
Reduced 4 texdatas to 4 (110 bytes to 110)
Writing c:\program files (x86)\steam\steamapps\sourcemods\hlmbv\maps\car.bsp
0 seconds elapsed



4 threads
reading c:\program files (x86)\steam\steamapps\sourcemods\hlmbv\maps\car.bsp
reading c:\program files (x86)\steam\steamapps\sourcemods\hlmbv\maps\car.prt
   4 portalclusters
   4 numportals
0...1...2...3...4...5...6...7...8...9...10Optimized: 0 visible clusters (0.00%)
Total clusters visible: 16
Average clusters visible: 4
Building PAS...
Average clusters audible: 4
visdatasize:44  compressed from 64
writing c:\program files (x86)\steam\steamapps\sourcemods\hlmbv\maps\car.bsp
0 seconds elapsed



Could not find lights.rad in lights.rad.
Trying VRAD BIN directory instead...
Warning: Couldn't open texlight file C:\Program Files (x86)\Steam\steamapps\common\Source SDK Base 2013 Singleplayer\bin\lights.rad.
Loading c:\program files (x86)\steam\steamapps\sourcemods\hlmbv\maps\car.bsp
205 faces
117192 square feet [16875754.00 square inches]
0 Displacements
0 Square Feet [0.00 Square Inches]
205 patches before subdivision
9207 patches after subdivision
1 direct lights
0...1...2...3...4...5...6...7...8...9...100...1...2...3...4...5...6...7...8...9...10transfers 1333761, max 326
transfer lists:  10.2 megs
0...1...2...3...4...5...6...7...8...9...10	Bounce #1 added RGB(16087, 15527, 14100)
0...1...2...3...4...5...6...7...8...9...10	Bounce #2 added RGB(8799, 8197, 6759)
Build Patch/Sample Hash Table(s).....Done<0.0031 sec>
0...1...2...3...4...5...6...7...8...9...10FinalLightFace Done
0 of 0 (0% of) surface lights went in leaf ambient cubes.
0...1...2...3...4...5...6...7...8...9...10Writing leaf ambient...done
Ready to Finish

Object names       Objects/Maxobjs  Memory / Maxmem  Fullness 
------------       ---------------  ---------------  -------- 
models                   3/1024          144/49152    ( 0.3%) 
brushes                 17/8192          204/98304    ( 0.2%) 
brushsides             111/65536         888/524288   ( 0.2%) 
planes                 138/65536        2760/1310720  ( 0.2%) 
vertexes               241/65536        2892/786432   ( 0.4%) 
nodes                   66/65536        2112/2097152  ( 0.1%) 
texinfos                22/12288        1584/884736   ( 0.2%) 
texdata                  4/2048          128/65536    ( 0.2%) 
dispinfos                0/0               0/0        ( 0.0%) 
disp_verts               0/0               0/0        ( 0.0%) 
disp_tris                0/0               0/0        ( 0.0%) 
disp_lmsamples           0/0               0/0        ( 0.0%) 
faces                  205/65536       11480/3670016  ( 0.3%) 
hdr faces                0/65536           0/3670016  ( 0.0%) 
origfaces               59/65536        3304/3670016  ( 0.1%) 
leaves                  70/65536        2240/2097152  ( 0.1%) 
leaffaces              205/65536         410/131072   ( 0.3%) 
leafbrushes             27/65536          54/131072   ( 0.0%) 
areas                    2/256            16/2048     ( 0.8%) 
surfedges             1114/512000       4456/2048000  ( 0.2%) 
edges                  568/256000       2272/1024000  ( 0.2%) 
LDR worldlights          1/8192           88/720896   ( 0.0%) 
HDR worldlights          0/8192            0/720896   ( 0.0%) 
leafwaterdata            0/32768           0/393216   ( 0.0%) 
waterstrips              0/32768           0/327680   ( 0.0%) 
waterverts               0/65536           0/786432   ( 0.0%) 
waterindices             0/65536           0/131072   ( 0.0%) 
cubemapsamples           0/1024            0/16384    ( 0.0%) 
overlays                 0/512             0/180224   ( 0.0%) 
LDR lightdata         [variable]      297188/0        ( 0.0%) 
HDR lightdata         [variable]           0/0        ( 0.0%) 
visdata               [variable]          44/16777216 ( 0.0%) 
entdata               [variable]        3146/393216   ( 0.8%) 
LDR ambient table       70/65536         280/262144   ( 0.1%) 
HDR ambient table       70/65536         280/262144   ( 0.1%) 
LDR leaf ambient       110/65536        3080/1835008  ( 0.2%) 
HDR leaf ambient        70/65536        1960/1835008  ( 0.1%) 
occluders                0/0               0/0        ( 0.0%) 
occluder polygons        0/0               0/0        ( 0.0%) 
occluder vert ind        0/0               0/0        ( 0.0%) 
detail props          [variable]           1/12       ( 8.3%) 
static props          [variable]           1/12       ( 8.3%) 
pakfile               [variable]      105643/0        ( 0.0%) 
physics               [variable]        7351/4194304  ( 0.2%) 
physics terrain       [variable]           2/1048576  ( 0.0%) 

Level flags = 0

Total triangle count: 468
Writing c:\program files (x86)\steam\steamapps\sourcemods\hlmbv\maps\car.bsp
0 seconds elapsed



materialPath: C:\Program Files (x86)\Steam\steamapps\common\Source SDK Base 2013 Singleplayer\hl2\materials
Loading c:\program files (x86)\steam\steamapps\sourcemods\hlmbv\maps\car.vmf
Could not locate 'GameData' key in c:\program files (x86)\steam\steamapps\common\source sdk base 2013 singleplayer\hl2\gameinfo.txt
fixing up env_cubemap materials on brush sides...
0...1...2...3...4...5...6...7...8...9...100...1...2...3...4...5...6...7...8...9...10Processing areas...done (0)
Building Faces...done (0)
FixTjuncs...
PruneNodes...
WriteBSP...
done (0)
writing c:\program files (x86)\steam\steamapps\sourcemods\hlmbv\maps\car.prt...Building visibility clusters...
done (0)
Creating default LDR cubemaps for env_cubemap using skybox materials:
   skybox/sky_day01_01*.vmt
 ! Run buildcubemaps in the engine to get the correct cube maps.
Creating default HDR cubemaps for env_cubemap using skybox materials:
   skybox/sky_day01_01*.vmt
 ! Run buildcubemaps in the engine to get the correct cube maps.
Finding displacement neighbors...
Finding lightmap sample positions...
Displacement Alpha : 0...1...2...3...4...5...6...7...8...9...10
Building Physics collision data...
done (0) (7351 bytes)
Placing detail props : 0...1...2...3...4...5...6...7...8...9...10
Compacting texture/material tables...
Reduced 58 texinfos to 22
Reduced 4 texdatas to 4 (110 bytes to 110)
Writing c:\program files (x86)\steam\steamapps\sourcemods\hlmbv\maps\car.bsp
0 seconds elapsed



4 threads
reading c:\program files (x86)\steam\steamapps\sourcemods\hlmbv\maps\car.bsp
reading c:\program files (x86)\steam\steamapps\sourcemods\hlmbv\maps\car.prt
   4 portalclusters
   4 numportals
0...1...2...3...4...5...6...7...8...9...10Optimized: 0 visible clusters (0.00%)
Total clusters visible: 16
Average clusters visible: 4
Building PAS...
Average clusters audible: 4
visdatasize:44  compressed from 64
writing c:\program files (x86)\steam\steamapps\sourcemods\hlmbv\maps\car.bsp
0 seconds elapsed



Could not find lights.rad in lights.rad.
Trying VRAD BIN directory instead...
Warning: Couldn't open texlight file C:\Program Files (x86)\Steam\steamapps\common\Source SDK Base 2013 Singleplayer\bin\lights.rad.
Loading c:\program files (x86)\steam\steamapps\sourcemods\hlmbv\maps\car.bsp
205 faces
117192 square feet [16875754.00 square inches]
0 Displacements
0 Square Feet [0.00 Square Inches]
205 patches before subdivision
9207 patches after subdivision
1 direct lights
0...1...2...3...4...5...6...7...8...9...100...1...2...3...4...5...6...7...8...9...10transfers 1333761, max 326
transfer lists:  10.2 megs
0...1...2...3...4...5...6...7...8...9...10	Bounce #1 added RGB(16087, 15527, 14100)
0...1...2...3...4...5...6...7...8...9...10	Bounce #2 added RGB(8799, 8197, 6759)
Build Patch/Sample Hash Table(s).....Done<0.0029 sec>
0...1...2...3...4...5...6...7...8...9...10FinalLightFace Done
0 of 0 (0% of) surface lights went in leaf ambient cubes.
0...1...2...3...4...5...6...7...8...9...10Writing leaf ambient...done
Ready to Finish

Object names       Objects/Maxobjs  Memory / Maxmem  Fullness 
------------       ---------------  ---------------  -------- 
models                   3/1024          144/49152    ( 0.3%) 
brushes                 17/8192          204/98304    ( 0.2%) 
brushsides             111/65536         888/524288   ( 0.2%) 
planes                 138/65536        2760/1310720  ( 0.2%) 
vertexes               241/65536        2892/786432   ( 0.4%) 
nodes                   66/65536        2112/2097152  ( 0.1%) 
texinfos                22/12288        1584/884736   ( 0.2%) 
texdata                  4/2048          128/65536    ( 0.2%) 
dispinfos                0/0               0/0        ( 0.0%) 
disp_verts               0/0               0/0        ( 0.0%) 
disp_tris                0/0               0/0        ( 0.0%) 
disp_lmsamples           0/0               0/0        ( 0.0%) 
faces                  205/65536       11480/3670016  ( 0.3%) 
hdr faces                0/65536           0/3670016  ( 0.0%) 
origfaces               59/65536        3304/3670016  ( 0.1%) 
leaves                  70/65536        2240/2097152  ( 0.1%) 
leaffaces              205/65536         410/131072   ( 0.3%) 
leafbrushes             27/65536          54/131072   ( 0.0%) 
areas                    2/256            16/2048     ( 0.8%) 
surfedges             1114/512000       4456/2048000  ( 0.2%) 
edges                  568/256000       2272/1024000  ( 0.2%) 
LDR worldlights          1/8192           88/720896   ( 0.0%) 
HDR worldlights          0/8192            0/720896   ( 0.0%) 
leafwaterdata            0/32768           0/393216   ( 0.0%) 
waterstrips              0/32768           0/327680   ( 0.0%) 
waterverts               0/65536           0/786432   ( 0.0%) 
waterindices             0/65536           0/131072   ( 0.0%) 
cubemapsamples           0/1024            0/16384    ( 0.0%) 
overlays                 0/512             0/180224   ( 0.0%) 
LDR lightdata         [variable]      297188/0        ( 0.0%) 
HDR lightdata         [variable]           0/0        ( 0.0%) 
visdata               [variable]          44/16777216 ( 0.0%) 
entdata               [variable]        3138/393216   ( 0.8%) 
LDR ambient table       70/65536         280/262144   ( 0.1%) 
HDR ambient table       70/65536         280/262144   ( 0.1%) 
LDR leaf ambient       110/65536        3080/1835008  ( 0.2%) 
HDR leaf ambient        70/65536        1960/1835008  ( 0.1%) 
occluders                0/0               0/0        ( 0.0%) 
occluder polygons        0/0               0/0        ( 0.0%) 
occluder vert ind        0/0               0/0        ( 0.0%) 
detail props          [variable]           1/12       ( 8.3%) 
static props          [variable]           1/12       ( 8.3%) 
pakfile               [variable]      105643/0        ( 0.0%) 
physics               [variable]        7351/4194304  ( 0.2%) 
physics terrain       [variable]           2/1048576  ( 0.0%) 

Level flags = 0

Total triangle count: 468
Writing c:\program files (x86)\steam\steamapps\sourcemods\hlmbv\maps\car.bsp
0 seconds elapsed



materialPath: C:\Program Files (x86)\Steam\steamapps\common\Source SDK Base 2013 Singleplayer\hl2\materials
Loading c:\program files (x86)\steam\steamapps\sourcemods\hlmbv\maps\car.vmf
Could not locate 'GameData' key in c:\program files (x86)\steam\steamapps\common\source sdk base 2013 singleplayer\hl2\gameinfo.txt
fixing up env_cubemap materials on brush sides...
0...1...2...3...4...5...6...7...8...9...100...1...2...3...4...5...6...7...8...9...10Processing areas...done (0)
Building Faces...done (0)
FixTjuncs...
PruneNodes...
WriteBSP...
done (0)
writing c:\program files (x86)\steam\steamapps\sourcemods\hlmbv\maps\car.prt...Building visibility clusters...
done (0)
Creating default LDR cubemaps for env_cubemap using skybox materials:
   skybox/sky_day01_01*.vmt
 ! Run buildcubemaps in the engine to get the correct cube maps.
Creating default HDR cubemaps for env_cubemap using skybox materials:
   skybox/sky_day01_01*.vmt
 ! Run buildcubemaps in the engine to get the correct cube maps.
Finding displacement neighbors...
Finding lightmap sample positions...
Displacement Alpha : 0...1...2...3...4...5...6...7...8...9...10
Building Physics collision data...
done (0) (7351 bytes)
Placing detail props : 0...1...2...3...4...5...6...7...8...9...10
Compacting texture/material tables...
Reduced 58 texinfos to 22
Reduced 4 texdatas to 4 (110 bytes to 110)
Writing c:\program files (x86)\steam\steamapps\sourcemods\hlmbv\maps\car.bsp
0 seconds elapsed



4 threads
reading c:\program files (x86)\steam\steamapps\sourcemods\hlmbv\maps\car.bsp
reading c:\program files (x86)\steam\steamapps\sourcemods\hlmbv\maps\car.prt
   4 portalclusters
   4 numportals
0...1...2...3...4...5...6...7...8...9...10Optimized: 0 visible clusters (0.00%)
Total clusters visible: 16
Average clusters visible: 4
Building PAS...
Average clusters audible: 4
visdatasize:44  compressed from 64
writing c:\program files (x86)\steam\steamapps\sourcemods\hlmbv\maps\car.bsp
0 seconds elapsed



Could not find lights.rad in lights.rad.
Trying VRAD BIN directory instead...
Warning: Couldn't open texlight file C:\Program Files (x86)\Steam\steamapps\common\Source SDK Base 2013 Singleplayer\bin\lights.rad.
Loading c:\program files (x86)\steam\steamapps\sourcemods\hlmbv\maps\car.bsp
205 faces
117192 square feet [16875754.00 square inches]
0 Displacements
0 Square Feet [0.00 Square Inches]
205 patches before subdivision
9207 patches after subdivision
1 direct lights
0...1...2...3...4...5...6...7...8...9...100...1...2...3...4...5...6...7...8...9...10transfers 1333761, max 326
transfer lists:  10.2 megs
0...1...2...3...4...5...6...7...8...9...10	Bounce #1 added RGB(16087, 15527, 14100)
0...1...2...3...4...5...6...7...8...9...10	Bounce #2 added RGB(8799, 8197, 6759)
Build Patch/Sample Hash Table(s).....Done<0.0035 sec>
0...1...2...3...4...5...6...7...8...9...10FinalLightFace Done
0 of 0 (0% of) surface lights went in leaf ambient cubes.
0...1...2...3...4...5...6...7...8...9...10Writing leaf ambient...done
Ready to Finish

Object names       Objects/Maxobjs  Memory / Maxmem  Fullness 
------------       ---------------  ---------------  -------- 
models                   3/1024          144/49152    ( 0.3%) 
brushes                 17/8192          204/98304    ( 0.2%) 
brushsides             111/65536         888/524288   ( 0.2%) 
planes                 138/65536        2760/1310720  ( 0.2%) 
vertexes               241/65536        2892/786432   ( 0.4%) 
nodes                   66/65536        2112/2097152  ( 0.1%) 
texinfos                22/12288        1584/884736   ( 0.2%) 
texdata                  4/2048          128/65536    ( 0.2%) 
dispinfos                0/0               0/0        ( 0.0%) 
disp_verts               0/0               0/0        ( 0.0%) 
disp_tris                0/0               0/0        ( 0.0%) 
disp_lmsamples           0/0               0/0        ( 0.0%) 
faces                  205/65536       11480/3670016  ( 0.3%) 
hdr faces                0/65536           0/3670016  ( 0.0%) 
origfaces               59/65536        3304/3670016  ( 0.1%) 
leaves                  70/65536        2240/2097152  ( 0.1%) 
leaffaces              205/65536         410/131072   ( 0.3%) 
leafbrushes             27/65536          54/131072   ( 0.0%) 
areas                    2/256            16/2048     ( 0.8%) 
surfedges             1114/512000       4456/2048000  ( 0.2%) 
edges                  568/256000       2272/1024000  ( 0.2%) 
LDR worldlights          1/8192           88/720896   ( 0.0%) 
HDR worldlights          0/8192            0/720896   ( 0.0%) 
leafwaterdata            0/32768           0/393216   ( 0.0%) 
waterstrips              0/32768           0/327680   ( 0.0%) 
waterverts               0/65536           0/786432   ( 0.0%) 
waterindices             0/65536           0/131072   ( 0.0%) 
cubemapsamples           0/1024            0/16384    ( 0.0%) 
overlays                 0/512             0/180224   ( 0.0%) 
LDR lightdata         [variable]      297188/0        ( 0.0%) 
HDR lightdata         [variable]           0/0        ( 0.0%) 
visdata               [variable]          44/16777216 ( 0.0%) 
entdata               [variable]        3138/393216   ( 0.8%) 
LDR ambient table       70/65536         280/262144   ( 0.1%) 
HDR ambient table       70/65536         280/262144   ( 0.1%) 
LDR leaf ambient       110/65536        3080/1835008  ( 0.2%) 
HDR leaf ambient        70/65536        1960/1835008  ( 0.1%) 
occluders                0/0               0/0        ( 0.0%) 
occluder polygons        0/0               0/0        ( 0.0%) 
occluder vert ind        0/0               0/0        ( 0.0%) 
detail props          [variable]           1/12       ( 8.3%) 
static props          [variable]           1/12       ( 8.3%) 
pakfile               [variable]      105643/0        ( 0.0%) 
physics               [variable]        7351/4194304  ( 0.2%) 
physics terrain       [variable]           2/1048576  ( 0.0%) 

Level flags = 0

Total triangle count: 468
Writing c:\program files (x86)\steam\steamapps\sourcemods\hlmbv\maps\car.bsp
0 seconds elapsed



materialPath: C:\Program Files (x86)\Steam\steamapps\common\Source SDK Base 2013 Singleplayer\hl2\materials
Loading c:\program files (x86)\steam\steamapps\sourcemods\hlmbv\maps\car.vmf
Could not locate 'GameData' key in c:\program files (x86)\steam\steamapps\common\source sdk base 2013 singleplayer\hl2\gameinfo.txt
fixing up env_cubemap materials on brush sides...
0...1...2...3...4...5...6...7...8...9...100...1...2...3...4...5...6...7...8...9...10Processing areas...done (0)
Building Faces...done (0)
FixTjuncs...
PruneNodes...
WriteBSP...
done (0)
writing c:\program files (x86)\steam\steamapps\sourcemods\hlmbv\maps\car.prt...Building visibility clusters...
done (0)
Creating default LDR cubemaps for env_cubemap using skybox materials:
   skybox/sky_day01_01*.vmt
 ! Run buildcubemaps in the engine to get the correct cube maps.
Creating default HDR cubemaps for env_cubemap using skybox materials:
   skybox/sky_day01_01*.vmt
 ! Run buildcubemaps in the engine to get the correct cube maps.
Finding displacement neighbors...
Finding lightmap sample positions...
Displacement Alpha : 0...1...2...3...4...5...6...7...8...9...10
Building Physics collision data...
done (0) (7351 bytes)
Placing detail props : 0...1...2...3...4...5...6...7...8...9...10
Compacting texture/material tables...
Reduced 58 texinfos to 22
Reduced 4 texdatas to 4 (110 bytes to 110)
Writing c:\program files (x86)\steam\steamapps\sourcemods\hlmbv\maps\car.bsp
0 seconds elapsed



4 threads
reading c:\program files (x86)\steam\steamapps\sourcemods\hlmbv\maps\car.bsp
reading c:\program files (x86)\steam\steamapps\sourcemods\hlmbv\maps\car.prt
   4 portalclusters
   4 numportals
0...1...2...3...4...5...6...7...8...9...10Optimized: 0 visible clusters (0.00%)
Total clusters visible: 16
Average clusters visible: 4
Building PAS...
Average clusters audible: 4
visdatasize:44  compressed from 64
writing c:\program files (x86)\steam\steamapps\sourcemods\hlmbv\maps\car.bsp
0 seconds elapsed



Could not find lights.rad in lights.rad.
Trying VRAD BIN directory instead...
Warning: Couldn't open texlight file C:\Program Files (x86)\Steam\steamapps\common\Source SDK Base 2013 Singleplayer\bin\lights.rad.
Loading c:\program files (x86)\steam\steamapps\sourcemods\hlmbv\maps\car.bsp
205 faces
117192 square feet [16875754.00 square inches]
0 Displacements
0 Square Feet [0.00 Square Inches]
205 patches before subdivision
9207 patches after subdivision
1 direct lights
0...1...2...3...4...5...6...7...8...9...100...1...2...3...4...5...6...7...8...9...10transfers 1333761, max 326
transfer lists:  10.2 megs
0...1...2...3...4...5...6...7...8...9...10	Bounce #1 added RGB(16087, 15527, 14100)
0...1...2...3...4...5...6...7...8...9...10	Bounce #2 added RGB(8799, 8197, 6759)
Build Patch/Sample Hash Table(s).....Done<0.0031 sec>
0...1...2...3...4...5...6...7...8...9...10FinalLightFace Done
0 of 0 (0% of) surface lights went in leaf ambient cubes.
0...1...2...3...4...5...6...7...8...9...10Writing leaf ambient...done
Ready to Finish

Object names       Objects/Maxobjs  Memory / Maxmem  Fullness 
------------       ---------------  ---------------  -------- 
models                   3/1024          144/49152    ( 0.3%) 
brushes                 17/8192          204/98304    ( 0.2%) 
brushsides             111/65536         888/524288   ( 0.2%) 
planes                 138/65536        2760/1310720  ( 0.2%) 
vertexes               241/65536        2892/786432   ( 0.4%) 
nodes                   66/65536        2112/2097152  ( 0.1%) 
texinfos                22/12288        1584/884736   ( 0.2%) 
texdata                  4/2048          128/65536    ( 0.2%) 
dispinfos                0/0               0/0        ( 0.0%) 
disp_verts               0/0               0/0        ( 0.0%) 
disp_tris                0/0               0/0        ( 0.0%) 
disp_lmsamples           0/0               0/0        ( 0.0%) 
faces                  205/65536       11480/3670016  ( 0.3%) 
hdr faces                0/65536           0/3670016  ( 0.0%) 
origfaces               59/65536        3304/3670016  ( 0.1%) 
leaves                  70/65536        2240/2097152  ( 0.1%) 
leaffaces              205/65536         410/131072   ( 0.3%) 
leafbrushes             27/65536          54/131072   ( 0.0%) 
areas                    2/256            16/2048     ( 0.8%) 
surfedges             1114/512000       4456/2048000  ( 0.2%) 
edges                  568/256000       2272/1024000  ( 0.2%) 
LDR worldlights          1/8192           88/720896   ( 0.0%) 
HDR worldlights          0/8192            0/720896   ( 0.0%) 
leafwaterdata            0/32768           0/393216   ( 0.0%) 
waterstrips              0/32768           0/327680   ( 0.0%) 
waterverts               0/65536           0/786432   ( 0.0%) 
waterindices             0/65536           0/131072   ( 0.0%) 
cubemapsamples           0/1024            0/16384    ( 0.0%) 
overlays                 0/512             0/180224   ( 0.0%) 
LDR lightdata         [variable]      297188/0        ( 0.0%) 
HDR lightdata         [variable]           0/0        ( 0.0%) 
visdata               [variable]          44/16777216 ( 0.0%) 
entdata               [variable]        3160/393216   ( 0.8%) 
LDR ambient table       70/65536         280/262144   ( 0.1%) 
HDR ambient table       70/65536         280/262144   ( 0.1%) 
LDR leaf ambient       110/65536        3080/1835008  ( 0.2%) 
HDR leaf ambient        70/65536        1960/1835008  ( 0.1%) 
occluders                0/0               0/0        ( 0.0%) 
occluder polygons        0/0               0/0        ( 0.0%) 
occluder vert ind        0/0               0/0        ( 0.0%) 
detail props          [variable]           1/12       ( 8.3%) 
static props          [variable]           1/12       ( 8.3%) 
pakfile               [variable]      105643/0        ( 0.0%) 
physics               [variable]        7351/4194304  ( 0.2%) 
physics terrain       [variable]           2/1048576  ( 0.0%) 

Level flags = 0

Total triangle count: 468
Writing c:\program files (x86)\steam\steamapps\sourcemods\hlmbv\maps\car.bsp
0 seconds elapsed



materialPath: C:\Program Files (x86)\Steam\steamapps\common\Source SDK Base 2013 Singleplayer\hl2\materials
Loading c:\program files (x86)\steam\steamapps\sourcemods\hlmbv\maps\car.vmf
Could not locate 'GameData' key in c:\program files (x86)\steam\steamapps\common\source sdk base 2013 singleplayer\hl2\gameinfo.txt
fixing up env_cubemap materials on brush sides...
0...1...2...3...4...5...6...7...8...9...100...1...2...3...4...5...6...7...8...9...10Processing areas...done (0)
Building Faces...done (0)
FixTjuncs...
PruneNodes...
WriteBSP...
done (0)
writing c:\program files (x86)\steam\steamapps\sourcemods\hlmbv\maps\car.prt...Building visibility clusters...
done (0)
Creating default LDR cubemaps for env_cubemap using skybox materials:
   skybox/sky_day01_01*.vmt
 ! Run buildcubemaps in the engine to get the correct cube maps.
Creating default HDR cubemaps for env_cubemap using skybox materials:
   skybox/sky_day01_01*.vmt
 ! Run buildcubemaps in the engine to get the correct cube maps.
Finding displacement neighbors...
Finding lightmap sample positions...
Displacement Alpha : 0...1...2...3...4...5...6...7...8...9...10
Building Physics collision data...
done (0) (7351 bytes)
Placing detail props : 0...1...2...3...4...5...6...7...8...9...10
Compacting texture/material tables...
Reduced 58 texinfos to 22
Reduced 4 texdatas to 4 (110 bytes to 110)
Writing c:\program files (x86)\steam\steamapps\sourcemods\hlmbv\maps\car.bsp
0 seconds elapsed



4 threads
reading c:\program files (x86)\steam\steamapps\sourcemods\hlmbv\maps\car.bsp
reading c:\program files (x86)\steam\steamapps\sourcemods\hlmbv\maps\car.prt
   4 portalclusters
   4 numportals
0...1...2...3...4...5...6...7...8...9...10Optimized: 0 visible clusters (0.00%)
Total clusters visible: 16
Average clusters visible: 4
Building PAS...
Average clusters audible: 4
visdatasize:44  compressed from 64
writing c:\program files (x86)\steam\steamapps\sourcemods\hlmbv\maps\car.bsp
0 seconds elapsed



Could not find lights.rad in lights.rad.
Trying VRAD BIN directory instead...
Warning: Couldn't open texlight file C:\Program Files (x86)\Steam\steamapps\common\Source SDK Base 2013 Singleplayer\bin\lights.rad.
Loading c:\program files (x86)\steam\steamapps\sourcemods\hlmbv\maps\car.bsp
205 faces
117192 square feet [16875754.00 square inches]
0 Displacements
0 Square Feet [0.00 Square Inches]
205 patches before subdivision
9207 patches after subdivision
1 direct lights
0...1...2...3...4...5...6...7...8...9...100...1...2...3...4...5...6...7...8...9...10transfers 1333761, max 326
transfer lists:  10.2 megs
0...1...2...3...4...5...6...7...8...9...10	Bounce #1 added RGB(16087, 15527, 14100)
0...1...2...3...4...5...6...7...8...9...10	Bounce #2 added RGB(8799, 8197, 6759)
Build Patch/Sample Hash Table(s).....Done<0.0034 sec>
0...1...2...3...4...5...6...7...8...9...10FinalLightFace Done
0 of 0 (0% of) surface lights went in leaf ambient cubes.
0...1...2...3...4...5...6...7...8...9...10Writing leaf ambient...done
Ready to Finish

Object names       Objects/Maxobjs  Memory / Maxmem  Fullness 
------------       ---------------  ---------------  -------- 
models                   3/1024          144/49152    ( 0.3%) 
brushes                 17/8192          204/98304    ( 0.2%) 
brushsides             111/65536         888/524288   ( 0.2%) 
planes                 138/65536        2760/1310720  ( 0.2%) 
vertexes               241/65536        2892/786432   ( 0.4%) 
nodes                   66/65536        2112/2097152  ( 0.1%) 
texinfos                22/12288        1584/884736   ( 0.2%) 
texdata                  4/2048          128/65536    ( 0.2%) 
dispinfos                0/0               0/0        ( 0.0%) 
disp_verts               0/0               0/0        ( 0.0%) 
disp_tris                0/0               0/0        ( 0.0%) 
disp_lmsamples           0/0               0/0        ( 0.0%) 
faces                  205/65536       11480/3670016  ( 0.3%) 
hdr faces                0/65536           0/3670016  ( 0.0%) 
origfaces               59/65536        3304/3670016  ( 0.1%) 
leaves                  70/65536        2240/2097152  ( 0.1%) 
leaffaces              205/65536         410/131072   ( 0.3%) 
leafbrushes             27/65536          54/131072   ( 0.0%) 
areas                    2/256            16/2048     ( 0.8%) 
surfedges             1114/512000       4456/2048000  ( 0.2%) 
edges                  568/256000       2272/1024000  ( 0.2%) 
LDR worldlights          1/8192           88/720896   ( 0.0%) 
HDR worldlights          0/8192            0/720896   ( 0.0%) 
leafwaterdata            0/32768           0/393216   ( 0.0%) 
waterstrips              0/32768           0/327680   ( 0.0%) 
waterverts               0/65536           0/786432   ( 0.0%) 
waterindices             0/65536           0/131072   ( 0.0%) 
cubemapsamples           0/1024            0/16384    ( 0.0%) 
overlays                 0/512             0/180224   ( 0.0%) 
LDR lightdata         [variable]      297188/0        ( 0.0%) 
HDR lightdata         [variable]           0/0        ( 0.0%) 
visdata               [variable]          44/16777216 ( 0.0%) 
entdata               [variable]        3160/393216   ( 0.8%) 
LDR ambient table       70/65536         280/262144   ( 0.1%) 
HDR ambient table       70/65536         280/262144   ( 0.1%) 
LDR leaf ambient       110/65536        3080/1835008  ( 0.2%) 
HDR leaf ambient        70/65536        1960/1835008  ( 0.1%) 
occluders                0/0               0/0        ( 0.0%) 
occluder polygons        0/0               0/0        ( 0.0%) 
occluder vert ind        0/0               0/0        ( 0.0%) 
detail props          [variable]           1/12       ( 8.3%) 
static props          [variable]           1/12       ( 8.3%) 
pakfile               [variable]      105643/0        ( 0.0%) 
physics               [variable]        7351/4194304  ( 0.2%) 
physics terrain       [variable]           2/1048576  ( 0.0%) 

Level flags = 0

Total triangle count: 468
Writing c:\program files (x86)\steam\steamapps\sourcemods\hlmbv\maps\car.bsp
0 seconds elapsed
