PRT1
78
134
4 0 18 (768 528 0 ) (1024 528 0 ) (1024 528 368 ) (768 528 368 ) 
4 0 17 (1024 528 368 ) (1024 528 384 ) (768 528 384 ) (768 528 368 ) 
4 0 16 (1024 528 384 ) (1024 528 1024 ) (768 528 1024 ) (768 528 384 ) 
4 0 2 (768 528 384 ) (768 528 1024 ) (768 768 1024 ) (768 768 384 ) 
4 0 1 (768 1024 0 ) (768 768 0 ) (768 768 1024 ) (768 1024 1024 ) 
4 1 4 (752 1024 0 ) (752 768 0 ) (752 768 384 ) (752 1024 384 ) 
4 1 3 (752 768 384 ) (752 768 1024 ) (752 1024 1024 ) (752 1024 384 ) 
4 1 2 (768 768 384 ) (768 768 1024 ) (752 768 1024 ) (752 768 384 ) 
4 2 16 (768 528 384 ) (768 528 1024 ) (752 528 1024 ) (752 528 384 ) 
4 2 5 (752 528 384 ) (752 528 1024 ) (752 752 1024 ) (752 752 384 ) 
4 2 3 (752 752 1024 ) (752 768 1024 ) (752 768 384 ) (752 752 384 ) 
4 3 11 (384 768 384 ) (384 752 384 ) (384 752 1024 ) (384 768 1024 ) 
4 3 10 (384 1024 1024 ) (384 1024 384 ) (384 768 384 ) (384 768 1024 ) 
4 3 5 (384 752 1024 ) (384 752 384 ) (752 752 384 ) (752 752 1024 ) 
4 3 4 (384 768 384 ) (384 1024 384 ) (752 1024 384 ) (752 768 384 ) 
4 4 10 (384 1024 384 ) (384 1024 0 ) (384 768 0 ) (384 768 384 ) 
4 5 16 (752 528 384 ) (752 528 1024 ) (384 528 1024 ) (384 528 384 ) 
4 5 12 (384 528 384 ) (384 528 1024 ) (384 752 1024 ) (384 752 384 ) 
4 6 19 (752 528 176 ) (752 528 368 ) (400 528 368 ) (400 528 176 ) 
4 6 8 (400 544 176 ) (400 528 176 ) (400 528 368 ) (400 544 368 ) 
4 6 7 (400 576 224 ) (400 576 320 ) (400 720 320 ) (400 720 224 ) 
4 7 13 (384 720 320 ) (384 720 224 ) (384 576 224 ) (384 576 320 ) 
4 8 19 (400 528 368 ) (384 528 368 ) (384 528 176 ) (400 528 176 ) 
4 9 20 (384 528 0 ) (752 528 0 ) (752 528 160 ) (384 528 160 ) 
4 9 15 (384 752 0 ) (384 544 0 ) (384 544 160 ) (384 752 160 ) 
4 10 44 (0 1024 384 ) (0 1024 0 ) (0 768 0 ) (0 768 384 ) 
4 10 43 (0 1024 1024 ) (0 1024 384 ) (0 768 384 ) (0 768 1024 ) 
4 10 11 (384 768 384 ) (384 768 1024 ) (0 768 1024 ) (0 768 384 ) 
4 11 43 (0 752 384 ) (0 752 1024 ) (0 768 1024 ) (0 768 384 ) 
4 11 12 (0 752 1024 ) (0 752 384 ) (384 752 384 ) (384 752 1024 ) 
4 12 43 (0 752 1024 ) (0 752 384 ) (0 528 384 ) (0 528 1024 ) 
4 12 16 (0 528 1024 ) (0 528 384 ) (384 528 384 ) (384 528 1024 ) 
4 13 15 (112 752 176 ) (384 752 176 ) (384 544 176 ) (112 544 176 ) 
4 13 14 (112 752 176 ) (112 544 176 ) (112 544 368 ) (112 752 368 ) 
4 14 39 (0 528 368 ) (0 528 176 ) (32 528 176 ) (32 528 368 ) 
4 14 32 (32 528 176 ) (112 528 176 ) (112 528 368 ) (32 528 368 ) 
4 14 15 (96 752 176 ) (112 752 176 ) (112 544 176 ) (96 544 176 ) 
4 16 50 (752 0 1024 ) (0 0 1024 ) (0 0 384 ) (752 0 384 ) 
4 16 48 (768 0 1024 ) (752 0 1024 ) (752 0 384 ) (768 0 384 ) 
4 16 47 (1024 0 384 ) (1024 0 1024 ) (768 0 1024 ) (768 0 384 ) 
4 16 43 (0 0 384 ) (0 0 1024 ) (0 528 1024 ) (0 528 384 ) 
4 16 17 (768 528 384 ) (1024 528 384 ) (1024 0 384 ) (768 0 384 ) 
4 17 47 (1024 0 368 ) (1024 0 384 ) (768 0 384 ) (768 0 368 ) 
4 17 18 (1024 0 368 ) (768 0 368 ) (768 528 368 ) (1024 528 368 ) 
4 18 47 (1024 0 0 ) (1024 0 368 ) (768 0 368 ) (768 0 0 ) 
4 19 52 (752 0 368 ) (384 0 368 ) (384 0 176 ) (752 0 176 ) 
4 20 53 (384 0 0 ) (752 0 0 ) (752 0 160 ) (384 0 160 ) 
4 21 25 (336 288 368 ) (336 528 368 ) (336 528 176 ) (336 288 176 ) 
4 21 27 (336 176 368 ) (336 288 368 ) (336 288 176 ) (336 176 176 ) 
4 22 60 (368 0 368 ) (336 0 368 ) (336 0 176 ) (368 0 176 ) 
4 22 30 (336 0 368 ) (336 48 368 ) (336 48 176 ) (336 0 176 ) 
4 22 29 (336 48 368 ) (336 160 368 ) (336 160 176 ) (336 48 176 ) 
4 23 26 (336 528 160 ) (336 528 0 ) (336 288 0 ) (336 288 160 ) 
4 23 27 (336 288 0 ) (336 176 0 ) (336 176 160 ) (336 288 160 ) 
4 24 62 (336 0 160 ) (336 0 0 ) (368 0 0 ) (368 0 160 ) 
4 24 31 (336 48 0 ) (336 0 0 ) (336 0 160 ) (336 48 160 ) 
4 24 29 (336 160 0 ) (336 48 0 ) (336 48 160 ) (336 160 160 ) 
4 25 32 (192 288 368 ) (192 528 368 ) (192 528 176 ) (192 288 176 ) 
4 25 27 (192 288 368 ) (192 288 176 ) (336 288 176 ) (336 288 368 ) 
4 26 36 (192 528 128 ) (192 528 0 ) (192 288 0 ) (192 288 128 ) 
4 26 33 (192 528 160 ) (192 528 128 ) (192 288 128 ) (192 288 160 ) 
4 26 27 (192 288 160 ) (192 288 0 ) (336 288 0 ) (336 288 160 ) 
4 27 36 (192 288 128 ) (192 288 0 ) (192 176 0 ) (192 176 128 ) 
4 27 33 (192 288 160 ) (192 288 128 ) (192 176 128 ) (192 176 160 ) 
4 27 32 (192 176 368 ) (192 288 368 ) (192 288 176 ) (192 176 176 ) 
4 27 28 (224 176 0 ) (304 176 0 ) (304 176 368 ) (224 176 368 ) 
4 28 29 (224 160 0 ) (304 160 0 ) (304 160 368 ) (224 160 368 ) 
4 29 38 (192 160 128 ) (192 160 0 ) (192 48 0 ) (192 48 128 ) 
4 29 34 (192 48 368 ) (192 160 368 ) (192 160 176 ) (192 48 176 ) 
4 29 35 (192 160 160 ) (192 160 128 ) (192 48 128 ) (192 48 160 ) 
4 29 30 (192 48 368 ) (192 48 176 ) (336 48 176 ) (336 48 368 ) 
4 29 31 (192 48 160 ) (192 48 0 ) (336 48 0 ) (336 48 160 ) 
4 30 64 (336 0 368 ) (192 0 368 ) (192 0 176 ) (336 0 176 ) 
4 30 34 (192 0 368 ) (192 48 368 ) (192 48 176 ) (192 0 176 ) 
4 31 66 (192 0 160 ) (192 0 0 ) (336 0 0 ) (336 0 160 ) 
4 31 38 (192 48 128 ) (192 48 0 ) (192 0 0 ) (192 0 128 ) 
4 31 35 (192 48 160 ) (192 48 128 ) (192 0 128 ) (192 0 160 ) 
4 32 39 (32 176 368 ) (32 528 368 ) (32 528 176 ) (32 176 176 ) 
4 33 41 (32 528 160 ) (32 528 128 ) (32 176 128 ) (32 176 160 ) 
4 33 36 (32 176 128 ) (32 528 128 ) (192 528 128 ) (192 176 128 ) 
4 34 68 (192 0 368 ) (32 0 368 ) (32 0 176 ) (192 0 176 ) 
4 34 40 (32 0 368 ) (32 160 368 ) (32 160 176 ) (32 0 176 ) 
4 35 69 (32 0 160 ) (32 0 128 ) (192 0 128 ) (192 0 160 ) 
4 35 42 (32 160 160 ) (32 160 128 ) (32 0 128 ) (32 0 160 ) 
4 35 38 (32 0 128 ) (32 160 128 ) (192 160 128 ) (192 0 128 ) 
4 36 41 (32 528 128 ) (32 528 0 ) (32 176 0 ) (32 176 128 ) 
4 36 37 (192 176 32 ) (192 176 128 ) (32 176 128 ) (32 176 32 ) 
4 37 38 (192 160 32 ) (192 160 128 ) (32 160 128 ) (32 160 32 ) 
4 38 69 (32 0 128 ) (32 0 0 ) (192 0 0 ) (192 0 128 ) 
4 38 42 (32 160 0 ) (32 0 0 ) (32 0 128 ) (32 160 128 ) 
4 40 68 (32 0 368 ) (0 0 368 ) (0 0 176 ) (32 0 176 ) 
4 41 45 (0 384 112 ) (0 384 0 ) (0 256 0 ) (0 256 112 ) 
4 42 69 (0 0 160 ) (0 0 0 ) (32 0 0 ) (32 0 160 ) 
4 43 75 (0 0 384 ) (0 0 1024 ) (-1024 0 1024 ) (-1024 0 384 ) 
4 43 44 (-16 1024 384 ) (0 1024 384 ) (0 768 384 ) (-16 768 384 ) 
4 43 46 (-1024 1024 384 ) (-16 1024 384 ) (-16 0 384 ) (-1024 0 384 ) 
4 44 46 (-16 1024 0 ) (-16 768 0 ) (-16 768 384 ) (-16 1024 384 ) 
4 45 46 (-16 384 0 ) (-16 256 0 ) (-16 256 112 ) (-16 384 112 ) 
4 46 77 (-16 0 384 ) (-1024 0 384 ) (-1024 0 0 ) (-16 0 0 ) 
4 47 48 (768 -384 384 ) (768 -384 1024 ) (768 0 1024 ) (768 0 384 ) 
4 47 49 (768 -384 0 ) (768 -1024 0 ) (768 -1024 1024 ) (768 -384 1024 ) 
4 48 50 (752 -384 384 ) (752 -384 1024 ) (752 0 1024 ) (752 0 384 ) 
4 48 49 (768 -384 384 ) (768 -384 1024 ) (752 -384 1024 ) (752 -384 384 ) 
4 49 74 (752 -384 0 ) (752 -1024 0 ) (752 -1024 368 ) (752 -384 368 ) 
4 49 51 (752 -1024 368 ) (752 -1024 384 ) (752 -384 384 ) (752 -384 368 ) 
4 49 50 (752 -1024 384 ) (752 -1024 1024 ) (752 -384 1024 ) (752 -384 384 ) 
4 50 75 (0 0 1024 ) (0 0 384 ) (0 -1024 384 ) (0 -1024 1024 ) 
4 50 51 (752 -384 384 ) (752 -1024 384 ) (0 -1024 384 ) (0 -384 384 ) 
4 51 76 (0 -384 368 ) (0 -1024 368 ) (0 -1024 384 ) (0 -384 384 ) 
4 51 74 (0 -1024 368 ) (0 -384 368 ) (752 -384 368 ) (752 -1024 368 ) 
4 52 54 (544 -64 176 ) (624 -64 176 ) (624 -64 368 ) (544 -64 368 ) 
4 53 55 (544 -64 0 ) (624 -64 0 ) (624 -64 160 ) (544 -64 160 ) 
4 54 56 (624 -80 368 ) (544 -80 368 ) (544 -80 176 ) (624 -80 176 ) 
4 55 57 (544 -80 0 ) (624 -80 0 ) (624 -80 160 ) (544 -80 160 ) 
4 56 58 (384 -368 176 ) (384 -368 368 ) (384 -256 368 ) (384 -256 176 ) 
4 57 59 (384 -256 0 ) (384 -368 0 ) (384 -368 160 ) (384 -256 160 ) 
4 58 61 (368 -368 176 ) (368 -368 368 ) (368 -256 368 ) (368 -256 176 ) 
4 59 63 (368 -256 0 ) (368 -368 0 ) (368 -368 160 ) (368 -256 160 ) 
4 60 64 (336 -240 368 ) (336 0 368 ) (336 0 176 ) (336 -240 176 ) 
4 61 65 (336 -368 176 ) (336 -368 368 ) (336 -256 368 ) (336 -256 176 ) 
4 62 66 (336 0 0 ) (336 -240 0 ) (336 -240 160 ) (336 0 160 ) 
4 63 67 (336 -256 0 ) (336 -368 0 ) (336 -368 160 ) (336 -256 160 ) 
4 64 68 (192 -240 368 ) (192 0 368 ) (192 0 176 ) (192 -240 176 ) 
4 65 72 (192 -368 176 ) (192 -368 368 ) (192 -256 368 ) (192 -256 176 ) 
4 66 69 (192 0 0 ) (192 -240 0 ) (192 -240 160 ) (192 0 160 ) 
4 67 73 (192 -256 0 ) (192 -368 0 ) (192 -368 160 ) (192 -256 160 ) 
4 68 70 (144 -240 368 ) (64 -240 368 ) (64 -240 176 ) (144 -240 176 ) 
4 69 71 (64 -240 0 ) (144 -240 0 ) (144 -240 160 ) (64 -240 160 ) 
4 70 72 (144 -256 176 ) (144 -256 368 ) (64 -256 368 ) (64 -256 176 ) 
4 71 73 (64 -256 0 ) (144 -256 0 ) (144 -256 160 ) (64 -256 160 ) 
4 74 76 (0 -384 0 ) (0 -1024 0 ) (0 -1024 368 ) (0 -384 368 ) 
4 75 76 (0 -384 384 ) (0 -1024 384 ) (-16 -1024 384 ) (-16 -384 384 ) 
4 75 77 (-1024 -1024 384 ) (-1024 0 384 ) (-16 0 384 ) (-16 -1024 384 ) 
4 76 77 (-16 -384 0 ) (-16 -1024 0 ) (-16 -1024 384 ) (-16 -384 384 ) 
