


materialPath: C:\Program Files (x86)\Steam\steamapps\common\Source SDK Base 2013 Singleplayer\hl2\materials
Loading c:\program files (x86)\steam\steamapps\sourcemods\hlmbv\maps\chopshop.vmf
Could not locate 'GameData' key in c:\program files (x86)\steam\steamapps\common\source sdk base 2013 singleplayer\hl2\gameinfo.txt
fixing up env_cubemap materials on brush sides...
0...1...2...3...4...5...6...7...8...9...100...1...2...3...4...5...6...7...8...9...10Processing areas...done (0)
Building Faces...done (0)
FixTjuncs...
PruneNodes...
WriteBSP...
done (0)
writing c:\program files (x86)\steam\steamapps\sourcemods\hlmbv\maps\chopshop.prt...Building visibility clusters...
done (0)
Creating default LDR cubemaps for env_cubemap using skybox materials:
   skybox/sky_day01_01*.vmt
 ! Run buildcubemaps in the engine to get the correct cube maps.
Creating default HDR cubemaps for env_cubemap using skybox materials:
   skybox/sky_day01_01*.vmt
 ! Run buildcubemaps in the engine to get the correct cube maps.
Finding displacement neighbors...
Finding lightmap sample positions...
Displacement Alpha : 0...1...2...3...4...5...6...7...8...9...10
Building Physics collision data...
done (0) (11224 bytes)
Placing detail props : 0...1...2...3...4...5...6...7...8...9...10
Compacting texture/material tables...
Reduced 26 texinfos to 14
Reduced 4 texdatas to 4 (92 bytes to 92)
Writing c:\program files (x86)\steam\steamapps\sourcemods\hlmbv\maps\chopshop.bsp
0 seconds elapsed



4 threads
reading c:\program files (x86)\steam\steamapps\sourcemods\hlmbv\maps\chopshop.bsp
reading c:\program files (x86)\steam\steamapps\sourcemods\hlmbv\maps\chopshop.prt
  47 portalclusters
  67 numportals
0...1...2...3...4...5...6...7...8...9...10Optimized: 0 visible clusters (0.00%)
Total clusters visible: 685
Average clusters visible: 14
Building PAS...
Average clusters audible: 26
visdatasize:982  compressed from 752
writing c:\program files (x86)\steam\steamapps\sourcemods\hlmbv\maps\chopshop.bsp
0 seconds elapsed



Could not find lights.rad in lights.rad.
Trying VRAD BIN directory instead...
Warning: Couldn't open texlight file C:\Program Files (x86)\Steam\steamapps\common\Source SDK Base 2013 Singleplayer\bin\lights.rad.
Loading c:\program files (x86)\steam\steamapps\sourcemods\hlmbv\maps\chopshop.bsp
335 faces
166835 square feet [24024372.00 square inches]
0 Displacements
0 Square Feet [0.00 Square Inches]
335 patches before subdivision
17397 patches after subdivision
12 direct lights
0...1...2...3...4...5...6...7...8...9...100...1...2...3...4...5...6...7...8...9...10transfers 2064595, max 349
transfer lists:  15.8 megs
0...1...2...3...4...5...6...7...8...9...10	Bounce #1 added RGB(39592, 20829, 13689)
0...1...2...3...4...5...6...7...8...9...10	Bounce #2 added RGB(8292, 2880, 868)
Build Patch/Sample Hash Table(s).....Done<0.0043 sec>
0...1...2...3...4...5...6...7...8...9...10FinalLightFace Done
0 of 0 (0% of) surface lights went in leaf ambient cubes.
0...1...2...3...4...5...6...7...8...9...10Writing leaf ambient...done
Ready to Finish

Object names       Objects/Maxobjs  Memory / Maxmem  Fullness 
------------       ---------------  ---------------  -------- 
models                   2/1024           96/49152    ( 0.2%) 
brushes                 30/8192          360/98304    ( 0.4%) 
brushsides             182/65536        1456/524288   ( 0.3%) 
planes                 136/65536        2720/1310720  ( 0.2%) 
vertexes               428/65536        5136/786432   ( 0.7%) 
nodes                  117/65536        3744/2097152  ( 0.2%) 
texinfos                14/12288        1008/884736   ( 0.1%) 
texdata                  4/2048          128/65536    ( 0.2%) 
dispinfos                0/0               0/0        ( 0.0%) 
disp_verts               0/0               0/0        ( 0.0%) 
disp_tris                0/0               0/0        ( 0.0%) 
disp_lmsamples           0/0               0/0        ( 0.0%) 
faces                  335/65536       18760/3670016  ( 0.5%) 
hdr faces                0/65536           0/3670016  ( 0.0%) 
origfaces               82/65536        4592/3670016  ( 0.1%) 
leaves                 120/65536        3840/2097152  ( 0.2%) 
leaffaces              502/65536        1004/131072   ( 0.8%) 
leafbrushes             70/65536         140/131072   ( 0.1%) 
areas                    2/256            16/2048     ( 0.8%) 
surfedges             1826/512000       7304/2048000  ( 0.4%) 
edges                 1004/256000       4016/1024000  ( 0.4%) 
LDR worldlights         12/8192         1056/720896   ( 0.1%) 
HDR worldlights          0/8192            0/720896   ( 0.0%) 
leafwaterdata            0/32768           0/393216   ( 0.0%) 
waterstrips             13/32768         130/327680   ( 0.0%) 
waterverts               0/65536           0/786432   ( 0.0%) 
waterindices           183/65536         366/131072   ( 0.3%) 
cubemapsamples           0/1024            0/16384    ( 0.0%) 
overlays                 0/512             0/180224   ( 0.0%) 
LDR lightdata         [variable]      431708/0        ( 0.0%) 
HDR lightdata         [variable]           0/0        ( 0.0%) 
visdata               [variable]         982/16777216 ( 0.0%) 
entdata               [variable]       35898/393216   ( 9.1%) 
LDR ambient table      120/65536         480/262144   ( 0.2%) 
HDR ambient table      120/65536         480/262144   ( 0.2%) 
LDR leaf ambient       558/65536       15624/1835008  ( 0.9%) 
HDR leaf ambient       120/65536        3360/1835008  ( 0.2%) 
occluders                0/0               0/0        ( 0.0%) 
occluder polygons        0/0               0/0        ( 0.0%) 
occluder vert ind        0/0               0/0        ( 0.0%) 
detail props          [variable]           1/12       ( 8.3%) 
static props          [variable]           1/12       ( 8.3%) 
pakfile               [variable]      105663/0        ( 0.0%) 
physics               [variable]       11224/4194304  ( 0.3%) 
physics terrain       [variable]           2/1048576  ( 0.0%) 

Level flags = 0

Total triangle count: 828
Writing c:\program files (x86)\steam\steamapps\sourcemods\hlmbv\maps\chopshop.bsp
0 seconds elapsed



materialPath: C:\Program Files (x86)\Steam\steamapps\common\Source SDK Base 2013 Singleplayer\hl2\materials
Loading c:\program files (x86)\steam\steamapps\sourcemods\hlmbv\maps\chopshop.vmf
Could not locate 'GameData' key in c:\program files (x86)\steam\steamapps\common\source sdk base 2013 singleplayer\hl2\gameinfo.txt
fixing up env_cubemap materials on brush sides...
0...1...2...3...4...5...6...7...8...9...100...1...2...3...4...5...6...7...8...9...10Processing areas...done (0)
Building Faces...done (0)
FixTjuncs...
PruneNodes...
WriteBSP...
done (0)
writing c:\program files (x86)\steam\steamapps\sourcemods\hlmbv\maps\chopshop.prt...Building visibility clusters...
done (0)
Creating default LDR cubemaps for env_cubemap using skybox materials:
   skybox/sky_day01_01*.vmt
 ! Run buildcubemaps in the engine to get the correct cube maps.
Creating default HDR cubemaps for env_cubemap using skybox materials:
   skybox/sky_day01_01*.vmt
 ! Run buildcubemaps in the engine to get the correct cube maps.
Finding displacement neighbors...
Finding lightmap sample positions...
Displacement Alpha : 0...1...2...3...4...5...6...7...8...9...10
Building Physics collision data...
done (0) (12331 bytes)
Placing detail props : 0...1...2...3...4...5...6...7...8...9...10
Compacting texture/material tables...
Reduced 37 texinfos to 20
Reduced 5 texdatas to 5 (111 bytes to 111)
Writing c:\program files (x86)\steam\steamapps\sourcemods\hlmbv\maps\chopshop.bsp
0 seconds elapsed



4 threads
reading c:\program files (x86)\steam\steamapps\sourcemods\hlmbv\maps\chopshop.bsp
reading c:\program files (x86)\steam\steamapps\sourcemods\hlmbv\maps\chopshop.prt
  47 portalclusters
  67 numportals
0...1...2...3...4...5...6...7...8...9...10Optimized: 0 visible clusters (0.00%)
Total clusters visible: 685
Average clusters visible: 14
Building PAS...
Average clusters audible: 26
visdatasize:982  compressed from 752
writing c:\program files (x86)\steam\steamapps\sourcemods\hlmbv\maps\chopshop.bsp
0 seconds elapsed



Could not find lights.rad in lights.rad.
Trying VRAD BIN directory instead...
Warning: Couldn't open texlight file C:\Program Files (x86)\Steam\steamapps\common\Source SDK Base 2013 Singleplayer\bin\lights.rad.
Loading c:\program files (x86)\steam\steamapps\sourcemods\hlmbv\maps\chopshop.bsp
347 faces
167483 square feet [24117556.00 square inches]
0 Displacements
0 Square Feet [0.00 Square Inches]
347 patches before subdivision
17409 patches after subdivision
12 direct lights
0...1...2...3...4...5...6...7...8...9...100...1...2...3...4...5...6...7...8...9...10transfers 2061564, max 349
transfer lists:  15.7 megs
0...1...2...3...4...5...6...7...8...9...10	Bounce #1 added RGB(39383, 20762, 13677)
0...1...2...3...4...5...6...7...8...9...10	Bounce #2 added RGB(8230, 2863, 868)
Build Patch/Sample Hash Table(s).....Done<0.0044 sec>
0...1...2...3...4...5...6...7...8...9...10FinalLightFace Done
0 of 0 (0% of) surface lights went in leaf ambient cubes.
0...1...2...3...4...5...6...7...8...9...10Writing leaf ambient...done
Ready to Finish

Object names       Objects/Maxobjs  Memory / Maxmem  Fullness 
------------       ---------------  ---------------  -------- 
models                   4/1024          192/49152    ( 0.4%) 
brushes                 32/8192          384/98304    ( 0.4%) 
brushsides             194/65536        1552/524288   ( 0.3%) 
planes                 164/65536        3280/1310720  ( 0.3%) 
vertexes               444/65536        5328/786432   ( 0.7%) 
nodes                  129/65536        4128/2097152  ( 0.2%) 
texinfos                20/12288        1440/884736   ( 0.2%) 
texdata                  5/2048          160/65536    ( 0.2%) 
dispinfos                0/0               0/0        ( 0.0%) 
disp_verts               0/0               0/0        ( 0.0%) 
disp_tris                0/0               0/0        ( 0.0%) 
disp_lmsamples           0/0               0/0        ( 0.0%) 
faces                  347/65536       19432/3670016  ( 0.5%) 
hdr faces                0/65536           0/3670016  ( 0.0%) 
origfaces               94/65536        5264/3670016  ( 0.1%) 
leaves                 134/65536        4288/2097152  ( 0.2%) 
leaffaces              514/65536        1028/131072   ( 0.8%) 
leafbrushes             72/65536         144/131072   ( 0.1%) 
areas                    2/256            16/2048     ( 0.8%) 
surfedges             1922/512000       7688/2048000  ( 0.4%) 
edges                 1052/256000       4208/1024000  ( 0.4%) 
LDR worldlights         12/8192         1056/720896   ( 0.1%) 
HDR worldlights          0/8192            0/720896   ( 0.0%) 
leafwaterdata            0/32768           0/393216   ( 0.0%) 
waterstrips             13/32768         130/327680   ( 0.0%) 
waterverts               0/65536           0/786432   ( 0.0%) 
waterindices           183/65536         366/131072   ( 0.3%) 
cubemapsamples           0/1024            0/16384    ( 0.0%) 
overlays                 0/512             0/180224   ( 0.0%) 
LDR lightdata         [variable]      431708/0        ( 0.0%) 
HDR lightdata         [variable]           0/0        ( 0.0%) 
visdata               [variable]         982/16777216 ( 0.0%) 
entdata               [variable]       43249/393216   (11.0%) 
LDR ambient table      134/65536         536/262144   ( 0.2%) 
HDR ambient table      134/65536         536/262144   ( 0.2%) 
LDR leaf ambient       603/65536       16884/1835008  ( 0.9%) 
HDR leaf ambient       134/65536        3752/1835008  ( 0.2%) 
occluders                0/0               0/0        ( 0.0%) 
occluder polygons        0/0               0/0        ( 0.0%) 
occluder vert ind        0/0               0/0        ( 0.0%) 
detail props          [variable]           1/12       ( 8.3%) 
static props          [variable]           1/206      ( 0.5%) 
pakfile               [variable]      105663/0        ( 0.0%) 
physics               [variable]       12331/4194304  ( 0.3%) 
physics terrain       [variable]           2/1048576  ( 0.0%) 

Level flags = 0

Total triangle count: 852
Writing c:\program files (x86)\steam\steamapps\sourcemods\hlmbv\maps\chopshop.bsp
0 seconds elapsed



materialPath: C:\Program Files (x86)\Steam\steamapps\common\Source SDK Base 2013 Singleplayer\hl2\materials
Loading c:\program files (x86)\steam\steamapps\sourcemods\hlmbv\maps\chopshop.vmf
Could not locate 'GameData' key in c:\program files (x86)\steam\steamapps\common\source sdk base 2013 singleplayer\hl2\gameinfo.txt
fixing up env_cubemap materials on brush sides...
0...1...2...3...4...5...6...7...8...9...100...1...2...3...4...5...6...7...8...9...10Processing areas...done (0)
Building Faces...done (0)
FixTjuncs...
PruneNodes...
WriteBSP...
done (0)
writing c:\program files (x86)\steam\steamapps\sourcemods\hlmbv\maps\chopshop.prt...Building visibility clusters...
done (0)
Creating default LDR cubemaps for env_cubemap using skybox materials:
   skybox/sky_day01_01*.vmt
 ! Run buildcubemaps in the engine to get the correct cube maps.
Creating default HDR cubemaps for env_cubemap using skybox materials:
   skybox/sky_day01_01*.vmt
 ! Run buildcubemaps in the engine to get the correct cube maps.
Finding displacement neighbors...
Finding lightmap sample positions...
Displacement Alpha : 0...1...2...3...4...5...6...7...8...9...10
Building Physics collision data...
done (0) (12331 bytes)
Placing detail props : 0...1...2...3...4...5...6...7...8...9...10
Compacting texture/material tables...
Reduced 37 texinfos to 20
Reduced 5 texdatas to 5 (111 bytes to 111)
Writing c:\program files (x86)\steam\steamapps\sourcemods\hlmbv\maps\chopshop.bsp
0 seconds elapsed



4 threads
reading c:\program files (x86)\steam\steamapps\sourcemods\hlmbv\maps\chopshop.bsp
reading c:\program files (x86)\steam\steamapps\sourcemods\hlmbv\maps\chopshop.prt
  47 portalclusters
  67 numportals
0...1...2...3...4...5...6...7...8...9...10Optimized: 0 visible clusters (0.00%)
Total clusters visible: 685
Average clusters visible: 14
Building PAS...
Average clusters audible: 26
visdatasize:982  compressed from 752
writing c:\program files (x86)\steam\steamapps\sourcemods\hlmbv\maps\chopshop.bsp
0 seconds elapsed



Could not find lights.rad in lights.rad.
Trying VRAD BIN directory instead...
Warning: Couldn't open texlight file C:\Program Files (x86)\Steam\steamapps\common\Source SDK Base 2013 Singleplayer\bin\lights.rad.
Loading c:\program files (x86)\steam\steamapps\sourcemods\hlmbv\maps\chopshop.bsp
347 faces
167483 square feet [24117556.00 square inches]
0 Displacements
0 Square Feet [0.00 Square Inches]
347 patches before subdivision
17409 patches after subdivision
12 direct lights
0...1...2...3...4...5...6...7...8...9...100...1...2...3...4...5...6...7...8...9...10transfers 2061564, max 349
transfer lists:  15.7 megs
0...1...2...3...4...5...6...7...8...9...10	Bounce #1 added RGB(39383, 20762, 13677)
0...1...2...3...4...5...6...7...8...9...10	Bounce #2 added RGB(8230, 2863, 868)
Build Patch/Sample Hash Table(s).....Done<0.0046 sec>
0...1...2...3...4...5...6...7...8...9...10FinalLightFace Done
0 of 0 (0% of) surface lights went in leaf ambient cubes.
0...1...2...3...4...5...6...7...8...9...10Writing leaf ambient...done
Ready to Finish

Object names       Objects/Maxobjs  Memory / Maxmem  Fullness 
------------       ---------------  ---------------  -------- 
models                   4/1024          192/49152    ( 0.4%) 
brushes                 32/8192          384/98304    ( 0.4%) 
brushsides             194/65536        1552/524288   ( 0.3%) 
planes                 164/65536        3280/1310720  ( 0.3%) 
vertexes               444/65536        5328/786432   ( 0.7%) 
nodes                  129/65536        4128/2097152  ( 0.2%) 
texinfos                20/12288        1440/884736   ( 0.2%) 
texdata                  5/2048          160/65536    ( 0.2%) 
dispinfos                0/0               0/0        ( 0.0%) 
disp_verts               0/0               0/0        ( 0.0%) 
disp_tris                0/0               0/0        ( 0.0%) 
disp_lmsamples           0/0               0/0        ( 0.0%) 
faces                  347/65536       19432/3670016  ( 0.5%) 
hdr faces                0/65536           0/3670016  ( 0.0%) 
origfaces               94/65536        5264/3670016  ( 0.1%) 
leaves                 134/65536        4288/2097152  ( 0.2%) 
leaffaces              514/65536        1028/131072   ( 0.8%) 
leafbrushes             72/65536         144/131072   ( 0.1%) 
areas                    2/256            16/2048     ( 0.8%) 
surfedges             1922/512000       7688/2048000  ( 0.4%) 
edges                 1052/256000       4208/1024000  ( 0.4%) 
LDR worldlights         12/8192         1056/720896   ( 0.1%) 
HDR worldlights          0/8192            0/720896   ( 0.0%) 
leafwaterdata            0/32768           0/393216   ( 0.0%) 
waterstrips             13/32768         130/327680   ( 0.0%) 
waterverts               0/65536           0/786432   ( 0.0%) 
waterindices           183/65536         366/131072   ( 0.3%) 
cubemapsamples           0/1024            0/16384    ( 0.0%) 
overlays                 0/512             0/180224   ( 0.0%) 
LDR lightdata         [variable]      431708/0        ( 0.0%) 
HDR lightdata         [variable]           0/0        ( 0.0%) 
visdata               [variable]         982/16777216 ( 0.0%) 
entdata               [variable]       43338/393216   (11.0%) 
LDR ambient table      134/65536         536/262144   ( 0.2%) 
HDR ambient table      134/65536         536/262144   ( 0.2%) 
LDR leaf ambient       603/65536       16884/1835008  ( 0.9%) 
HDR leaf ambient       134/65536        3752/1835008  ( 0.2%) 
occluders                0/0               0/0        ( 0.0%) 
occluder polygons        0/0               0/0        ( 0.0%) 
occluder vert ind        0/0               0/0        ( 0.0%) 
detail props          [variable]           1/12       ( 8.3%) 
static props          [variable]           1/206      ( 0.5%) 
pakfile               [variable]      105663/0        ( 0.0%) 
physics               [variable]       12331/4194304  ( 0.3%) 
physics terrain       [variable]           2/1048576  ( 0.0%) 

Level flags = 0

Total triangle count: 852
Writing c:\program files (x86)\steam\steamapps\sourcemods\hlmbv\maps\chopshop.bsp
0 seconds elapsed



materialPath: C:\Program Files (x86)\Steam\steamapps\common\half-life 2\hl2\materials
Loading c:\program files (x86)\steam\steamapps\sourcemods\hlmbv\maps\chopshop.vmf
Could not locate 'GameData' key in c:\program files (x86)\steam\steamapps\common\half-life 2\hl2\gameinfo.txt
fixing up env_cubemap materials on brush sides...
0...1...2...3...4...5...6...7...8...9...100...1...2...3...4...5...6...7...8...9...10Processing areas...done (0)
Building Faces...done (0)
FixTjuncs...
PruneNodes...
WriteBSP...
done (0)
writing c:\program files (x86)\steam\steamapps\sourcemods\hlmbv\maps\chopshop.prt...Building visibility clusters...
done (0)
Creating default LDR cubemaps for env_cubemap using skybox materials:
   skybox/sky_day01_01*.vmt
 ! Run buildcubemaps in the engine to get the correct cube maps.
Creating default HDR cubemaps for env_cubemap using skybox materials:
   skybox/sky_day01_01*.vmt
 ! Run buildcubemaps in the engine to get the correct cube maps.
Finding displacement neighbors...
Finding lightmap sample positions...
Displacement Alpha : 0...1...2...3...4...5...6...7...8...9...10
Building Physics collision data...
done (0) (16086 bytes)
Error! prop_static using model "models/props_c17/furnituretable003a.mdl", which must be used on a dynamic entity (i.e. prop_physics). Deleted.
Error loading studio model "models/props_c17/furnituretable003a.mdl"!
Placing detail props : 0...1...2...3...4...5...6...7...8...9...10
Compacting texture/material tables...
Reduced 51 texinfos to 28
Reduced 5 texdatas to 5 (111 bytes to 111)
Writing c:\program files (x86)\steam\steamapps\sourcemods\hlmbv\maps\chopshop.bsp
0 seconds elapsed



4 threads
reading c:\program files (x86)\steam\steamapps\sourcemods\hlmbv\maps\chopshop.bsp
reading c:\program files (x86)\steam\steamapps\sourcemods\hlmbv\maps\chopshop.prt
  78 portalclusters
 134 numportals
0...1...2...3...4...5...6...7...8...9...10Optimized: 32 visible clusters (1.58%)
Total clusters visible: 2020
Average clusters visible: 25
Building PAS...
Average clusters audible: 58
visdatasize:2256  compressed from 2496
writing c:\program files (x86)\steam\steamapps\sourcemods\hlmbv\maps\chopshop.bsp
0 seconds elapsed



[Reading texlights from 'lights.rad']
[45 texlights parsed from 'lights.rad']

Loading c:\program files (x86)\steam\steamapps\sourcemods\hlmbv\maps\chopshop.bsp
411 faces
167991 square feet [24190772.00 square inches]
0 Displacements
0 Square Feet [0.00 Square Inches]
411 patches before subdivision
17589 patches after subdivision
12 direct lights
0...1...2...3...4...5...6...7...8...9...100...1...2...3...4...5...6...7...8...9...10transfers 2098894, max 353
transfer lists:  16.0 megs
0...1...2...3...4...5...6...7...8...9...10	Bounce #1 added RGB(41329, 21700, 14230)
0...1...2...3...4...5...6...7...8...9...10	Bounce #2 added RGB(8538, 2978, 912)
Build Patch/Sample Hash Table(s).....Done<0.0047 sec>
0...1...2...3...4...5...6...7...8...9...10FinalLightFace Done
0 of 0 (0% of) surface lights went in leaf ambient cubes.
0...1...2...3...4...5...6...7...8...9...10Writing leaf ambient...done
Ready to Finish

Object names       Objects/Maxobjs  Memory / Maxmem  Fullness 
------------       ---------------  ---------------  -------- 
models                   7/1024          336/49152    ( 0.7%) 
brushes                 41/8192          492/98304    ( 0.5%) 
brushsides             248/65536        1984/524288   ( 0.4%) 
planes                 214/65536        4280/1310720  ( 0.3%) 
vertexes               545/65536        6540/786432   ( 0.8%) 
nodes                  206/65536        6592/2097152  ( 0.3%) 
texinfos                28/12288        2016/884736   ( 0.2%) 
texdata                  5/2048          160/65536    ( 0.2%) 
dispinfos                0/0               0/0        ( 0.0%) 
disp_verts               0/0               0/0        ( 0.0%) 
disp_tris                0/0               0/0        ( 0.0%) 
disp_lmsamples           0/0               0/0        ( 0.0%) 
faces                  411/65536       23016/3670016  ( 0.6%) 
hdr faces                0/65536           0/3670016  ( 0.0%) 
origfaces              129/65536        7224/3670016  ( 0.2%) 
leaves                 214/65536        6848/2097152  ( 0.3%) 
leaffaces              637/65536        1274/131072   ( 1.0%) 
leafbrushes            106/65536         212/131072   ( 0.2%) 
areas                    2/256            16/2048     ( 0.8%) 
surfedges             2384/512000       9536/2048000  ( 0.5%) 
edges                 1317/256000       5268/1024000  ( 0.5%) 
LDR worldlights         12/8192         1056/720896   ( 0.1%) 
HDR worldlights          0/8192            0/720896   ( 0.0%) 
leafwaterdata            0/32768           0/393216   ( 0.0%) 
waterstrips             16/32768         160/327680   ( 0.0%) 
waterverts               0/65536           0/786432   ( 0.0%) 
waterindices           261/65536         522/131072   ( 0.4%) 
cubemapsamples           0/1024            0/16384    ( 0.0%) 
overlays                 0/512             0/180224   ( 0.0%) 
LDR lightdata         [variable]      436044/0        ( 0.0%) 
HDR lightdata         [variable]           0/0        ( 0.0%) 
visdata               [variable]        2256/16777216 ( 0.0%) 
entdata               [variable]       44737/393216   (11.4%) 
LDR ambient table      214/65536         856/262144   ( 0.3%) 
HDR ambient table      214/65536         856/262144   ( 0.3%) 
LDR leaf ambient      1021/65536       28588/1835008  ( 1.6%) 
HDR leaf ambient       214/65536        5992/1835008  ( 0.3%) 
occluders                0/0               0/0        ( 0.0%) 
occluder polygons        0/0               0/0        ( 0.0%) 
occluder vert ind        0/0               0/0        ( 0.0%) 
detail props          [variable]           1/12       ( 8.3%) 
static props          [variable]           1/206      ( 0.5%) 
pakfile               [variable]      105663/0        ( 0.0%) 
physics               [variable]       16086/4194304  ( 0.4%) 
physics terrain       [variable]           2/1048576  ( 0.0%) 

Level flags = 0

Total triangle count: 1046
Writing c:\program files (x86)\steam\steamapps\sourcemods\hlmbv\maps\chopshop.bsp
0 seconds elapsed



materialPath: C:\Program Files (x86)\Steam\steamapps\common\half-life 2\hl2\materials
Loading c:\program files (x86)\steam\steamapps\sourcemods\hlmbv\maps\chopshop.vmf
Could not locate 'GameData' key in c:\program files (x86)\steam\steamapps\common\half-life 2\hl2\gameinfo.txt
fixing up env_cubemap materials on brush sides...
0...1...2...3...4...5...6...7...8...9...100...1...2...3...4...5...6...7...8...9...10Processing areas...done (0)
Building Faces...done (0)
FixTjuncs...
PruneNodes...
WriteBSP...
done (0)
writing c:\program files (x86)\steam\steamapps\sourcemods\hlmbv\maps\chopshop.prt...Building visibility clusters...
done (0)
Creating default LDR cubemaps for env_cubemap using skybox materials:
   skybox/sky_day01_01*.vmt
 ! Run buildcubemaps in the engine to get the correct cube maps.
Creating default HDR cubemaps for env_cubemap using skybox materials:
   skybox/sky_day01_01*.vmt
 ! Run buildcubemaps in the engine to get the correct cube maps.
Finding displacement neighbors...
Finding lightmap sample positions...
Displacement Alpha : 0...1...2...3...4...5...6...7...8...9...10
Building Physics collision data...
done (0) (16086 bytes)
Placing detail props : 0...1...2...3...4...5...6...7...8...9...10
Compacting texture/material tables...
Reduced 52 texinfos to 29
Reduced 6 texdatas to 6 (135 bytes to 135)
Writing c:\program files (x86)\steam\steamapps\sourcemods\hlmbv\maps\chopshop.bsp
0 seconds elapsed



4 threads
reading c:\program files (x86)\steam\steamapps\sourcemods\hlmbv\maps\chopshop.bsp
reading c:\program files (x86)\steam\steamapps\sourcemods\hlmbv\maps\chopshop.prt
  78 portalclusters
 134 numportals
0...1...2...3...4...5...6...7...8...9...10Optimized: 32 visible clusters (1.58%)
Total clusters visible: 2020
Average clusters visible: 25
Building PAS...
Average clusters audible: 58
visdatasize:2256  compressed from 2496
writing c:\program files (x86)\steam\steamapps\sourcemods\hlmbv\maps\chopshop.bsp
0 seconds elapsed



[Reading texlights from 'lights.rad']
[45 texlights parsed from 'lights.rad']

Loading c:\program files (x86)\steam\steamapps\sourcemods\hlmbv\maps\chopshop.bsp
411 faces
167991 square feet [24190772.00 square inches]
0 Displacements
0 Square Feet [0.00 Square Inches]
411 patches before subdivision
17589 patches after subdivision
12 direct lights
0...1...2...3...4...5...6...7...8...9...100...1...2...3...4...5...6...7...8...9...10transfers 2098894, max 353
transfer lists:  16.0 megs
0...1...2...3...4...5...6...7...8...9...10	Bounce #1 added RGB(41329, 21700, 14230)
0...1...2...3...4...5...6...7...8...9...10	Bounce #2 added RGB(8538, 2978, 912)
Build Patch/Sample Hash Table(s).....Done<0.0046 sec>
0...1...2...3...4...5...6...7...8...9...10FinalLightFace Done
0 of 0 (0% of) surface lights went in leaf ambient cubes.
0...1...2...3...4...5...6...7...8...9...10Writing leaf ambient...done
Ready to Finish

Object names       Objects/Maxobjs  Memory / Maxmem  Fullness 
------------       ---------------  ---------------  -------- 
models                   7/1024          336/49152    ( 0.7%) 
brushes                 41/8192          492/98304    ( 0.5%) 
brushsides             248/65536        1984/524288   ( 0.4%) 
planes                 214/65536        4280/1310720  ( 0.3%) 
vertexes               545/65536        6540/786432   ( 0.8%) 
nodes                  206/65536        6592/2097152  ( 0.3%) 
texinfos                29/12288        2088/884736   ( 0.2%) 
texdata                  6/2048          192/65536    ( 0.3%) 
dispinfos                0/0               0/0        ( 0.0%) 
disp_verts               0/0               0/0        ( 0.0%) 
disp_tris                0/0               0/0        ( 0.0%) 
disp_lmsamples           0/0               0/0        ( 0.0%) 
faces                  411/65536       23016/3670016  ( 0.6%) 
hdr faces                0/65536           0/3670016  ( 0.0%) 
origfaces              129/65536        7224/3670016  ( 0.2%) 
leaves                 214/65536        6848/2097152  ( 0.3%) 
leaffaces              637/65536        1274/131072   ( 1.0%) 
leafbrushes            106/65536         212/131072   ( 0.2%) 
areas                    2/256            16/2048     ( 0.8%) 
surfedges             2384/512000       9536/2048000  ( 0.5%) 
edges                 1317/256000       5268/1024000  ( 0.5%) 
LDR worldlights         12/8192         1056/720896   ( 0.1%) 
HDR worldlights          0/8192            0/720896   ( 0.0%) 
leafwaterdata            0/32768           0/393216   ( 0.0%) 
waterstrips             16/32768         160/327680   ( 0.0%) 
waterverts               0/65536           0/786432   ( 0.0%) 
waterindices           261/65536         522/131072   ( 0.4%) 
cubemapsamples           0/1024            0/16384    ( 0.0%) 
overlays                 2/512           704/180224   ( 0.4%) 
LDR lightdata         [variable]      436044/0        ( 0.0%) 
HDR lightdata         [variable]           0/0        ( 0.0%) 
visdata               [variable]        2256/16777216 ( 0.0%) 
entdata               [variable]       45376/393216   (11.5%) 
LDR ambient table      214/65536         856/262144   ( 0.3%) 
HDR ambient table      214/65536         856/262144   ( 0.3%) 
LDR leaf ambient      1021/65536       28588/1835008  ( 1.6%) 
HDR leaf ambient       214/65536        5992/1835008  ( 0.3%) 
occluders                0/0               0/0        ( 0.0%) 
occluder polygons        0/0               0/0        ( 0.0%) 
occluder vert ind        0/0               0/0        ( 0.0%) 
detail props          [variable]           1/12       ( 8.3%) 
static props          [variable]           1/206      ( 0.5%) 
pakfile               [variable]      105663/0        ( 0.0%) 
physics               [variable]       16086/4194304  ( 0.4%) 
physics terrain       [variable]           2/1048576  ( 0.0%) 

Level flags = 0

Total triangle count: 1046
Writing c:\program files (x86)\steam\steamapps\sourcemods\hlmbv\maps\chopshop.bsp
0 seconds elapsed



materialPath: C:\Program Files (x86)\Steam\steamapps\common\half-life 2\hl2\materials
Loading c:\program files (x86)\steam\steamapps\sourcemods\hlmbv\maps\chopshop.vmf
Could not locate 'GameData' key in c:\program files (x86)\steam\steamapps\common\half-life 2\hl2\gameinfo.txt
fixing up env_cubemap materials on brush sides...
0...1...2...3...4...5...6...7...8...9...100...1...2...3...4...5...6...7...8...9...10Processing areas...done (0)
Building Faces...done (0)
FixTjuncs...
PruneNodes...
WriteBSP...
done (0)
writing c:\program files (x86)\steam\steamapps\sourcemods\hlmbv\maps\chopshop.prt...Building visibility clusters...
done (0)
Creating default LDR cubemaps for env_cubemap using skybox materials:
   skybox/sky_day01_01*.vmt
 ! Run buildcubemaps in the engine to get the correct cube maps.
Creating default HDR cubemaps for env_cubemap using skybox materials:
   skybox/sky_day01_01*.vmt
 ! Run buildcubemaps in the engine to get the correct cube maps.
Finding displacement neighbors...
Finding lightmap sample positions...
Displacement Alpha : 0...1...2...3...4...5...6...7...8...9...10
Building Physics collision data...
done (0) (16086 bytes)
Placing detail props : 0...1...2...3...4...5...6...7...8...9...10
Compacting texture/material tables...
Reduced 52 texinfos to 29
Reduced 6 texdatas to 6 (135 bytes to 135)
Writing c:\program files (x86)\steam\steamapps\sourcemods\hlmbv\maps\chopshop.bsp
0 seconds elapsed



4 threads
reading c:\program files (x86)\steam\steamapps\sourcemods\hlmbv\maps\chopshop.bsp
reading c:\program files (x86)\steam\steamapps\sourcemods\hlmbv\maps\chopshop.prt
  78 portalclusters
 134 numportals
0...1...2...3...4...5...6...7...8...9...10Optimized: 32 visible clusters (1.58%)
Total clusters visible: 2020
Average clusters visible: 25
Building PAS...
Average clusters audible: 58
visdatasize:2256  compressed from 2496
writing c:\program files (x86)\steam\steamapps\sourcemods\hlmbv\maps\chopshop.bsp
0 seconds elapsed



[Reading texlights from 'lights.rad']
[45 texlights parsed from 'lights.rad']

Loading c:\program files (x86)\steam\steamapps\sourcemods\hlmbv\maps\chopshop.bsp
411 faces
167991 square feet [24190772.00 square inches]
0 Displacements
0 Square Feet [0.00 Square Inches]
411 patches before subdivision
17589 patches after subdivision
12 direct lights
0...1...2...3...4...5...6...7...8...9...100...1...2...3...4...5...6...7...8...9...10transfers 2098894, max 353
transfer lists:  16.0 megs
0...1...2...3...4...5...6...7...8...9...10	Bounce #1 added RGB(41329, 21700, 14230)
0...1...2...3...4...5...6...7...8...9...10	Bounce #2 added RGB(8538, 2978, 912)
Build Patch/Sample Hash Table(s).....Done<0.0046 sec>
0...1...2...3...4...5...6...7...8...9...10FinalLightFace Done
0 of 0 (0% of) surface lights went in leaf ambient cubes.
0...1...2...3...4...5...6...7...8...9...10Writing leaf ambient...done
Ready to Finish

Object names       Objects/Maxobjs  Memory / Maxmem  Fullness 
------------       ---------------  ---------------  -------- 
models                   7/1024          336/49152    ( 0.7%) 
brushes                 41/8192          492/98304    ( 0.5%) 
brushsides             248/65536        1984/524288   ( 0.4%) 
planes                 214/65536        4280/1310720  ( 0.3%) 
vertexes               545/65536        6540/786432   ( 0.8%) 
nodes                  206/65536        6592/2097152  ( 0.3%) 
texinfos                29/12288        2088/884736   ( 0.2%) 
texdata                  6/2048          192/65536    ( 0.3%) 
dispinfos                0/0               0/0        ( 0.0%) 
disp_verts               0/0               0/0        ( 0.0%) 
disp_tris                0/0               0/0        ( 0.0%) 
disp_lmsamples           0/0               0/0        ( 0.0%) 
faces                  411/65536       23016/3670016  ( 0.6%) 
hdr faces                0/65536           0/3670016  ( 0.0%) 
origfaces              129/65536        7224/3670016  ( 0.2%) 
leaves                 214/65536        6848/2097152  ( 0.3%) 
leaffaces              637/65536        1274/131072   ( 1.0%) 
leafbrushes            106/65536         212/131072   ( 0.2%) 
areas                    2/256            16/2048     ( 0.8%) 
surfedges             2384/512000       9536/2048000  ( 0.5%) 
edges                 1317/256000       5268/1024000  ( 0.5%) 
LDR worldlights         12/8192         1056/720896   ( 0.1%) 
HDR worldlights          0/8192            0/720896   ( 0.0%) 
leafwaterdata            0/32768           0/393216   ( 0.0%) 
waterstrips             16/32768         160/327680   ( 0.0%) 
waterverts               0/65536           0/786432   ( 0.0%) 
waterindices           261/65536         522/131072   ( 0.4%) 
cubemapsamples           0/1024            0/16384    ( 0.0%) 
overlays                 2/512           704/180224   ( 0.4%) 
LDR lightdata         [variable]      436044/0        ( 0.0%) 
HDR lightdata         [variable]           0/0        ( 0.0%) 
visdata               [variable]        2256/16777216 ( 0.0%) 
entdata               [variable]       52808/393216   (13.4%) 
LDR ambient table      214/65536         856/262144   ( 0.3%) 
HDR ambient table      214/65536         856/262144   ( 0.3%) 
LDR leaf ambient      1021/65536       28588/1835008  ( 1.6%) 
HDR leaf ambient       214/65536        5992/1835008  ( 0.3%) 
occluders                0/0               0/0        ( 0.0%) 
occluder polygons        0/0               0/0        ( 0.0%) 
occluder vert ind        0/0               0/0        ( 0.0%) 
detail props          [variable]           1/12       ( 8.3%) 
static props          [variable]           1/206      ( 0.5%) 
pakfile               [variable]      105663/0        ( 0.0%) 
physics               [variable]       16086/4194304  ( 0.4%) 
physics terrain       [variable]           2/1048576  ( 0.0%) 

Level flags = 0

Total triangle count: 1046
Writing c:\program files (x86)\steam\steamapps\sourcemods\hlmbv\maps\chopshop.bsp
0 seconds elapsed
