PRT1
59
168
4 0 2 (1536 1024 -256 ) (1536 1024 1216 ) (1024 1024 1216 ) (1024 1024 -256 ) 
4 0 1 (1024 1024 -256 ) (1024 1024 1216 ) (1024 1600 1216 ) (1024 1600 -256 ) 
4 1 12 (0 1024 -256 ) (0 1024 1216 ) (0 1600 1216 ) (0 1600 -256 ) 
4 1 10 (288 1024 160 ) (0 1024 160 ) (0 1024 -256 ) (288 1024 -256 ) 
4 1 9 (1024 1024 -256 ) (1024 1024 160 ) (288 1024 160 ) (288 1024 -256 ) 
4 1 7 (288 1024 288 ) (0 1024 288 ) (0 1024 160 ) (288 1024 160 ) 
4 1 6 (1024 1024 160 ) (1024 1024 288 ) (288 1024 288 ) (288 1024 160 ) 
4 1 3 (1024 1024 288 ) (1024 1024 1216 ) (0 1024 1216 ) (0 1024 288 ) 
4 2 23 (1536 0 -256 ) (1536 0 1216 ) (1024 0 1216 ) (1024 0 -256 ) 
4 2 9 (1024 1024 160 ) (1024 1024 -256 ) (1024 0 -256 ) (1024 0 160 ) 
4 2 6 (1024 1024 288 ) (1024 1024 160 ) (1024 0 160 ) (1024 0 288 ) 
3 2 5 (1024 256 288 ) (1024 0 288 ) (1024 0 586.666748 ) 
5 2 3 (1024 1024 1216 ) (1024 1024 288 ) (1024 256 288 ) (1024 0 586.666748 ) (1024 0 1216 ) 
3 3 26 (1024 0 586.666748 ) (1024 0 820 ) (490.666779 0 586.666687 ) 
5 3 24 (1024 0 820 ) (1024 0 1216 ) (0 0 1216 ) (0 0 586.666687 ) (490.666779 0 586.666687 ) 
5 3 13 (0 0 586.666748 ) (0 0 1216 ) (0 1024 1216 ) (0 1024 288 ) (0 256 288 ) 
4 3 7 (0 256 288 ) (0 1024 288 ) (288 1024 288 ) (288 256 288 ) 
4 3 6 (288 1024 288 ) (1024 1024 288 ) (1024 256 288 ) (288 256 288 ) 
5 3 5 (320 255.997498 288 ) (1024 255.997482 288 ) (1024 0 586.664246 ) (490.661072 0 586.664246 ) (64 159.997650 400 ) 
3 3 4 (490.661072 0 586.664246 ) (0 0 586.664246 ) (0 183.997604 372 ) 
3 4 24 (490.666809 0 586.666687 ) (0 0 586.666687 ) (0 0 372 ) 
3 4 14 (0 0 372 ) (0 0 586.666748 ) (0 184 372 ) 
3 4 5 (64.002045 160.004562 400 ) (490.680664 0 586.670837 ) (64.002045 0 400 ) 
5 5 26 (1024 0 288 ) (1024 0 586.666748 ) (490.666809 0 586.666687 ) (64 0 400 ) (320 0 288 ) 
4 5 6 (1024 0 288 ) (320 0 288 ) (320 256 288 ) (1024 256 288 ) 
4 6 28 (1024 0 160 ) (1024 0 288 ) (288 0 288 ) (288 0 160 ) 
4 6 9 (1024 1024 160 ) (1024 0 160 ) (288 0 160 ) (288 1024 160 ) 
4 6 7 (288 1024 160 ) (288 224 160 ) (288 224 288 ) (288 1024 288 ) 
4 7 15 (0 224 288 ) (0 1024 288 ) (0 1024 160 ) (0 224 160 ) 
4 7 10 (0 224 160 ) (0 1024 160 ) (288 1024 160 ) (288 224 160 ) 
4 8 29 (272 0 288 ) (0 0 288 ) (0 0 160 ) (272 0 160 ) 
4 8 16 (0 0 160 ) (0 0 288 ) (0 208 288 ) (0 208 160 ) 
4 9 33 (1024 0 -256 ) (1024 0 0 ) (288 0 0 ) (288 0 -256 ) 
4 9 31 (1024 0 0 ) (1024 0 160 ) (288 0 160 ) (288 0 0 ) 
4 9 11 (288 224 -256 ) (288 0 -256 ) (288 0 0 ) (288 224 0 ) 
4 9 10 (288 1024 -256 ) (288 224 -256 ) (288 224 160 ) (288 1024 160 ) 
4 10 18 (0 224 160 ) (0 1024 160 ) (0 1024 -256 ) (0 224 -256 ) 
4 10 11 (0 224 -256 ) (288 224 -256 ) (288 224 0 ) (0 224 0 ) 
4 11 33 (0 0 0 ) (0 0 -256 ) (288 0 -256 ) (288 0 0 ) 
4 11 19 (0 0 -256 ) (0 0 0 ) (0 224 0 ) (0 224 -256 ) 
4 12 21 (-1024 1024 -256 ) (-1024 1024 1216 ) (-1024 1600 1216 ) (-1024 1600 -256 ) 
4 12 18 (0 1024 -256 ) (0 1024 160 ) (-160 1024 160 ) (-160 1024 -256 ) 
4 12 20 (-160 1024 160 ) (-1024 1024 160 ) (-1024 1024 -256 ) (-160 1024 -256 ) 
4 12 15 (0 1024 160 ) (0 1024 288 ) (-1024 1024 288 ) (-1024 1024 160 ) 
4 12 13 (0 1024 288 ) (0 1024 1216 ) (-1024 1024 1216 ) (-1024 1024 288 ) 
3 13 37 (0 0 586.666748 ) (0 0 848 ) (-224 0 586.666748 ) 
5 13 36 (0 0 848 ) (0 0 1216 ) (-1024 0 1216 ) (-1024 0 586.666687 ) (-224 0 586.666748 ) 
5 13 22 (-1024 0 586.666748 ) (-1024 0 1216 ) (-1024 1024 1216 ) (-1024 1024 288 ) (-1024 256 288 ) 
4 13 15 (0 1024 288 ) (0 256 288 ) (-1024 256 288 ) (-1024 1024 288 ) 
5 13 14 (-1024 255.997513 288 ) (-192 255.997498 288 ) (0 183.997620 372 ) (0 0 586.664307 ) (-1024 0 586.664307 ) 
5 14 37 (0 0 372 ) (0 0 586.666748 ) (-224 0 586.666748 ) (-480 0 288 ) (-192 0 288 ) 
4 14 36 (-224 0 586.666748 ) (-1024 0 586.666687 ) (-1024 0 288 ) (-480 0 288 ) 
3 14 22 (-1024 0 288 ) (-1024 0 586.666748 ) (-1024 256 288 ) 
4 14 17 (-192 0 288 ) (-1024 0 288 ) (-1024 224 288 ) (-192 224 288 ) 
4 14 15 (-1024 224 288 ) (-1024 256 288 ) (-192 256 288 ) (-192 224 288 ) 
4 15 22 (-1024 224 288 ) (-1024 1024 288 ) (-1024 1024 160 ) (-1024 224 160 ) 
4 15 18 (-160 1024 160 ) (0 1024 160 ) (0 224 160 ) (-160 224 160 ) 
4 15 20 (-1024 224 160 ) (-1024 1024 160 ) (-160 1024 160 ) (-160 224 160 ) 
4 15 17 (-1024 224 160 ) (-160 224 160 ) (-160 224 288 ) (-1024 224 288 ) 
4 16 40 (0 0 160 ) (0 0 288 ) (-144 0 288 ) (-144 0 160 ) 
4 17 46 (-160 0 288 ) (-1024 0 288 ) (-1024 0 160 ) (-160 0 160 ) 
4 17 22 (-1024 0 160 ) (-1024 0 288 ) (-1024 224 288 ) (-1024 224 160 ) 
4 17 20 (-160 0 160 ) (-1024 0 160 ) (-1024 224 160 ) (-160 224 160 ) 
4 18 19 (-160 224 0 ) (-160 224 -256 ) (0 224 -256 ) (0 224 0 ) 
4 18 20 (-160 1024 -256 ) (-160 224 -256 ) (-160 224 160 ) (-160 1024 160 ) 
4 19 55 (0 0 -256 ) (0 0 0 ) (-160 0 0 ) (-160 0 -256 ) 
4 19 20 (-160 224 -256 ) (-160 0 -256 ) (-160 0 0 ) (-160 224 0 ) 
4 20 55 (-1024 0 0 ) (-1024 0 -256 ) (-160 0 -256 ) (-160 0 0 ) 
4 20 52 (-160 0 160 ) (-448 0 160 ) (-448 0 0 ) (-160 0 0 ) 
4 20 54 (-448 0 160 ) (-1024 0 160 ) (-1024 0 0 ) (-448 0 0 ) 
4 20 22 (-1024 0 -256 ) (-1024 0 160 ) (-1024 1024 160 ) (-1024 1024 -256 ) 
4 21 22 (-1024 1024 -256 ) (-1024 1024 1216 ) (-1536 1024 1216 ) (-1536 1024 -256 ) 
4 22 56 (-1024 0 -256 ) (-1024 0 1216 ) (-1536 0 1216 ) (-1536 0 -256 ) 
4 23 34 (1536 -1024 -256 ) (1536 -1024 1216 ) (1024 -1024 1216 ) (1024 -1024 -256 ) 
4 23 33 (1024 -1024 -256 ) (1024 -1024 0 ) (1024 0 0 ) (1024 0 -256 ) 
4 23 31 (1024 -1024 0 ) (1024 -1024 160 ) (1024 0 160 ) (1024 0 0 ) 
4 23 28 (1024 -608 288 ) (1024 0 288 ) (1024 0 160 ) (1024 -608 160 ) 
4 23 30 (1024 -1024 160 ) (1024 -1024 288 ) (1024 -608 288 ) (1024 -608 160 ) 
4 23 26 (1024 -1024 288 ) (1024 -1024 820 ) (1024 0 820 ) (1024 0 288 ) 
4 23 24 (1024 -1024 820 ) (1024 -1024 1216 ) (1024 0 1216 ) (1024 0 820 ) 
5 24 37 (0 0 848 ) (0 0 372 ) (0 -340 372 ) (0 -1024 691.200012 ) (0 -1024 848 ) 
4 24 36 (0 0 1216 ) (0 0 848 ) (0 -1024 848 ) (0 -1024 1216 ) 
5 24 35 (1024 -1024 820 ) (1024 -1024 1216 ) (0 -1024 1216 ) (0 -1024 691.200012 ) (729.600159 -1024 691.200012 ) 
5 24 26 (1024 -1024 820 ) (729.599976 -1024 691.200012 ) (64 -400 400 ) (64 0 400 ) (1024 0 820 ) 
4 24 25 (64.003075 -400 400 ) (729.600830 -1024 691.199829 ) (0 -1024 691.199829 ) (0 -400 400 ) 
4 25 38 (0 -460 372 ) (0 -1024 372 ) (0 -1024 691.200012 ) (0 -400 400 ) 
3 25 35 (0 -1024 691.200012 ) (0 -1024 372 ) (729.600159 -1024 691.200012 ) 
4 25 27 (64 -1024 400 ) (0 -1024 372 ) (0 -568 372 ) (64 -544 400 ) 
3 25 26 (729.599976 -1024 691.200012 ) (64 -1024 400 ) (64 -400 400 ) 
4 26 35 (1024 -1024 288 ) (1024 -1024 820 ) (64 -1024 400 ) (320 -1024 288 ) 
4 26 28 (320 0 288 ) (1024 0 288 ) (1024 -608 288 ) (320 -608 288 ) 
4 26 30 (1024 -608 288 ) (1024 -1024 288 ) (320 -1024 288 ) (320 -608 288 ) 
4 26 27 (64 -1024 400.001953 ) (64 -543.998291 400.001953 ) (320.004181 -640 288 ) (320.004181 -1024 288 ) 
4 27 39 (0 -640 288 ) (0 -1024 288 ) (0 -1024 372 ) (0 -568 372 ) 
4 27 35 (64 -1024 400 ) (0 -1024 372 ) (0 -1024 288 ) (320 -1024 288 ) 
4 27 30 (0 -1024 288 ) (0 -640 288 ) (320 -640 288 ) (320 -1024 288 ) 
4 28 31 (288 0 160 ) (1024 0 160 ) (1024 -608 160 ) (288 -608 160 ) 
4 28 30 (288 -608 160 ) (1024 -608 160 ) (1024 -608 288 ) (288 -608 288 ) 
4 29 40 (0 0 288 ) (0 0 160 ) (0 -592 160 ) (0 -592 288 ) 
4 30 41 (0 -608 160 ) (0 -1024 160 ) (0 -1024 288 ) (0 -608 288 ) 
4 30 35 (1024 -1024 160 ) (1024 -1024 288 ) (0 -1024 288 ) (0 -1024 160 ) 
4 30 32 (288 -1024 160 ) (0 -1024 160 ) (0 -608 160 ) (288 -608 160 ) 
4 30 31 (1024 -1024 160 ) (288 -1024 160 ) (288 -608 160 ) (1024 -608 160 ) 
4 31 35 (1024 -1024 0 ) (1024 -1024 160 ) (288 -1024 160 ) (288 -1024 0 ) 
4 31 33 (288 0 0 ) (1024 0 0 ) (1024 -1024 0 ) (288 -1024 0 ) 
4 31 32 (288 -608 0 ) (288 -1024 0 ) (288 -1024 160 ) (288 -608 160 ) 
4 32 51 (0 -608 0 ) (0 -1024 0 ) (0 -1024 160 ) (0 -608 160 ) 
4 32 35 (288 -1024 160 ) (0 -1024 160 ) (0 -1024 0 ) (288 -1024 0 ) 
4 32 33 (0 -1024 0 ) (0 -608 0 ) (288 -608 0 ) (288 -1024 0 ) 
4 33 55 (0 0 0 ) (0 0 -256 ) (0 -1024 -256 ) (0 -1024 0 ) 
4 33 35 (1024 -1024 -256 ) (1024 -1024 0 ) (0 -1024 0 ) (0 -1024 -256 ) 
4 34 35 (1024 -1024 1216 ) (1024 -1024 -256 ) (1024 -1536 -256 ) (1024 -1536 1216 ) 
4 35 57 (0 -1536 -256 ) (0 -1536 1216 ) (0 -1024 1216 ) (0 -1024 -256 ) 
5 36 57 (0 -1024 848 ) (0 -1024 1216 ) (-1024 -1024 1216 ) (-1024 -1024 288 ) (-480 -1024 288 ) 
4 36 56 (-1024 0 1216 ) (-1024 0 288 ) (-1024 -1024 288 ) (-1024 -1024 1216 ) 
4 36 49 (-1024 -608 288 ) (-1024 -192 288 ) (-480 -192 288 ) (-480 -608 288 ) 
4 36 50 (-480 -1024 288 ) (-1024 -1024 288 ) (-1024 -608 288 ) (-480 -608 288 ) 
4 36 46 (-1024 -192 288 ) (-1024 0 288 ) (-480 0 288 ) (-480 -192 288 ) 
4 36 38 (-480.001129 -1024 288 ) (-480.001129 -640 288 ) (-384.001129 -400 400 ) (-134.400970 -1024 691.199951 ) 
5 36 37 (-480.001160 -160 288 ) (-480.001160 0 288 ) (0 0 848.001099 ) (0 -1024 848.001038 ) (-134.400970 -1024 691.199951 ) 
3 37 57 (0 -1024 691.199951 ) (0 -1024 848 ) (-134.400009 -1024 691.199951 ) 
4 37 46 (-480 -160 288 ) (-480 0 288 ) (-192 0 288 ) (-192 -160 288 ) 
4 37 38 (-134.402069 -1024 691.198669 ) (-384.001526 -400.001404 400 ) (0 -400.001343 400 ) (0 -1024 691.198669 ) 
5 38 57 (0 -1024 372 ) (0 -1024 691.199951 ) (-134.400009 -1024 691.199951 ) (-480 -1024 288 ) (-192 -1024 288 ) 
4 38 50 (-192 -1024 288 ) (-480 -1024 288 ) (-480 -640 288 ) (-192 -640 288 ) 
4 38 39 (-192 -1024 288 ) (-192 -640 288 ) (0 -568 372 ) (0 -1024 372 ) 
3 39 57 (0 -1024 288 ) (0 -1024 372 ) (-192 -1024 288 ) 
4 39 50 (-160 -1024 288 ) (-192 -1024 288 ) (-192 -640 288 ) (-160 -640 288 ) 
4 39 45 (-144 -1024 288 ) (-160 -1024 288 ) (-160 -640 288 ) (-144 -640 288 ) 
4 39 41 (0 -1024 288 ) (-144 -1024 288 ) (-144 -640 288 ) (0 -640 288 ) 
4 40 44 (-144 -512 160 ) (-144 -560 160 ) (-144 -560 256 ) (-144 -512 256 ) 
4 40 43 (-144 -336 160 ) (-144 -384 160 ) (-144 -384 256 ) (-144 -336 256 ) 
4 40 42 (-144 -80 160 ) (-144 -128 160 ) (-144 -128 256 ) (-144 -80 256 ) 
4 41 57 (0 -1024 160 ) (0 -1024 288 ) (-144 -1024 288 ) (-144 -1024 160 ) 
4 41 51 (0 -608 160 ) (0 -1024 160 ) (-144 -1024 160 ) (-144 -608 160 ) 
4 41 45 (-144 -608 160 ) (-144 -1024 160 ) (-144 -1024 288 ) (-144 -608 288 ) 
4 42 46 (-160 -80 160 ) (-160 -128 160 ) (-160 -128 256 ) (-160 -80 256 ) 
4 43 47 (-160 -336 160 ) (-160 -384 160 ) (-160 -384 256 ) (-160 -336 256 ) 
4 44 48 (-160 -512 160 ) (-160 -560 160 ) (-160 -560 256 ) (-160 -512 256 ) 
4 45 57 (-144 -1024 288 ) (-160 -1024 288 ) (-160 -1024 160 ) (-144 -1024 160 ) 
4 45 51 (-144 -608 160 ) (-144 -1024 160 ) (-160 -1024 160 ) (-160 -608 160 ) 
4 45 50 (-160 -608 160 ) (-160 -1024 160 ) (-160 -1024 288 ) (-160 -608 288 ) 
4 46 56 (-1024 0 288 ) (-1024 0 160 ) (-1024 -192 160 ) (-1024 -192 288 ) 
4 46 52 (-448 0 160 ) (-160 0 160 ) (-160 -192 160 ) (-448 -192 160 ) 
4 46 54 (-1024 -192 160 ) (-1024 0 160 ) (-448 0 160 ) (-448 -192 160 ) 
4 46 49 (-1024 -192 160 ) (-448 -192 160 ) (-448 -192 288 ) (-1024 -192 288 ) 
4 49 56 (-1024 -192 160 ) (-1024 -608 160 ) (-1024 -608 288 ) (-1024 -192 288 ) 
4 49 54 (-1024 -608 160 ) (-1024 -192 160 ) (-448 -192 160 ) (-448 -608 160 ) 
4 49 50 (-1024 -608 160 ) (-448 -608 160 ) (-448 -608 288 ) (-1024 -608 288 ) 
4 50 57 (-160 -1024 288 ) (-1024 -1024 288 ) (-1024 -1024 160 ) (-160 -1024 160 ) 
4 50 56 (-1024 -608 160 ) (-1024 -1024 160 ) (-1024 -1024 288 ) (-1024 -608 288 ) 
4 50 53 (-448 -608 160 ) (-160 -608 160 ) (-160 -1024 160 ) (-448 -1024 160 ) 
4 50 54 (-1024 -1024 160 ) (-1024 -608 160 ) (-448 -608 160 ) (-448 -1024 160 ) 
4 51 57 (0 -1024 0 ) (0 -1024 160 ) (-160 -1024 160 ) (-160 -1024 0 ) 
4 51 55 (0 -1024 0 ) (-160 -1024 0 ) (-160 -608 0 ) (0 -608 0 ) 
4 51 53 (-160 -608 0 ) (-160 -1024 0 ) (-160 -1024 160 ) (-160 -608 160 ) 
4 52 55 (-448 -192 0 ) (-448 0 0 ) (-160 0 0 ) (-160 -192 0 ) 
4 52 54 (-448 0 0 ) (-448 -192 0 ) (-448 -192 160 ) (-448 0 160 ) 
4 53 57 (-160 -1024 160 ) (-448 -1024 160 ) (-448 -1024 0 ) (-160 -1024 0 ) 
4 53 55 (-160 -1024 0 ) (-448 -1024 0 ) (-448 -608 0 ) (-160 -608 0 ) 
4 53 54 (-448 -608 0 ) (-448 -1024 0 ) (-448 -1024 160 ) (-448 -608 160 ) 
4 54 57 (-448 -1024 160 ) (-1024 -1024 160 ) (-1024 -1024 0 ) (-448 -1024 0 ) 
4 54 56 (-1024 0 160 ) (-1024 0 0 ) (-1024 -1024 0 ) (-1024 -1024 160 ) 
4 54 55 (-448 -1024 0 ) (-1024 -1024 0 ) (-1024 0 0 ) (-448 0 0 ) 
4 55 57 (0 -1024 -256 ) (0 -1024 0 ) (-1024 -1024 0 ) (-1024 -1024 -256 ) 
4 55 56 (-1024 0 0 ) (-1024 0 -256 ) (-1024 -1024 -256 ) (-1024 -1024 0 ) 
4 56 58 (-1024 -1024 -256 ) (-1024 -1024 1216 ) (-1536 -1024 1216 ) (-1536 -1024 -256 ) 
4 57 58 (-1024 -1024 1216 ) (-1024 -1024 -256 ) (-1024 -1536 -256 ) (-1024 -1536 1216 ) 
