


materialPath: C:\Program Files (x86)\Steam\steamapps\common\half-life 2\hl2\materials
Loading c:\program files (x86)\steam\steamapps\sourcemods\hlmbv\maps\computer_intro.vmf
Could not locate 'GameData' key in c:\program files (x86)\steam\steamapps\common\half-life 2\hl2\gameinfo.txt
fixing up env_cubemap materials on brush sides...
0...1...2...3...4...5...6...7...8...9...100...1...2...3...4...5...6...7...8...9...10Processing areas...done (0)
Building Faces...done (0)
FixTjuncs...
PruneNodes...
WriteBSP...
done (0)
writing c:\program files (x86)\steam\steamapps\sourcemods\hlmbv\maps\computer_intro.prt...Building visibility clusters...
done (0)
Creating default LDR cubemaps for env_cubemap using skybox materials:
   skybox/sky_day01_01*.vmt
 ! Run buildcubemaps in the engine to get the correct cube maps.
Creating default HDR cubemaps for env_cubemap using skybox materials:
   skybox/sky_day01_01*.vmt
 ! Run buildcubemaps in the engine to get the correct cube maps.
Finding displacement neighbors...
Finding lightmap sample positions...
Displacement Alpha : 0...1...2...3...4...5...6...7...8...9...10
Building Physics collision data...
done (0) (2876 bytes)
Placing detail props : 0...1...2...3...4...5...6...7...8...9...10
Compacting texture/material tables...
Reduced 12 texinfos to 4
Reduced 3 texdatas to 2 (55 bytes to 33)
Writing c:\program files (x86)\steam\steamapps\sourcemods\hlmbv\maps\computer_intro.bsp
0 seconds elapsed



4 threads
reading c:\program files (x86)\steam\steamapps\sourcemods\hlmbv\maps\computer_intro.bsp
reading c:\program files (x86)\steam\steamapps\sourcemods\hlmbv\maps\computer_intro.prt
   4 portalclusters
   4 numportals
0...1...2...3...4...5...6...7...8...9...100...1...2...3...4...5...6...7...8...9...10Optimized: 0 visible clusters (0.00%)
Total clusters visible: 16
Average clusters visible: 4
Building PAS...
Average clusters audible: 4
visdatasize:44  compressed from 64
writing c:\program files (x86)\steam\steamapps\sourcemods\hlmbv\maps\computer_intro.bsp
0 seconds elapsed



[Reading texlights from 'lights.rad']
[45 texlights parsed from 'lights.rad']

Loading c:\program files (x86)\steam\steamapps\sourcemods\hlmbv\maps\computer_intro.bsp
16 faces
13653 square feet [1966080.00 square inches]
0 Displacements
0 Square Feet [0.00 Square Inches]
16 patches before subdivision
2032 patches after subdivision
1 direct lights
0...1...2...3...4...5...6...7...8...9...100...1...2...3...4...5...6...7...8...9...10transfers 207464, max 233
transfer lists:   1.6 megs
0...1...2...3...4...5...6...7...8...9...10	Bounce #1 added RGB(0, 0, 0)
Build Patch/Sample Hash Table(s).....Done<0.0004 sec>
0...1...2...3...4...5...6...7...8...9...10FinalLightFace Done
0 of 0 (0% of) surface lights went in leaf ambient cubes.
0...1...2...3...4...5...6...7...8...9...10Writing leaf ambient...done
Ready to Finish

Object names       Objects/Maxobjs  Memory / Maxmem  Fullness 
------------       ---------------  ---------------  -------- 
models                   2/1024           96/49152    ( 0.2%) 
brushes                  7/8192           84/98304    ( 0.1%) 
brushsides              42/65536         336/524288   ( 0.1%) 
planes                  68/65536        1360/1310720  ( 0.1%) 
vertexes                19/65536         228/786432   ( 0.0%) 
nodes                   33/65536        1056/2097152  ( 0.1%) 
texinfos                 4/12288         288/884736   ( 0.0%) 
texdata                  2/2048           64/65536    ( 0.1%) 
dispinfos                0/0               0/0        ( 0.0%) 
disp_verts               0/0               0/0        ( 0.0%) 
disp_tris                0/0               0/0        ( 0.0%) 
disp_lmsamples           0/0               0/0        ( 0.0%) 
faces                   16/65536         896/3670016  ( 0.0%) 
hdr faces                0/65536           0/3670016  ( 0.0%) 
origfaces                6/65536         336/3670016  ( 0.0%) 
leaves                  36/65536        1152/2097152  ( 0.1%) 
leaffaces               16/65536          32/131072   ( 0.0%) 
leafbrushes             17/65536          34/131072   ( 0.0%) 
areas                    2/256            16/2048     ( 0.8%) 
surfedges               88/512000        352/2048000  ( 0.0%) 
edges                   45/256000        180/1024000  ( 0.0%) 
LDR worldlights          1/8192           88/720896   ( 0.0%) 
HDR worldlights          0/8192            0/720896   ( 0.0%) 
leafwaterdata            0/32768           0/393216   ( 0.0%) 
waterstrips              0/32768           0/327680   ( 0.0%) 
waterverts               0/65536           0/786432   ( 0.0%) 
waterindices             0/65536           0/131072   ( 0.0%) 
cubemapsamples           0/1024            0/16384    ( 0.0%) 
overlays                 0/512             0/180224   ( 0.0%) 
LDR lightdata         [variable]       33664/0        ( 0.0%) 
HDR lightdata         [variable]           0/0        ( 0.0%) 
visdata               [variable]          44/16777216 ( 0.0%) 
entdata               [variable]        3689/393216   ( 0.9%) 
LDR ambient table       36/65536         144/262144   ( 0.1%) 
HDR ambient table       36/65536         144/262144   ( 0.1%) 
LDR leaf ambient        11/65536         308/1835008  ( 0.0%) 
HDR leaf ambient        36/65536        1008/1835008  ( 0.1%) 
occluders                0/0               0/0        ( 0.0%) 
occluder polygons        0/0               0/0        ( 0.0%) 
occluder vert ind        0/0               0/0        ( 0.0%) 
detail props          [variable]           1/12       ( 8.3%) 
static props          [variable]           1/12       ( 8.3%) 
pakfile               [variable]      105687/0        ( 0.0%) 
physics               [variable]        2876/4194304  ( 0.1%) 
physics terrain       [variable]           2/1048576  ( 0.0%) 

Level flags = 0

Total triangle count: 32
Writing c:\program files (x86)\steam\steamapps\sourcemods\hlmbv\maps\computer_intro.bsp
0 seconds elapsed



[Reading texlights from 'lights.rad']
[45 texlights parsed from 'lights.rad']

Loading c:\program files (x86)\steam\steamapps\sourcemods\hlmbv\maps\computer_intro.bsp
16 faces
13653 square feet [1966080.00 square inches]
0 Displacements
0 Square Feet [0.00 Square Inches]
16 patches before subdivision
2032 patches after subdivision
1 direct lights
0...1...2...3...4...5...6...7...8...9...100...1...2...3...4...5...6...7...8...9...10transfers 207464, max 233
transfer lists:   1.6 megs
0...1...2...3...4...5...6...7...8...9...10	Bounce #1 added RGB(0, 0, 0)
Build Patch/Sample Hash Table(s).....Done<0.0003 sec>
0...1...2...3...4...5...6...7...8...9...10FinalLightFace Done
0 of 0 (0% of) surface lights went in leaf ambient cubes.
0...1...2...3...4...5...6...7...8...9...10Writing leaf ambient...done
Ready to Finish

Object names       Objects/Maxobjs  Memory / Maxmem  Fullness 
------------       ---------------  ---------------  -------- 
models                   2/1024           96/49152    ( 0.2%) 
brushes                  7/8192           84/98304    ( 0.1%) 
brushsides              42/65536         336/524288   ( 0.1%) 
planes                  68/65536        1360/1310720  ( 0.1%) 
vertexes                19/65536         228/786432   ( 0.0%) 
nodes                   33/65536        1056/2097152  ( 0.1%) 
texinfos                 4/12288         288/884736   ( 0.0%) 
texdata                  2/2048           64/65536    ( 0.1%) 
dispinfos                0/0               0/0        ( 0.0%) 
disp_verts               0/0               0/0        ( 0.0%) 
disp_tris                0/0               0/0        ( 0.0%) 
disp_lmsamples           0/0               0/0        ( 0.0%) 
faces                   16/65536         896/3670016  ( 0.0%) 
hdr faces               16/65536         896/3670016  ( 0.0%) 
origfaces                6/65536         336/3670016  ( 0.0%) 
leaves                  36/65536        1152/2097152  ( 0.1%) 
leaffaces               16/65536          32/131072   ( 0.0%) 
leafbrushes             17/65536          34/131072   ( 0.0%) 
areas                    2/256            16/2048     ( 0.8%) 
surfedges               88/512000        352/2048000  ( 0.0%) 
edges                   45/256000        180/1024000  ( 0.0%) 
LDR worldlights          1/8192           88/720896   ( 0.0%) 
HDR worldlights          1/8192           88/720896   ( 0.0%) 
leafwaterdata            0/32768           0/393216   ( 0.0%) 
waterstrips              0/32768           0/327680   ( 0.0%) 
waterverts               0/65536           0/786432   ( 0.0%) 
waterindices             0/65536           0/131072   ( 0.0%) 
cubemapsamples           0/1024            0/16384    ( 0.0%) 
overlays                 0/512             0/180224   ( 0.0%) 
LDR lightdata         [variable]       33664/0        ( 0.0%) 
HDR lightdata         [variable]       33664/0        ( 0.0%) 
visdata               [variable]          44/16777216 ( 0.0%) 
entdata               [variable]        3689/393216   ( 0.9%) 
LDR ambient table       36/65536         144/262144   ( 0.1%) 
HDR ambient table       36/65536         144/262144   ( 0.1%) 
LDR leaf ambient        11/65536         308/1835008  ( 0.0%) 
HDR leaf ambient        11/65536         308/1835008  ( 0.0%) 
occluders                0/0               0/0        ( 0.0%) 
occluder polygons        0/0               0/0        ( 0.0%) 
occluder vert ind        0/0               0/0        ( 0.0%) 
detail props          [variable]           1/12       ( 8.3%) 
static props          [variable]           1/12       ( 8.3%) 
pakfile               [variable]      105687/0        ( 0.0%) 
physics               [variable]        2876/4194304  ( 0.1%) 
physics terrain       [variable]           2/1048576  ( 0.0%) 

Level flags = 0

Total triangle count: 32
Writing c:\program files (x86)\steam\steamapps\sourcemods\hlmbv\maps\computer_intro.bsp
0 seconds elapsed
