PRT1
85
166
4 0 46 (384 0 512 ) (0 0 512 ) (0 0 272 ) (384 0 272 ) 
4 0 45 (1024 0 272 ) (1024 0 512 ) (384 0 512 ) (384 0 272 ) 
4 0 22 (0 0 272 ) (0 0 512 ) (0 384 512 ) (0 384 272 ) 
4 0 21 (0 384 512 ) (0 1024 512 ) (0 1024 272 ) (0 384 272 ) 
4 0 2 (0 384 272 ) (0 1024 272 ) (384 1024 272 ) (384 384 272 ) 
4 0 1 (384 1024 272 ) (1024 1024 272 ) (1024 0 272 ) (384 0 272 ) 
4 1 45 (1024 0 256 ) (1024 0 272 ) (384 0 272 ) (384 0 256 ) 
4 1 3 (1024 0 256 ) (384 0 256 ) (384 1024 256 ) (1024 1024 256 ) 
4 1 2 (384 1024 256 ) (384 384 256 ) (384 384 272 ) (384 1024 272 ) 
4 2 21 (0 384 272 ) (0 1024 272 ) (0 1024 256 ) (0 384 256 ) 
4 2 4 (0 384 256 ) (0 1024 256 ) (384 1024 256 ) (384 384 256 ) 
4 3 48 (1024 0 144 ) (1024 0 256 ) (384 0 256 ) (384 0 144 ) 
4 3 8 (384 1024 144 ) (1024 1024 144 ) (1024 0 144 ) (384 0 144 ) 
4 3 4 (384 1024 144 ) (384 384 144 ) (384 384 256 ) (384 1024 256 ) 
4 4 24 (0 384 256 ) (0 1024 256 ) (0 1024 144 ) (0 384 144 ) 
4 4 9 (0 384 144 ) (0 1024 144 ) (384 1024 144 ) (384 384 144 ) 
4 5 49 (368 0 256 ) (160 0 256 ) (160 0 144 ) (368 0 144 ) 
4 5 6 (160 368 256 ) (160 368 144 ) (160 32 144 ) (160 32 256 ) 
4 6 7 (96 368 256 ) (96 368 144 ) (96 32 144 ) (96 32 256 ) 
4 7 50 (96 0 256 ) (0 0 256 ) (0 0 144 ) (96 0 144 ) 
4 7 28 (0 0 144 ) (0 0 256 ) (0 64 256 ) (0 64 144 ) 
4 7 25 (0 64 256 ) (0 368 256 ) (0 368 144 ) (0 64 144 ) 
4 8 53 (1024 0 128 ) (1024 0 144 ) (384 0 144 ) (384 0 128 ) 
4 8 10 (1024 0 128 ) (384 0 128 ) (384 1024 128 ) (1024 1024 128 ) 
4 8 9 (384 1024 128 ) (384 384 128 ) (384 384 144 ) (384 1024 144 ) 
4 9 33 (0 384 144 ) (0 1024 144 ) (0 1024 128 ) (0 384 128 ) 
4 9 11 (0 384 128 ) (0 1024 128 ) (384 1024 128 ) (384 384 128 ) 
4 10 55 (1024 0 16 ) (1024 0 128 ) (384 0 128 ) (384 0 16 ) 
4 10 19 (384 1024 16 ) (1024 1024 16 ) (1024 0 16 ) (384 0 16 ) 
4 10 11 (384 1024 16 ) (384 384 16 ) (384 384 128 ) (384 1024 128 ) 
4 11 38 (0 384 128 ) (0 1024 128 ) (0 1024 16 ) (0 384 16 ) 
4 11 20 (0 384 16 ) (0 1024 16 ) (384 1024 16 ) (384 384 16 ) 
4 12 40 (0 256 128 ) (0 368 128 ) (0 368 16 ) (0 256 16 ) 
4 12 41 (0 144 128 ) (0 256 128 ) (0 256 16 ) (0 144 16 ) 
4 12 14 (144 144 16 ) (240 144 16 ) (240 144 128 ) (144 144 128 ) 
4 12 15 (0 144 16 ) (112 144 16 ) (112 144 128 ) (0 144 128 ) 
4 12 13 (272 144 16 ) (368 144 16 ) (368 144 128 ) (272 144 128 ) 
4 13 16 (272 112 16 ) (368 112 16 ) (368 112 128 ) (272 112 128 ) 
4 14 16 (144 112 16 ) (240 112 16 ) (240 112 128 ) (144 112 128 ) 
4 15 41 (0 112 128 ) (0 144 128 ) (0 144 16 ) (0 112 16 ) 
4 15 18 (0 112 16 ) (112 112 16 ) (112 112 128 ) (0 112 128 ) 
4 16 56 (368 0 128 ) (144 0 128 ) (144 0 16 ) (368 0 16 ) 
4 16 17 (144 112 128 ) (144 112 16 ) (144 16 16 ) (144 16 128 ) 
4 17 18 (112 112 128 ) (112 112 16 ) (112 16 16 ) (112 16 128 ) 
4 18 62 (48 0 128 ) (0 0 128 ) (0 0 16 ) (48 0 16 ) 
4 18 60 (112 0 128 ) (48 0 128 ) (48 0 16 ) (112 0 16 ) 
4 18 41 (0 0 16 ) (0 0 128 ) (0 112 128 ) (0 112 16 ) 
4 19 65 (1024 0 0 ) (1024 0 16 ) (384 0 16 ) (384 0 0 ) 
4 19 20 (384 1024 0 ) (384 384 0 ) (384 384 16 ) (384 1024 16 ) 
4 20 43 (0 384 16 ) (0 1024 16 ) (0 1024 0 ) (0 384 0 ) 
4 21 31 (-384 1024 256 ) (-368 1024 256 ) (-368 384 256 ) (-384 384 256 ) 
4 21 24 (-368 1024 256 ) (0 1024 256 ) (0 384 256 ) (-368 384 256 ) 
4 21 22 (-384 384 512 ) (-384 384 272 ) (0 384 272 ) (0 384 512 ) 
4 21 23 (-384 1024 256 ) (-384 384 256 ) (-384 384 512 ) (-384 1024 512 ) 
4 22 67 (0 0 272 ) (0 0 512 ) (-384 0 512 ) (-384 0 272 ) 
4 22 23 (-384 0 272 ) (-384 0 512 ) (-384 384 512 ) (-384 384 272 ) 
4 23 69 (-384 0 512 ) (-1024 0 512 ) (-1024 0 256 ) (-384 0 256 ) 
4 23 32 (-384 384 256 ) (-384 0 256 ) (-1024 0 256 ) (-1024 384 256 ) 
4 23 31 (-1024 1024 256 ) (-384 1024 256 ) (-384 384 256 ) (-1024 384 256 ) 
4 24 33 (-368 384 144 ) (-368 1024 144 ) (0 1024 144 ) (0 384 144 ) 
4 24 31 (-368 1024 144 ) (-368 384 144 ) (-368 384 256 ) (-368 1024 256 ) 
4 25 35 (-320 368 144 ) (-128 368 144 ) (-128 256 144 ) (-320 256 144 ) 
4 25 29 (-160 64 144 ) (-96 64 144 ) (-96 64 256 ) (-160 64 256 ) 
4 25 28 (-96 64 144 ) (0 64 144 ) (0 64 256 ) (-96 64 256 ) 
4 25 30 (-320 64 144 ) (-160 64 144 ) (-160 64 256 ) (-320 64 256 ) 
4 25 27 (-320 64 176 ) (-320 64 256 ) (-320 128 256 ) (-320 128 176 ) 
4 25 26 (-320 368 256 ) (-320 368 144 ) (-320 128 144 ) (-320 128 256 ) 
4 26 27 (-368 128 256 ) (-368 128 176 ) (-320 128 176 ) (-320 128 256 ) 
4 27 30 (-368 64 256 ) (-368 64 176 ) (-320 64 176 ) (-320 64 256 ) 
4 28 70 (0 0 144 ) (0 0 256 ) (-96 0 256 ) (-96 0 144 ) 
4 28 29 (-96 64 256 ) (-96 64 144 ) (-96 32 144 ) (-96 32 256 ) 
4 29 30 (-160 64 256 ) (-160 64 144 ) (-160 32 144 ) (-160 32 256 ) 
4 30 72 (-160 0 256 ) (-368 0 256 ) (-368 0 144 ) (-160 0 144 ) 
4 31 33 (-384 1024 144 ) (-368 1024 144 ) (-368 384 144 ) (-384 384 144 ) 
4 31 34 (-1024 384 144 ) (-1024 1024 144 ) (-384 1024 144 ) (-384 384 144 ) 
4 31 32 (-1024 384 144 ) (-384 384 144 ) (-384 384 256 ) (-1024 384 256 ) 
4 32 73 (-384 0 256 ) (-1024 0 256 ) (-1024 0 144 ) (-384 0 144 ) 
4 32 37 (-384 0 144 ) (-1024 0 144 ) (-1024 256 144 ) (-384 256 144 ) 
4 32 36 (-1024 256 144 ) (-1024 368 144 ) (-384 368 144 ) (-384 256 144 ) 
4 32 34 (-1024 368 144 ) (-1024 384 144 ) (-384 384 144 ) (-384 368 144 ) 
4 33 38 (-384 1024 128 ) (0 1024 128 ) (0 384 128 ) (-384 384 128 ) 
4 33 34 (-384 1024 128 ) (-384 384 128 ) (-384 384 144 ) (-384 1024 144 ) 
4 34 39 (-1024 1024 128 ) (-384 1024 128 ) (-384 368 128 ) (-1024 368 128 ) 
4 34 36 (-1024 368 128 ) (-384 368 128 ) (-384 368 144 ) (-1024 368 144 ) 
4 35 40 (-128 256 128 ) (-304 256 128 ) (-304 368 128 ) (-128 368 128 ) 
4 36 42 (-384 256 128 ) (-1024 256 128 ) (-1024 368 128 ) (-384 368 128 ) 
4 36 37 (-1024 256 128 ) (-384 256 128 ) (-384 256 144 ) (-1024 256 144 ) 
4 37 76 (-384 0 144 ) (-1024 0 144 ) (-1024 0 128 ) (-384 0 128 ) 
4 37 42 (-384 0 128 ) (-1024 0 128 ) (-1024 256 128 ) (-384 256 128 ) 
4 38 43 (-384 1024 16 ) (0 1024 16 ) (0 384 16 ) (-384 384 16 ) 
4 38 39 (-384 1024 16 ) (-384 384 16 ) (-384 384 128 ) (-384 1024 128 ) 
4 39 44 (-1024 368 16 ) (-1024 1024 16 ) (-384 1024 16 ) (-384 368 16 ) 
4 39 42 (-1024 368 16 ) (-384 368 16 ) (-384 368 128 ) (-1024 368 128 ) 
4 40 41 (-192 256 16 ) (0 256 16 ) (0 256 128 ) (-304 256 128 ) 
4 41 80 (-48 0 128 ) (-368 0 128 ) (-368 0 16 ) (-48 0 16 ) 
4 41 77 (0 0 16 ) (0 0 128 ) (-48 0 128 ) (-48 0 16 ) 
4 42 82 (-384 0 128 ) (-1024 0 128 ) (-1024 0 16 ) (-384 0 16 ) 
4 42 44 (-384 0 16 ) (-1024 0 16 ) (-1024 368 16 ) (-384 368 16 ) 
4 43 44 (-384 1024 0 ) (-384 384 0 ) (-384 384 16 ) (-384 1024 16 ) 
4 44 84 (-384 0 16 ) (-1024 0 16 ) (-1024 0 0 ) (-384 0 0 ) 
4 45 48 (384 0 256 ) (1024 0 256 ) (1024 -384 256 ) (384 -384 256 ) 
4 45 52 (1024 -384 256 ) (1024 -1024 256 ) (384 -1024 256 ) (384 -384 256 ) 
4 45 46 (384 -384 272 ) (384 -384 512 ) (384 0 512 ) (384 0 272 ) 
4 45 47 (384 -384 256 ) (384 -1024 256 ) (384 -1024 512 ) (384 -384 512 ) 
4 46 67 (0 0 512 ) (0 0 272 ) (0 -384 272 ) (0 -384 512 ) 
4 46 47 (384 -384 272 ) (384 -384 512 ) (0 -384 512 ) (0 -384 272 ) 
4 47 68 (0 -384 256 ) (0 -1024 256 ) (0 -1024 512 ) (0 -384 512 ) 
4 47 52 (384 -384 256 ) (384 -1024 256 ) (0 -1024 256 ) (0 -384 256 ) 
4 48 53 (384 0 144 ) (1024 0 144 ) (1024 -384 144 ) (384 -384 144 ) 
4 48 52 (384 -384 144 ) (1024 -384 144 ) (1024 -384 256 ) (384 -384 256 ) 
4 49 51 (160 -32 144 ) (368 -32 144 ) (368 -32 256 ) (160 -32 256 ) 
4 50 70 (0 0 256 ) (0 0 144 ) (0 -32 144 ) (0 -32 256 ) 
4 50 51 (0 -32 144 ) (96 -32 144 ) (96 -32 256 ) (0 -32 256 ) 
4 51 70 (0 -32 144 ) (0 -368 144 ) (0 -368 256 ) (0 -32 256 ) 
4 52 74 (0 -384 144 ) (0 -1024 144 ) (0 -1024 256 ) (0 -384 256 ) 
4 52 54 (384 -1024 144 ) (0 -1024 144 ) (0 -384 144 ) (384 -384 144 ) 
4 52 53 (1024 -1024 144 ) (384 -1024 144 ) (384 -384 144 ) (1024 -384 144 ) 
4 53 55 (1024 -1024 128 ) (384 -1024 128 ) (384 0 128 ) (1024 0 128 ) 
4 53 54 (384 -384 128 ) (384 -1024 128 ) (384 -1024 144 ) (384 -384 144 ) 
4 54 75 (0 -384 128 ) (0 -1024 128 ) (0 -1024 144 ) (0 -384 144 ) 
4 54 64 (48 -1024 128 ) (0 -1024 128 ) (0 -384 128 ) (48 -384 128 ) 
4 54 61 (384 -1024 128 ) (48 -1024 128 ) (48 -384 128 ) (384 -384 128 ) 
4 55 65 (384 0 16 ) (1024 0 16 ) (1024 -1024 16 ) (384 -1024 16 ) 
4 55 61 (384 -384 16 ) (384 -1024 16 ) (384 -1024 128 ) (384 -384 128 ) 
4 56 59 (144 -272 16 ) (144 -368 16 ) (144 -368 128 ) (144 -272 128 ) 
4 56 57 (144 -16 16 ) (144 -112 16 ) (144 -112 128 ) (144 -16 128 ) 
4 56 58 (144 -144 16 ) (144 -240 16 ) (144 -240 128 ) (144 -144 128 ) 
4 57 60 (112 -16 16 ) (112 -112 16 ) (112 -112 128 ) (112 -16 128 ) 
4 58 60 (112 -144 16 ) (112 -240 16 ) (112 -240 128 ) (112 -144 128 ) 
4 59 60 (112 -272 16 ) (112 -368 16 ) (112 -368 128 ) (112 -272 128 ) 
4 60 62 (48 0 16 ) (48 -368 16 ) (48 -368 128 ) (48 0 128 ) 
4 61 66 (384 -384 16 ) (384 -1024 16 ) (48 -1024 16 ) (48 -384 16 ) 
4 61 64 (48 -384 16 ) (48 -1024 16 ) (48 -1024 128 ) (48 -384 128 ) 
4 62 77 (0 0 128 ) (0 0 16 ) (0 -368 16 ) (0 -368 128 ) 
4 62 63 (0 -368 16 ) (48 -368 16 ) (48 -368 112 ) (0 -368 112 ) 
4 63 78 (0 -368 16 ) (0 -384 16 ) (0 -384 112 ) (0 -368 112 ) 
4 63 64 (0 -384 16 ) (48 -384 16 ) (48 -384 112 ) (0 -384 112 ) 
4 64 79 (0 -384 16 ) (0 -1024 16 ) (0 -1024 128 ) (0 -384 128 ) 
4 64 66 (48 -384 16 ) (48 -1024 16 ) (0 -1024 16 ) (0 -384 16 ) 
4 65 66 (384 -384 0 ) (384 -1024 0 ) (384 -1024 16 ) (384 -384 16 ) 
4 66 83 (0 -384 0 ) (0 -1024 0 ) (0 -1024 16 ) (0 -384 16 ) 
4 67 68 (-384 -384 512 ) (-384 -384 272 ) (0 -384 272 ) (0 -384 512 ) 
4 67 69 (-384 -384 272 ) (-384 -384 512 ) (-384 0 512 ) (-384 0 272 ) 
4 68 74 (0 -384 256 ) (0 -1024 256 ) (-384 -1024 256 ) (-384 -384 256 ) 
4 68 69 (-384 -384 256 ) (-384 -1024 256 ) (-384 -1024 512 ) (-384 -384 512 ) 
4 69 73 (-1024 -384 256 ) (-1024 0 256 ) (-384 0 256 ) (-384 -384 256 ) 
4 69 74 (-1024 -1024 256 ) (-1024 -384 256 ) (-384 -384 256 ) (-384 -1024 256 ) 
4 70 71 (-96 -32 144 ) (-96 -368 144 ) (-96 -368 256 ) (-96 -32 256 ) 
4 71 72 (-160 -32 144 ) (-160 -368 144 ) (-160 -368 256 ) (-160 -32 256 ) 
4 73 76 (-1024 -384 144 ) (-1024 0 144 ) (-384 0 144 ) (-384 -384 144 ) 
4 73 74 (-1024 -384 144 ) (-384 -384 144 ) (-384 -384 256 ) (-1024 -384 256 ) 
4 74 75 (0 -1024 144 ) (-384 -1024 144 ) (-384 -384 144 ) (0 -384 144 ) 
4 74 76 (-384 -1024 144 ) (-1024 -1024 144 ) (-1024 -384 144 ) (-384 -384 144 ) 
4 75 81 (-48 -1024 128 ) (-384 -1024 128 ) (-384 -384 128 ) (-48 -384 128 ) 
4 75 79 (0 -1024 128 ) (-48 -1024 128 ) (-48 -384 128 ) (0 -384 128 ) 
4 75 76 (-384 -384 128 ) (-384 -1024 128 ) (-384 -1024 144 ) (-384 -384 144 ) 
4 76 82 (-384 -1024 128 ) (-1024 -1024 128 ) (-1024 0 128 ) (-384 0 128 ) 
4 77 80 (-48 0 16 ) (-48 -368 16 ) (-48 -368 128 ) (-48 0 128 ) 
4 77 78 (-48 -368 112 ) (-48 -368 16 ) (0 -368 16 ) (0 -368 112 ) 
4 78 79 (-48 -384 112 ) (-48 -384 16 ) (0 -384 16 ) (0 -384 112 ) 
4 79 83 (0 -384 16 ) (0 -1024 16 ) (-48 -1024 16 ) (-48 -384 16 ) 
4 79 81 (-48 -384 16 ) (-48 -1024 16 ) (-48 -1024 128 ) (-48 -384 128 ) 
4 81 83 (-48 -384 16 ) (-48 -1024 16 ) (-384 -1024 16 ) (-384 -384 16 ) 
4 81 82 (-384 -384 16 ) (-384 -1024 16 ) (-384 -1024 128 ) (-384 -384 128 ) 
4 82 84 (-1024 -1024 16 ) (-1024 0 16 ) (-384 0 16 ) (-384 -1024 16 ) 
4 83 84 (-384 -384 0 ) (-384 -1024 0 ) (-384 -1024 16 ) (-384 -384 16 ) 
