PRT1
42
85
4 0 19 (1024 0 768 ) (1024 0 1536 ) (512 0 1536 ) (512 0 768 ) 
4 0 5 (1024 496 768 ) (1024 0 768 ) (512 0 768 ) (512 496 768 ) 
4 0 4 (1024 512 768 ) (1024 496 768 ) (512 496 768 ) (512 512 768 ) 
4 0 3 (512 1024 768 ) (1024 1024 768 ) (1024 512 768 ) (512 512 768 ) 
4 0 2 (512 0 784 ) (512 0 1536 ) (512 512 1536 ) (512 512 784 ) 
4 0 1 (512 1024 768 ) (512 512 768 ) (512 512 1536 ) (512 1024 1536 ) 
4 1 11 (0 512 1536 ) (0 1024 1536 ) (0 1024 768 ) (0 512 768 ) 
4 1 3 (0 512 768 ) (0 1024 768 ) (512 1024 768 ) (512 512 768 ) 
4 1 2 (512 512 784 ) (512 512 1536 ) (0 512 1536 ) (0 512 784 ) 
4 2 20 (512 0 1536 ) (0 0 1536 ) (0 0 784 ) (512 0 784 ) 
4 2 12 (0 0 784 ) (0 0 1536 ) (0 512 1536 ) (0 512 784 ) 
4 3 14 (0 512 768 ) (0 1024 768 ) (0 1024 16 ) (0 512 16 ) 
4 3 10 (0 512 16 ) (0 1024 16 ) (512 1024 16 ) (512 512 16 ) 
4 3 9 (512 1024 16 ) (1024 1024 16 ) (1024 512 16 ) (512 512 16 ) 
4 3 4 (512 512 16 ) (1024 512 16 ) (1024 512 768 ) (512 512 768 ) 
4 4 9 (512 512 16 ) (1024 512 16 ) (1024 496 16 ) (512 496 16 ) 
4 4 5 (512 496 16 ) (1024 496 16 ) (1024 496 768 ) (512 496 768 ) 
4 5 22 (1024 0 16 ) (1024 0 768 ) (512 0 768 ) (512 0 16 ) 
4 5 9 (1024 0 16 ) (512 0 16 ) (512 496 16 ) (1024 496 16 ) 
4 6 23 (496 0 768 ) (176 0 768 ) (176 0 16 ) (496 0 16 ) 
4 6 7 (176 496 768 ) (176 496 64 ) (176 0 64 ) (176 0 768 ) 
4 7 24 (176 0 768 ) (128 0 768 ) (128 0 64 ) (176 0 64 ) 
4 7 8 (128 496 768 ) (128 496 64 ) (128 0 64 ) (128 0 768 ) 
4 8 25 (128 0 768 ) (0 0 768 ) (0 0 16 ) (128 0 16 ) 
4 8 15 (0 0 16 ) (0 0 768 ) (0 496 768 ) (0 496 16 ) 
4 9 29 (1024 0 0 ) (1024 0 16 ) (512 0 16 ) (512 0 0 ) 
4 9 10 (512 1024 0 ) (512 512 0 ) (512 512 16 ) (512 1024 16 ) 
4 10 17 (0 512 16 ) (0 1024 16 ) (0 1024 0 ) (0 512 0 ) 
4 11 14 (-640 1024 768 ) (0 1024 768 ) (0 512 768 ) (-640 512 768 ) 
4 11 12 (-640 512 1536 ) (-640 512 784 ) (0 512 784 ) (0 512 1536 ) 
4 11 13 (-640 1024 768 ) (-640 512 768 ) (-640 512 1536 ) (-640 1024 1536 ) 
4 12 31 (0 0 784 ) (0 0 1536 ) (-640 0 1536 ) (-640 0 784 ) 
4 12 13 (-640 0 784 ) (-640 0 1536 ) (-640 512 1536 ) (-640 512 784 ) 
4 13 33 (-640 0 1536 ) (-1024 0 1536 ) (-1024 0 768 ) (-640 0 768 ) 
4 13 16 (-1024 1024 768 ) (-640 1024 768 ) (-640 0 768 ) (-1024 0 768 ) 
4 14 17 (-640 512 16 ) (-640 1024 16 ) (0 1024 16 ) (0 512 16 ) 
4 14 16 (-640 1024 16 ) (-640 512 16 ) (-640 512 768 ) (-640 1024 768 ) 
4 15 34 (0 0 16 ) (0 0 768 ) (-624 0 768 ) (-624 0 16 ) 
4 16 35 (-640 0 768 ) (-1024 0 768 ) (-1024 0 16 ) (-640 0 16 ) 
4 16 18 (-640 0 16 ) (-1024 0 16 ) (-1024 1024 16 ) (-640 1024 16 ) 
4 17 18 (-640 1024 0 ) (-640 512 0 ) (-640 512 16 ) (-640 1024 16 ) 
4 18 41 (-640 0 16 ) (-1024 0 16 ) (-1024 0 0 ) (-640 0 0 ) 
4 19 26 (1024 -112 768 ) (1024 -128 768 ) (512 -128 768 ) (512 -112 768 ) 
4 19 28 (1024 -128 768 ) (1024 -1024 768 ) (512 -1024 768 ) (512 -128 768 ) 
4 19 22 (512 0 768 ) (1024 0 768 ) (1024 -112 768 ) (512 -112 768 ) 
4 19 20 (512 -128 784 ) (512 -128 1536 ) (512 0 1536 ) (512 0 784 ) 
4 19 21 (512 -128 768 ) (512 -1024 768 ) (512 -1024 1536 ) (512 -128 1536 ) 
4 20 31 (0 0 1536 ) (0 0 784 ) (0 -128 784 ) (0 -128 1536 ) 
4 20 21 (512 -128 784 ) (512 -128 1536 ) (0 -128 1536 ) (0 -128 784 ) 
4 21 32 (0 -128 768 ) (0 -1024 768 ) (0 -1024 1536 ) (0 -128 1536 ) 
4 21 28 (512 -128 768 ) (512 -1024 768 ) (0 -1024 768 ) (0 -128 768 ) 
4 22 29 (512 0 16 ) (1024 0 16 ) (1024 -112 16 ) (512 -112 16 ) 
4 22 27 (512 -112 16 ) (1024 -112 16 ) (1024 -112 128 ) (512 -112 128 ) 
4 22 26 (1024 -112 128 ) (1024 -112 768 ) (512 -112 768 ) (512 -112 128 ) 
4 23 24 (176 -112 64 ) (176 -112 768 ) (176 0 768 ) (176 0 64 ) 
4 24 25 (128 -112 64 ) (128 -112 768 ) (128 0 768 ) (128 0 64 ) 
4 25 34 (0 0 768 ) (0 0 16 ) (0 -112 16 ) (0 -112 768 ) 
4 26 27 (1024 -128 128 ) (512 -128 128 ) (512 -112 128 ) (1024 -112 128 ) 
4 26 28 (1024 -128 128 ) (1024 -128 768 ) (512 -128 768 ) (512 -128 128 ) 
4 27 29 (512 -112 16 ) (1024 -112 16 ) (1024 -128 16 ) (512 -128 16 ) 
4 27 28 (512 -128 16 ) (1024 -128 16 ) (1024 -128 128 ) (512 -128 128 ) 
4 28 39 (0 -128 16 ) (0 -1024 16 ) (0 -1024 768 ) (0 -128 768 ) 
4 28 30 (512 -1024 16 ) (0 -1024 16 ) (0 -128 16 ) (512 -128 16 ) 
4 28 29 (1024 -1024 16 ) (512 -1024 16 ) (512 -128 16 ) (1024 -128 16 ) 
4 29 30 (512 -128 0 ) (512 -1024 0 ) (512 -1024 16 ) (512 -128 16 ) 
4 30 40 (0 -128 0 ) (0 -1024 0 ) (0 -1024 16 ) (0 -128 16 ) 
4 31 32 (-640 -128 1536 ) (-640 -128 784 ) (0 -128 784 ) (0 -128 1536 ) 
4 31 33 (-640 -128 784 ) (-640 -128 1536 ) (-640 0 1536 ) (-640 0 784 ) 
4 32 39 (0 -128 768 ) (0 -1024 768 ) (-640 -1024 768 ) (-640 -128 768 ) 
4 32 33 (-640 -128 768 ) (-640 -1024 768 ) (-640 -1024 1536 ) (-640 -128 1536 ) 
4 33 36 (-1024 -128 768 ) (-1024 -112 768 ) (-640 -112 768 ) (-640 -128 768 ) 
4 33 35 (-1024 -112 768 ) (-1024 0 768 ) (-640 0 768 ) (-640 -112 768 ) 
4 33 39 (-1024 -1024 768 ) (-1024 -128 768 ) (-640 -128 768 ) (-640 -1024 768 ) 
4 34 37 (-112 -112 16 ) (-16 -112 16 ) (-16 -112 128 ) (-112 -112 128 ) 
4 35 41 (-1024 -112 16 ) (-1024 0 16 ) (-640 0 16 ) (-640 -112 16 ) 
4 35 38 (-1024 -112 16 ) (-640 -112 16 ) (-640 -112 128 ) (-1024 -112 128 ) 
4 35 36 (-640 -112 128 ) (-640 -112 768 ) (-1024 -112 768 ) (-1024 -112 128 ) 
4 36 38 (-640 -128 128 ) (-1024 -128 128 ) (-1024 -112 128 ) (-640 -112 128 ) 
4 36 39 (-640 -128 768 ) (-1024 -128 768 ) (-1024 -128 128 ) (-640 -128 128 ) 
4 37 39 (-112 -128 16 ) (-16 -128 16 ) (-16 -128 128 ) (-112 -128 128 ) 
4 38 41 (-1024 -128 16 ) (-1024 -112 16 ) (-640 -112 16 ) (-640 -128 16 ) 
4 38 39 (-1024 -128 16 ) (-640 -128 16 ) (-640 -128 128 ) (-1024 -128 128 ) 
4 39 40 (0 -1024 16 ) (-640 -1024 16 ) (-640 -128 16 ) (0 -128 16 ) 
4 39 41 (-640 -1024 16 ) (-1024 -1024 16 ) (-1024 -128 16 ) (-640 -128 16 ) 
4 40 41 (-640 -128 0 ) (-640 -1024 0 ) (-640 -1024 16 ) (-640 -128 16 ) 
