


materialPath: C:\Program Files (x86)\Steam\steamapps\common\half-life 2\hl2\materials
Loading c:\program files (x86)\steam\steamapps\sourcemods\hlmbv\maps\hotline_miami.vmf
Could not locate 'GameData' key in c:\program files (x86)\steam\steamapps\common\half-life 2\hl2\gameinfo.txt
fixing up env_cubemap materials on brush sides...
0...1...2...3...4...5...6...7...8...9...100...1...2...3...4...5...6...7...8...9...10Processing areas...done (0)
Building Faces...done (0)
FixTjuncs...
PruneNodes...
WriteBSP...
done (0)
writing c:\program files (x86)\steam\steamapps\sourcemods\hlmbv\maps\hotline_miami.prt...Building visibility clusters...
done (0)
Creating default LDR cubemaps for env_cubemap using skybox materials:
   skybox/sky_day01_01*.vmt
 ! Run buildcubemaps in the engine to get the correct cube maps.
Creating default HDR cubemaps for env_cubemap using skybox materials:
   skybox/sky_day01_01*.vmt
 ! Run buildcubemaps in the engine to get the correct cube maps.
Finding displacement neighbors...
Finding lightmap sample positions...
Displacement Alpha : 0...1...2...3...4...5...6...7...8...9...10
Building Physics collision data...
done (0) (5546 bytes)
Placing detail props : 0...1...2...3...4...5...6...7...8...9...10
Compacting texture/material tables...
Reduced 20 texinfos to 16
Reduced 8 texdatas to 8 (215 bytes to 215)
Writing c:\program files (x86)\steam\steamapps\sourcemods\hlmbv\maps\hotline_miami.bsp
0 seconds elapsed



4 threads
reading c:\program files (x86)\steam\steamapps\sourcemods\hlmbv\maps\hotline_miami.bsp
reading c:\program files (x86)\steam\steamapps\sourcemods\hlmbv\maps\hotline_miami.prt
  42 portalclusters
  85 numportals
0...1...2...3...4...5...6...7...8...9...100...1...2...3...4...5...6...7...8...9...10Optimized: 0 visible clusters (0.00%)
Total clusters visible: 1140
Average clusters visible: 27
Building PAS...
Average clusters audible: 41
visdatasize:846  compressed from 672
writing c:\program files (x86)\steam\steamapps\sourcemods\hlmbv\maps\hotline_miami.bsp
0 seconds elapsed



[Reading texlights from 'lights.rad']
[45 texlights parsed from 'lights.rad']

Loading c:\program files (x86)\steam\steamapps\sourcemods\hlmbv\maps\hotline_miami.bsp
259 faces
187804 square feet [27043840.00 square inches]
0 Displacements
0 Square Feet [0.00 Square Inches]
259 patches before subdivision
18469 patches after subdivision
7 direct lights
0...1...2...3...4...5...6...7...8...9...100...1...2...3...4...5...6...7...8...9...10transfers 2427258, max 360
transfer lists:  18.5 megs
0...1...2...3...4...5...6...7...8...9...10	Bounce #1 added RGB(4804, 2477, 1839)
0...1...2...3...4...5...6...7...8...9...10	Bounce #2 added RGB(1301, 423, 160)
0...1...2...3...4...5...6...7...8...9...10	Bounce #3 added RGB(449, 82, 20)
0...1...2...3...4...5...6...7...8...9...10	Bounce #4 added RGB(155, 15, 2)
0...1...2...3...4...5...6...7...8...9...10	Bounce #5 added RGB(54, 3, 0)
0...1...2...3...4...5...6...7...8...9...10	Bounce #6 added RGB(19, 1, 0)
0...1...2...3...4...5...6...7...8...9...10	Bounce #7 added RGB(6, 0, 0)
0...1...2...3...4...5...6...7...8...9...10	Bounce #8 added RGB(2, 0, 0)
0...1...2...3...4...5...6...7...8...9...10	Bounce #9 added RGB(1, 0, 0)
Build Patch/Sample Hash Table(s).....Done<0.0045 sec>
0...1...2...3...4...5...6...7...8...9...10FinalLightFace Done
0 of 0 (0% of) surface lights went in leaf ambient cubes.
0...1...2...3...4...5...6...7...8...9...10Writing leaf ambient...done
Ready to Finish

Object names       Objects/Maxobjs  Memory / Maxmem  Fullness 
------------       ---------------  ---------------  -------- 
models                   1/1024           48/49152    ( 0.1%) 
brushes                 15/8192          180/98304    ( 0.2%) 
brushsides             100/65536         800/524288   ( 0.2%) 
planes                  82/65536        1640/1310720  ( 0.1%) 
vertexes               312/65536        3744/786432   ( 0.5%) 
nodes                   83/65536        2656/2097152  ( 0.1%) 
texinfos                16/12288        1152/884736   ( 0.1%) 
texdata                  8/2048          256/65536    ( 0.4%) 
dispinfos                0/0               0/0        ( 0.0%) 
disp_verts               0/0               0/0        ( 0.0%) 
disp_tris                0/0               0/0        ( 0.0%) 
disp_lmsamples           0/0               0/0        ( 0.0%) 
faces                  259/65536       14504/3670016  ( 0.4%) 
hdr faces                0/65536           0/3670016  ( 0.0%) 
origfaces               34/65536        1904/3670016  ( 0.1%) 
leaves                  85/65536        2720/2097152  ( 0.1%) 
leaffaces              731/65536        1462/131072   ( 1.1%) 
leafbrushes             44/65536          88/131072   ( 0.1%) 
areas                    2/256            16/2048     ( 0.8%) 
surfedges             1260/512000       5040/2048000  ( 0.2%) 
edges                  664/256000       2656/1024000  ( 0.3%) 
LDR worldlights          7/8192          616/720896   ( 0.1%) 
HDR worldlights          0/8192            0/720896   ( 0.0%) 
leafwaterdata            0/32768           0/393216   ( 0.0%) 
waterstrips              9/32768          90/327680   ( 0.0%) 
waterverts               0/65536           0/786432   ( 0.0%) 
waterindices           108/65536         216/131072   ( 0.2%) 
cubemapsamples           0/1024            0/16384    ( 0.0%) 
overlays                 1/512           352/180224   ( 0.2%) 
LDR lightdata         [variable]      473760/0        ( 0.0%) 
HDR lightdata         [variable]           0/0        ( 0.0%) 
visdata               [variable]         846/16777216 ( 0.0%) 
entdata               [variable]        7599/393216   ( 1.9%) 
LDR ambient table       85/65536         340/262144   ( 0.1%) 
HDR ambient table       85/65536         340/262144   ( 0.1%) 
LDR leaf ambient       226/65536        6328/1835008  ( 0.3%) 
HDR leaf ambient        85/65536        2380/1835008  ( 0.1%) 
occluders                0/0               0/0        ( 0.0%) 
occluder polygons        0/0               0/0        ( 0.0%) 
occluder vert ind        0/0               0/0        ( 0.0%) 
detail props          [variable]           1/12       ( 8.3%) 
static props          [variable]           1/484      ( 0.2%) 
pakfile               [variable]      105683/0        ( 0.0%) 
physics               [variable]        5546/4194304  ( 0.1%) 
physics terrain       [variable]           2/1048576  ( 0.0%) 

Level flags = 0

Total triangle count: 606
Writing c:\program files (x86)\steam\steamapps\sourcemods\hlmbv\maps\hotline_miami.bsp
0 seconds elapsed



[Reading texlights from 'lights.rad']
[45 texlights parsed from 'lights.rad']

Loading c:\program files (x86)\steam\steamapps\sourcemods\hlmbv\maps\hotline_miami.bsp
259 faces
187804 square feet [27043840.00 square inches]
0 Displacements
0 Square Feet [0.00 Square Inches]
259 patches before subdivision
18469 patches after subdivision
7 direct lights
0...1...2...3...4...5...6...7...8...9...100...1...2...3...4...5...6...7...8...9...10transfers 2427258, max 360
transfer lists:  18.5 megs
0...1...2...3...4...5...6...7...8...9...10	Bounce #1 added RGB(4804, 2477, 1839)
0...1...2...3...4...5...6...7...8...9...10	Bounce #2 added RGB(1301, 423, 160)
0...1...2...3...4...5...6...7...8...9...10	Bounce #3 added RGB(449, 82, 20)
0...1...2...3...4...5...6...7...8...9...10	Bounce #4 added RGB(155, 15, 2)
0...1...2...3...4...5...6...7...8...9...10	Bounce #5 added RGB(54, 3, 0)
0...1...2...3...4...5...6...7...8...9...10	Bounce #6 added RGB(19, 1, 0)
0...1...2...3...4...5...6...7...8...9...10	Bounce #7 added RGB(6, 0, 0)
0...1...2...3...4...5...6...7...8...9...10	Bounce #8 added RGB(2, 0, 0)
0...1...2...3...4...5...6...7...8...9...10	Bounce #9 added RGB(1, 0, 0)
Build Patch/Sample Hash Table(s).....Done<0.0046 sec>
0...1...2...3...4...5...6...7...8...9...10FinalLightFace Done
0 of 0 (0% of) surface lights went in leaf ambient cubes.
0...1...2...3...4...5...6...7...8...9...10Writing leaf ambient...done
Ready to Finish

Object names       Objects/Maxobjs  Memory / Maxmem  Fullness 
------------       ---------------  ---------------  -------- 
models                   1/1024           48/49152    ( 0.1%) 
brushes                 15/8192          180/98304    ( 0.2%) 
brushsides             100/65536         800/524288   ( 0.2%) 
planes                  82/65536        1640/1310720  ( 0.1%) 
vertexes               312/65536        3744/786432   ( 0.5%) 
nodes                   83/65536        2656/2097152  ( 0.1%) 
texinfos                16/12288        1152/884736   ( 0.1%) 
texdata                  8/2048          256/65536    ( 0.4%) 
dispinfos                0/0               0/0        ( 0.0%) 
disp_verts               0/0               0/0        ( 0.0%) 
disp_tris                0/0               0/0        ( 0.0%) 
disp_lmsamples           0/0               0/0        ( 0.0%) 
faces                  259/65536       14504/3670016  ( 0.4%) 
hdr faces              259/65536       14504/3670016  ( 0.4%) 
origfaces               34/65536        1904/3670016  ( 0.1%) 
leaves                  85/65536        2720/2097152  ( 0.1%) 
leaffaces              731/65536        1462/131072   ( 1.1%) 
leafbrushes             44/65536          88/131072   ( 0.1%) 
areas                    2/256            16/2048     ( 0.8%) 
surfedges             1260/512000       5040/2048000  ( 0.2%) 
edges                  664/256000       2656/1024000  ( 0.3%) 
LDR worldlights          7/8192          616/720896   ( 0.1%) 
HDR worldlights          7/8192          616/720896   ( 0.1%) 
leafwaterdata            0/32768           0/393216   ( 0.0%) 
waterstrips              9/32768          90/327680   ( 0.0%) 
waterverts               0/65536           0/786432   ( 0.0%) 
waterindices           108/65536         216/131072   ( 0.2%) 
cubemapsamples           0/1024            0/16384    ( 0.0%) 
overlays                 1/512           352/180224   ( 0.2%) 
LDR lightdata         [variable]      473760/0        ( 0.0%) 
HDR lightdata         [variable]      473760/0        ( 0.0%) 
visdata               [variable]         846/16777216 ( 0.0%) 
entdata               [variable]        7599/393216   ( 1.9%) 
LDR ambient table       85/65536         340/262144   ( 0.1%) 
HDR ambient table       85/65536         340/262144   ( 0.1%) 
LDR leaf ambient       226/65536        6328/1835008  ( 0.3%) 
HDR leaf ambient       226/65536        6328/1835008  ( 0.3%) 
occluders                0/0               0/0        ( 0.0%) 
occluder polygons        0/0               0/0        ( 0.0%) 
occluder vert ind        0/0               0/0        ( 0.0%) 
detail props          [variable]           1/12       ( 8.3%) 
static props          [variable]           1/484      ( 0.2%) 
pakfile               [variable]      105683/0        ( 0.0%) 
physics               [variable]        5546/4194304  ( 0.1%) 
physics terrain       [variable]           2/1048576  ( 0.0%) 

Level flags = 0

Total triangle count: 606
Writing c:\program files (x86)\steam\steamapps\sourcemods\hlmbv\maps\hotline_miami.bsp
0 seconds elapsed
