PRT1
116
332
4 0 13 (2048 1024 0 ) (2048 1024 304 ) (1024 1024 304 ) (1024 1024 0 ) 
4 0 11 (1648 1024 320 ) (1024 1024 320 ) (1024 1024 304 ) (1648 1024 304 ) 
4 0 10 (1680 1024 320 ) (1648 1024 320 ) (1648 1024 304 ) (1680 1024 304 ) 
4 0 9 (2048 1024 304 ) (2048 1024 320 ) (1680 1024 320 ) (1680 1024 304 ) 
4 0 8 (2048 1024 320 ) (2048 1024 1024 ) (1024 1024 1024 ) (1024 1024 320 ) 
4 0 1 (1024 1024 0 ) (1024 1024 1024 ) (1024 2048 1024 ) (1024 2048 0 ) 
4 1 15 (1024 1024 0 ) (1024 1024 384 ) (64 1024 384 ) (64 1024 0 ) 
4 1 14 (1024 1024 384 ) (1024 1024 1024 ) (64 1024 1024 ) (64 1024 384 ) 
4 1 3 (64 1024 384 ) (64 1024 1024 ) (64 1280 1024 ) (64 1280 384 ) 
4 1 2 (64 2048 0 ) (64 1280 0 ) (64 1280 1024 ) (64 2048 1024 ) 
4 2 5 (48 2048 384 ) (48 2048 0 ) (48 1280 0 ) (48 1280 384 ) 
4 2 4 (48 2048 1024 ) (48 2048 384 ) (48 1280 384 ) (48 1280 1024 ) 
4 2 3 (64 1280 384 ) (64 1280 1024 ) (48 1280 1024 ) (48 1280 384 ) 
4 3 14 (64 1024 1024 ) (48 1024 1024 ) (48 1024 384 ) (64 1024 384 ) 
4 3 6 (48 1024 384 ) (48 1024 1024 ) (48 1264 1024 ) (48 1264 384 ) 
4 3 4 (48 1264 1024 ) (48 1280 1024 ) (48 1280 384 ) (48 1264 384 ) 
4 4 23 (0 2048 1024 ) (0 2048 384 ) (0 1264 384 ) (0 1264 1024 ) 
4 4 6 (48 1264 384 ) (48 1264 1024 ) (0 1264 1024 ) (0 1264 384 ) 
4 4 5 (0 1280 384 ) (0 2048 384 ) (48 2048 384 ) (48 1280 384 ) 
4 5 24 (0 2048 384 ) (0 2048 0 ) (0 1280 0 ) (0 1280 384 ) 
4 6 25 (0 1024 384 ) (0 1024 1024 ) (0 1264 1024 ) (0 1264 384 ) 
4 6 16 (48 1024 384 ) (48 1024 1024 ) (0 1024 1024 ) (0 1024 384 ) 
4 7 26 (0 1024 16 ) (0 1024 368 ) (0 1264 368 ) (0 1264 16 ) 
4 7 17 (48 1024 16 ) (48 1024 368 ) (0 1024 368 ) (0 1024 16 ) 
4 8 74 (1280 0 512 ) (1024 0 512 ) (1024 0 320 ) (1280 0 320 ) 
4 8 71 (1680 0 512 ) (1648 0 512 ) (1648 0 320 ) (1680 0 320 ) 
4 8 70 (2048 0 320 ) (2048 0 512 ) (1680 0 512 ) (1680 0 320 ) 
4 8 73 (1648 0 512 ) (1280 0 512 ) (1280 0 320 ) (1648 0 320 ) 
4 8 69 (2048 0 512 ) (2048 0 1024 ) (1024 0 1024 ) (1024 0 512 ) 
4 8 20 (1024 272 320 ) (1024 240 320 ) (1024 240 1024 ) (1024 272 1024 ) 
4 8 19 (1024 896 320 ) (1024 272 320 ) (1024 272 1024 ) (1024 896 1024 ) 
4 8 22 (1024 240 320 ) (1024 0 320 ) (1024 0 1024 ) (1024 240 1024 ) 
4 8 15 (1024 1024 384 ) (1024 1024 320 ) (1024 896 320 ) (1024 896 384 ) 
4 8 14 (1024 1024 1024 ) (1024 1024 384 ) (1024 896 384 ) (1024 896 1024 ) 
4 8 11 (1024 272 320 ) (1024 1024 320 ) (1648 1024 320 ) (1648 272 320 ) 
4 8 12 (1024 0 320 ) (1024 240 320 ) (1648 240 320 ) (1648 0 320 ) 
4 8 10 (1648 1024 320 ) (1680 1024 320 ) (1680 272 320 ) (1648 272 320 ) 
4 8 9 (1680 1024 320 ) (2048 1024 320 ) (2048 0 320 ) (1680 0 320 ) 
4 9 70 (2048 0 304 ) (2048 0 320 ) (1680 0 320 ) (1680 0 304 ) 
4 9 13 (2048 0 304 ) (1680 0 304 ) (1680 1024 304 ) (2048 1024 304 ) 
4 9 10 (1680 1024 304 ) (1680 272 304 ) (1680 272 320 ) (1680 1024 320 ) 
4 10 13 (1648 272 304 ) (1648 1024 304 ) (1680 1024 304 ) (1680 272 304 ) 
4 10 11 (1648 1024 304 ) (1648 272 304 ) (1648 272 320 ) (1648 1024 320 ) 
4 11 19 (1024 896 304 ) (1024 272 304 ) (1024 272 320 ) (1024 896 320 ) 
4 11 15 (1024 1024 320 ) (1024 1024 304 ) (1024 896 304 ) (1024 896 320 ) 
4 11 13 (1024 272 304 ) (1024 1024 304 ) (1648 1024 304 ) (1648 272 304 ) 
4 12 74 (1280 0 320 ) (1024 0 320 ) (1024 0 304 ) (1280 0 304 ) 
4 12 73 (1648 0 320 ) (1280 0 320 ) (1280 0 304 ) (1648 0 304 ) 
4 12 22 (1024 240 304 ) (1024 0 304 ) (1024 0 320 ) (1024 240 320 ) 
4 12 13 (1648 0 304 ) (1024 0 304 ) (1024 240 304 ) (1648 240 304 ) 
4 13 74 (1280 0 304 ) (1024 0 304 ) (1024 0 0 ) (1280 0 0 ) 
4 13 72 (1680 0 304 ) (1648 0 304 ) (1648 0 0 ) (1680 0 0 ) 
4 13 70 (2048 0 0 ) (2048 0 304 ) (1680 0 304 ) (1680 0 0 ) 
4 13 73 (1648 0 304 ) (1280 0 304 ) (1280 0 0 ) (1648 0 0 ) 
4 13 21 (1024 272 0 ) (1024 240 0 ) (1024 240 304 ) (1024 272 304 ) 
4 13 19 (1024 896 0 ) (1024 272 0 ) (1024 272 304 ) (1024 896 304 ) 
4 13 22 (1024 240 0 ) (1024 0 0 ) (1024 0 304 ) (1024 240 304 ) 
4 13 15 (1024 1024 304 ) (1024 1024 0 ) (1024 896 0 ) (1024 896 304 ) 
4 14 19 (1024 896 384 ) (1024 896 1024 ) (48 896 1024 ) (48 896 384 ) 
4 14 18 (48 896 384 ) (48 896 1024 ) (48 912 1024 ) (48 912 384 ) 
4 14 16 (48 912 1024 ) (48 1024 1024 ) (48 1024 384 ) (48 912 384 ) 
4 14 15 (1024 896 384 ) (64 896 384 ) (64 1024 384 ) (1024 1024 384 ) 
4 15 19 (64 896 0 ) (1024 896 0 ) (1024 896 384 ) (64 896 384 ) 
4 16 38 (0 1024 1024 ) (0 1024 384 ) (0 912 384 ) (0 912 1024 ) 
4 16 18 (0 912 1024 ) (0 912 384 ) (48 912 384 ) (48 912 1024 ) 
4 17 39 (0 1024 368 ) (0 1024 16 ) (0 912 16 ) (0 912 368 ) 
4 18 40 (0 912 1024 ) (0 912 384 ) (0 896 384 ) (0 896 1024 ) 
4 18 19 (0 896 1024 ) (0 896 384 ) (48 896 384 ) (48 896 1024 ) 
4 19 44 (0 272 1024 ) (0 896 1024 ) (0 896 0 ) (0 272 0 ) 
4 19 20 (1024 272 320 ) (1024 272 1024 ) (0 272 1024 ) (0 272 320 ) 
4 19 21 (0 272 0 ) (1024 272 0 ) (1024 272 304 ) (0 272 304 ) 
4 20 48 (0 240 1024 ) (0 272 1024 ) (0 272 320 ) (0 240 320 ) 
4 20 22 (1024 240 320 ) (1024 240 1024 ) (0 240 1024 ) (0 240 320 ) 
4 21 49 (0 272 304 ) (0 272 0 ) (0 240 0 ) (0 240 304 ) 
4 21 22 (0 240 0 ) (1024 240 0 ) (1024 240 304 ) (0 240 304 ) 
4 22 76 (1024 0 0 ) (1024 0 512 ) (384 0 512 ) (384 0 0 ) 
4 22 77 (384 0 512 ) (0 0 512 ) (0 0 0 ) (384 0 0 ) 
4 22 75 (1024 0 512 ) (1024 0 1024 ) (0 0 1024 ) (0 0 512 ) 
4 22 50 (0 0 0 ) (0 0 1024 ) (0 240 1024 ) (0 240 0 ) 
4 23 27 (-432 2048 1024 ) (-432 2048 384 ) (-432 1264 384 ) (-432 1264 1024 ) 
4 23 25 (-432 1264 1024 ) (-432 1264 384 ) (0 1264 384 ) (0 1264 1024 ) 
4 23 24 (-432 1280 384 ) (-432 2048 384 ) (0 2048 384 ) (0 1280 384 ) 
4 24 28 (-432 2048 384 ) (-432 2048 0 ) (-432 1280 0 ) (-432 1280 384 ) 
4 25 38 (0 1024 384 ) (0 1024 1024 ) (-432 1024 1024 ) (-432 1024 384 ) 
4 25 27 (-432 1024 384 ) (-432 1024 1024 ) (-432 1264 1024 ) (-432 1264 384 ) 
4 26 39 (0 1024 16 ) (0 1024 368 ) (-432 1024 368 ) (-432 1024 16 ) 
4 27 51 (-432 1024 384 ) (-432 1024 1024 ) (-448 1024 1024 ) (-448 1024 384 ) 
4 27 30 (-448 2048 896 ) (-448 2048 384 ) (-448 1024 384 ) (-448 1024 896 ) 
4 27 29 (-448 2048 1024 ) (-448 2048 896 ) (-448 1024 896 ) (-448 1024 1024 ) 
4 27 28 (-448 1280 384 ) (-448 2048 384 ) (-432 2048 384 ) (-432 1280 384 ) 
4 28 30 (-448 2048 384 ) (-448 2048 0 ) (-448 1280 0 ) (-448 1280 384 ) 
4 29 54 (-1024 1024 1024 ) (-1024 1024 896 ) (-576 1024 896 ) (-576 1024 1024 ) 
4 29 53 (-576 1024 896 ) (-448 1024 896 ) (-448 1024 1024 ) (-576 1024 1024 ) 
4 29 32 (-1024 1024 896 ) (-1024 1024 1024 ) (-1024 2048 1024 ) (-1024 2048 896 ) 
4 29 31 (-1024 1216 896 ) (-1024 2048 896 ) (-576 2048 896 ) (-576 1216 896 ) 
4 29 30 (-576 2048 896 ) (-448 2048 896 ) (-448 1024 896 ) (-576 1024 896 ) 
4 30 53 (-576 1024 0 ) (-448 1024 0 ) (-448 1024 896 ) (-576 1024 896 ) 
4 30 31 (-576 2048 0 ) (-576 1216 0 ) (-576 1216 896 ) (-576 2048 896 ) 
4 31 33 (-1024 1216 896 ) (-1024 2048 896 ) (-1024 2048 0 ) (-1024 1216 0 ) 
4 32 62 (-1776 1024 1024 ) (-1808 1024 1024 ) (-1808 1024 896 ) (-1776 1024 896 ) 
4 32 64 (-1808 1024 1024 ) (-2048 1024 1024 ) (-2048 1024 896 ) (-1808 1024 896 ) 
4 32 59 (-1024 1024 896 ) (-1024 1024 1024 ) (-1312 1024 1024 ) (-1312 1024 896 ) 
4 32 61 (-1312 1024 1024 ) (-1776 1024 1024 ) (-1776 1024 896 ) (-1312 1024 896 ) 
4 32 35 (-1776 1024 896 ) (-1808 1024 896 ) (-1808 2048 896 ) (-1776 2048 896 ) 
4 32 34 (-1312 1024 896 ) (-1776 1024 896 ) (-1776 2048 896 ) (-1312 2048 896 ) 
4 32 37 (-1808 1024 896 ) (-2048 1024 896 ) (-2048 2048 896 ) (-1808 2048 896 ) 
4 32 33 (-1312 1216 896 ) (-1312 2048 896 ) (-1024 2048 896 ) (-1024 1216 896 ) 
4 33 34 (-1312 2048 0 ) (-1312 1216 0 ) (-1312 1216 896 ) (-1312 2048 896 ) 
4 34 61 (-1312 1024 896 ) (-1776 1024 896 ) (-1776 1024 0 ) (-1312 1024 0 ) 
4 34 35 (-1776 1024 320 ) (-1776 1024 896 ) (-1776 2048 896 ) (-1776 2048 320 ) 
4 34 36 (-1776 2048 0 ) (-1776 1024 0 ) (-1776 1024 304 ) (-1776 2048 304 ) 
4 35 62 (-1776 1024 896 ) (-1808 1024 896 ) (-1808 1024 320 ) (-1776 1024 320 ) 
4 35 37 (-1808 1024 320 ) (-1808 1024 896 ) (-1808 2048 896 ) (-1808 2048 320 ) 
4 36 63 (-1808 1024 304 ) (-1808 1024 0 ) (-1776 1024 0 ) (-1776 1024 304 ) 
4 36 37 (-1808 2048 0 ) (-1808 1024 0 ) (-1808 1024 304 ) (-1808 2048 304 ) 
4 37 64 (-1808 1024 896 ) (-2048 1024 896 ) (-2048 1024 0 ) (-1808 1024 0 ) 
4 38 51 (-432 1024 1024 ) (-432 1024 384 ) (-432 912 384 ) (-432 912 1024 ) 
4 38 43 (-432 912 1024 ) (-432 912 384 ) (-256 912 384 ) (-256 912 1024 ) 
4 38 41 (-256 912 384 ) (-128 912 384 ) (-128 912 1024 ) (-256 912 1024 ) 
4 38 40 (-128 912 384 ) (0 912 384 ) (0 912 1024 ) (-128 912 1024 ) 
4 39 42 (-256 912 16 ) (-128 912 16 ) (-128 912 128 ) (-256 912 128 ) 
4 40 44 (0 896 384 ) (0 896 1024 ) (-128 896 1024 ) (-128 896 384 ) 
4 40 41 (-128 912 1024 ) (-128 912 384 ) (-128 896 384 ) (-128 896 1024 ) 
4 41 45 (-128 896 384 ) (-128 896 1024 ) (-256 896 1024 ) (-256 896 384 ) 
4 41 43 (-256 912 1024 ) (-256 912 384 ) (-256 896 384 ) (-256 896 1024 ) 
4 42 45 (-128 896 16 ) (-128 896 128 ) (-256 896 128 ) (-256 896 16 ) 
4 43 51 (-432 896 384 ) (-432 896 1024 ) (-432 912 1024 ) (-432 912 384 ) 
4 43 47 (-432 896 1024 ) (-432 896 384 ) (-256 896 384 ) (-256 896 1024 ) 
4 44 48 (0 272 1024 ) (-128 272 1024 ) (-128 272 320 ) (0 272 320 ) 
4 44 49 (-128 272 304 ) (-128 272 0 ) (0 272 0 ) (0 272 304 ) 
4 44 46 (-128 272 0 ) (-128 272 16 ) (-128 896 16 ) (-128 848 0 ) 
4 44 45 (-128 272 16 ) (-128 272 1024 ) (-128 896 1024 ) (-128 896 16 ) 
4 45 48 (-128 272 1024 ) (-256 272 1024 ) (-256 272 320 ) (-128 272 320 ) 
4 45 49 (-256 272 304 ) (-256 272 16 ) (-128 272 16 ) (-128 272 304 ) 
4 45 46 (-256 272 16 ) (-256 896 16 ) (-128 896 16 ) (-128 272 16 ) 
4 45 47 (-256 272 16 ) (-256 272 1024 ) (-256 896 1024 ) (-256 896 16 ) 
4 46 49 (-256 272 16 ) (-256 272 0 ) (-128 272 0 ) (-128 272 16 ) 
4 46 47 (-256 272 0 ) (-256 272 16 ) (-256 896 16 ) (-256 848 0 ) 
4 47 52 (-432 896 0 ) (-432 272 0 ) (-432 272 1024 ) (-432 896 1024 ) 
4 47 48 (-256 272 1024 ) (-432 272 1024 ) (-432 272 320 ) (-256 272 320 ) 
4 47 49 (-432 272 304 ) (-432 272 0 ) (-256 272 0 ) (-256 272 304 ) 
4 48 56 (-432 240 320 ) (-432 240 1024 ) (-432 272 1024 ) (-432 272 320 ) 
4 48 50 (0 240 1024 ) (-432 240 1024 ) (-432 240 320 ) (0 240 320 ) 
4 49 57 (-432 272 0 ) (-432 240 0 ) (-432 240 304 ) (-432 272 304 ) 
4 49 50 (-432 240 304 ) (-432 240 0 ) (0 240 0 ) (0 240 304 ) 
4 50 104 (-64 0 192 ) (-432 0 192 ) (-432 0 0 ) (-64 0 0 ) 
4 50 103 (0 0 0 ) (0 0 192 ) (-64 0 192 ) (-64 0 0 ) 
4 50 100 (-192 0 768 ) (-432 0 768 ) (-432 0 192 ) (-192 0 192 ) 
4 50 99 (0 0 192 ) (0 0 768 ) (-192 0 768 ) (-192 0 192 ) 
4 50 95 (-256 0 1024 ) (-432 0 1024 ) (-432 0 768 ) (-256 0 768 ) 
4 50 94 (0 0 768 ) (0 0 1024 ) (-256 0 1024 ) (-256 0 768 ) 
4 50 58 (-432 240 0 ) (-432 0 0 ) (-432 0 1024 ) (-432 240 1024 ) 
4 51 53 (-448 896 384 ) (-448 896 1024 ) (-448 1024 1024 ) (-448 1024 384 ) 
4 51 52 (-448 896 1024 ) (-448 896 384 ) (-432 896 384 ) (-432 896 1024 ) 
4 52 56 (-432 272 320 ) (-432 272 1024 ) (-448 272 1024 ) (-448 272 320 ) 
4 52 57 (-448 272 0 ) (-432 272 0 ) (-432 272 304 ) (-448 272 304 ) 
4 52 53 (-448 896 0 ) (-448 272 0 ) (-448 272 1024 ) (-448 896 1024 ) 
4 53 56 (-448 272 320 ) (-448 272 1024 ) (-576 272 1024 ) (-576 272 320 ) 
4 53 57 (-576 272 0 ) (-448 272 0 ) (-448 272 304 ) (-576 272 304 ) 
4 53 54 (-576 608 896 ) (-576 608 1024 ) (-576 1024 1024 ) (-576 1024 896 ) 
4 53 55 (-576 608 0 ) (-576 272 0 ) (-576 272 1024 ) (-576 608 1024 ) 
4 54 59 (-1024 1024 1024 ) (-1024 1024 896 ) (-1024 608 896 ) (-1024 608 1024 ) 
4 54 55 (-576 608 896 ) (-576 608 1024 ) (-1024 608 1024 ) (-1024 608 896 ) 
4 55 60 (-1024 608 0 ) (-1024 272 0 ) (-1024 272 1024 ) (-1024 608 1024 ) 
4 55 56 (-576 272 320 ) (-576 272 1024 ) (-1024 272 1024 ) (-1024 272 320 ) 
4 55 57 (-1024 272 0 ) (-576 272 0 ) (-576 272 304 ) (-1024 272 304 ) 
4 56 65 (-1024 240 320 ) (-1024 240 1024 ) (-1024 272 1024 ) (-1024 272 320 ) 
4 56 58 (-432 240 320 ) (-432 240 1024 ) (-1024 240 1024 ) (-1024 240 320 ) 
4 57 66 (-1024 272 0 ) (-1024 240 0 ) (-1024 240 304 ) (-1024 272 304 ) 
4 57 58 (-1024 240 0 ) (-432 240 0 ) (-432 240 304 ) (-1024 240 304 ) 
4 58 104 (-704 0 0 ) (-432 0 0 ) (-432 0 192 ) (-704 0 192 ) 
4 58 106 (-1024 0 192 ) (-1024 0 0 ) (-704 0 0 ) (-704 0 192 ) 
4 58 100 (-576 0 192 ) (-432 0 192 ) (-432 0 768 ) (-576 0 768 ) 
4 58 102 (-1024 0 768 ) (-1024 0 192 ) (-576 0 192 ) (-576 0 768 ) 
4 58 95 (-512 0 768 ) (-432 0 768 ) (-432 0 1024 ) (-512 0 1024 ) 
4 58 98 (-1024 0 1024 ) (-1024 0 768 ) (-512 0 768 ) (-512 0 1024 ) 
4 58 67 (-1024 240 0 ) (-1024 0 0 ) (-1024 0 1024 ) (-1024 240 1024 ) 
4 59 60 (-1312 608 1024 ) (-1312 608 896 ) (-1024 608 896 ) (-1024 608 1024 ) 
4 59 61 (-1312 608 896 ) (-1312 608 1024 ) (-1312 1024 1024 ) (-1312 1024 896 ) 
4 60 65 (-1024 272 320 ) (-1024 272 1024 ) (-1312 272 1024 ) (-1312 272 320 ) 
4 60 66 (-1312 272 0 ) (-1024 272 0 ) (-1024 272 304 ) (-1312 272 304 ) 
4 60 61 (-1312 608 0 ) (-1312 272 0 ) (-1312 272 1024 ) (-1312 608 1024 ) 
4 61 65 (-1312 272 320 ) (-1312 272 1024 ) (-1776 272 1024 ) (-1776 272 320 ) 
4 61 66 (-1776 272 0 ) (-1312 272 0 ) (-1312 272 304 ) (-1776 272 304 ) 
4 61 62 (-1776 272 320 ) (-1776 272 1024 ) (-1776 1024 1024 ) (-1776 1024 320 ) 
4 61 63 (-1776 1024 0 ) (-1776 272 0 ) (-1776 272 304 ) (-1776 1024 304 ) 
4 62 65 (-1776 272 320 ) (-1776 272 1024 ) (-1808 272 1024 ) (-1808 272 320 ) 
4 62 64 (-1808 272 320 ) (-1808 272 1024 ) (-1808 1024 1024 ) (-1808 1024 320 ) 
4 63 66 (-1808 272 0 ) (-1776 272 0 ) (-1776 272 304 ) (-1808 272 304 ) 
4 63 64 (-1808 1024 0 ) (-1808 272 0 ) (-1808 272 304 ) (-1808 1024 304 ) 
4 64 68 (-2048 272 1024 ) (-2048 272 0 ) (-1808 272 0 ) (-1808 272 1024 ) 
4 65 68 (-1808 240 1024 ) (-1808 272 1024 ) (-1808 272 320 ) (-1808 240 320 ) 
4 65 67 (-1808 240 1024 ) (-1808 240 320 ) (-1024 240 320 ) (-1024 240 1024 ) 
4 66 67 (-1808 240 304 ) (-1808 240 0 ) (-1024 240 0 ) (-1024 240 304 ) 
4 66 68 (-1808 272 304 ) (-1808 272 0 ) (-1808 240 0 ) (-1808 240 304 ) 
4 67 107 (-1024 0 0 ) (-1024 0 1024 ) (-1808 0 1024 ) (-1808 0 0 ) 
4 67 68 (-1808 0 1024 ) (-1808 240 1024 ) (-1808 240 0 ) (-1808 0 0 ) 
4 68 107 (-1808 0 1024 ) (-2048 0 1024 ) (-2048 0 0 ) (-1808 0 0 ) 
4 69 83 (1280 -1024 1024 ) (1024 -1024 1024 ) (1024 -1024 512 ) (1280 -1024 512 ) 
4 69 82 (1648 -1024 1024 ) (1280 -1024 1024 ) (1280 -1024 512 ) (1648 -1024 512 ) 
4 69 79 (1680 -1024 1024 ) (1648 -1024 1024 ) (1648 -1024 512 ) (1680 -1024 512 ) 
4 69 78 (2048 -1024 512 ) (2048 -1024 1024 ) (1680 -1024 1024 ) (1680 -1024 512 ) 
4 69 75 (1024 0 1024 ) (1024 0 512 ) (1024 -1024 512 ) (1024 -1024 1024 ) 
4 69 74 (1024 -512 512 ) (1024 0 512 ) (1280 0 512 ) (1280 -512 512 ) 
4 69 71 (1648 0 512 ) (1680 0 512 ) (1680 -1024 512 ) (1648 -1024 512 ) 
4 69 70 (1680 0 512 ) (2048 0 512 ) (2048 -1024 512 ) (1680 -1024 512 ) 
4 69 73 (1280 0 512 ) (1648 0 512 ) (1648 -1024 512 ) (1280 -1024 512 ) 
4 70 78 (2048 -1024 0 ) (2048 -1024 512 ) (1680 -1024 512 ) (1680 -1024 0 ) 
4 70 71 (1680 -1024 320 ) (1680 -1024 512 ) (1680 0 512 ) (1680 0 320 ) 
4 70 72 (1680 0 0 ) (1680 -1024 0 ) (1680 -1024 304 ) (1680 0 304 ) 
4 71 79 (1680 -1024 512 ) (1648 -1024 512 ) (1648 -1024 320 ) (1680 -1024 320 ) 
4 71 73 (1648 -1024 320 ) (1648 -1024 512 ) (1648 0 512 ) (1648 0 320 ) 
4 72 80 (1648 -1024 304 ) (1648 -1024 0 ) (1680 -1024 0 ) (1680 -1024 304 ) 
4 72 73 (1648 0 0 ) (1648 -1024 0 ) (1648 -1024 304 ) (1648 0 304 ) 
4 73 82 (1648 -1024 512 ) (1280 -1024 512 ) (1280 -1024 0 ) (1648 -1024 0 ) 
4 73 74 (1280 0 0 ) (1280 -512 0 ) (1280 -512 512 ) (1280 0 512 ) 
4 74 76 (1024 0 512 ) (1024 0 0 ) (1024 -512 0 ) (1024 -512 512 ) 
4 75 99 (0 0 768 ) (0 0 512 ) (0 -1024 512 ) (0 -1024 768 ) 
4 75 94 (0 0 1024 ) (0 0 768 ) (0 -1024 768 ) (0 -1024 1024 ) 
4 75 88 (1024 -1024 512 ) (1024 -1024 1024 ) (0 -1024 1024 ) (0 -1024 512 ) 
4 75 76 (384 -512 512 ) (384 0 512 ) (1024 0 512 ) (1024 -512 512 ) 
4 75 77 (384 -1024 512 ) (0 -1024 512 ) (0 0 512 ) (384 0 512 ) 
4 76 77 (384 0 0 ) (384 -512 0 ) (384 -512 512 ) (384 0 512 ) 
4 77 103 (0 0 192 ) (0 0 0 ) (0 -1024 0 ) (0 -1024 192 ) 
4 77 99 (0 0 512 ) (0 0 192 ) (0 -1024 192 ) (0 -1024 512 ) 
4 77 89 (384 -1024 512 ) (0 -1024 512 ) (0 -1024 0 ) (384 -1024 0 ) 
4 78 79 (1680 -1808 320 ) (1680 -1808 1024 ) (1680 -1024 1024 ) (1680 -1024 320 ) 
4 78 80 (1680 -1024 0 ) (1680 -1808 0 ) (1680 -1808 304 ) (1680 -1024 304 ) 
4 78 81 (1680 -1808 0 ) (1680 -2048 0 ) (1680 -2048 1024 ) (1680 -1808 1024 ) 
4 79 85 (1648 -1776 320 ) (1648 -1808 320 ) (1648 -1808 1024 ) (1648 -1776 1024 ) 
4 79 82 (1648 -1024 1024 ) (1648 -1024 320 ) (1648 -1776 320 ) (1648 -1776 1024 ) 
4 79 81 (1680 -1808 320 ) (1680 -1808 1024 ) (1648 -1808 1024 ) (1648 -1808 320 ) 
4 80 86 (1648 -1776 0 ) (1648 -1808 0 ) (1648 -1808 304 ) (1648 -1776 304 ) 
4 80 82 (1648 -1024 304 ) (1648 -1024 0 ) (1648 -1776 0 ) (1648 -1776 304 ) 
4 80 81 (1680 -1808 0 ) (1680 -1808 304 ) (1648 -1808 304 ) (1648 -1808 0 ) 
4 81 87 (1648 -1808 0 ) (1648 -2048 0 ) (1648 -2048 1024 ) (1648 -1808 1024 ) 
4 82 85 (1648 -1776 320 ) (1648 -1776 1024 ) (1280 -1776 1024 ) (1280 -1776 320 ) 
4 82 86 (1280 -1776 0 ) (1648 -1776 0 ) (1648 -1776 304 ) (1280 -1776 304 ) 
4 82 83 (1280 -1088 512 ) (1280 -1088 1024 ) (1280 -1024 1024 ) (1280 -1024 512 ) 
4 82 84 (1280 -1088 0 ) (1280 -1776 0 ) (1280 -1776 1024 ) (1280 -1088 1024 ) 
4 83 88 (1024 -1024 1024 ) (1024 -1024 512 ) (1024 -1088 512 ) (1024 -1088 1024 ) 
4 83 84 (1280 -1088 512 ) (1280 -1088 1024 ) (1024 -1088 1024 ) (1024 -1088 512 ) 
4 84 90 (1024 -1088 0 ) (1024 -1776 0 ) (1024 -1776 512 ) (1024 -1088 512 ) 
4 84 88 (1024 -1776 512 ) (1024 -1776 1024 ) (1024 -1088 1024 ) (1024 -1088 512 ) 
4 84 85 (1280 -1776 320 ) (1280 -1776 1024 ) (1024 -1776 1024 ) (1024 -1776 320 ) 
4 84 86 (1024 -1776 0 ) (1280 -1776 0 ) (1280 -1776 304 ) (1024 -1776 304 ) 
4 85 91 (1024 -1808 320 ) (1024 -1808 512 ) (1024 -1776 512 ) (1024 -1776 320 ) 
4 85 88 (1024 -1808 512 ) (1024 -1808 1024 ) (1024 -1776 1024 ) (1024 -1776 512 ) 
4 85 87 (1648 -1808 320 ) (1648 -1808 1024 ) (1024 -1808 1024 ) (1024 -1808 320 ) 
4 86 92 (1024 -1776 0 ) (1024 -1808 0 ) (1024 -1808 304 ) (1024 -1776 304 ) 
4 86 87 (1024 -1808 0 ) (1648 -1808 0 ) (1648 -1808 304 ) (1024 -1808 304 ) 
4 87 93 (1024 -1808 0 ) (1024 -2048 0 ) (1024 -2048 512 ) (1024 -1808 512 ) 
4 87 88 (1024 -2048 512 ) (1024 -2048 1024 ) (1024 -1808 1024 ) (1024 -1808 512 ) 
4 88 108 (0 -2048 512 ) (0 -2048 1024 ) (0 -1024 1024 ) (0 -1024 512 ) 
4 88 91 (0 -1808 512 ) (0 -1776 512 ) (1024 -1776 512 ) (1024 -1808 512 ) 
4 88 90 (0 -1776 512 ) (0 -1088 512 ) (1024 -1088 512 ) (1024 -1776 512 ) 
4 88 93 (1024 -2048 512 ) (0 -2048 512 ) (0 -1808 512 ) (1024 -1808 512 ) 
4 88 89 (0 -1088 512 ) (0 -1024 512 ) (384 -1024 512 ) (384 -1088 512 ) 
4 89 109 (0 -1024 320 ) (0 -1024 0 ) (0 -1088 0 ) (0 -1088 320 ) 
4 89 108 (0 -1088 512 ) (0 -1024 512 ) (0 -1024 320 ) (0 -1088 320 ) 
4 89 90 (0 -1088 0 ) (384 -1088 0 ) (384 -1088 512 ) (0 -1088 512 ) 
4 90 109 (0 -1088 320 ) (0 -1088 0 ) (0 -1776 0 ) (0 -1776 320 ) 
4 90 108 (0 -1776 512 ) (0 -1088 512 ) (0 -1088 320 ) (0 -1776 320 ) 
4 90 91 (1024 -1776 320 ) (1024 -1776 512 ) (0 -1776 512 ) (0 -1776 320 ) 
4 90 92 (0 -1776 0 ) (1024 -1776 0 ) (1024 -1776 304 ) (0 -1776 304 ) 
4 91 108 (0 -1808 512 ) (0 -1776 512 ) (0 -1776 320 ) (0 -1808 320 ) 
4 91 93 (1024 -1808 320 ) (1024 -1808 512 ) (0 -1808 512 ) (0 -1808 320 ) 
4 92 110 (0 -1776 304 ) (0 -1776 0 ) (0 -1808 0 ) (0 -1808 304 ) 
4 92 93 (0 -1808 0 ) (1024 -1808 0 ) (1024 -1808 304 ) (0 -1808 304 ) 
4 93 111 (0 -2048 0 ) (0 -2048 320 ) (0 -1808 320 ) (0 -1808 0 ) 
4 93 108 (0 -2048 320 ) (0 -2048 512 ) (0 -1808 512 ) (0 -1808 320 ) 
4 94 108 (0 -1024 768 ) (0 -1024 1024 ) (-256 -1024 1024 ) (-256 -1024 768 ) 
4 94 100 (-256 0 768 ) (-192 0 768 ) (-192 -320 768 ) (-256 -320 768 ) 
4 94 101 (-192 -768 768 ) (-192 -1024 768 ) (-256 -1024 768 ) (-256 -768 768 ) 
4 94 99 (-192 0 768 ) (0 0 768 ) (0 -1024 768 ) (-192 -1024 768 ) 
4 94 96 (-256 -704 960 ) (-256 -704 1024 ) (-256 -384 1024 ) (-256 -384 960 ) 
4 94 95 (-256 0 768 ) (-256 -384 768 ) (-256 -384 1024 ) (-256 0 1024 ) 
4 94 97 (-256 -704 768 ) (-256 -1024 768 ) (-256 -1024 1024 ) (-256 -704 1024 ) 
4 95 100 (-512 0 768 ) (-256 0 768 ) (-256 -320 768 ) (-512 -320 768 ) 
4 95 96 (-512 -384 1024 ) (-512 -384 960 ) (-256 -384 960 ) (-256 -384 1024 ) 
4 95 98 (-512 0 768 ) (-512 -384 768 ) (-512 -384 1024 ) (-512 0 1024 ) 
4 96 98 (-512 -704 960 ) (-512 -704 1024 ) (-512 -384 1024 ) (-512 -384 960 ) 
4 96 97 (-512 -704 1024 ) (-512 -704 960 ) (-256 -704 960 ) (-256 -704 1024 ) 
4 97 108 (-256 -1024 1024 ) (-512 -1024 1024 ) (-512 -1024 768 ) (-256 -1024 768 ) 
4 97 101 (-256 -768 768 ) (-256 -1024 768 ) (-512 -1024 768 ) (-512 -768 768 ) 
4 97 98 (-512 -704 768 ) (-512 -1024 768 ) (-512 -1024 1024 ) (-512 -704 1024 ) 
4 98 108 (-512 -1024 1024 ) (-1024 -1024 1024 ) (-1024 -1024 768 ) (-512 -1024 768 ) 
4 98 107 (-1024 0 1024 ) (-1024 0 768 ) (-1024 -1024 768 ) (-1024 -1024 1024 ) 
4 98 100 (-576 0 768 ) (-512 0 768 ) (-512 -320 768 ) (-576 -320 768 ) 
4 98 101 (-512 -768 768 ) (-512 -1024 768 ) (-576 -1024 768 ) (-576 -768 768 ) 
4 98 102 (-1024 -1024 768 ) (-1024 0 768 ) (-576 0 768 ) (-576 -1024 768 ) 
4 99 109 (0 -1024 192 ) (0 -1024 320 ) (-192 -1024 320 ) (-192 -1024 192 ) 
4 99 108 (0 -1024 320 ) (0 -1024 768 ) (-192 -1024 768 ) (-192 -1024 320 ) 
4 99 104 (-192 -192 192 ) (-192 0 192 ) (-64 0 192 ) (-64 -192 192 ) 
4 99 105 (-64 -1024 192 ) (-192 -1024 192 ) (-192 -896 192 ) (-64 -896 192 ) 
4 99 103 (0 -1024 192 ) (-64 -1024 192 ) (-64 0 192 ) (0 0 192 ) 
4 99 100 (-192 0 192 ) (-192 -320 192 ) (-192 -320 768 ) (-192 0 768 ) 
4 99 101 (-192 -768 192 ) (-192 -1024 192 ) (-192 -1024 768 ) (-192 -768 768 ) 
4 100 104 (-576 -192 192 ) (-576 0 192 ) (-192 0 192 ) (-192 -192 192 ) 
4 100 102 (-576 0 192 ) (-576 -320 192 ) (-576 -320 768 ) (-576 0 768 ) 
4 101 109 (-576 -1024 320 ) (-576 -1024 192 ) (-192 -1024 192 ) (-192 -1024 320 ) 
4 101 108 (-192 -1024 768 ) (-576 -1024 768 ) (-576 -1024 320 ) (-192 -1024 320 ) 
4 101 105 (-192 -1024 192 ) (-576 -1024 192 ) (-576 -896 192 ) (-192 -896 192 ) 
4 101 102 (-576 -768 192 ) (-576 -1024 192 ) (-576 -1024 768 ) (-576 -768 768 ) 
4 102 109 (-1024 -1024 320 ) (-1024 -1024 192 ) (-576 -1024 192 ) (-576 -1024 320 ) 
4 102 108 (-576 -1024 768 ) (-1024 -1024 768 ) (-1024 -1024 320 ) (-576 -1024 320 ) 
4 102 107 (-1024 0 768 ) (-1024 0 192 ) (-1024 -1024 192 ) (-1024 -1024 768 ) 
4 102 104 (-704 -192 192 ) (-704 0 192 ) (-576 0 192 ) (-576 -192 192 ) 
4 102 105 (-576 -1024 192 ) (-704 -1024 192 ) (-704 -896 192 ) (-576 -896 192 ) 
4 102 106 (-704 -1024 192 ) (-1024 -1024 192 ) (-1024 0 192 ) (-704 0 192 ) 
4 103 109 (0 -1024 0 ) (0 -1024 192 ) (-64 -1024 192 ) (-64 -1024 0 ) 
4 103 104 (-64 0 0 ) (-64 -192 0 ) (-64 -192 192 ) (-64 0 192 ) 
4 103 105 (-64 -896 0 ) (-64 -1024 0 ) (-64 -1024 192 ) (-64 -896 192 ) 
4 104 106 (-704 0 0 ) (-704 -192 0 ) (-704 -192 192 ) (-704 0 192 ) 
4 105 109 (-64 -1024 192 ) (-704 -1024 192 ) (-704 -1024 0 ) (-64 -1024 0 ) 
4 105 106 (-704 -896 0 ) (-704 -1024 0 ) (-704 -1024 192 ) (-704 -896 192 ) 
4 106 109 (-704 -1024 192 ) (-1024 -1024 192 ) (-1024 -1024 0 ) (-704 -1024 0 ) 
4 106 107 (-1024 0 192 ) (-1024 0 0 ) (-1024 -1024 0 ) (-1024 -1024 192 ) 
4 107 113 (-1024 -1024 0 ) (-1024 -1024 320 ) (-2048 -1024 320 ) (-2048 -1024 0 ) 
4 107 112 (-1024 -1024 320 ) (-1024 -1024 1024 ) (-2048 -1024 1024 ) (-2048 -1024 320 ) 
4 108 112 (-1024 -1024 1024 ) (-1024 -1024 320 ) (-1024 -2048 320 ) (-1024 -2048 1024 ) 
4 108 109 (-1024 -1776 320 ) (-1024 -1024 320 ) (0 -1024 320 ) (0 -1776 320 ) 
4 108 111 (-1024 -2048 320 ) (-1024 -1808 320 ) (0 -1808 320 ) (0 -2048 320 ) 
4 109 113 (-1024 -1024 320 ) (-1024 -1024 0 ) (-1024 -1776 0 ) (-1024 -1776 320 ) 
4 109 110 (-1024 -1776 0 ) (0 -1776 0 ) (0 -1776 304 ) (-1024 -1776 304 ) 
4 110 114 (-1024 -1776 0 ) (-1024 -1808 0 ) (-1024 -1808 304 ) (-1024 -1776 304 ) 
4 110 111 (-1024 -1808 0 ) (0 -1808 0 ) (0 -1808 304 ) (-1024 -1808 304 ) 
4 111 115 (-1024 -1808 0 ) (-1024 -2048 0 ) (-1024 -2048 320 ) (-1024 -1808 320 ) 
4 112 113 (-2048 -1776 320 ) (-2048 -1024 320 ) (-1024 -1024 320 ) (-1024 -1776 320 ) 
4 112 115 (-1024 -2048 320 ) (-2048 -2048 320 ) (-2048 -1808 320 ) (-1024 -1808 320 ) 
4 113 114 (-2048 -1776 0 ) (-1024 -1776 0 ) (-1024 -1776 304 ) (-2048 -1776 304 ) 
4 114 115 (-2048 -1808 0 ) (-1024 -1808 0 ) (-1024 -1808 304 ) (-2048 -1808 304 ) 
