


materialPath: C:\Program Files (x86)\Steam\steamapps\common\half-life 2\hl2\materials
Loading c:\program files (x86)\steam\steamapps\sourcemods\hlmbv\maps\its_me_barney.vmf
Could not locate 'GameData' key in c:\program files (x86)\steam\steamapps\common\half-life 2\hl2\gameinfo.txt
fixing up env_cubemap materials on brush sides...
0...1...2...3...4...5...6...7...8...9...100...1...2...3...4...5...6...7...8...9...10Processing areas...done (0)
Building Faces...done (0)
FixTjuncs...
PruneNodes...
WriteBSP...
done (0)
writing c:\program files (x86)\steam\steamapps\sourcemods\hlmbv\maps\its_me_barney.prt...Building visibility clusters...
done (0)
Creating default LDR cubemaps for env_cubemap using skybox materials:
   skybox/sky_day01_01*.vmt
 ! Run buildcubemaps in the engine to get the correct cube maps.
Creating default HDR cubemaps for env_cubemap using skybox materials:
   skybox/sky_day01_01*.vmt
 ! Run buildcubemaps in the engine to get the correct cube maps.
Finding displacement neighbors...
Finding lightmap sample positions...
Displacement Alpha : 0...1...2...3...4...5...6...7...8...9...10
Building Physics collision data...
done (0) (4900 bytes)
Placing detail props : 0...1...2...3...4...5...6...7...8...9...10
Compacting texture/material tables...
Reduced 25 texinfos to 14
Reduced 6 texdatas to 6 (157 bytes to 157)
Writing c:\program files (x86)\steam\steamapps\sourcemods\hlmbv\maps\its_me_barney.bsp
0 seconds elapsed



4 threads
reading c:\program files (x86)\steam\steamapps\sourcemods\hlmbv\maps\its_me_barney.bsp
reading c:\program files (x86)\steam\steamapps\sourcemods\hlmbv\maps\its_me_barney.prt
   3 portalclusters
   2 numportals
0...1...2...3...4...5...6...7...8...9...100...1...2...3...4...5...6...7...8...9...10Optimized: 0 visible clusters (0.00%)
Total clusters visible: 9
Average clusters visible: 3
Building PAS...
Average clusters audible: 3
visdatasize:34  compressed from 48
writing c:\program files (x86)\steam\steamapps\sourcemods\hlmbv\maps\its_me_barney.bsp
0 seconds elapsed



[Reading texlights from 'lights.rad']
[45 texlights parsed from 'lights.rad']

Loading c:\program files (x86)\steam\steamapps\sourcemods\hlmbv\maps\its_me_barney.bsp
29 faces
1429 square feet [205824.00 square inches]
0 Displacements
0 Square Feet [0.00 Square Inches]
29 patches before subdivision
253 patches after subdivision
2 direct lights
0...1...2...3...4...5...6...7...8...9...100...1...2...3...4...5...6...7...8...9...10transfers 10009, max 103
transfer lists:   0.1 megs
0...1...2...3...4...5...6...7...8...9...10	Bounce #1 added RGB(318, 2492, 12601)
0...1...2...3...4...5...6...7...8...9...10	Bounce #2 added RGB(1, 177, 4431)
0...1...2...3...4...5...6...7...8...9...10	Bounce #3 added RGB(0, 14, 1523)
0...1...2...3...4...5...6...7...8...9...10	Bounce #4 added RGB(0, 1, 530)
0...1...2...3...4...5...6...7...8...9...10	Bounce #5 added RGB(0, 0, 184)
0...1...2...3...4...5...6...7...8...9...10	Bounce #6 added RGB(0, 0, 64)
0...1...2...3...4...5...6...7...8...9...10	Bounce #7 added RGB(0, 0, 22)
0...1...2...3...4...5...6...7...8...9...10	Bounce #8 added RGB(0, 0, 8)
0...1...2...3...4...5...6...7...8...9...10	Bounce #9 added RGB(0, 0, 3)
0...1...2...3...4...5...6...7...8...9...10	Bounce #10 added RGB(0, 0, 1)
Build Patch/Sample Hash Table(s).....Done<0.0000 sec>
0...1...2...3...4...5...6...7...8...9...10FinalLightFace Done
0 of 0 (0% of) surface lights went in leaf ambient cubes.
0...1...2...3...4...5...6...7...8...9...10Writing leaf ambient...done
Ready to Finish

Object names       Objects/Maxobjs  Memory / Maxmem  Fullness 
------------       ---------------  ---------------  -------- 
models                   3/1024          144/49152    ( 0.3%) 
brushes                 12/8192          144/98304    ( 0.1%) 
brushsides              72/65536         576/524288   ( 0.1%) 
planes                  84/65536        1680/1310720  ( 0.1%) 
vertexes                41/65536         492/786432   ( 0.1%) 
nodes                   34/65536        1088/2097152  ( 0.1%) 
texinfos                14/12288        1008/884736   ( 0.1%) 
texdata                  6/2048          192/65536    ( 0.3%) 
dispinfos                0/0               0/0        ( 0.0%) 
disp_verts               0/0               0/0        ( 0.0%) 
disp_tris                0/0               0/0        ( 0.0%) 
disp_lmsamples           0/0               0/0        ( 0.0%) 
faces                   29/65536        1624/3670016  ( 0.0%) 
hdr faces                0/65536           0/3670016  ( 0.0%) 
origfaces               25/65536        1400/3670016  ( 0.0%) 
leaves                  38/65536        1216/2097152  ( 0.1%) 
leaffaces               29/65536          58/131072   ( 0.0%) 
leafbrushes             16/65536          32/131072   ( 0.0%) 
areas                    2/256            16/2048     ( 0.8%) 
surfedges              222/512000        888/2048000  ( 0.0%) 
edges                  120/256000        480/1024000  ( 0.0%) 
LDR worldlights          2/8192          176/720896   ( 0.0%) 
HDR worldlights          0/8192            0/720896   ( 0.0%) 
leafwaterdata            0/32768           0/393216   ( 0.0%) 
waterstrips              0/32768           0/327680   ( 0.0%) 
waterverts               0/65536           0/786432   ( 0.0%) 
waterindices             0/65536           0/131072   ( 0.0%) 
cubemapsamples           0/1024            0/16384    ( 0.0%) 
overlays                 0/512             0/180224   ( 0.0%) 
LDR lightdata         [variable]        3964/0        ( 0.0%) 
HDR lightdata         [variable]           0/0        ( 0.0%) 
visdata               [variable]          34/16777216 ( 0.0%) 
entdata               [variable]        2946/393216   ( 0.7%) 
LDR ambient table       38/65536         152/262144   ( 0.1%) 
HDR ambient table       38/65536         152/262144   ( 0.1%) 
LDR leaf ambient       105/65536        2940/1835008  ( 0.2%) 
HDR leaf ambient        38/65536        1064/1835008  ( 0.1%) 
occluders                0/0               0/0        ( 0.0%) 
occluder polygons        0/0               0/0        ( 0.0%) 
occluder vert ind        0/0               0/0        ( 0.0%) 
detail props          [variable]           1/12       ( 8.3%) 
static props          [variable]           1/12       ( 8.3%) 
pakfile               [variable]      105683/0        ( 0.0%) 
physics               [variable]        4900/4194304  ( 0.1%) 
physics terrain       [variable]           2/1048576  ( 0.0%) 

Level flags = 0

Total triangle count: 64
Writing c:\program files (x86)\steam\steamapps\sourcemods\hlmbv\maps\its_me_barney.bsp
0 seconds elapsed



[Reading texlights from 'lights.rad']
[45 texlights parsed from 'lights.rad']

Loading c:\program files (x86)\steam\steamapps\sourcemods\hlmbv\maps\its_me_barney.bsp
29 faces
1429 square feet [205824.00 square inches]
0 Displacements
0 Square Feet [0.00 Square Inches]
29 patches before subdivision
253 patches after subdivision
2 direct lights
0...1...2...3...4...5...6...7...8...9...100...1...2...3...4...5...6...7...8...9...10transfers 10009, max 103
transfer lists:   0.1 megs
0...1...2...3...4...5...6...7...8...9...10	Bounce #1 added RGB(318, 2492, 12601)
0...1...2...3...4...5...6...7...8...9...10	Bounce #2 added RGB(1, 177, 4431)
0...1...2...3...4...5...6...7...8...9...10	Bounce #3 added RGB(0, 14, 1523)
0...1...2...3...4...5...6...7...8...9...10	Bounce #4 added RGB(0, 1, 530)
0...1...2...3...4...5...6...7...8...9...10	Bounce #5 added RGB(0, 0, 184)
0...1...2...3...4...5...6...7...8...9...10	Bounce #6 added RGB(0, 0, 64)
0...1...2...3...4...5...6...7...8...9...10	Bounce #7 added RGB(0, 0, 22)
0...1...2...3...4...5...6...7...8...9...10	Bounce #8 added RGB(0, 0, 8)
0...1...2...3...4...5...6...7...8...9...10	Bounce #9 added RGB(0, 0, 3)
0...1...2...3...4...5...6...7...8...9...10	Bounce #10 added RGB(0, 0, 1)
Build Patch/Sample Hash Table(s).....Done<0.0000 sec>
0...1...2...3...4...5...6...7...8...9...10FinalLightFace Done
0 of 0 (0% of) surface lights went in leaf ambient cubes.
0...1...2...3...4...5...6...7...8...9...10Writing leaf ambient...done
Ready to Finish

Object names       Objects/Maxobjs  Memory / Maxmem  Fullness 
------------       ---------------  ---------------  -------- 
models                   3/1024          144/49152    ( 0.3%) 
brushes                 12/8192          144/98304    ( 0.1%) 
brushsides              72/65536         576/524288   ( 0.1%) 
planes                  84/65536        1680/1310720  ( 0.1%) 
vertexes                41/65536         492/786432   ( 0.1%) 
nodes                   34/65536        1088/2097152  ( 0.1%) 
texinfos                14/12288        1008/884736   ( 0.1%) 
texdata                  6/2048          192/65536    ( 0.3%) 
dispinfos                0/0               0/0        ( 0.0%) 
disp_verts               0/0               0/0        ( 0.0%) 
disp_tris                0/0               0/0        ( 0.0%) 
disp_lmsamples           0/0               0/0        ( 0.0%) 
faces                   29/65536        1624/3670016  ( 0.0%) 
hdr faces               29/65536        1624/3670016  ( 0.0%) 
origfaces               25/65536        1400/3670016  ( 0.0%) 
leaves                  38/65536        1216/2097152  ( 0.1%) 
leaffaces               29/65536          58/131072   ( 0.0%) 
leafbrushes             16/65536          32/131072   ( 0.0%) 
areas                    2/256            16/2048     ( 0.8%) 
surfedges              222/512000        888/2048000  ( 0.0%) 
edges                  120/256000        480/1024000  ( 0.0%) 
LDR worldlights          2/8192          176/720896   ( 0.0%) 
HDR worldlights          2/8192          176/720896   ( 0.0%) 
leafwaterdata            0/32768           0/393216   ( 0.0%) 
waterstrips              0/32768           0/327680   ( 0.0%) 
waterverts               0/65536           0/786432   ( 0.0%) 
waterindices             0/65536           0/131072   ( 0.0%) 
cubemapsamples           0/1024            0/16384    ( 0.0%) 
overlays                 0/512             0/180224   ( 0.0%) 
LDR lightdata         [variable]        3964/0        ( 0.0%) 
HDR lightdata         [variable]        3964/0        ( 0.0%) 
visdata               [variable]          34/16777216 ( 0.0%) 
entdata               [variable]        2946/393216   ( 0.7%) 
LDR ambient table       38/65536         152/262144   ( 0.1%) 
HDR ambient table       38/65536         152/262144   ( 0.1%) 
LDR leaf ambient       105/65536        2940/1835008  ( 0.2%) 
HDR leaf ambient       105/65536        2940/1835008  ( 0.2%) 
occluders                0/0               0/0        ( 0.0%) 
occluder polygons        0/0               0/0        ( 0.0%) 
occluder vert ind        0/0               0/0        ( 0.0%) 
detail props          [variable]           1/12       ( 8.3%) 
static props          [variable]           1/12       ( 8.3%) 
pakfile               [variable]      105683/0        ( 0.0%) 
physics               [variable]        4900/4194304  ( 0.1%) 
physics terrain       [variable]           2/1048576  ( 0.0%) 

Level flags = 0

Total triangle count: 64
Writing c:\program files (x86)\steam\steamapps\sourcemods\hlmbv\maps\its_me_barney.bsp
0 seconds elapsed



materialPath: C:\Program Files (x86)\Steam\steamapps\common\half-life 2\hl2\materials
Loading c:\program files (x86)\steam\steamapps\sourcemods\hlmbv\maps\its_me_barney.vmf
Could not locate 'GameData' key in c:\program files (x86)\steam\steamapps\common\half-life 2\hl2\gameinfo.txt
fixing up env_cubemap materials on brush sides...
0...1...2...3...4...5...6...7...8...9...100...1...2...3...4...5...6...7...8...9...10Processing areas...done (0)
Building Faces...done (0)
FixTjuncs...
PruneNodes...
WriteBSP...
done (0)
writing c:\program files (x86)\steam\steamapps\sourcemods\hlmbv\maps\its_me_barney.prt...Building visibility clusters...
done (0)
Creating default LDR cubemaps for env_cubemap using skybox materials:
   skybox/sky_day01_01*.vmt
 ! Run buildcubemaps in the engine to get the correct cube maps.
Creating default HDR cubemaps for env_cubemap using skybox materials:
   skybox/sky_day01_01*.vmt
 ! Run buildcubemaps in the engine to get the correct cube maps.
Finding displacement neighbors...
Finding lightmap sample positions...
Displacement Alpha : 0...1...2...3...4...5...6...7...8...9...10
Building Physics collision data...
done (0) (4900 bytes)
Placing detail props : 0...1...2...3...4...5...6...7...8...9...10
Compacting texture/material tables...
Reduced 25 texinfos to 14
Reduced 6 texdatas to 6 (157 bytes to 157)
Writing c:\program files (x86)\steam\steamapps\sourcemods\hlmbv\maps\its_me_barney.bsp
0 seconds elapsed



4 threads
reading c:\program files (x86)\steam\steamapps\sourcemods\hlmbv\maps\its_me_barney.bsp
reading c:\program files (x86)\steam\steamapps\sourcemods\hlmbv\maps\its_me_barney.prt
   3 portalclusters
   2 numportals
0...1...2...3...4...5...6...7...8...9...100...1...2...3...4...5...6...7...8...9...10Optimized: 0 visible clusters (0.00%)
Total clusters visible: 9
Average clusters visible: 3
Building PAS...
Average clusters audible: 3
visdatasize:34  compressed from 48
writing c:\program files (x86)\steam\steamapps\sourcemods\hlmbv\maps\its_me_barney.bsp
0 seconds elapsed



[Reading texlights from 'lights.rad']
[45 texlights parsed from 'lights.rad']

Loading c:\program files (x86)\steam\steamapps\sourcemods\hlmbv\maps\its_me_barney.bsp
29 faces
1429 square feet [205824.00 square inches]
0 Displacements
0 Square Feet [0.00 Square Inches]
29 patches before subdivision
253 patches after subdivision
2 direct lights
0...1...2...3...4...5...6...7...8...9...100...1...2...3...4...5...6...7...8...9...10transfers 10009, max 103
transfer lists:   0.1 megs
0...1...2...3...4...5...6...7...8...9...10	Bounce #1 added RGB(318, 2492, 12601)
0...1...2...3...4...5...6...7...8...9...10	Bounce #2 added RGB(1, 177, 4431)
0...1...2...3...4...5...6...7...8...9...10	Bounce #3 added RGB(0, 14, 1523)
0...1...2...3...4...5...6...7...8...9...10	Bounce #4 added RGB(0, 1, 530)
0...1...2...3...4...5...6...7...8...9...10	Bounce #5 added RGB(0, 0, 184)
0...1...2...3...4...5...6...7...8...9...10	Bounce #6 added RGB(0, 0, 64)
0...1...2...3...4...5...6...7...8...9...10	Bounce #7 added RGB(0, 0, 22)
0...1...2...3...4...5...6...7...8...9...10	Bounce #8 added RGB(0, 0, 8)
0...1...2...3...4...5...6...7...8...9...10	Bounce #9 added RGB(0, 0, 3)
0...1...2...3...4...5...6...7...8...9...10	Bounce #10 added RGB(0, 0, 1)
Build Patch/Sample Hash Table(s).....Done<0.0000 sec>
0...1...2...3...4...5...6...7...8...9...10FinalLightFace Done
0 of 0 (0% of) surface lights went in leaf ambient cubes.
0...1...2...3...4...5...6...7...8...9...10Writing leaf ambient...done
Ready to Finish

Object names       Objects/Maxobjs  Memory / Maxmem  Fullness 
------------       ---------------  ---------------  -------- 
models                   3/1024          144/49152    ( 0.3%) 
brushes                 12/8192          144/98304    ( 0.1%) 
brushsides              72/65536         576/524288   ( 0.1%) 
planes                  84/65536        1680/1310720  ( 0.1%) 
vertexes                41/65536         492/786432   ( 0.1%) 
nodes                   34/65536        1088/2097152  ( 0.1%) 
texinfos                14/12288        1008/884736   ( 0.1%) 
texdata                  6/2048          192/65536    ( 0.3%) 
dispinfos                0/0               0/0        ( 0.0%) 
disp_verts               0/0               0/0        ( 0.0%) 
disp_tris                0/0               0/0        ( 0.0%) 
disp_lmsamples           0/0               0/0        ( 0.0%) 
faces                   29/65536        1624/3670016  ( 0.0%) 
hdr faces                0/65536           0/3670016  ( 0.0%) 
origfaces               25/65536        1400/3670016  ( 0.0%) 
leaves                  38/65536        1216/2097152  ( 0.1%) 
leaffaces               29/65536          58/131072   ( 0.0%) 
leafbrushes             16/65536          32/131072   ( 0.0%) 
areas                    2/256            16/2048     ( 0.8%) 
surfedges              222/512000        888/2048000  ( 0.0%) 
edges                  120/256000        480/1024000  ( 0.0%) 
LDR worldlights          2/8192          176/720896   ( 0.0%) 
HDR worldlights          0/8192            0/720896   ( 0.0%) 
leafwaterdata            0/32768           0/393216   ( 0.0%) 
waterstrips              0/32768           0/327680   ( 0.0%) 
waterverts               0/65536           0/786432   ( 0.0%) 
waterindices             0/65536           0/131072   ( 0.0%) 
cubemapsamples           0/1024            0/16384    ( 0.0%) 
overlays                 0/512             0/180224   ( 0.0%) 
LDR lightdata         [variable]        3964/0        ( 0.0%) 
HDR lightdata         [variable]           0/0        ( 0.0%) 
visdata               [variable]          34/16777216 ( 0.0%) 
entdata               [variable]        2945/393216   ( 0.7%) 
LDR ambient table       38/65536         152/262144   ( 0.1%) 
HDR ambient table       38/65536         152/262144   ( 0.1%) 
LDR leaf ambient       105/65536        2940/1835008  ( 0.2%) 
HDR leaf ambient        38/65536        1064/1835008  ( 0.1%) 
occluders                0/0               0/0        ( 0.0%) 
occluder polygons        0/0               0/0        ( 0.0%) 
occluder vert ind        0/0               0/0        ( 0.0%) 
detail props          [variable]           1/12       ( 8.3%) 
static props          [variable]           1/12       ( 8.3%) 
pakfile               [variable]      105683/0        ( 0.0%) 
physics               [variable]        4900/4194304  ( 0.1%) 
physics terrain       [variable]           2/1048576  ( 0.0%) 

Level flags = 0

Total triangle count: 64
Writing c:\program files (x86)\steam\steamapps\sourcemods\hlmbv\maps\its_me_barney.bsp
0 seconds elapsed



[Reading texlights from 'lights.rad']
[45 texlights parsed from 'lights.rad']

Loading c:\program files (x86)\steam\steamapps\sourcemods\hlmbv\maps\its_me_barney.bsp
29 faces
1429 square feet [205824.00 square inches]
0 Displacements
0 Square Feet [0.00 Square Inches]
29 patches before subdivision
253 patches after subdivision
2 direct lights
0...1...2...3...4...5...6...7...8...9...100...1...2...3...4...5...6...7...8...9...10transfers 10009, max 103
transfer lists:   0.1 megs
0...1...2...3...4...5...6...7...8...9...10	Bounce #1 added RGB(318, 2492, 12601)
0...1...2...3...4...5...6...7...8...9...10	Bounce #2 added RGB(1, 177, 4431)
0...1...2...3...4...5...6...7...8...9...10	Bounce #3 added RGB(0, 14, 1523)
0...1...2...3...4...5...6...7...8...9...10	Bounce #4 added RGB(0, 1, 530)
0...1...2...3...4...5...6...7...8...9...10	Bounce #5 added RGB(0, 0, 184)
0...1...2...3...4...5...6...7...8...9...10	Bounce #6 added RGB(0, 0, 64)
0...1...2...3...4...5...6...7...8...9...10	Bounce #7 added RGB(0, 0, 22)
0...1...2...3...4...5...6...7...8...9...10	Bounce #8 added RGB(0, 0, 8)
0...1...2...3...4...5...6...7...8...9...10	Bounce #9 added RGB(0, 0, 3)
0...1...2...3...4...5...6...7...8...9...10	Bounce #10 added RGB(0, 0, 1)
Build Patch/Sample Hash Table(s).....Done<0.0000 sec>
0...1...2...3...4...5...6...7...8...9...10FinalLightFace Done
0 of 0 (0% of) surface lights went in leaf ambient cubes.
0...1...2...3...4...5...6...7...8...9...10Writing leaf ambient...done
Ready to Finish

Object names       Objects/Maxobjs  Memory / Maxmem  Fullness 
------------       ---------------  ---------------  -------- 
models                   3/1024          144/49152    ( 0.3%) 
brushes                 12/8192          144/98304    ( 0.1%) 
brushsides              72/65536         576/524288   ( 0.1%) 
planes                  84/65536        1680/1310720  ( 0.1%) 
vertexes                41/65536         492/786432   ( 0.1%) 
nodes                   34/65536        1088/2097152  ( 0.1%) 
texinfos                14/12288        1008/884736   ( 0.1%) 
texdata                  6/2048          192/65536    ( 0.3%) 
dispinfos                0/0               0/0        ( 0.0%) 
disp_verts               0/0               0/0        ( 0.0%) 
disp_tris                0/0               0/0        ( 0.0%) 
disp_lmsamples           0/0               0/0        ( 0.0%) 
faces                   29/65536        1624/3670016  ( 0.0%) 
hdr faces               29/65536        1624/3670016  ( 0.0%) 
origfaces               25/65536        1400/3670016  ( 0.0%) 
leaves                  38/65536        1216/2097152  ( 0.1%) 
leaffaces               29/65536          58/131072   ( 0.0%) 
leafbrushes             16/65536          32/131072   ( 0.0%) 
areas                    2/256            16/2048     ( 0.8%) 
surfedges              222/512000        888/2048000  ( 0.0%) 
edges                  120/256000        480/1024000  ( 0.0%) 
LDR worldlights          2/8192          176/720896   ( 0.0%) 
HDR worldlights          2/8192          176/720896   ( 0.0%) 
leafwaterdata            0/32768           0/393216   ( 0.0%) 
waterstrips              0/32768           0/327680   ( 0.0%) 
waterverts               0/65536           0/786432   ( 0.0%) 
waterindices             0/65536           0/131072   ( 0.0%) 
cubemapsamples           0/1024            0/16384    ( 0.0%) 
overlays                 0/512             0/180224   ( 0.0%) 
LDR lightdata         [variable]        3964/0        ( 0.0%) 
HDR lightdata         [variable]        3964/0        ( 0.0%) 
visdata               [variable]          34/16777216 ( 0.0%) 
entdata               [variable]        2945/393216   ( 0.7%) 
LDR ambient table       38/65536         152/262144   ( 0.1%) 
HDR ambient table       38/65536         152/262144   ( 0.1%) 
LDR leaf ambient       105/65536        2940/1835008  ( 0.2%) 
HDR leaf ambient       105/65536        2940/1835008  ( 0.2%) 
occluders                0/0               0/0        ( 0.0%) 
occluder polygons        0/0               0/0        ( 0.0%) 
occluder vert ind        0/0               0/0        ( 0.0%) 
detail props          [variable]           1/12       ( 8.3%) 
static props          [variable]           1/12       ( 8.3%) 
pakfile               [variable]      105683/0        ( 0.0%) 
physics               [variable]        4900/4194304  ( 0.1%) 
physics terrain       [variable]           2/1048576  ( 0.0%) 

Level flags = 0

Total triangle count: 64
Writing c:\program files (x86)\steam\steamapps\sourcemods\hlmbv\maps\its_me_barney.bsp
0 seconds elapsed
