PRT1
16
22
4 0 4 (7168 0 -256 ) (7168 0 256 ) (6144 0 256 ) (6144 0 -256 ) 
4 0 1 (6144 0 -256 ) (6144 0 256 ) (6144 1024 256 ) (6144 1024 -256 ) 
4 1 5 (6144 0 -256 ) (6144 0 256 ) (5120 0 256 ) (5120 0 -256 ) 
4 1 2 (5120 0 -256 ) (5120 0 256 ) (5120 1024 256 ) (5120 1024 -256 ) 
4 2 6 (5120 0 -256 ) (5120 0 256 ) (4096 0 256 ) (4096 0 -256 ) 
4 2 3 (4096 0 -256 ) (4096 0 256 ) (4096 1024 256 ) (4096 1024 -256 ) 
4 3 8 (3072 0 -256 ) (3072 0 256 ) (3072 1024 256 ) (3072 1024 -256 ) 
4 3 7 (4096 0 -256 ) (4096 0 256 ) (3072 0 256 ) (3072 0 -256 ) 
4 4 5 (6144 0 256 ) (6144 0 -256 ) (6144 -1024 -256 ) (6144 -1024 256 ) 
4 5 6 (5120 0 256 ) (5120 0 -256 ) (5120 -1024 -256 ) (5120 -1024 256 ) 
4 6 7 (4096 -1024 -256 ) (4096 -1024 256 ) (4096 0 256 ) (4096 0 -256 ) 
4 7 12 (3072 -1024 -256 ) (3072 -1024 256 ) (3072 0 256 ) (3072 0 -256 ) 
4 8 12 (3072 0 -256 ) (3072 0 256 ) (2048 0 256 ) (2048 0 -256 ) 
4 8 9 (2048 0 -256 ) (2048 0 256 ) (2048 1024 256 ) (2048 1024 -256 ) 
4 9 13 (2048 0 -256 ) (2048 0 256 ) (1024 0 256 ) (1024 0 -256 ) 
4 9 10 (1024 0 -256 ) (1024 0 256 ) (1024 1024 256 ) (1024 1024 -256 ) 
4 10 14 (1024 0 -256 ) (1024 0 256 ) (0 0 256 ) (0 0 -256 ) 
4 10 11 (0 0 -256 ) (0 0 256 ) (0 1024 256 ) (0 1024 -256 ) 
4 11 15 (0 0 -256 ) (0 0 256 ) (-1024 0 256 ) (-1024 0 -256 ) 
4 12 13 (2048 0 256 ) (2048 0 -256 ) (2048 -1024 -256 ) (2048 -1024 256 ) 
4 13 14 (1024 -1024 -256 ) (1024 -1024 256 ) (1024 0 256 ) (1024 0 -256 ) 
4 14 15 (0 0 256 ) (0 0 -256 ) (0 -1024 -256 ) (0 -1024 256 ) 
