


materialPath: C:\Program Files (x86)\Steam\steamapps\common\Source SDK Base 2013 Singleplayer\hl2\materials
Loading c:\program files (x86)\steam\steamapps\sourcemods\cs50\maps\long_jump.vmf
Could not locate 'GameData' key in c:\program files (x86)\steam\steamapps\common\source sdk base 2013 singleplayer\hl2\gameinfo.txt
fixing up env_cubemap materials on brush sides...
0...1...2...3...4...5...6...7...8...9...100...1...2...3...4...5...6...7...8...9...10Processing areas...done (0)
Building Faces...done (0)
FixTjuncs...
PruneNodes...
WriteBSP...
done (0)
writing c:\program files (x86)\steam\steamapps\sourcemods\cs50\maps\long_jump.prt...Building visibility clusters...
done (0)
Creating default LDR cubemaps for env_cubemap using skybox materials:
   skybox/sky_day01_01*.vmt
 ! Run buildcubemaps in the engine to get the correct cube maps.
Creating default HDR cubemaps for env_cubemap using skybox materials:
   skybox/sky_day01_01*.vmt
 ! Run buildcubemaps in the engine to get the correct cube maps.
Finding displacement neighbors...
Finding lightmap sample positions...
Displacement Alpha : 0...1...2...3...4...5...6...7...8...9...10
Building Physics collision data...
done (0) (2833 bytes)
Placing detail props : 0...1...2...3...4...5...6...7...8...9...10
Compacting texture/material tables...
Reduced 17 texinfos to 6
Reduced 2 texdatas to 2 (59 bytes to 59)
Writing c:\program files (x86)\steam\steamapps\sourcemods\cs50\maps\long_jump.bsp
0 seconds elapsed



4 threads
reading c:\program files (x86)\steam\steamapps\sourcemods\cs50\maps\long_jump.bsp
reading c:\program files (x86)\steam\steamapps\sourcemods\cs50\maps\long_jump.prt
  16 portalclusters
  22 numportals
0...1...2...3...4...5...6...7...8...9...10Optimized: 0 visible clusters (0.00%)
Total clusters visible: 256
Average clusters visible: 16
Building PAS...
Average clusters audible: 16
visdatasize:196  compressed from 256
writing c:\program files (x86)\steam\steamapps\sourcemods\cs50\maps\long_jump.bsp
0 seconds elapsed



Could not find lights.rad in lights.rad.
Trying VRAD BIN directory instead...
Warning: Couldn't open texlight file C:\Program Files (x86)\Steam\steamapps\common\Source SDK Base 2013 Singleplayer\bin\lights.rad.
Loading c:\program files (x86)\steam\steamapps\sourcemods\cs50\maps\long_jump.bsp
348 faces
306065 square feet [44073472.00 square inches]
0 Displacements
0 Square Feet [0.00 Square Inches]
348 patches before subdivision
28976 patches after subdivision
5 direct lights
0...1...2...3...4...5...6...7...8...9...100...1...2...3...4...5...6...7...8...9...10transfers 6366054, max 575
transfer lists:  48.6 megs
0...1...2...3...4...5...6...7...8...9...10	Bounce #1 added RGB(89438, 86323, 78390)
0...1...2...3...4...5...6...7...8...9...10	Bounce #2 added RGB(51855, 48306, 39835)
Build Patch/Sample Hash Table(s).....Done<0.0074 sec>
0...1...2...3...4...5...6...7...8...9...10FinalLightFace Done
0 of 0 (0% of) surface lights went in leaf ambient cubes.
0...1...2...3...4...5...6...7...8...9...10Writing leaf ambient...done
Ready to Finish

Object names       Objects/Maxobjs  Memory / Maxmem  Fullness 
------------       ---------------  ---------------  -------- 
models                   2/1024           96/49152    ( 0.2%) 
brushes                  7/8192           84/98304    ( 0.1%) 
brushsides              42/65536         336/524288   ( 0.1%) 
planes                  76/65536        1520/1310720  ( 0.1%) 
vertexes               439/65536        5268/786432   ( 0.7%) 
nodes                   73/65536        2336/2097152  ( 0.1%) 
texinfos                 6/12288         432/884736   ( 0.0%) 
texdata                  2/2048           64/65536    ( 0.1%) 
dispinfos                0/0               0/0        ( 0.0%) 
disp_verts               0/0               0/0        ( 0.0%) 
disp_tris                0/0               0/0        ( 0.0%) 
disp_lmsamples           0/0               0/0        ( 0.0%) 
faces                  348/65536       19488/3670016  ( 0.5%) 
hdr faces                0/65536           0/3670016  ( 0.0%) 
origfaces               12/65536         672/3670016  ( 0.0%) 
leaves                  76/65536        2432/2097152  ( 0.1%) 
leaffaces              386/65536         772/131072   ( 0.6%) 
leafbrushes             47/65536          94/131072   ( 0.1%) 
areas                    2/256            16/2048     ( 0.8%) 
surfedges             1612/512000       6448/2048000  ( 0.3%) 
edges                  807/256000       3228/1024000  ( 0.3%) 
LDR worldlights          5/8192          440/720896   ( 0.1%) 
HDR worldlights          0/8192            0/720896   ( 0.0%) 
leafwaterdata            0/32768           0/393216   ( 0.0%) 
waterstrips             40/32768         400/327680   ( 0.1%) 
waterverts               0/65536           0/786432   ( 0.0%) 
waterindices           516/65536        1032/131072   ( 0.8%) 
cubemapsamples           0/1024            0/16384    ( 0.0%) 
overlays                 0/512             0/180224   ( 0.0%) 
LDR lightdata         [variable]      763856/0        ( 0.0%) 
HDR lightdata         [variable]           0/0        ( 0.0%) 
visdata               [variable]         196/16777216 ( 0.0%) 
entdata               [variable]        6203/393216   ( 1.6%) 
LDR ambient table       76/65536         304/262144   ( 0.1%) 
HDR ambient table       76/65536         304/262144   ( 0.1%) 
LDR leaf ambient       299/65536        8372/1835008  ( 0.5%) 
HDR leaf ambient        76/65536        2128/1835008  ( 0.1%) 
occluders                0/0               0/0        ( 0.0%) 
occluder polygons        0/0               0/0        ( 0.0%) 
occluder vert ind        0/0               0/0        ( 0.0%) 
detail props          [variable]           1/12       ( 8.3%) 
static props          [variable]           1/12       ( 8.3%) 
pakfile               [variable]      105667/0        ( 0.0%) 
physics               [variable]        2833/4194304  ( 0.1%) 
physics terrain       [variable]           2/1048576  ( 0.0%) 

Level flags = 0

Total triangle count: 868
Writing c:\program files (x86)\steam\steamapps\sourcemods\cs50\maps\long_jump.bsp
0 seconds elapsed
