PRT1
57
150
4 0 33 (0 512 512 ) (0 512 256 ) (0 256 256 ) (0 256 512 ) 
4 0 3 (0 256 512 ) (0 256 256 ) (1024 256 256 ) (1024 256 512 ) 
4 0 2 (0 288 256 ) (0 512 256 ) (768 512 256 ) (768 288 256 ) 
4 0 1 (1024 256 256 ) (768 256 256 ) (768 512 256 ) (1024 512 256 ) 
4 1 9 (768 512 0 ) (1024 512 0 ) (1024 256 0 ) (768 256 0 ) 
4 1 4 (768 256 0 ) (1024 256 0 ) (1024 256 128 ) (768 256 128 ) 
4 1 3 (1024 256 128 ) (1024 256 256 ) (768 256 256 ) (768 256 128 ) 
4 1 2 (768 512 0 ) (768 288 0 ) (768 288 256 ) (768 512 256 ) 
4 2 34 (0 512 256 ) (0 512 0 ) (0 288 0 ) (0 288 256 ) 
4 2 11 (0 288 0 ) (0 512 0 ) (256 512 0 ) (256 288 0 ) 
4 2 10 (256 512 0 ) (512 512 0 ) (512 288 0 ) (256 288 0 ) 
4 2 9 (512 512 0 ) (768 512 0 ) (768 288 0 ) (512 288 0 ) 
4 3 35 (0 256 256 ) (0 256 128 ) (0 96 128 ) (0 96 256 ) 
4 3 33 (0 256 512 ) (0 256 256 ) (0 96 256 ) (0 96 512 ) 
4 3 8 (512 96 512 ) (0 96 512 ) (0 96 128 ) (512 96 128 ) 
4 3 6 (1024 96 128 ) (1024 96 512 ) (512 96 512 ) (512 96 128 ) 
4 3 4 (1024 96 128 ) (768 96 128 ) (768 256 128 ) (1024 256 128 ) 
4 3 5 (256 96 128 ) (0 96 128 ) (0 256 128 ) (256 256 128 ) 
4 4 9 (768 256 0 ) (1024 256 0 ) (1024 96 0 ) (768 96 0 ) 
4 4 7 (768 96 0 ) (1024 96 0 ) (1024 96 128 ) (768 96 128 ) 
4 5 35 (0 256 128 ) (0 256 0 ) (0 96 0 ) (0 96 128 ) 
4 5 8 (0 96 0 ) (256 96 0 ) (256 96 128 ) (0 96 128 ) 
4 6 13 (1024 0 128 ) (1024 0 512 ) (512 0 512 ) (512 0 128 ) 
4 6 8 (512 96 512 ) (512 96 128 ) (512 0 128 ) (512 0 512 ) 
4 6 7 (1024 0 128 ) (768 0 128 ) (768 96 128 ) (1024 96 128 ) 
4 7 14 (1024 0 0 ) (1024 0 128 ) (768 0 128 ) (768 0 0 ) 
4 7 9 (768 96 0 ) (1024 96 0 ) (1024 0 0 ) (768 0 0 ) 
4 8 35 (0 0 0 ) (0 0 256 ) (0 96 256 ) (0 96 0 ) 
4 8 33 (0 0 256 ) (0 0 512 ) (0 96 512 ) (0 96 256 ) 
4 8 24 (64 0 0 ) (256 0 0 ) (256 0 256 ) (64 0 256 ) 
4 8 26 (0 0 256 ) (0 0 0 ) (64 0 0 ) (64 0 256 ) 
4 8 23 (0 0 512 ) (0 0 256 ) (256 0 256 ) (256 0 512 ) 
3 8 15 (256 0 0 ) (512 0 128 ) (256 0 128 ) 
4 8 13 (512 0 128 ) (512 0 512 ) (256 0 512 ) (256 0 128 ) 
4 9 28 (1024 0 -32 ) (1024 0 0 ) (512 0 0 ) (512 0 -32 ) 
4 9 12 (1024 0 -32 ) (512 0 -32 ) (512 512 -32 ) (1024 512 -32 ) 
4 9 10 (512 512 -32 ) (512 96 -32 ) (512 96 0 ) (512 512 0 ) 
4 10 12 (256 96 -32 ) (256 512 -32 ) (512 512 -32 ) (512 96 -32 ) 
4 10 11 (256 512 -32 ) (256 256 -32 ) (256 256 0 ) (256 512 0 ) 
4 11 38 (0 256 0 ) (0 512 0 ) (0 512 -32 ) (0 256 -32 ) 
4 11 12 (0 256 -32 ) (0 512 -32 ) (256 512 -32 ) (256 256 -32 ) 
4 12 40 (0 0 -256 ) (0 0 -32 ) (0 512 -32 ) (0 512 -256 ) 
4 12 32 (1024 0 -256 ) (1024 0 -32 ) (0 0 -32 ) (0 0 -256 ) 
4 13 24 (256 0 256 ) (256 0 128 ) (256 -96 128 ) (256 -96 256 ) 
4 13 23 (256 0 512 ) (256 0 256 ) (256 -96 256 ) (256 -96 512 ) 
4 13 18 (256 -96 256 ) (256 -96 128 ) (768 -96 128 ) (768 -96 256 ) 
4 13 17 (768 -96 128 ) (1024 -96 128 ) (1024 -96 256 ) (768 -96 256 ) 
4 13 16 (256 -96 512 ) (256 -96 256 ) (1024 -96 256 ) (1024 -96 512 ) 
4 13 15 (512 -96 128 ) (256 -96 128 ) (256 0 128 ) (512 0 128 ) 
4 13 14 (1024 -96 128 ) (768 -96 128 ) (768 0 128 ) (1024 0 128 ) 
4 14 28 (768 0 0 ) (1024 0 0 ) (1024 -96 0 ) (768 -96 0 ) 
4 14 17 (768 -96 0 ) (1024 -96 0 ) (1024 -96 128 ) (768 -96 128 ) 
4 15 24 (256 0 128 ) (256 0 0 ) (256 -96 0 ) (256 -96 128 ) 
4 16 23 (256 -1024 256 ) (256 -1024 512 ) (256 -96 512 ) (256 -96 256 ) 
4 16 21 (256 -512 256 ) (256 -288 256 ) (288 -288 256 ) (288 -512 256 ) 
4 16 22 (256 -1024 256 ) (256 -768 256 ) (288 -768 256 ) (288 -1024 256 ) 
4 16 20 (288 -288 256 ) (1024 -288 256 ) (1024 -1024 256 ) (288 -1024 256 ) 
4 16 19 (768 -256 256 ) (1024 -256 256 ) (1024 -288 256 ) (768 -288 256 ) 
4 16 18 (256 -256 256 ) (256 -96 256 ) (768 -96 256 ) (768 -256 256 ) 
4 16 17 (768 -96 256 ) (1024 -96 256 ) (1024 -256 256 ) (768 -256 256 ) 
4 17 28 (768 -96 0 ) (1024 -96 0 ) (1024 -256 0 ) (768 -256 0 ) 
4 17 19 (1024 -256 256 ) (768 -256 256 ) (768 -256 0 ) (1024 -256 0 ) 
4 17 18 (768 -256 128 ) (768 -256 256 ) (768 -96 256 ) (768 -96 128 ) 
4 18 24 (256 -256 128 ) (256 -256 256 ) (256 -96 256 ) (256 -96 128 ) 
4 19 28 (768 -256 0 ) (1024 -256 0 ) (1024 -288 0 ) (768 -288 0 ) 
4 19 20 (1024 -288 256 ) (768 -288 256 ) (768 -288 0 ) (1024 -288 0 ) 
4 20 29 (512 -1024 0 ) (288 -1024 0 ) (288 -288 0 ) (512 -288 0 ) 
4 20 28 (1024 -1024 0 ) (512 -1024 0 ) (512 -288 0 ) (1024 -288 0 ) 
4 20 21 (288 -288 256 ) (288 -288 0 ) (288 -512 0 ) (288 -512 256 ) 
4 20 22 (288 -768 0 ) (288 -1024 0 ) (288 -1024 256 ) (288 -768 256 ) 
4 21 29 (256 -512 0 ) (256 -288 0 ) (288 -288 0 ) (288 -512 0 ) 
4 22 29 (288 -1024 0 ) (256 -1024 0 ) (256 -768 0 ) (288 -768 0 ) 
4 22 27 (256 -800 0 ) (256 -1024 0 ) (256 -1024 256 ) (256 -800 256 ) 
4 23 42 (0 -1024 256 ) (0 -1024 512 ) (0 0 512 ) (0 0 256 ) 
4 23 27 (0 -1024 256 ) (0 -800 256 ) (256 -800 256 ) (256 -1024 256 ) 
4 23 24 (64 0 256 ) (256 0 256 ) (256 -256 256 ) (64 -256 256 ) 
4 23 25 (256 -512 256 ) (256 -768 256 ) (64 -768 256 ) (64 -512 256 ) 
4 23 26 (0 -768 256 ) (0 0 256 ) (64 0 256 ) (64 -768 256 ) 
4 24 26 (64 0 0 ) (64 -256 0 ) (64 -256 256 ) (64 0 256 ) 
4 25 26 (64 -512 0 ) (64 -768 0 ) (64 -768 256 ) (64 -512 256 ) 
4 26 49 (0 -768 256 ) (0 -256 256 ) (0 -256 0 ) (0 -768 0 ) 
4 26 43 (0 -256 256 ) (0 0 256 ) (0 0 0 ) (0 -256 0 ) 
4 27 51 (0 -1024 0 ) (0 -1024 256 ) (0 -800 256 ) (0 -800 0 ) 
4 27 31 (256 -1024 0 ) (0 -1024 0 ) (0 -800 0 ) (256 -800 0 ) 
4 28 32 (512 0 -32 ) (1024 0 -32 ) (1024 -1024 -32 ) (512 -1024 -32 ) 
4 28 29 (512 -96 -32 ) (512 -1024 -32 ) (512 -1024 0 ) (512 -96 0 ) 
4 29 32 (512 -96 -32 ) (512 -1024 -32 ) (256 -1024 -32 ) (256 -96 -32 ) 
4 29 31 (256 -768 -32 ) (256 -1024 -32 ) (256 -1024 0 ) (256 -768 0 ) 
4 29 30 (256 -256 -32 ) (256 -512 -32 ) (256 -512 0 ) (256 -256 0 ) 
4 30 32 (256 -256 -32 ) (256 -512 -32 ) (64 -512 -32 ) (64 -256 -32 ) 
4 31 54 (0 -1024 -32 ) (0 -1024 0 ) (0 -768 0 ) (0 -768 -32 ) 
4 31 32 (256 -768 -32 ) (256 -1024 -32 ) (0 -1024 -32 ) (0 -768 -32 ) 
4 32 55 (0 -1024 -256 ) (0 -1024 -32 ) (0 0 -32 ) (0 0 -256 ) 
4 33 42 (0 0 256 ) (0 0 512 ) (-1024 0 512 ) (-1024 0 256 ) 
4 33 41 (-1024 0 256 ) (-1024 0 512 ) (-1024 512 512 ) (-1024 512 256 ) 
4 33 36 (-288 512 256 ) (-256 512 256 ) (-256 256 256 ) (-288 256 256 ) 
4 33 37 (-1024 0 256 ) (-1024 512 256 ) (-288 512 256 ) (-288 0 256 ) 
4 33 34 (-256 512 256 ) (0 512 256 ) (0 288 256 ) (-256 288 256 ) 
4 33 35 (0 256 256 ) (0 0 256 ) (-256 0 256 ) (-256 256 256 ) 
4 34 38 (-256 288 0 ) (-256 512 0 ) (0 512 0 ) (0 288 0 ) 
4 34 36 (-256 512 0 ) (-256 288 0 ) (-256 288 256 ) (-256 512 256 ) 
4 35 47 (-160 0 256 ) (-256 0 256 ) (-256 0 0 ) (-160 0 0 ) 
4 35 44 (-64 0 256 ) (-160 0 256 ) (-160 0 0 ) (-64 0 0 ) 
4 35 43 (0 0 0 ) (0 0 256 ) (-64 0 256 ) (-64 0 0 ) 
4 36 39 (-288 256 0 ) (-288 512 0 ) (-256 512 0 ) (-256 256 0 ) 
4 36 37 (-288 512 0 ) (-288 256 0 ) (-288 256 256 ) (-288 512 256 ) 
4 37 48 (-288 0 256 ) (-1024 0 256 ) (-1024 0 0 ) (-288 0 0 ) 
4 37 41 (-1024 0 0 ) (-1024 0 256 ) (-1024 512 256 ) (-1024 512 0 ) 
4 37 39 (-288 0 0 ) (-1024 0 0 ) (-1024 512 0 ) (-288 512 0 ) 
4 38 40 (-256 512 -32 ) (0 512 -32 ) (0 256 -32 ) (-256 256 -32 ) 
4 38 39 (-256 512 -32 ) (-256 256 -32 ) (-256 256 0 ) (-256 512 0 ) 
4 39 52 (-256 0 0 ) (-1024 0 0 ) (-1024 0 -32 ) (-256 0 -32 ) 
4 39 41 (-1024 0 -32 ) (-1024 0 0 ) (-1024 512 0 ) (-1024 512 -32 ) 
4 39 40 (-1024 0 -32 ) (-1024 512 -32 ) (-256 512 -32 ) (-256 0 -32 ) 
4 40 55 (0 0 -256 ) (0 0 -32 ) (-1024 0 -32 ) (-1024 0 -256 ) 
4 40 41 (-1024 0 -256 ) (-1024 0 -32 ) (-1024 512 -32 ) (-1024 512 -256 ) 
4 41 56 (-1024 0 -256 ) (-1024 0 512 ) (-1280 0 512 ) (-1280 0 -256 ) 
4 42 56 (-1024 -1024 256 ) (-1024 -1024 512 ) (-1024 0 512 ) (-1024 0 256 ) 
4 42 51 (-1024 -1024 256 ) (-1024 -800 256 ) (0 -800 256 ) (0 -1024 256 ) 
4 42 50 (-1024 -768 256 ) (-1024 -512 256 ) (-64 -512 256 ) (-64 -768 256 ) 
4 42 49 (-64 -256 256 ) (0 -256 256 ) (0 -768 256 ) (-64 -768 256 ) 
4 42 47 (-256 0 256 ) (-160 0 256 ) (-160 -256 256 ) (-256 -256 256 ) 
4 42 48 (-1024 -256 256 ) (-1024 0 256 ) (-288 0 256 ) (-288 -256 256 ) 
4 42 45 (-64 -64 256 ) (-64 -160 256 ) (-160 -160 256 ) (-160 -64 256 ) 
4 42 44 (-160 0 256 ) (-64 0 256 ) (-64 -64 256 ) (-160 -64 256 ) 
4 42 46 (-64 -160 256 ) (-64 -256 256 ) (-160 -256 256 ) (-160 -160 256 ) 
4 42 43 (-64 0 256 ) (0 0 256 ) (0 -256 256 ) (-64 -256 256 ) 
4 43 49 (-64 -256 0 ) (0 -256 0 ) (0 -256 256 ) (-64 -256 256 ) 
4 43 45 (-64 -160 32 ) (-64 -160 256 ) (-64 -64 256 ) (-64 -64 32 ) 
4 43 44 (-64 0 0 ) (-64 -64 0 ) (-64 -64 256 ) (-64 0 256 ) 
4 43 46 (-64 -160 0 ) (-64 -256 0 ) (-64 -256 256 ) (-64 -160 256 ) 
4 44 47 (-160 0 0 ) (-160 -64 0 ) (-160 -64 256 ) (-160 0 256 ) 
4 44 45 (-160 -64 256 ) (-160 -64 32 ) (-64 -64 32 ) (-64 -64 256 ) 
4 45 47 (-160 -160 32 ) (-160 -160 256 ) (-160 -64 256 ) (-160 -64 32 ) 
4 45 46 (-160 -160 256 ) (-160 -160 32 ) (-64 -160 32 ) (-64 -160 256 ) 
4 46 47 (-160 -160 0 ) (-160 -256 0 ) (-160 -256 256 ) (-160 -160 256 ) 
4 48 56 (-1024 -256 256 ) (-1024 0 256 ) (-1024 0 0 ) (-1024 -256 0 ) 
4 48 52 (-1024 -256 0 ) (-1024 0 0 ) (-288 0 0 ) (-288 -256 0 ) 
4 49 50 (-64 -512 0 ) (-64 -768 0 ) (-64 -768 256 ) (-64 -512 256 ) 
4 50 56 (-1024 -768 256 ) (-1024 -512 256 ) (-1024 -512 0 ) (-1024 -768 0 ) 
4 51 56 (-1024 -1024 0 ) (-1024 -1024 256 ) (-1024 -800 256 ) (-1024 -800 0 ) 
4 51 54 (0 -1024 0 ) (-1024 -1024 0 ) (-1024 -800 0 ) (0 -800 0 ) 
4 52 56 (-1024 -256 0 ) (-1024 0 0 ) (-1024 0 -32 ) (-1024 -256 -32 ) 
4 52 55 (-1024 -256 -32 ) (-1024 0 -32 ) (-256 0 -32 ) (-256 -256 -32 ) 
4 52 53 (-1024 -256 -32 ) (-256 -256 -32 ) (-256 -256 0 ) (-1024 -256 0 ) 
4 53 56 (-1024 -512 0 ) (-1024 -256 0 ) (-1024 -256 -32 ) (-1024 -512 -32 ) 
4 53 55 (-1024 -512 -32 ) (-1024 -256 -32 ) (-64 -256 -32 ) (-64 -512 -32 ) 
4 54 56 (-1024 -1024 -32 ) (-1024 -1024 0 ) (-1024 -768 0 ) (-1024 -768 -32 ) 
4 54 55 (-1024 -1024 -32 ) (-1024 -768 -32 ) (0 -768 -32 ) (0 -1024 -32 ) 
4 55 56 (-1024 -1024 -256 ) (-1024 -1024 -32 ) (-1024 0 -32 ) (-1024 0 -256 ) 
