PRT1
18
33
4 0 7 (0 1600 192 ) (0 1600 416 ) (0 1920 416 ) (0 1920 192 ) 
4 0 1 (0 1600 384 ) (0 1600 192 ) (64 1600 192 ) (64 1600 384 ) 
4 1 8 (0 1536 192 ) (0 1536 384 ) (0 1600 384 ) (0 1600 192 ) 
4 1 2 (0 1536 384 ) (0 1536 192 ) (64 1536 192 ) (64 1536 384 ) 
4 2 9 (0 1024 192 ) (0 1024 512 ) (0 1536 512 ) (0 1536 192 ) 
4 2 6 (0 1024 512 ) (0 1024 192 ) (512 1024 192 ) (512 1024 512 ) 
3 2 4 (192 1344 192 ) (192 1216 192 ) (64 1216 192 ) 
4 2 5 (0 1024 192 ) (0 1216 192 ) (192 1216 192 ) (192 1024 192 ) 
4 2 3 (192 1536 192 ) (512 1536 192 ) (512 1024 192 ) (192 1024 192 ) 
4 3 6 (192 1024 0 ) (512 1024 0 ) (512 1024 192 ) (192 1024 192 ) 
4 3 4 (192 1344 0 ) (192 1216 0 ) (192 1216 192 ) (192 1344 192 ) 
4 3 5 (192 1216 0 ) (192 1024 0 ) (192 1024 192 ) (192 1216 192 ) 
4 4 5 (64 1216 0 ) (192 1216 0 ) (192 1216 192 ) (64 1216 192 ) 
4 5 11 (0 1024 0 ) (0 1024 192 ) (0 1216 192 ) (0 1216 0 ) 
4 5 6 (0 1024 192 ) (0 1024 0 ) (192 1024 0 ) (192 1024 192 ) 
4 6 14 (512 0 0 ) (512 0 512 ) (0 0 512 ) (0 0 0 ) 
4 6 13 (0 0 0 ) (0 0 512 ) (0 1024 512 ) (0 1024 0 ) 
4 7 8 (0 1600 192 ) (0 1600 384 ) (-64 1600 384 ) (-64 1600 192 ) 
4 8 9 (0 1536 192 ) (0 1536 384 ) (-64 1536 384 ) (-64 1536 192 ) 
4 9 13 (0 1024 192 ) (0 1024 512 ) (-512 1024 512 ) (-512 1024 192 ) 
3 9 10 (-64 1216 192 ) (-192 1216 192 ) (-192 1344 192 ) 
4 9 11 (0 1216 192 ) (0 1024 192 ) (-192 1024 192 ) (-192 1216 192 ) 
4 9 12 (-512 1024 192 ) (-512 1536 192 ) (-192 1536 192 ) (-192 1024 192 ) 
4 10 11 (-192 1216 192 ) (-192 1216 0 ) (-64 1216 0 ) (-64 1216 192 ) 
4 10 12 (-192 1344 0 ) (-192 1216 0 ) (-192 1216 192 ) (-192 1344 192 ) 
4 11 13 (0 1024 0 ) (0 1024 192 ) (-192 1024 192 ) (-192 1024 0 ) 
4 11 12 (-192 1216 0 ) (-192 1024 0 ) (-192 1024 192 ) (-192 1216 192 ) 
4 12 13 (-192 1024 192 ) (-512 1024 192 ) (-512 1024 0 ) (-192 1024 0 ) 
4 13 16 (0 0 0 ) (0 0 512 ) (-512 0 512 ) (-512 0 0 ) 
4 14 16 (0 0 512 ) (0 0 0 ) (0 -1024 0 ) (0 -1024 512 ) 
4 14 15 (512 -1024 0 ) (512 -1024 512 ) (0 -1024 512 ) (0 -1024 0 ) 
4 15 17 (0 -1536 0 ) (0 -1536 512 ) (0 -1024 512 ) (0 -1024 0 ) 
4 16 17 (0 -1024 0 ) (0 -1024 512 ) (-512 -1024 512 ) (-512 -1024 0 ) 
