


materialPath: C:\Program Files (x86)\Steam\steamapps\common\half-life 2\hl2\materials
Loading c:\program files (x86)\steam\steamapps\sourcemods\hlmbv\maps\reich.vmf
Could not locate 'GameData' key in c:\program files (x86)\steam\steamapps\common\half-life 2\hl2\gameinfo.txt
fixing up env_cubemap materials on brush sides...
0...1...2...3...4...5...6...7...8...9...100...1...2...3...4...5...6...7...8...9...10Processing areas...done (0)
Building Faces...done (0)
FixTjuncs...
PruneNodes...
WriteBSP...
done (0)
writing c:\program files (x86)\steam\steamapps\sourcemods\hlmbv\maps\reich.prt...Building visibility clusters...
done (0)
Creating default LDR cubemaps for env_cubemap using skybox materials:
   skybox/sky_day01_01*.vmt
 ! Run buildcubemaps in the engine to get the correct cube maps.
Creating default HDR cubemaps for env_cubemap using skybox materials:
   skybox/sky_day01_01*.vmt
 ! Run buildcubemaps in the engine to get the correct cube maps.
Finding displacement neighbors...
Finding lightmap sample positions...
Displacement Alpha : 0...1...2...3...4...5...6...7...8...9...10
Building Physics collision data...
done (0) (5972 bytes)
Placing detail props : 0...1...2...3...4...5...6...7...8...9...10
Compacting texture/material tables...
Reduced 21 texinfos to 18
Reduced 7 texdatas to 7 (152 bytes to 152)
Writing c:\program files (x86)\steam\steamapps\sourcemods\hlmbv\maps\reich.bsp
0 seconds elapsed



4 threads
reading c:\program files (x86)\steam\steamapps\sourcemods\hlmbv\maps\reich.bsp
reading c:\program files (x86)\steam\steamapps\sourcemods\hlmbv\maps\reich.prt
  18 portalclusters
  33 numportals
0...1...2...3...4...5...6...7...8...9...10Optimized: 0 visible clusters (0.00%)
Total clusters visible: 322
Average clusters visible: 17
Building PAS...
Average clusters audible: 18
visdatasize:256  compressed from 288
writing c:\program files (x86)\steam\steamapps\sourcemods\hlmbv\maps\reich.bsp
0 seconds elapsed



[Reading texlights from 'lights.rad']
[45 texlights parsed from 'lights.rad']

Loading c:\program files (x86)\steam\steamapps\sourcemods\hlmbv\maps\reich.bsp
78 faces
78278 square feet [11272072.00 square inches]
0 Displacements
0 Square Feet [0.00 Square Inches]
78 patches before subdivision
10606 patches after subdivision
2 direct lights
0...1...2...3...4...5...6...7...8...9...100...1...2...3...4...5...6...7...8...9...10transfers 916164, max 264
transfer lists:   7.0 megs
0...1...2...3...4...5...6...7...8...9...10	Bounce #1 added RGB(17933, 16925, 10303)
0...1...2...3...4...5...6...7...8...9...10	Bounce #2 added RGB(1733, 1597, 774)
Build Patch/Sample Hash Table(s).....Done<0.0015 sec>
0...1...2...3...4...5...6...7...8...9...10FinalLightFace Done
0 of 0 (0% of) surface lights went in leaf ambient cubes.
0...1...2...3...4...5...6...7...8...9...10Writing leaf ambient...done
Ready to Finish

Object names       Objects/Maxobjs  Memory / Maxmem  Fullness 
------------       ---------------  ---------------  -------- 
models                   1/1024           48/49152    ( 0.1%) 
brushes                 16/8192          192/98304    ( 0.2%) 
brushsides              98/65536         784/524288   ( 0.1%) 
planes                  82/65536        1640/1310720  ( 0.1%) 
vertexes               107/65536        1284/786432   ( 0.2%) 
nodes                   71/65536        2272/2097152  ( 0.1%) 
texinfos                18/12288        1296/884736   ( 0.1%) 
texdata                  7/2048          224/65536    ( 0.3%) 
dispinfos                0/0               0/0        ( 0.0%) 
disp_verts               0/0               0/0        ( 0.0%) 
disp_tris                0/0               0/0        ( 0.0%) 
disp_lmsamples           0/0               0/0        ( 0.0%) 
faces                   78/65536        4368/3670016  ( 0.1%) 
hdr faces                0/65536           0/3670016  ( 0.0%) 
origfaces               27/65536        1512/3670016  ( 0.0%) 
leaves                  73/65536        2336/2097152  ( 0.1%) 
leaffaces               80/65536         160/131072   ( 0.1%) 
leafbrushes             44/65536          88/131072   ( 0.1%) 
areas                    2/256            16/2048     ( 0.8%) 
surfedges              460/512000       1840/2048000  ( 0.1%) 
edges                  254/256000       1016/1024000  ( 0.1%) 
LDR worldlights          2/8192          176/720896   ( 0.0%) 
HDR worldlights          0/8192            0/720896   ( 0.0%) 
leafwaterdata            0/32768           0/393216   ( 0.0%) 
waterstrips              0/32768           0/327680   ( 0.0%) 
waterverts               0/65536           0/786432   ( 0.0%) 
waterindices             0/65536           0/131072   ( 0.0%) 
cubemapsamples           0/1024            0/16384    ( 0.0%) 
overlays                 0/512             0/180224   ( 0.0%) 
LDR lightdata         [variable]      155480/0        ( 0.0%) 
HDR lightdata         [variable]           0/0        ( 0.0%) 
visdata               [variable]         256/16777216 ( 0.0%) 
entdata               [variable]        2941/393216   ( 0.7%) 
LDR ambient table       73/65536         292/262144   ( 0.1%) 
HDR ambient table       73/65536         292/262144   ( 0.1%) 
LDR leaf ambient       262/65536        7336/1835008  ( 0.4%) 
HDR leaf ambient        73/65536        2044/1835008  ( 0.1%) 
occluders                0/0               0/0        ( 0.0%) 
occluder polygons        0/0               0/0        ( 0.0%) 
occluder vert ind        0/0               0/0        ( 0.0%) 
detail props          [variable]           1/12       ( 8.3%) 
static props          [variable]           1/12       ( 8.3%) 
pakfile               [variable]      105651/0        ( 0.0%) 
physics               [variable]        5972/4194304  ( 0.1%) 
physics terrain       [variable]           2/1048576  ( 0.0%) 

Level flags = 0

Total triangle count: 196
Writing c:\program files (x86)\steam\steamapps\sourcemods\hlmbv\maps\reich.bsp
0 seconds elapsed



materialPath: C:\Program Files (x86)\Steam\steamapps\common\half-life 2\hl2\materials
Loading c:\program files (x86)\steam\steamapps\sourcemods\hlmbv\maps\reich.vmf
Could not locate 'GameData' key in c:\program files (x86)\steam\steamapps\common\half-life 2\hl2\gameinfo.txt
fixing up env_cubemap materials on brush sides...
0...1...2...3...4...5...6...7...8...9...100...1...2...3...4...5...6...7...8...9...10Processing areas...done (0)
Building Faces...done (0)
FixTjuncs...
PruneNodes...
WriteBSP...
done (0)
writing c:\program files (x86)\steam\steamapps\sourcemods\hlmbv\maps\reich.prt...Building visibility clusters...
done (0)
Creating default LDR cubemaps for env_cubemap using skybox materials:
   skybox/sky_day01_01*.vmt
 ! Run buildcubemaps in the engine to get the correct cube maps.
Creating default HDR cubemaps for env_cubemap using skybox materials:
   skybox/sky_day01_01*.vmt
 ! Run buildcubemaps in the engine to get the correct cube maps.
Finding displacement neighbors...
Finding lightmap sample positions...
Displacement Alpha : 0...1...2...3...4...5...6...7...8...9...10
Building Physics collision data...
done (0) (5972 bytes)
Placing detail props : 0...1...2...3...4...5...6...7...8...9...10
Compacting texture/material tables...
Reduced 21 texinfos to 18
Reduced 7 texdatas to 7 (152 bytes to 152)
Writing c:\program files (x86)\steam\steamapps\sourcemods\hlmbv\maps\reich.bsp
0 seconds elapsed



4 threads
reading c:\program files (x86)\steam\steamapps\sourcemods\hlmbv\maps\reich.bsp
reading c:\program files (x86)\steam\steamapps\sourcemods\hlmbv\maps\reich.prt
  18 portalclusters
  33 numportals
0...1...2...3...4...5...6...7...8...9...10Optimized: 0 visible clusters (0.00%)
Total clusters visible: 322
Average clusters visible: 17
Building PAS...
Average clusters audible: 18
visdatasize:256  compressed from 288
writing c:\program files (x86)\steam\steamapps\sourcemods\hlmbv\maps\reich.bsp
0 seconds elapsed



[Reading texlights from 'lights.rad']
[45 texlights parsed from 'lights.rad']

Loading c:\program files (x86)\steam\steamapps\sourcemods\hlmbv\maps\reich.bsp
78 faces
78278 square feet [11272072.00 square inches]
0 Displacements
0 Square Feet [0.00 Square Inches]
78 patches before subdivision
10606 patches after subdivision
2 direct lights
0...1...2...3...4...5...6...7...8...9...100...1...2...3...4...5...6...7...8...9...10transfers 916164, max 264
transfer lists:   7.0 megs
0...1...2...3...4...5...6...7...8...9...10	Bounce #1 added RGB(17933, 16925, 10303)
0...1...2...3...4...5...6...7...8...9...10	Bounce #2 added RGB(1733, 1597, 774)
Build Patch/Sample Hash Table(s).....Done<0.0017 sec>
0...1...2...3...4...5...6...7...8...9...10FinalLightFace Done
0 of 0 (0% of) surface lights went in leaf ambient cubes.
0...1...2...3...4...5...6...7...8...9...10Writing leaf ambient...done
Ready to Finish

Object names       Objects/Maxobjs  Memory / Maxmem  Fullness 
------------       ---------------  ---------------  -------- 
models                   1/1024           48/49152    ( 0.1%) 
brushes                 16/8192          192/98304    ( 0.2%) 
brushsides              98/65536         784/524288   ( 0.1%) 
planes                  82/65536        1640/1310720  ( 0.1%) 
vertexes               107/65536        1284/786432   ( 0.2%) 
nodes                   71/65536        2272/2097152  ( 0.1%) 
texinfos                18/12288        1296/884736   ( 0.1%) 
texdata                  7/2048          224/65536    ( 0.3%) 
dispinfos                0/0               0/0        ( 0.0%) 
disp_verts               0/0               0/0        ( 0.0%) 
disp_tris                0/0               0/0        ( 0.0%) 
disp_lmsamples           0/0               0/0        ( 0.0%) 
faces                   78/65536        4368/3670016  ( 0.1%) 
hdr faces                0/65536           0/3670016  ( 0.0%) 
origfaces               27/65536        1512/3670016  ( 0.0%) 
leaves                  73/65536        2336/2097152  ( 0.1%) 
leaffaces               80/65536         160/131072   ( 0.1%) 
leafbrushes             44/65536          88/131072   ( 0.1%) 
areas                    2/256            16/2048     ( 0.8%) 
surfedges              460/512000       1840/2048000  ( 0.1%) 
edges                  254/256000       1016/1024000  ( 0.1%) 
LDR worldlights          2/8192          176/720896   ( 0.0%) 
HDR worldlights          0/8192            0/720896   ( 0.0%) 
leafwaterdata            0/32768           0/393216   ( 0.0%) 
waterstrips              0/32768           0/327680   ( 0.0%) 
waterverts               0/65536           0/786432   ( 0.0%) 
waterindices             0/65536           0/131072   ( 0.0%) 
cubemapsamples           0/1024            0/16384    ( 0.0%) 
overlays                 0/512             0/180224   ( 0.0%) 
LDR lightdata         [variable]      155480/0        ( 0.0%) 
HDR lightdata         [variable]           0/0        ( 0.0%) 
visdata               [variable]         256/16777216 ( 0.0%) 
entdata               [variable]        2942/393216   ( 0.7%) 
LDR ambient table       73/65536         292/262144   ( 0.1%) 
HDR ambient table       73/65536         292/262144   ( 0.1%) 
LDR leaf ambient       262/65536        7336/1835008  ( 0.4%) 
HDR leaf ambient        73/65536        2044/1835008  ( 0.1%) 
occluders                0/0               0/0        ( 0.0%) 
occluder polygons        0/0               0/0        ( 0.0%) 
occluder vert ind        0/0               0/0        ( 0.0%) 
detail props          [variable]           1/12       ( 8.3%) 
static props          [variable]           1/12       ( 8.3%) 
pakfile               [variable]      105651/0        ( 0.0%) 
physics               [variable]        5972/4194304  ( 0.1%) 
physics terrain       [variable]           2/1048576  ( 0.0%) 

Level flags = 0

Total triangle count: 196
Writing c:\program files (x86)\steam\steamapps\sourcemods\hlmbv\maps\reich.bsp
0 seconds elapsed



materialPath: C:\Program Files (x86)\Steam\steamapps\common\half-life 2\hl2\materials
Loading c:\program files (x86)\steam\steamapps\sourcemods\hlmbv\maps\reich.vmf
Could not locate 'GameData' key in c:\program files (x86)\steam\steamapps\common\half-life 2\hl2\gameinfo.txt
fixing up env_cubemap materials on brush sides...
0...1...2...3...4...5...6...7...8...9...100...1...2...3...4...5...6...7...8...9...10Processing areas...done (0)
Building Faces...done (0)
FixTjuncs...
PruneNodes...
WriteBSP...
done (0)
writing c:\program files (x86)\steam\steamapps\sourcemods\hlmbv\maps\reich.prt...Building visibility clusters...
done (0)
Creating default LDR cubemaps for env_cubemap using skybox materials:
   skybox/sky_day01_01*.vmt
 ! Run buildcubemaps in the engine to get the correct cube maps.
Creating default HDR cubemaps for env_cubemap using skybox materials:
   skybox/sky_day01_01*.vmt
 ! Run buildcubemaps in the engine to get the correct cube maps.
Finding displacement neighbors...
Finding lightmap sample positions...
Displacement Alpha : 0...1...2...3...4...5...6...7...8...9...10
Building Physics collision data...
done (0) (5972 bytes)
Placing detail props : 0...1...2...3...4...5...6...7...8...9...10
Compacting texture/material tables...
Reduced 22 texinfos to 19
Reduced 8 texdatas to 8 (164 bytes to 164)
Writing c:\program files (x86)\steam\steamapps\sourcemods\hlmbv\maps\reich.bsp
0 seconds elapsed



4 threads
reading c:\program files (x86)\steam\steamapps\sourcemods\hlmbv\maps\reich.bsp
reading c:\program files (x86)\steam\steamapps\sourcemods\hlmbv\maps\reich.prt
  18 portalclusters
  33 numportals
0...1...2...3...4...5...6...7...8...9...10Optimized: 0 visible clusters (0.00%)
Total clusters visible: 322
Average clusters visible: 17
Building PAS...
Average clusters audible: 18
visdatasize:256  compressed from 288
writing c:\program files (x86)\steam\steamapps\sourcemods\hlmbv\maps\reich.bsp
0 seconds elapsed



[Reading texlights from 'lights.rad']
[45 texlights parsed from 'lights.rad']

Loading c:\program files (x86)\steam\steamapps\sourcemods\hlmbv\maps\reich.bsp
78 faces
78278 square feet [11272072.00 square inches]
0 Displacements
0 Square Feet [0.00 Square Inches]
78 patches before subdivision
10606 patches after subdivision
2 direct lights
0...1...2...3...4...5...6...7...8...9...100...1...2...3...4...5...6...7...8...9...10transfers 916164, max 264
transfer lists:   7.0 megs
0...1...2...3...4...5...6...7...8...9...10	Bounce #1 added RGB(17933, 16925, 10303)
0...1...2...3...4...5...6...7...8...9...10	Bounce #2 added RGB(1811, 1660, 814)
Build Patch/Sample Hash Table(s).....Done<0.0016 sec>
0...1...2...3...4...5...6...7...8...9...10FinalLightFace Done
0 of 0 (0% of) surface lights went in leaf ambient cubes.
0...1...2...3...4...5...6...7...8...9...10Writing leaf ambient...done
Ready to Finish

Object names       Objects/Maxobjs  Memory / Maxmem  Fullness 
------------       ---------------  ---------------  -------- 
models                   1/1024           48/49152    ( 0.1%) 
brushes                 16/8192          192/98304    ( 0.2%) 
brushsides              98/65536         784/524288   ( 0.1%) 
planes                  82/65536        1640/1310720  ( 0.1%) 
vertexes               107/65536        1284/786432   ( 0.2%) 
nodes                   71/65536        2272/2097152  ( 0.1%) 
texinfos                19/12288        1368/884736   ( 0.2%) 
texdata                  8/2048          256/65536    ( 0.4%) 
dispinfos                0/0               0/0        ( 0.0%) 
disp_verts               0/0               0/0        ( 0.0%) 
disp_tris                0/0               0/0        ( 0.0%) 
disp_lmsamples           0/0               0/0        ( 0.0%) 
faces                   78/65536        4368/3670016  ( 0.1%) 
hdr faces                0/65536           0/3670016  ( 0.0%) 
origfaces               27/65536        1512/3670016  ( 0.0%) 
leaves                  73/65536        2336/2097152  ( 0.1%) 
leaffaces               80/65536         160/131072   ( 0.1%) 
leafbrushes             44/65536          88/131072   ( 0.1%) 
areas                    2/256            16/2048     ( 0.8%) 
surfedges              460/512000       1840/2048000  ( 0.1%) 
edges                  254/256000       1016/1024000  ( 0.1%) 
LDR worldlights          2/8192          176/720896   ( 0.0%) 
HDR worldlights          0/8192            0/720896   ( 0.0%) 
leafwaterdata            0/32768           0/393216   ( 0.0%) 
waterstrips              0/32768           0/327680   ( 0.0%) 
waterverts               0/65536           0/786432   ( 0.0%) 
waterindices             0/65536           0/131072   ( 0.0%) 
cubemapsamples           0/1024            0/16384    ( 0.0%) 
overlays                 2/512           704/180224   ( 0.4%) 
LDR lightdata         [variable]      164048/0        ( 0.0%) 
HDR lightdata         [variable]           0/0        ( 0.0%) 
visdata               [variable]         256/16777216 ( 0.0%) 
entdata               [variable]        2942/393216   ( 0.7%) 
LDR ambient table       73/65536         292/262144   ( 0.1%) 
HDR ambient table       73/65536         292/262144   ( 0.1%) 
LDR leaf ambient       262/65536        7336/1835008  ( 0.4%) 
HDR leaf ambient        73/65536        2044/1835008  ( 0.1%) 
occluders                0/0               0/0        ( 0.0%) 
occluder polygons        0/0               0/0        ( 0.0%) 
occluder vert ind        0/0               0/0        ( 0.0%) 
detail props          [variable]           1/12       ( 8.3%) 
static props          [variable]           1/12       ( 8.3%) 
pakfile               [variable]      105651/0        ( 0.0%) 
physics               [variable]        5972/4194304  ( 0.1%) 
physics terrain       [variable]           2/1048576  ( 0.0%) 

Level flags = 0

Total triangle count: 196
Writing c:\program files (x86)\steam\steamapps\sourcemods\hlmbv\maps\reich.bsp
0 seconds elapsed



materialPath: C:\Program Files (x86)\Steam\steamapps\common\half-life 2\hl2\materials
Loading c:\program files (x86)\steam\steamapps\sourcemods\hlmbv\maps\reich.vmf
Could not locate 'GameData' key in c:\program files (x86)\steam\steamapps\common\half-life 2\hl2\gameinfo.txt
fixing up env_cubemap materials on brush sides...
0...1...2...3...4...5...6...7...8...9...100...1...2...3...4...5...6...7...8...9...10Processing areas...done (0)
Building Faces...done (0)
FixTjuncs...
PruneNodes...
WriteBSP...
done (0)
writing c:\program files (x86)\steam\steamapps\sourcemods\hlmbv\maps\reich.prt...Building visibility clusters...
done (0)
Creating default LDR cubemaps for env_cubemap using skybox materials:
   skybox/sky_day01_01*.vmt
 ! Run buildcubemaps in the engine to get the correct cube maps.
Creating default HDR cubemaps for env_cubemap using skybox materials:
   skybox/sky_day01_01*.vmt
 ! Run buildcubemaps in the engine to get the correct cube maps.
Finding displacement neighbors...
Finding lightmap sample positions...
Displacement Alpha : 0...1...2...3...4...5...6...7...8...9...10
Building Physics collision data...
done (0) (5972 bytes)
Placing detail props : 0...1...2...3...4...5...6...7...8...9...10
Compacting texture/material tables...
Reduced 22 texinfos to 19
Reduced 8 texdatas to 8 (164 bytes to 164)
Writing c:\program files (x86)\steam\steamapps\sourcemods\hlmbv\maps\reich.bsp
0 seconds elapsed



4 threads
reading c:\program files (x86)\steam\steamapps\sourcemods\hlmbv\maps\reich.bsp
reading c:\program files (x86)\steam\steamapps\sourcemods\hlmbv\maps\reich.prt
  18 portalclusters
  33 numportals
0...1...2...3...4...5...6...7...8...9...10Optimized: 0 visible clusters (0.00%)
Total clusters visible: 322
Average clusters visible: 17
Building PAS...
Average clusters audible: 18
visdatasize:256  compressed from 288
writing c:\program files (x86)\steam\steamapps\sourcemods\hlmbv\maps\reich.bsp
0 seconds elapsed



[Reading texlights from 'lights.rad']
[45 texlights parsed from 'lights.rad']

Loading c:\program files (x86)\steam\steamapps\sourcemods\hlmbv\maps\reich.bsp
78 faces
78278 square feet [11272072.00 square inches]
0 Displacements
0 Square Feet [0.00 Square Inches]
78 patches before subdivision
10606 patches after subdivision
2 direct lights
0...1...2...3...4...5...6...7...8...9...100...1...2...3...4...5...6...7...8...9...10transfers 916164, max 264
transfer lists:   7.0 megs
0...1...2...3...4...5...6...7...8...9...10	Bounce #1 added RGB(17933, 16925, 10303)
0...1...2...3...4...5...6...7...8...9...10	Bounce #2 added RGB(1811, 1660, 814)
Build Patch/Sample Hash Table(s).....Done<0.0015 sec>
0...1...2...3...4...5...6...7...8...9...10FinalLightFace Done
0 of 0 (0% of) surface lights went in leaf ambient cubes.
0...1...2...3...4...5...6...7...8...9...10Writing leaf ambient...done
Ready to Finish

Object names       Objects/Maxobjs  Memory / Maxmem  Fullness 
------------       ---------------  ---------------  -------- 
models                   1/1024           48/49152    ( 0.1%) 
brushes                 16/8192          192/98304    ( 0.2%) 
brushsides              98/65536         784/524288   ( 0.1%) 
planes                  82/65536        1640/1310720  ( 0.1%) 
vertexes               107/65536        1284/786432   ( 0.2%) 
nodes                   71/65536        2272/2097152  ( 0.1%) 
texinfos                19/12288        1368/884736   ( 0.2%) 
texdata                  8/2048          256/65536    ( 0.4%) 
dispinfos                0/0               0/0        ( 0.0%) 
disp_verts               0/0               0/0        ( 0.0%) 
disp_tris                0/0               0/0        ( 0.0%) 
disp_lmsamples           0/0               0/0        ( 0.0%) 
faces                   78/65536        4368/3670016  ( 0.1%) 
hdr faces                0/65536           0/3670016  ( 0.0%) 
origfaces               27/65536        1512/3670016  ( 0.0%) 
leaves                  73/65536        2336/2097152  ( 0.1%) 
leaffaces               80/65536         160/131072   ( 0.1%) 
leafbrushes             44/65536          88/131072   ( 0.1%) 
areas                    2/256            16/2048     ( 0.8%) 
surfedges              460/512000       1840/2048000  ( 0.1%) 
edges                  254/256000       1016/1024000  ( 0.1%) 
LDR worldlights          2/8192          176/720896   ( 0.0%) 
HDR worldlights          0/8192            0/720896   ( 0.0%) 
leafwaterdata            0/32768           0/393216   ( 0.0%) 
waterstrips              0/32768           0/327680   ( 0.0%) 
waterverts               0/65536           0/786432   ( 0.0%) 
waterindices             0/65536           0/131072   ( 0.0%) 
cubemapsamples           0/1024            0/16384    ( 0.0%) 
overlays                 2/512           704/180224   ( 0.4%) 
LDR lightdata         [variable]      164048/0        ( 0.0%) 
HDR lightdata         [variable]           0/0        ( 0.0%) 
visdata               [variable]         256/16777216 ( 0.0%) 
entdata               [variable]        2960/393216   ( 0.8%) 
LDR ambient table       73/65536         292/262144   ( 0.1%) 
HDR ambient table       73/65536         292/262144   ( 0.1%) 
LDR leaf ambient       262/65536        7336/1835008  ( 0.4%) 
HDR leaf ambient        73/65536        2044/1835008  ( 0.1%) 
occluders                0/0               0/0        ( 0.0%) 
occluder polygons        0/0               0/0        ( 0.0%) 
occluder vert ind        0/0               0/0        ( 0.0%) 
detail props          [variable]           1/12       ( 8.3%) 
static props          [variable]           1/12       ( 8.3%) 
pakfile               [variable]      105651/0        ( 0.0%) 
physics               [variable]        5972/4194304  ( 0.1%) 
physics terrain       [variable]           2/1048576  ( 0.0%) 

Level flags = 0

Total triangle count: 196
Writing c:\program files (x86)\steam\steamapps\sourcemods\hlmbv\maps\reich.bsp
0 seconds elapsed



materialPath: C:\Program Files (x86)\Steam\steamapps\common\half-life 2\hl2\materials
Loading c:\program files (x86)\steam\steamapps\sourcemods\hlmbv\maps\reich.vmf
Could not locate 'GameData' key in c:\program files (x86)\steam\steamapps\common\half-life 2\hl2\gameinfo.txt
fixing up env_cubemap materials on brush sides...
0...1...2...3...4...5...6...7...8...9...100...1...2...3...4...5...6...7...8...9...10Processing areas...done (0)
Building Faces...done (0)
FixTjuncs...
PruneNodes...
WriteBSP...
done (0)
writing c:\program files (x86)\steam\steamapps\sourcemods\hlmbv\maps\reich.prt...Building visibility clusters...
done (0)
Creating default LDR cubemaps for env_cubemap using skybox materials:
   skybox/sky_day01_01*.vmt
 ! Run buildcubemaps in the engine to get the correct cube maps.
Creating default HDR cubemaps for env_cubemap using skybox materials:
   skybox/sky_day01_01*.vmt
 ! Run buildcubemaps in the engine to get the correct cube maps.
Finding displacement neighbors...
Finding lightmap sample positions...
Displacement Alpha : 0...1...2...3...4...5...6...7...8...9...10
Building Physics collision data...
done (0) (5972 bytes)
Placing detail props : 0...1...2...3...4...5...6...7...8...9...10
Compacting texture/material tables...
Reduced 22 texinfos to 19
Reduced 8 texdatas to 8 (164 bytes to 164)
Writing c:\program files (x86)\steam\steamapps\sourcemods\hlmbv\maps\reich.bsp
0 seconds elapsed



4 threads
reading c:\program files (x86)\steam\steamapps\sourcemods\hlmbv\maps\reich.bsp
reading c:\program files (x86)\steam\steamapps\sourcemods\hlmbv\maps\reich.prt
  18 portalclusters
  33 numportals
0...1...2...3...4...5...6...7...8...9...10Optimized: 0 visible clusters (0.00%)
Total clusters visible: 322
Average clusters visible: 17
Building PAS...
Average clusters audible: 18
visdatasize:256  compressed from 288
writing c:\program files (x86)\steam\steamapps\sourcemods\hlmbv\maps\reich.bsp
0 seconds elapsed



[Reading texlights from 'lights.rad']
[45 texlights parsed from 'lights.rad']

Loading c:\program files (x86)\steam\steamapps\sourcemods\hlmbv\maps\reich.bsp
78 faces
78278 square feet [11272072.00 square inches]
0 Displacements
0 Square Feet [0.00 Square Inches]
78 patches before subdivision
10606 patches after subdivision
2 direct lights
0...1...2...3...4...5...6...7...8...9...100...1...2...3...4...5...6...7...8...9...10transfers 916164, max 264
transfer lists:   7.0 megs
0...1...2...3...4...5...6...7...8...9...10	Bounce #1 added RGB(17933, 16925, 10303)
0...1...2...3...4...5...6...7...8...9...10	Bounce #2 added RGB(1811, 1660, 814)
Build Patch/Sample Hash Table(s).....Done<0.0017 sec>
0...1...2...3...4...5...6...7...8...9...10FinalLightFace Done
0 of 0 (0% of) surface lights went in leaf ambient cubes.
0...1...2...3...4...5...6...7...8...9...10Writing leaf ambient...done
Ready to Finish

Object names       Objects/Maxobjs  Memory / Maxmem  Fullness 
------------       ---------------  ---------------  -------- 
models                   1/1024           48/49152    ( 0.1%) 
brushes                 16/8192          192/98304    ( 0.2%) 
brushsides              98/65536         784/524288   ( 0.1%) 
planes                  82/65536        1640/1310720  ( 0.1%) 
vertexes               107/65536        1284/786432   ( 0.2%) 
nodes                   71/65536        2272/2097152  ( 0.1%) 
texinfos                19/12288        1368/884736   ( 0.2%) 
texdata                  8/2048          256/65536    ( 0.4%) 
dispinfos                0/0               0/0        ( 0.0%) 
disp_verts               0/0               0/0        ( 0.0%) 
disp_tris                0/0               0/0        ( 0.0%) 
disp_lmsamples           0/0               0/0        ( 0.0%) 
faces                   78/65536        4368/3670016  ( 0.1%) 
hdr faces                0/65536           0/3670016  ( 0.0%) 
origfaces               27/65536        1512/3670016  ( 0.0%) 
leaves                  73/65536        2336/2097152  ( 0.1%) 
leaffaces               80/65536         160/131072   ( 0.1%) 
leafbrushes             44/65536          88/131072   ( 0.1%) 
areas                    2/256            16/2048     ( 0.8%) 
surfedges              460/512000       1840/2048000  ( 0.1%) 
edges                  254/256000       1016/1024000  ( 0.1%) 
LDR worldlights          2/8192          176/720896   ( 0.0%) 
HDR worldlights          0/8192            0/720896   ( 0.0%) 
leafwaterdata            0/32768           0/393216   ( 0.0%) 
waterstrips              0/32768           0/327680   ( 0.0%) 
waterverts               0/65536           0/786432   ( 0.0%) 
waterindices             0/65536           0/131072   ( 0.0%) 
cubemapsamples           0/1024            0/16384    ( 0.0%) 
overlays                 2/512           704/180224   ( 0.4%) 
LDR lightdata         [variable]      164048/0        ( 0.0%) 
HDR lightdata         [variable]           0/0        ( 0.0%) 
visdata               [variable]         256/16777216 ( 0.0%) 
entdata               [variable]        4102/393216   ( 1.0%) 
LDR ambient table       73/65536         292/262144   ( 0.1%) 
HDR ambient table       73/65536         292/262144   ( 0.1%) 
LDR leaf ambient       262/65536        7336/1835008  ( 0.4%) 
HDR leaf ambient        73/65536        2044/1835008  ( 0.1%) 
occluders                0/0               0/0        ( 0.0%) 
occluder polygons        0/0               0/0        ( 0.0%) 
occluder vert ind        0/0               0/0        ( 0.0%) 
detail props          [variable]           1/12       ( 8.3%) 
static props          [variable]           1/12       ( 8.3%) 
pakfile               [variable]      105651/0        ( 0.0%) 
physics               [variable]        5972/4194304  ( 0.1%) 
physics terrain       [variable]           2/1048576  ( 0.0%) 

Level flags = 0

Total triangle count: 196
Writing c:\program files (x86)\steam\steamapps\sourcemods\hlmbv\maps\reich.bsp
0 seconds elapsed



materialPath: C:\Program Files (x86)\Steam\steamapps\common\half-life 2\hl2\materials
Loading c:\program files (x86)\steam\steamapps\sourcemods\hlmbv\maps\reich.vmf
Could not locate 'GameData' key in c:\program files (x86)\steam\steamapps\common\half-life 2\hl2\gameinfo.txt
fixing up env_cubemap materials on brush sides...
0...1...2...3...4...5...6...7...8...9...100...1...2...3...4...5...6...7...8...9...10Processing areas...done (0)
Building Faces...done (0)
FixTjuncs...
PruneNodes...
WriteBSP...
done (0)
writing c:\program files (x86)\steam\steamapps\sourcemods\hlmbv\maps\reich.prt...Building visibility clusters...
done (0)
Creating default LDR cubemaps for env_cubemap using skybox materials:
   skybox/sky_day01_01*.vmt
 ! Run buildcubemaps in the engine to get the correct cube maps.
Creating default HDR cubemaps for env_cubemap using skybox materials:
   skybox/sky_day01_01*.vmt
 ! Run buildcubemaps in the engine to get the correct cube maps.
Finding displacement neighbors...
Finding lightmap sample positions...
Displacement Alpha : 0...1...2...3...4...5...6...7...8...9...10
Building Physics collision data...
done (0) (5972 bytes)
Placing detail props : 0...1...2...3...4...5...6...7...8...9...10
Compacting texture/material tables...
Reduced 22 texinfos to 19
Reduced 8 texdatas to 8 (164 bytes to 164)
Writing c:\program files (x86)\steam\steamapps\sourcemods\hlmbv\maps\reich.bsp
0 seconds elapsed



4 threads
reading c:\program files (x86)\steam\steamapps\sourcemods\hlmbv\maps\reich.bsp
reading c:\program files (x86)\steam\steamapps\sourcemods\hlmbv\maps\reich.prt
  18 portalclusters
  33 numportals
0...1...2...3...4...5...6...7...8...9...10Optimized: 0 visible clusters (0.00%)
Total clusters visible: 322
Average clusters visible: 17
Building PAS...
Average clusters audible: 18
visdatasize:256  compressed from 288
writing c:\program files (x86)\steam\steamapps\sourcemods\hlmbv\maps\reich.bsp
0 seconds elapsed



[Reading texlights from 'lights.rad']
[45 texlights parsed from 'lights.rad']

Loading c:\program files (x86)\steam\steamapps\sourcemods\hlmbv\maps\reich.bsp
78 faces
78278 square feet [11272072.00 square inches]
0 Displacements
0 Square Feet [0.00 Square Inches]
78 patches before subdivision
10606 patches after subdivision
2 direct lights
0...1...2...3...4...5...6...7...8...9...100...1...2...3...4...5...6...7...8...9...10transfers 916164, max 264
transfer lists:   7.0 megs
0...1...2...3...4...5...6...7...8...9...10	Bounce #1 added RGB(17933, 16925, 10303)
0...1...2...3...4...5...6...7...8...9...10	Bounce #2 added RGB(1811, 1660, 814)
Build Patch/Sample Hash Table(s).....Done<0.0017 sec>
0...1...2...3...4...5...6...7...8...9...10FinalLightFace Done
0 of 0 (0% of) surface lights went in leaf ambient cubes.
0...1...2...3...4...5...6...7...8...9...10Writing leaf ambient...done
Ready to Finish

Object names       Objects/Maxobjs  Memory / Maxmem  Fullness 
------------       ---------------  ---------------  -------- 
models                   1/1024           48/49152    ( 0.1%) 
brushes                 16/8192          192/98304    ( 0.2%) 
brushsides              98/65536         784/524288   ( 0.1%) 
planes                  82/65536        1640/1310720  ( 0.1%) 
vertexes               107/65536        1284/786432   ( 0.2%) 
nodes                   71/65536        2272/2097152  ( 0.1%) 
texinfos                19/12288        1368/884736   ( 0.2%) 
texdata                  8/2048          256/65536    ( 0.4%) 
dispinfos                0/0               0/0        ( 0.0%) 
disp_verts               0/0               0/0        ( 0.0%) 
disp_tris                0/0               0/0        ( 0.0%) 
disp_lmsamples           0/0               0/0        ( 0.0%) 
faces                   78/65536        4368/3670016  ( 0.1%) 
hdr faces                0/65536           0/3670016  ( 0.0%) 
origfaces               27/65536        1512/3670016  ( 0.0%) 
leaves                  73/65536        2336/2097152  ( 0.1%) 
leaffaces               80/65536         160/131072   ( 0.1%) 
leafbrushes             44/65536          88/131072   ( 0.1%) 
areas                    2/256            16/2048     ( 0.8%) 
surfedges              460/512000       1840/2048000  ( 0.1%) 
edges                  254/256000       1016/1024000  ( 0.1%) 
LDR worldlights          2/8192          176/720896   ( 0.0%) 
HDR worldlights          0/8192            0/720896   ( 0.0%) 
leafwaterdata            0/32768           0/393216   ( 0.0%) 
waterstrips              0/32768           0/327680   ( 0.0%) 
waterverts               0/65536           0/786432   ( 0.0%) 
waterindices             0/65536           0/131072   ( 0.0%) 
cubemapsamples           0/1024            0/16384    ( 0.0%) 
overlays                 2/512           704/180224   ( 0.4%) 
LDR lightdata         [variable]      164048/0        ( 0.0%) 
HDR lightdata         [variable]           0/0        ( 0.0%) 
visdata               [variable]         256/16777216 ( 0.0%) 
entdata               [variable]        6749/393216   ( 1.7%) 
LDR ambient table       73/65536         292/262144   ( 0.1%) 
HDR ambient table       73/65536         292/262144   ( 0.1%) 
LDR leaf ambient       262/65536        7336/1835008  ( 0.4%) 
HDR leaf ambient        73/65536        2044/1835008  ( 0.1%) 
occluders                0/0               0/0        ( 0.0%) 
occluder polygons        0/0               0/0        ( 0.0%) 
occluder vert ind        0/0               0/0        ( 0.0%) 
detail props          [variable]           1/12       ( 8.3%) 
static props          [variable]           1/12       ( 8.3%) 
pakfile               [variable]      105651/0        ( 0.0%) 
physics               [variable]        5972/4194304  ( 0.1%) 
physics terrain       [variable]           2/1048576  ( 0.0%) 

Level flags = 0

Total triangle count: 196
Writing c:\program files (x86)\steam\steamapps\sourcemods\hlmbv\maps\reich.bsp
0 seconds elapsed



materialPath: C:\Program Files (x86)\Steam\steamapps\common\half-life 2\hl2\materials
Loading c:\program files (x86)\steam\steamapps\sourcemods\hlmbv\maps\reich.vmf
Could not locate 'GameData' key in c:\program files (x86)\steam\steamapps\common\half-life 2\hl2\gameinfo.txt
fixing up env_cubemap materials on brush sides...
0...1...2...3...4...5...6...7...8...9...100...1...2...3...4...5...6...7...8...9...10Processing areas...done (0)
Building Faces...done (0)
FixTjuncs...
PruneNodes...
WriteBSP...
done (0)
writing c:\program files (x86)\steam\steamapps\sourcemods\hlmbv\maps\reich.prt...Building visibility clusters...
done (0)
Creating default LDR cubemaps for env_cubemap using skybox materials:
   skybox/sky_day01_01*.vmt
 ! Run buildcubemaps in the engine to get the correct cube maps.
Creating default HDR cubemaps for env_cubemap using skybox materials:
   skybox/sky_day01_01*.vmt
 ! Run buildcubemaps in the engine to get the correct cube maps.
Finding displacement neighbors...
Finding lightmap sample positions...
Displacement Alpha : 0...1...2...3...4...5...6...7...8...9...10
Building Physics collision data...
done (0) (5972 bytes)
Placing detail props : 0...1...2...3...4...5...6...7...8...9...10
Compacting texture/material tables...
Reduced 22 texinfos to 19
Reduced 8 texdatas to 8 (164 bytes to 164)
Writing c:\program files (x86)\steam\steamapps\sourcemods\hlmbv\maps\reich.bsp
0 seconds elapsed



4 threads
reading c:\program files (x86)\steam\steamapps\sourcemods\hlmbv\maps\reich.bsp
reading c:\program files (x86)\steam\steamapps\sourcemods\hlmbv\maps\reich.prt
  18 portalclusters
  33 numportals
0...1...2...3...4...5...6...7...8...9...10Optimized: 0 visible clusters (0.00%)
Total clusters visible: 322
Average clusters visible: 17
Building PAS...
Average clusters audible: 18
visdatasize:256  compressed from 288
writing c:\program files (x86)\steam\steamapps\sourcemods\hlmbv\maps\reich.bsp
0 seconds elapsed



[Reading texlights from 'lights.rad']
[45 texlights parsed from 'lights.rad']

Loading c:\program files (x86)\steam\steamapps\sourcemods\hlmbv\maps\reich.bsp
78 faces
78278 square feet [11272072.00 square inches]
0 Displacements
0 Square Feet [0.00 Square Inches]
78 patches before subdivision
10606 patches after subdivision
2 direct lights
0...1...2...3...4...5...6...7...8...9...100...1...2...3...4...5...6...7...8...9...10transfers 916164, max 264
transfer lists:   7.0 megs
0...1...2...3...4...5...6...7...8...9...10	Bounce #1 added RGB(17933, 16925, 10303)
0...1...2...3...4...5...6...7...8...9...10	Bounce #2 added RGB(1811, 1660, 814)
Build Patch/Sample Hash Table(s).....Done<0.0016 sec>
0...1...2...3...4...5...6...7...8...9...10FinalLightFace Done
0 of 0 (0% of) surface lights went in leaf ambient cubes.
0...1...2...3...4...5...6...7...8...9...10Writing leaf ambient...done
Ready to Finish

Object names       Objects/Maxobjs  Memory / Maxmem  Fullness 
------------       ---------------  ---------------  -------- 
models                   1/1024           48/49152    ( 0.1%) 
brushes                 16/8192          192/98304    ( 0.2%) 
brushsides              98/65536         784/524288   ( 0.1%) 
planes                  82/65536        1640/1310720  ( 0.1%) 
vertexes               107/65536        1284/786432   ( 0.2%) 
nodes                   71/65536        2272/2097152  ( 0.1%) 
texinfos                19/12288        1368/884736   ( 0.2%) 
texdata                  8/2048          256/65536    ( 0.4%) 
dispinfos                0/0               0/0        ( 0.0%) 
disp_verts               0/0               0/0        ( 0.0%) 
disp_tris                0/0               0/0        ( 0.0%) 
disp_lmsamples           0/0               0/0        ( 0.0%) 
faces                   78/65536        4368/3670016  ( 0.1%) 
hdr faces                0/65536           0/3670016  ( 0.0%) 
origfaces               27/65536        1512/3670016  ( 0.0%) 
leaves                  73/65536        2336/2097152  ( 0.1%) 
leaffaces               80/65536         160/131072   ( 0.1%) 
leafbrushes             44/65536          88/131072   ( 0.1%) 
areas                    2/256            16/2048     ( 0.8%) 
surfedges              460/512000       1840/2048000  ( 0.1%) 
edges                  254/256000       1016/1024000  ( 0.1%) 
LDR worldlights          2/8192          176/720896   ( 0.0%) 
HDR worldlights          0/8192            0/720896   ( 0.0%) 
leafwaterdata            0/32768           0/393216   ( 0.0%) 
waterstrips              0/32768           0/327680   ( 0.0%) 
waterverts               0/65536           0/786432   ( 0.0%) 
waterindices             0/65536           0/131072   ( 0.0%) 
cubemapsamples           0/1024            0/16384    ( 0.0%) 
overlays                 2/512           704/180224   ( 0.4%) 
LDR lightdata         [variable]      164048/0        ( 0.0%) 
HDR lightdata         [variable]           0/0        ( 0.0%) 
visdata               [variable]         256/16777216 ( 0.0%) 
entdata               [variable]       11490/393216   ( 2.9%) 
LDR ambient table       73/65536         292/262144   ( 0.1%) 
HDR ambient table       73/65536         292/262144   ( 0.1%) 
LDR leaf ambient       262/65536        7336/1835008  ( 0.4%) 
HDR leaf ambient        73/65536        2044/1835008  ( 0.1%) 
occluders                0/0               0/0        ( 0.0%) 
occluder polygons        0/0               0/0        ( 0.0%) 
occluder vert ind        0/0               0/0        ( 0.0%) 
detail props          [variable]           1/12       ( 8.3%) 
static props          [variable]           1/12       ( 8.3%) 
pakfile               [variable]      105651/0        ( 0.0%) 
physics               [variable]        5972/4194304  ( 0.1%) 
physics terrain       [variable]           2/1048576  ( 0.0%) 

Level flags = 0

Total triangle count: 196
Writing c:\program files (x86)\steam\steamapps\sourcemods\hlmbv\maps\reich.bsp
0 seconds elapsed
