


materialPath: C:\Program Files (x86)\Steam\steamapps\common\Source SDK Base 2013 Singleplayer\hl2\materials
Loading c:\program files (x86)\steam\steamapps\sourcemods\cs50\maps\terry_traindeath.vmf
Could not locate 'GameData' key in c:\program files (x86)\steam\steamapps\common\source sdk base 2013 singleplayer\hl2\gameinfo.txt
fixing up env_cubemap materials on brush sides...
0...1...2...3...4...5...6...7...8...9...100...1...2...3...4...5...6...7...8...9...10Processing areas...done (0)
Building Faces...done (0)
Chop Details...done (0)
Find Visible Detail Sides...done (0)
Merging details...done (0)
FixTjuncs...
PruneNodes...
WriteBSP...
done (0)
writing c:\program files (x86)\steam\steamapps\sourcemods\cs50\maps\terry_traindeath.prt...Building visibility clusters...
done (0)
Creating default LDR cubemaps for env_cubemap using skybox materials:
   skybox/sky_day01_01*.vmt
 ! Run buildcubemaps in the engine to get the correct cube maps.
Creating default HDR cubemaps for env_cubemap using skybox materials:
   skybox/sky_day01_01*.vmt
 ! Run buildcubemaps in the engine to get the correct cube maps.
Finding displacement neighbors...
Finding lightmap sample positions...
Displacement Alpha : 0...1...2...3...4...5...6...7...8...9...10
Building Physics collision data...
done (0) (6519 bytes)
Placing detail props : 0...1...2...3...4...5...6...7...8...9...10
Compacting texture/material tables...
Reduced 15 texinfos to 10
Reduced 3 texdatas to 3 (56 bytes to 56)
Writing c:\program files (x86)\steam\steamapps\sourcemods\cs50\maps\terry_traindeath.bsp
0 seconds elapsed



4 threads
reading c:\program files (x86)\steam\steamapps\sourcemods\cs50\maps\terry_traindeath.bsp
reading c:\program files (x86)\steam\steamapps\sourcemods\cs50\maps\terry_traindeath.prt
  10 portalclusters
  11 numportals
0...1...2...3...4...5...6...7...8...9...10Optimized: 0 visible clusters (0.00%)
Total clusters visible: 68
Average clusters visible: 6
Building PAS...
Average clusters audible: 6
visdatasize:128  compressed from 160
writing c:\program files (x86)\steam\steamapps\sourcemods\cs50\maps\terry_traindeath.bsp
0 seconds elapsed



Could not find lights.rad in lights.rad.
Trying VRAD BIN directory instead...
Warning: Couldn't open texlight file C:\Program Files (x86)\Steam\steamapps\common\Source SDK Base 2013 Singleplayer\bin\lights.rad.
Loading c:\program files (x86)\steam\steamapps\sourcemods\cs50\maps\terry_traindeath.bsp
94 faces
114915 square feet [16547840.00 square inches]
0 Displacements
0 Square Feet [0.00 Square Inches]
94 patches before subdivision
14382 patches after subdivision
7 direct lights
0...1...2...3...4...5...6...7...8...9...100...1...2...3...4...5...6...7...8...9...10transfers 1818284, max 321
transfer lists:  13.9 megs
0...1...2...3...4...5...6...7...8...9...10	Bounce #1 added RGB(0, 0, 0)
Build Patch/Sample Hash Table(s).....Done<0.0024 sec>
0...1...2...3...4...5...6...7...8...9...10FinalLightFace Done
0 of 0 (0% of) surface lights went in leaf ambient cubes.
0...1...2...3...4...5...6...7...8...9...10Writing leaf ambient...done
Ready to Finish

Object names       Objects/Maxobjs  Memory / Maxmem  Fullness 
------------       ---------------  ---------------  -------- 
models                   2/1024           96/49152    ( 0.2%) 
brushes                 17/8192          204/98304    ( 0.2%) 
brushsides             102/65536         816/524288   ( 0.2%) 
planes                 112/65536        2240/1310720  ( 0.2%) 
vertexes               107/65536        1284/786432   ( 0.2%) 
nodes                   63/65536        2016/2097152  ( 0.1%) 
texinfos                10/12288         720/884736   ( 0.1%) 
texdata                  3/2048           96/65536    ( 0.1%) 
dispinfos                0/0               0/0        ( 0.0%) 
disp_verts               0/0               0/0        ( 0.0%) 
disp_tris                0/0               0/0        ( 0.0%) 
disp_lmsamples           0/0               0/0        ( 0.0%) 
faces                   94/65536        5264/3670016  ( 0.1%) 
hdr faces                0/65536           0/3670016  ( 0.0%) 
origfaces               18/65536        1008/3670016  ( 0.0%) 
leaves                  66/65536        2112/2097152  ( 0.1%) 
leaffaces              100/65536         200/131072   ( 0.2%) 
leafbrushes             45/65536          90/131072   ( 0.1%) 
areas                    3/256            24/2048     ( 1.2%) 
surfedges              460/512000       1840/2048000  ( 0.1%) 
edges                  231/256000        924/1024000  ( 0.1%) 
LDR worldlights          7/8192          616/720896   ( 0.1%) 
HDR worldlights          0/8192            0/720896   ( 0.0%) 
leafwaterdata            0/32768           0/393216   ( 0.0%) 
waterstrips              2/32768          20/327680   ( 0.0%) 
waterverts               0/65536           0/786432   ( 0.0%) 
waterindices            24/65536          48/131072   ( 0.0%) 
cubemapsamples           0/1024            0/16384    ( 0.0%) 
overlays                 0/512             0/180224   ( 0.0%) 
LDR lightdata         [variable]      237032/0        ( 0.0%) 
HDR lightdata         [variable]           0/0        ( 0.0%) 
visdata               [variable]         128/16777216 ( 0.0%) 
entdata               [variable]        4481/393216   ( 1.1%) 
LDR ambient table       66/65536         264/262144   ( 0.1%) 
HDR ambient table       66/65536         264/262144   ( 0.1%) 
LDR leaf ambient        16/65536         448/1835008  ( 0.0%) 
HDR leaf ambient        66/65536        1848/1835008  ( 0.1%) 
occluders                0/0               0/0        ( 0.0%) 
occluder polygons        0/0               0/0        ( 0.0%) 
occluder vert ind        0/0               0/0        ( 0.0%) 
detail props          [variable]           1/12       ( 8.3%) 
static props          [variable]           1/1020     ( 0.1%) 
pakfile               [variable]      105695/0        ( 0.0%) 
physics               [variable]        6519/4194304  ( 0.2%) 
physics terrain       [variable]           2/1048576  ( 0.0%) 

Level flags = 0

Total triangle count: 200
Writing c:\program files (x86)\steam\steamapps\sourcemods\cs50\maps\terry_traindeath.bsp
0 seconds elapsed



materialPath: C:\Program Files (x86)\Steam\steamapps\common\Source SDK Base 2013 Singleplayer\hl2\materials
Loading c:\program files (x86)\steam\steamapps\sourcemods\cs50\maps\terry_traindeath.vmf
Could not locate 'GameData' key in c:\program files (x86)\steam\steamapps\common\source sdk base 2013 singleplayer\hl2\gameinfo.txt
fixing up env_cubemap materials on brush sides...
0...1...2...3...4...5...6...7...8...9...100...1...2...3...4...5...6...7...8...9...10Processing areas...done (0)
Building Faces...done (0)
Chop Details...done (0)
Find Visible Detail Sides...done (0)
Merging details...done (0)
FixTjuncs...
PruneNodes...
WriteBSP...
done (0)
writing c:\program files (x86)\steam\steamapps\sourcemods\cs50\maps\terry_traindeath.prt...Building visibility clusters...
done (0)
Creating default LDR cubemaps for env_cubemap using skybox materials:
   skybox/sky_day01_01*.vmt
 ! Run buildcubemaps in the engine to get the correct cube maps.
Creating default HDR cubemaps for env_cubemap using skybox materials:
   skybox/sky_day01_01*.vmt
 ! Run buildcubemaps in the engine to get the correct cube maps.
Finding displacement neighbors...
Finding lightmap sample positions...
Displacement Alpha : 0...1...2...3...4...5...6...7...8...9...10
Building Physics collision data...
done (0) (6519 bytes)
Placing detail props : 0...1...2...3...4...5...6...7...8...9...10
Compacting texture/material tables...
Reduced 15 texinfos to 10
Reduced 3 texdatas to 3 (56 bytes to 56)
Writing c:\program files (x86)\steam\steamapps\sourcemods\cs50\maps\terry_traindeath.bsp
0 seconds elapsed



4 threads
reading c:\program files (x86)\steam\steamapps\sourcemods\cs50\maps\terry_traindeath.bsp
reading c:\program files (x86)\steam\steamapps\sourcemods\cs50\maps\terry_traindeath.prt
  10 portalclusters
  11 numportals
0...1...2...3...4...5...6...7...8...9...10Optimized: 0 visible clusters (0.00%)
Total clusters visible: 68
Average clusters visible: 6
Building PAS...
Average clusters audible: 6
visdatasize:128  compressed from 160
writing c:\program files (x86)\steam\steamapps\sourcemods\cs50\maps\terry_traindeath.bsp
0 seconds elapsed



Could not find lights.rad in lights.rad.
Trying VRAD BIN directory instead...
Warning: Couldn't open texlight file C:\Program Files (x86)\Steam\steamapps\common\Source SDK Base 2013 Singleplayer\bin\lights.rad.
Loading c:\program files (x86)\steam\steamapps\sourcemods\cs50\maps\terry_traindeath.bsp
94 faces
114915 square feet [16547840.00 square inches]
0 Displacements
0 Square Feet [0.00 Square Inches]
94 patches before subdivision
14382 patches after subdivision
7 direct lights
0...1...2...3...4...5...6...7...8...9...100...1...2...3...4...5...6...7...8...9...10transfers 1818284, max 321
transfer lists:  13.9 megs
0...1...2...3...4...5...6...7...8...9...10	Bounce #1 added RGB(0, 0, 0)
Build Patch/Sample Hash Table(s).....Done<0.0024 sec>
0...1...2...3...4...5...6...7...8...9...10FinalLightFace Done
0 of 0 (0% of) surface lights went in leaf ambient cubes.
0...1...2...3...4...5...6...7...8...9...10Writing leaf ambient...done
Ready to Finish

Object names       Objects/Maxobjs  Memory / Maxmem  Fullness 
------------       ---------------  ---------------  -------- 
models                   2/1024           96/49152    ( 0.2%) 
brushes                 17/8192          204/98304    ( 0.2%) 
brushsides             102/65536         816/524288   ( 0.2%) 
planes                 112/65536        2240/1310720  ( 0.2%) 
vertexes               107/65536        1284/786432   ( 0.2%) 
nodes                   63/65536        2016/2097152  ( 0.1%) 
texinfos                10/12288         720/884736   ( 0.1%) 
texdata                  3/2048           96/65536    ( 0.1%) 
dispinfos                0/0               0/0        ( 0.0%) 
disp_verts               0/0               0/0        ( 0.0%) 
disp_tris                0/0               0/0        ( 0.0%) 
disp_lmsamples           0/0               0/0        ( 0.0%) 
faces                   94/65536        5264/3670016  ( 0.1%) 
hdr faces                0/65536           0/3670016  ( 0.0%) 
origfaces               18/65536        1008/3670016  ( 0.0%) 
leaves                  66/65536        2112/2097152  ( 0.1%) 
leaffaces              100/65536         200/131072   ( 0.2%) 
leafbrushes             45/65536          90/131072   ( 0.1%) 
areas                    3/256            24/2048     ( 1.2%) 
surfedges              460/512000       1840/2048000  ( 0.1%) 
edges                  231/256000        924/1024000  ( 0.1%) 
LDR worldlights          7/8192          616/720896   ( 0.1%) 
HDR worldlights          0/8192            0/720896   ( 0.0%) 
leafwaterdata            0/32768           0/393216   ( 0.0%) 
waterstrips              2/32768          20/327680   ( 0.0%) 
waterverts               0/65536           0/786432   ( 0.0%) 
waterindices            24/65536          48/131072   ( 0.0%) 
cubemapsamples           0/1024            0/16384    ( 0.0%) 
overlays                 0/512             0/180224   ( 0.0%) 
LDR lightdata         [variable]      237032/0        ( 0.0%) 
HDR lightdata         [variable]           0/0        ( 0.0%) 
visdata               [variable]         128/16777216 ( 0.0%) 
entdata               [variable]        4969/393216   ( 1.3%) 
LDR ambient table       66/65536         264/262144   ( 0.1%) 
HDR ambient table       66/65536         264/262144   ( 0.1%) 
LDR leaf ambient        16/65536         448/1835008  ( 0.0%) 
HDR leaf ambient        66/65536        1848/1835008  ( 0.1%) 
occluders                0/0               0/0        ( 0.0%) 
occluder polygons        0/0               0/0        ( 0.0%) 
occluder vert ind        0/0               0/0        ( 0.0%) 
detail props          [variable]           1/12       ( 8.3%) 
static props          [variable]           1/1020     ( 0.1%) 
pakfile               [variable]      105695/0        ( 0.0%) 
physics               [variable]        6519/4194304  ( 0.2%) 
physics terrain       [variable]           2/1048576  ( 0.0%) 

Level flags = 0

Total triangle count: 200
Writing c:\program files (x86)\steam\steamapps\sourcemods\cs50\maps\terry_traindeath.bsp
0 seconds elapsed



materialPath: C:\Program Files (x86)\Steam\steamapps\common\Source SDK Base 2013 Singleplayer\hl2\materials
Loading c:\program files (x86)\steam\steamapps\sourcemods\cs50\maps\terry_traindeath.vmf
Could not locate 'GameData' key in c:\program files (x86)\steam\steamapps\common\source sdk base 2013 singleplayer\hl2\gameinfo.txt
fixing up env_cubemap materials on brush sides...
0...1...2...3...4...5...6...7...8...9...100...1...2...3...4...5...6...7...8...9...10Processing areas...done (0)
Building Faces...done (0)
Chop Details...done (0)
Find Visible Detail Sides...done (0)
Merging details...done (0)
FixTjuncs...
PruneNodes...
WriteBSP...
done (0)
writing c:\program files (x86)\steam\steamapps\sourcemods\cs50\maps\terry_traindeath.prt...Building visibility clusters...
done (0)
Creating default LDR cubemaps for env_cubemap using skybox materials:
   skybox/sky_day01_01*.vmt
 ! Run buildcubemaps in the engine to get the correct cube maps.
Creating default HDR cubemaps for env_cubemap using skybox materials:
   skybox/sky_day01_01*.vmt
 ! Run buildcubemaps in the engine to get the correct cube maps.
Finding displacement neighbors...
Finding lightmap sample positions...
Displacement Alpha : 0...1...2...3...4...5...6...7...8...9...10
Building Physics collision data...
done (0) (6519 bytes)
Placing detail props : 0...1...2...3...4...5...6...7...8...9...10
Compacting texture/material tables...
Reduced 15 texinfos to 10
Reduced 3 texdatas to 3 (56 bytes to 56)
Writing c:\program files (x86)\steam\steamapps\sourcemods\cs50\maps\terry_traindeath.bsp
0 seconds elapsed



4 threads
reading c:\program files (x86)\steam\steamapps\sourcemods\cs50\maps\terry_traindeath.bsp
reading c:\program files (x86)\steam\steamapps\sourcemods\cs50\maps\terry_traindeath.prt
  10 portalclusters
  11 numportals
0...1...2...3...4...5...6...7...8...9...10Optimized: 0 visible clusters (0.00%)
Total clusters visible: 68
Average clusters visible: 6
Building PAS...
Average clusters audible: 6
visdatasize:128  compressed from 160
writing c:\program files (x86)\steam\steamapps\sourcemods\cs50\maps\terry_traindeath.bsp
0 seconds elapsed



Could not find lights.rad in lights.rad.
Trying VRAD BIN directory instead...
Warning: Couldn't open texlight file C:\Program Files (x86)\Steam\steamapps\common\Source SDK Base 2013 Singleplayer\bin\lights.rad.
Loading c:\program files (x86)\steam\steamapps\sourcemods\cs50\maps\terry_traindeath.bsp
94 faces
114915 square feet [16547840.00 square inches]
0 Displacements
0 Square Feet [0.00 Square Inches]
94 patches before subdivision
14382 patches after subdivision
7 direct lights
0...1...2...3...4...5...6...7...8...9...100...1...2...3...4...5...6...7...8...9...10transfers 1818284, max 321
transfer lists:  13.9 megs
0...1...2...3...4...5...6...7...8...9...10	Bounce #1 added RGB(0, 0, 0)
Build Patch/Sample Hash Table(s).....Done<0.0025 sec>
0...1...2...3...4...5...6...7...8...9...10FinalLightFace Done
0 of 0 (0% of) surface lights went in leaf ambient cubes.
0...1...2...3...4...5...6...7...8...9...10Writing leaf ambient...done
Ready to Finish

Object names       Objects/Maxobjs  Memory / Maxmem  Fullness 
------------       ---------------  ---------------  -------- 
models                   2/1024           96/49152    ( 0.2%) 
brushes                 17/8192          204/98304    ( 0.2%) 
brushsides             102/65536         816/524288   ( 0.2%) 
planes                 112/65536        2240/1310720  ( 0.2%) 
vertexes               107/65536        1284/786432   ( 0.2%) 
nodes                   63/65536        2016/2097152  ( 0.1%) 
texinfos                10/12288         720/884736   ( 0.1%) 
texdata                  3/2048           96/65536    ( 0.1%) 
dispinfos                0/0               0/0        ( 0.0%) 
disp_verts               0/0               0/0        ( 0.0%) 
disp_tris                0/0               0/0        ( 0.0%) 
disp_lmsamples           0/0               0/0        ( 0.0%) 
faces                   94/65536        5264/3670016  ( 0.1%) 
hdr faces                0/65536           0/3670016  ( 0.0%) 
origfaces               18/65536        1008/3670016  ( 0.0%) 
leaves                  66/65536        2112/2097152  ( 0.1%) 
leaffaces              100/65536         200/131072   ( 0.2%) 
leafbrushes             45/65536          90/131072   ( 0.1%) 
areas                    3/256            24/2048     ( 1.2%) 
surfedges              460/512000       1840/2048000  ( 0.1%) 
edges                  231/256000        924/1024000  ( 0.1%) 
LDR worldlights          7/8192          616/720896   ( 0.1%) 
HDR worldlights          0/8192            0/720896   ( 0.0%) 
leafwaterdata            0/32768           0/393216   ( 0.0%) 
waterstrips              2/32768          20/327680   ( 0.0%) 
waterverts               0/65536           0/786432   ( 0.0%) 
waterindices            24/65536          48/131072   ( 0.0%) 
cubemapsamples           0/1024            0/16384    ( 0.0%) 
overlays                 0/512             0/180224   ( 0.0%) 
LDR lightdata         [variable]      237032/0        ( 0.0%) 
HDR lightdata         [variable]           0/0        ( 0.0%) 
visdata               [variable]         128/16777216 ( 0.0%) 
entdata               [variable]        5006/393216   ( 1.3%) 
LDR ambient table       66/65536         264/262144   ( 0.1%) 
HDR ambient table       66/65536         264/262144   ( 0.1%) 
LDR leaf ambient        16/65536         448/1835008  ( 0.0%) 
HDR leaf ambient        66/65536        1848/1835008  ( 0.1%) 
occluders                0/0               0/0        ( 0.0%) 
occluder polygons        0/0               0/0        ( 0.0%) 
occluder vert ind        0/0               0/0        ( 0.0%) 
detail props          [variable]           1/12       ( 8.3%) 
static props          [variable]           1/1020     ( 0.1%) 
pakfile               [variable]      105695/0        ( 0.0%) 
physics               [variable]        6519/4194304  ( 0.2%) 
physics terrain       [variable]           2/1048576  ( 0.0%) 

Level flags = 0

Total triangle count: 200
Writing c:\program files (x86)\steam\steamapps\sourcemods\cs50\maps\terry_traindeath.bsp
0 seconds elapsed



materialPath: C:\Program Files (x86)\Steam\steamapps\common\Source SDK Base 2013 Singleplayer\hl2\materials
Loading c:\program files (x86)\steam\steamapps\sourcemods\cs50\maps\terry_traindeath.vmf
Could not locate 'GameData' key in c:\program files (x86)\steam\steamapps\common\source sdk base 2013 singleplayer\hl2\gameinfo.txt
fixing up env_cubemap materials on brush sides...
0...1...2...3...4...5...6...7...8...9...100...1...2...3...4...5...6...7...8...9...10Processing areas...done (0)
Building Faces...done (0)
Chop Details...done (0)
Find Visible Detail Sides...done (0)
Merging details...done (0)
FixTjuncs...
PruneNodes...
WriteBSP...
done (0)
writing c:\program files (x86)\steam\steamapps\sourcemods\cs50\maps\terry_traindeath.prt...Building visibility clusters...
done (0)
Creating default LDR cubemaps for env_cubemap using skybox materials:
   skybox/sky_day01_01*.vmt
 ! Run buildcubemaps in the engine to get the correct cube maps.
Creating default HDR cubemaps for env_cubemap using skybox materials:
   skybox/sky_day01_01*.vmt
 ! Run buildcubemaps in the engine to get the correct cube maps.
Finding displacement neighbors...
Finding lightmap sample positions...
Displacement Alpha : 0...1...2...3...4...5...6...7...8...9...10
Building Physics collision data...
done (0) (6519 bytes)
Placing detail props : 0...1...2...3...4...5...6...7...8...9...10
Compacting texture/material tables...
Reduced 15 texinfos to 10
Reduced 3 texdatas to 3 (56 bytes to 56)
Writing c:\program files (x86)\steam\steamapps\sourcemods\cs50\maps\terry_traindeath.bsp
0 seconds elapsed



4 threads
reading c:\program files (x86)\steam\steamapps\sourcemods\cs50\maps\terry_traindeath.bsp
reading c:\program files (x86)\steam\steamapps\sourcemods\cs50\maps\terry_traindeath.prt
  10 portalclusters
  11 numportals
0...1...2...3...4...5...6...7...8...9...10Optimized: 0 visible clusters (0.00%)
Total clusters visible: 68
Average clusters visible: 6
Building PAS...
Average clusters audible: 6
visdatasize:128  compressed from 160
writing c:\program files (x86)\steam\steamapps\sourcemods\cs50\maps\terry_traindeath.bsp
0 seconds elapsed



Could not find lights.rad in lights.rad.
Trying VRAD BIN directory instead...
Warning: Couldn't open texlight file C:\Program Files (x86)\Steam\steamapps\common\Source SDK Base 2013 Singleplayer\bin\lights.rad.
Loading c:\program files (x86)\steam\steamapps\sourcemods\cs50\maps\terry_traindeath.bsp
94 faces
114915 square feet [16547840.00 square inches]
0 Displacements
0 Square Feet [0.00 Square Inches]
94 patches before subdivision
14382 patches after subdivision
7 direct lights
0...1...2...3...4...5...6...7...8...9...100...1...2...3...4...5...6...7...8...9...10transfers 1818284, max 321
transfer lists:  13.9 megs
0...1...2...3...4...5...6...7...8...9...10	Bounce #1 added RGB(0, 0, 0)
Build Patch/Sample Hash Table(s).....Done<0.0025 sec>
0...1...2...3...4...5...6...7...8...9...10FinalLightFace Done
0 of 0 (0% of) surface lights went in leaf ambient cubes.
0...1...2...3...4...5...6...7...8...9...10Writing leaf ambient...done
Ready to Finish

Object names       Objects/Maxobjs  Memory / Maxmem  Fullness 
------------       ---------------  ---------------  -------- 
models                   2/1024           96/49152    ( 0.2%) 
brushes                 17/8192          204/98304    ( 0.2%) 
brushsides             102/65536         816/524288   ( 0.2%) 
planes                 112/65536        2240/1310720  ( 0.2%) 
vertexes               107/65536        1284/786432   ( 0.2%) 
nodes                   63/65536        2016/2097152  ( 0.1%) 
texinfos                10/12288         720/884736   ( 0.1%) 
texdata                  3/2048           96/65536    ( 0.1%) 
dispinfos                0/0               0/0        ( 0.0%) 
disp_verts               0/0               0/0        ( 0.0%) 
disp_tris                0/0               0/0        ( 0.0%) 
disp_lmsamples           0/0               0/0        ( 0.0%) 
faces                   94/65536        5264/3670016  ( 0.1%) 
hdr faces                0/65536           0/3670016  ( 0.0%) 
origfaces               18/65536        1008/3670016  ( 0.0%) 
leaves                  66/65536        2112/2097152  ( 0.1%) 
leaffaces              100/65536         200/131072   ( 0.2%) 
leafbrushes             45/65536          90/131072   ( 0.1%) 
areas                    3/256            24/2048     ( 1.2%) 
surfedges              460/512000       1840/2048000  ( 0.1%) 
edges                  231/256000        924/1024000  ( 0.1%) 
LDR worldlights          7/8192          616/720896   ( 0.1%) 
HDR worldlights          0/8192            0/720896   ( 0.0%) 
leafwaterdata            0/32768           0/393216   ( 0.0%) 
waterstrips              2/32768          20/327680   ( 0.0%) 
waterverts               0/65536           0/786432   ( 0.0%) 
waterindices            24/65536          48/131072   ( 0.0%) 
cubemapsamples           0/1024            0/16384    ( 0.0%) 
overlays                 0/512             0/180224   ( 0.0%) 
LDR lightdata         [variable]      237032/0        ( 0.0%) 
HDR lightdata         [variable]           0/0        ( 0.0%) 
visdata               [variable]         128/16777216 ( 0.0%) 
entdata               [variable]        5492/393216   ( 1.4%) 
LDR ambient table       66/65536         264/262144   ( 0.1%) 
HDR ambient table       66/65536         264/262144   ( 0.1%) 
LDR leaf ambient        16/65536         448/1835008  ( 0.0%) 
HDR leaf ambient        66/65536        1848/1835008  ( 0.1%) 
occluders                0/0               0/0        ( 0.0%) 
occluder polygons        0/0               0/0        ( 0.0%) 
occluder vert ind        0/0               0/0        ( 0.0%) 
detail props          [variable]           1/12       ( 8.3%) 
static props          [variable]           1/1020     ( 0.1%) 
pakfile               [variable]      105695/0        ( 0.0%) 
physics               [variable]        6519/4194304  ( 0.2%) 
physics terrain       [variable]           2/1048576  ( 0.0%) 

Level flags = 0

Total triangle count: 200
Writing c:\program files (x86)\steam\steamapps\sourcemods\cs50\maps\terry_traindeath.bsp
0 seconds elapsed



materialPath: C:\Program Files (x86)\Steam\steamapps\common\Source SDK Base 2013 Singleplayer\hl2\materials
Loading c:\program files (x86)\steam\steamapps\sourcemods\cs50\maps\terry_traindeath.vmf
Could not locate 'GameData' key in c:\program files (x86)\steam\steamapps\common\source sdk base 2013 singleplayer\hl2\gameinfo.txt
fixing up env_cubemap materials on brush sides...
0...1...2...3...4...5...6...7...8...9...100...1...2...3...4...5...6...7...8...9...10Processing areas...done (0)
Building Faces...done (0)
Chop Details...done (0)
Find Visible Detail Sides...done (0)
Merging details...done (0)
FixTjuncs...
PruneNodes...
WriteBSP...
done (0)
writing c:\program files (x86)\steam\steamapps\sourcemods\cs50\maps\terry_traindeath.prt...Building visibility clusters...
done (0)
Creating default LDR cubemaps for env_cubemap using skybox materials:
   skybox/sky_day01_01*.vmt
 ! Run buildcubemaps in the engine to get the correct cube maps.
Creating default HDR cubemaps for env_cubemap using skybox materials:
   skybox/sky_day01_01*.vmt
 ! Run buildcubemaps in the engine to get the correct cube maps.
Finding displacement neighbors...
Finding lightmap sample positions...
Displacement Alpha : 0...1...2...3...4...5...6...7...8...9...10
Building Physics collision data...
done (0) (6519 bytes)
Placing detail props : 0...1...2...3...4...5...6...7...8...9...10
Compacting texture/material tables...
Reduced 15 texinfos to 10
Reduced 3 texdatas to 3 (56 bytes to 56)
Writing c:\program files (x86)\steam\steamapps\sourcemods\cs50\maps\terry_traindeath.bsp
0 seconds elapsed



4 threads
reading c:\program files (x86)\steam\steamapps\sourcemods\cs50\maps\terry_traindeath.bsp
reading c:\program files (x86)\steam\steamapps\sourcemods\cs50\maps\terry_traindeath.prt
  10 portalclusters
  11 numportals
0...1...2...3...4...5...6...7...8...9...10Optimized: 0 visible clusters (0.00%)
Total clusters visible: 68
Average clusters visible: 6
Building PAS...
Average clusters audible: 6
visdatasize:128  compressed from 160
writing c:\program files (x86)\steam\steamapps\sourcemods\cs50\maps\terry_traindeath.bsp
0 seconds elapsed



Could not find lights.rad in lights.rad.
Trying VRAD BIN directory instead...
Warning: Couldn't open texlight file C:\Program Files (x86)\Steam\steamapps\common\Source SDK Base 2013 Singleplayer\bin\lights.rad.
Loading c:\program files (x86)\steam\steamapps\sourcemods\cs50\maps\terry_traindeath.bsp
94 faces
114915 square feet [16547840.00 square inches]
0 Displacements
0 Square Feet [0.00 Square Inches]
94 patches before subdivision
14382 patches after subdivision
7 direct lights
0...1...2...3...4...5...6...7...8...9...100...1...2...3...4...5...6...7...8...9...10transfers 1818284, max 321
transfer lists:  13.9 megs
0...1...2...3...4...5...6...7...8...9...10	Bounce #1 added RGB(0, 0, 0)
Build Patch/Sample Hash Table(s).....Done<0.0024 sec>
0...1...2...3...4...5...6...7...8...9...10FinalLightFace Done
0 of 0 (0% of) surface lights went in leaf ambient cubes.
0...1...2...3...4...5...6...7...8...9...10Writing leaf ambient...done
Ready to Finish

Object names       Objects/Maxobjs  Memory / Maxmem  Fullness 
------------       ---------------  ---------------  -------- 
models                   2/1024           96/49152    ( 0.2%) 
brushes                 17/8192          204/98304    ( 0.2%) 
brushsides             102/65536         816/524288   ( 0.2%) 
planes                 112/65536        2240/1310720  ( 0.2%) 
vertexes               107/65536        1284/786432   ( 0.2%) 
nodes                   63/65536        2016/2097152  ( 0.1%) 
texinfos                10/12288         720/884736   ( 0.1%) 
texdata                  3/2048           96/65536    ( 0.1%) 
dispinfos                0/0               0/0        ( 0.0%) 
disp_verts               0/0               0/0        ( 0.0%) 
disp_tris                0/0               0/0        ( 0.0%) 
disp_lmsamples           0/0               0/0        ( 0.0%) 
faces                   94/65536        5264/3670016  ( 0.1%) 
hdr faces                0/65536           0/3670016  ( 0.0%) 
origfaces               18/65536        1008/3670016  ( 0.0%) 
leaves                  66/65536        2112/2097152  ( 0.1%) 
leaffaces              100/65536         200/131072   ( 0.2%) 
leafbrushes             45/65536          90/131072   ( 0.1%) 
areas                    3/256            24/2048     ( 1.2%) 
surfedges              460/512000       1840/2048000  ( 0.1%) 
edges                  231/256000        924/1024000  ( 0.1%) 
LDR worldlights          7/8192          616/720896   ( 0.1%) 
HDR worldlights          0/8192            0/720896   ( 0.0%) 
leafwaterdata            0/32768           0/393216   ( 0.0%) 
waterstrips              2/32768          20/327680   ( 0.0%) 
waterverts               0/65536           0/786432   ( 0.0%) 
waterindices            24/65536          48/131072   ( 0.0%) 
cubemapsamples           0/1024            0/16384    ( 0.0%) 
overlays                 0/512             0/180224   ( 0.0%) 
LDR lightdata         [variable]      237032/0        ( 0.0%) 
HDR lightdata         [variable]           0/0        ( 0.0%) 
visdata               [variable]         128/16777216 ( 0.0%) 
entdata               [variable]        5540/393216   ( 1.4%) 
LDR ambient table       66/65536         264/262144   ( 0.1%) 
HDR ambient table       66/65536         264/262144   ( 0.1%) 
LDR leaf ambient        16/65536         448/1835008  ( 0.0%) 
HDR leaf ambient        66/65536        1848/1835008  ( 0.1%) 
occluders                0/0               0/0        ( 0.0%) 
occluder polygons        0/0               0/0        ( 0.0%) 
occluder vert ind        0/0               0/0        ( 0.0%) 
detail props          [variable]           1/12       ( 8.3%) 
static props          [variable]           1/1020     ( 0.1%) 
pakfile               [variable]      105695/0        ( 0.0%) 
physics               [variable]        6519/4194304  ( 0.2%) 
physics terrain       [variable]           2/1048576  ( 0.0%) 

Level flags = 0

Total triangle count: 200
Writing c:\program files (x86)\steam\steamapps\sourcemods\cs50\maps\terry_traindeath.bsp
0 seconds elapsed



materialPath: C:\Program Files (x86)\Steam\steamapps\common\Source SDK Base 2013 Singleplayer\hl2\materials
Loading c:\program files (x86)\steam\steamapps\sourcemods\cs50\maps\terry_traindeath.vmf
Could not locate 'GameData' key in c:\program files (x86)\steam\steamapps\common\source sdk base 2013 singleplayer\hl2\gameinfo.txt
fixing up env_cubemap materials on brush sides...
0...1...2...3...4...5...6...7...8...9...100...1...2...3...4...5...6...7...8...9...10Processing areas...done (0)
Building Faces...done (0)
Chop Details...done (0)
Find Visible Detail Sides...done (0)
Merging details...done (0)
FixTjuncs...
PruneNodes...
WriteBSP...
done (0)
writing c:\program files (x86)\steam\steamapps\sourcemods\cs50\maps\terry_traindeath.prt...Building visibility clusters...
done (0)
Creating default LDR cubemaps for env_cubemap using skybox materials:
   skybox/sky_day01_01*.vmt
 ! Run buildcubemaps in the engine to get the correct cube maps.
Creating default HDR cubemaps for env_cubemap using skybox materials:
   skybox/sky_day01_01*.vmt
 ! Run buildcubemaps in the engine to get the correct cube maps.
Finding displacement neighbors...
Finding lightmap sample positions...
Displacement Alpha : 0...1...2...3...4...5...6...7...8...9...10
Building Physics collision data...
done (0) (6519 bytes)
Placing detail props : 0...1...2...3...4...5...6...7...8...9...10
Compacting texture/material tables...
Reduced 15 texinfos to 10
Reduced 3 texdatas to 3 (56 bytes to 56)
Writing c:\program files (x86)\steam\steamapps\sourcemods\cs50\maps\terry_traindeath.bsp
0 seconds elapsed



4 threads
reading c:\program files (x86)\steam\steamapps\sourcemods\cs50\maps\terry_traindeath.bsp
reading c:\program files (x86)\steam\steamapps\sourcemods\cs50\maps\terry_traindeath.prt
  10 portalclusters
  11 numportals
0...1...2...3...4...5...6...7...8...9...10Optimized: 0 visible clusters (0.00%)
Total clusters visible: 68
Average clusters visible: 6
Building PAS...
Average clusters audible: 6
visdatasize:128  compressed from 160
writing c:\program files (x86)\steam\steamapps\sourcemods\cs50\maps\terry_traindeath.bsp
0 seconds elapsed



Could not find lights.rad in lights.rad.
Trying VRAD BIN directory instead...
Warning: Couldn't open texlight file C:\Program Files (x86)\Steam\steamapps\common\Source SDK Base 2013 Singleplayer\bin\lights.rad.
Loading c:\program files (x86)\steam\steamapps\sourcemods\cs50\maps\terry_traindeath.bsp
94 faces
114915 square feet [16547840.00 square inches]
0 Displacements
0 Square Feet [0.00 Square Inches]
94 patches before subdivision
14382 patches after subdivision
7 direct lights
0...1...2...3...4...5...6...7...8...9...100...1...2...3...4...5...6...7...8...9...10transfers 1818284, max 321
transfer lists:  13.9 megs
0...1...2...3...4...5...6...7...8...9...10	Bounce #1 added RGB(0, 0, 0)
Build Patch/Sample Hash Table(s).....Done<0.0023 sec>
0...1...2...3...4...5...6...7...8...9...10FinalLightFace Done
0 of 0 (0% of) surface lights went in leaf ambient cubes.
0...1...2...3...4...5...6...7...8...9...10Writing leaf ambient...done
Ready to Finish

Object names       Objects/Maxobjs  Memory / Maxmem  Fullness 
------------       ---------------  ---------------  -------- 
models                   2/1024           96/49152    ( 0.2%) 
brushes                 17/8192          204/98304    ( 0.2%) 
brushsides             102/65536         816/524288   ( 0.2%) 
planes                 108/65536        2160/1310720  ( 0.2%) 
vertexes               107/65536        1284/786432   ( 0.2%) 
nodes                   63/65536        2016/2097152  ( 0.1%) 
texinfos                10/12288         720/884736   ( 0.1%) 
texdata                  3/2048           96/65536    ( 0.1%) 
dispinfos                0/0               0/0        ( 0.0%) 
disp_verts               0/0               0/0        ( 0.0%) 
disp_tris                0/0               0/0        ( 0.0%) 
disp_lmsamples           0/0               0/0        ( 0.0%) 
faces                   94/65536        5264/3670016  ( 0.1%) 
hdr faces                0/65536           0/3670016  ( 0.0%) 
origfaces               18/65536        1008/3670016  ( 0.0%) 
leaves                  66/65536        2112/2097152  ( 0.1%) 
leaffaces              100/65536         200/131072   ( 0.2%) 
leafbrushes             45/65536          90/131072   ( 0.1%) 
areas                    3/256            24/2048     ( 1.2%) 
surfedges              460/512000       1840/2048000  ( 0.1%) 
edges                  231/256000        924/1024000  ( 0.1%) 
LDR worldlights          7/8192          616/720896   ( 0.1%) 
HDR worldlights          0/8192            0/720896   ( 0.0%) 
leafwaterdata            0/32768           0/393216   ( 0.0%) 
waterstrips              2/32768          20/327680   ( 0.0%) 
waterverts               0/65536           0/786432   ( 0.0%) 
waterindices            24/65536          48/131072   ( 0.0%) 
cubemapsamples           0/1024            0/16384    ( 0.0%) 
overlays                 0/512             0/180224   ( 0.0%) 
LDR lightdata         [variable]      237032/0        ( 0.0%) 
HDR lightdata         [variable]           0/0        ( 0.0%) 
visdata               [variable]         128/16777216 ( 0.0%) 
entdata               [variable]        5541/393216   ( 1.4%) 
LDR ambient table       66/65536         264/262144   ( 0.1%) 
HDR ambient table       66/65536         264/262144   ( 0.1%) 
LDR leaf ambient        16/65536         448/1835008  ( 0.0%) 
HDR leaf ambient        66/65536        1848/1835008  ( 0.1%) 
occluders                0/0               0/0        ( 0.0%) 
occluder polygons        0/0               0/0        ( 0.0%) 
occluder vert ind        0/0               0/0        ( 0.0%) 
detail props          [variable]           1/12       ( 8.3%) 
static props          [variable]           1/1020     ( 0.1%) 
pakfile               [variable]      105695/0        ( 0.0%) 
physics               [variable]        6519/4194304  ( 0.2%) 
physics terrain       [variable]           2/1048576  ( 0.0%) 

Level flags = 0

Total triangle count: 200
Writing c:\program files (x86)\steam\steamapps\sourcemods\cs50\maps\terry_traindeath.bsp
0 seconds elapsed



materialPath: C:\Program Files (x86)\Steam\steamapps\common\Source SDK Base 2013 Singleplayer\hl2\materials
Loading c:\program files (x86)\steam\steamapps\sourcemods\cs50\maps\terry_traindeath.vmf
Could not locate 'GameData' key in c:\program files (x86)\steam\steamapps\common\source sdk base 2013 singleplayer\hl2\gameinfo.txt
fixing up env_cubemap materials on brush sides...
0...1...2...3...4...5...6...7...8...9...100...1...2...3...4...5...6...7...8...9...10Processing areas...done (0)
Building Faces...done (0)
Chop Details...done (0)
Find Visible Detail Sides...done (0)
Merging details...done (0)
FixTjuncs...
PruneNodes...
WriteBSP...
done (0)
writing c:\program files (x86)\steam\steamapps\sourcemods\cs50\maps\terry_traindeath.prt...Building visibility clusters...
done (0)
Creating default LDR cubemaps for env_cubemap using skybox materials:
   skybox/sky_day01_01*.vmt
 ! Run buildcubemaps in the engine to get the correct cube maps.
Creating default HDR cubemaps for env_cubemap using skybox materials:
   skybox/sky_day01_01*.vmt
 ! Run buildcubemaps in the engine to get the correct cube maps.
Finding displacement neighbors...
Finding lightmap sample positions...
Displacement Alpha : 0...1...2...3...4...5...6...7...8...9...10
Building Physics collision data...
done (0) (6519 bytes)
Placing detail props : 0...1...2...3...4...5...6...7...8...9...10
Compacting texture/material tables...
Reduced 15 texinfos to 10
Reduced 3 texdatas to 3 (56 bytes to 56)
Writing c:\program files (x86)\steam\steamapps\sourcemods\cs50\maps\terry_traindeath.bsp
0 seconds elapsed



4 threads
reading c:\program files (x86)\steam\steamapps\sourcemods\cs50\maps\terry_traindeath.bsp
reading c:\program files (x86)\steam\steamapps\sourcemods\cs50\maps\terry_traindeath.prt
  10 portalclusters
  11 numportals
0...1...2...3...4...5...6...7...8...9...10Optimized: 0 visible clusters (0.00%)
Total clusters visible: 68
Average clusters visible: 6
Building PAS...
Average clusters audible: 6
visdatasize:128  compressed from 160
writing c:\program files (x86)\steam\steamapps\sourcemods\cs50\maps\terry_traindeath.bsp
0 seconds elapsed



Could not find lights.rad in lights.rad.
Trying VRAD BIN directory instead...
Warning: Couldn't open texlight file C:\Program Files (x86)\Steam\steamapps\common\Source SDK Base 2013 Singleplayer\bin\lights.rad.
Loading c:\program files (x86)\steam\steamapps\sourcemods\cs50\maps\terry_traindeath.bsp
94 faces
114915 square feet [16547840.00 square inches]
0 Displacements
0 Square Feet [0.00 Square Inches]
94 patches before subdivision
14382 patches after subdivision
7 direct lights
0...1...2...3...4...5...6...7...8...9...100...1...2...3...4...5...6...7...8...9...10transfers 1818284, max 321
transfer lists:  13.9 megs
0...1...2...3...4...5...6...7...8...9...10	Bounce #1 added RGB(0, 0, 0)
Build Patch/Sample Hash Table(s).....Done<0.0027 sec>
0...1...2...3...4...5...6...7...8...9...10FinalLightFace Done
0 of 0 (0% of) surface lights went in leaf ambient cubes.
0...1...2...3...4...5...6...7...8...9...10Writing leaf ambient...done
Ready to Finish

Object names       Objects/Maxobjs  Memory / Maxmem  Fullness 
------------       ---------------  ---------------  -------- 
models                   2/1024           96/49152    ( 0.2%) 
brushes                 17/8192          204/98304    ( 0.2%) 
brushsides             102/65536         816/524288   ( 0.2%) 
planes                 108/65536        2160/1310720  ( 0.2%) 
vertexes               107/65536        1284/786432   ( 0.2%) 
nodes                   63/65536        2016/2097152  ( 0.1%) 
texinfos                10/12288         720/884736   ( 0.1%) 
texdata                  3/2048           96/65536    ( 0.1%) 
dispinfos                0/0               0/0        ( 0.0%) 
disp_verts               0/0               0/0        ( 0.0%) 
disp_tris                0/0               0/0        ( 0.0%) 
disp_lmsamples           0/0               0/0        ( 0.0%) 
faces                   94/65536        5264/3670016  ( 0.1%) 
hdr faces                0/65536           0/3670016  ( 0.0%) 
origfaces               18/65536        1008/3670016  ( 0.0%) 
leaves                  66/65536        2112/2097152  ( 0.1%) 
leaffaces              100/65536         200/131072   ( 0.2%) 
leafbrushes             45/65536          90/131072   ( 0.1%) 
areas                    3/256            24/2048     ( 1.2%) 
surfedges              460/512000       1840/2048000  ( 0.1%) 
edges                  231/256000        924/1024000  ( 0.1%) 
LDR worldlights          7/8192          616/720896   ( 0.1%) 
HDR worldlights          0/8192            0/720896   ( 0.0%) 
leafwaterdata            0/32768           0/393216   ( 0.0%) 
waterstrips              2/32768          20/327680   ( 0.0%) 
waterverts               0/65536           0/786432   ( 0.0%) 
waterindices            24/65536          48/131072   ( 0.0%) 
cubemapsamples           0/1024            0/16384    ( 0.0%) 
overlays                 0/512             0/180224   ( 0.0%) 
LDR lightdata         [variable]      237032/0        ( 0.0%) 
HDR lightdata         [variable]           0/0        ( 0.0%) 
visdata               [variable]         128/16777216 ( 0.0%) 
entdata               [variable]        5541/393216   ( 1.4%) 
LDR ambient table       66/65536         264/262144   ( 0.1%) 
HDR ambient table       66/65536         264/262144   ( 0.1%) 
LDR leaf ambient        16/65536         448/1835008  ( 0.0%) 
HDR leaf ambient        66/65536        1848/1835008  ( 0.1%) 
occluders                0/0               0/0        ( 0.0%) 
occluder polygons        0/0               0/0        ( 0.0%) 
occluder vert ind        0/0               0/0        ( 0.0%) 
detail props          [variable]           1/12       ( 8.3%) 
static props          [variable]           1/1020     ( 0.1%) 
pakfile               [variable]      105695/0        ( 0.0%) 
physics               [variable]        6519/4194304  ( 0.2%) 
physics terrain       [variable]           2/1048576  ( 0.0%) 

Level flags = 0

Total triangle count: 200
Writing c:\program files (x86)\steam\steamapps\sourcemods\cs50\maps\terry_traindeath.bsp
0 seconds elapsed
