


materialPath: C:\Program Files (x86)\Steam\steamapps\common\Source SDK Base 2013 Singleplayer\hl2\materials
Loading c:\program files (x86)\steam\steamapps\sourcemods\hlmbv\maps\worship.vmf
Could not locate 'GameData' key in c:\program files (x86)\steam\steamapps\common\source sdk base 2013 singleplayer\hl2\gameinfo.txt
fixing up env_cubemap materials on brush sides...
0...1...2...3...4...5...6...7...8...9...100...1...2...3...4...5...6...7...8...9...10Processing areas...done (0)
Building Faces...done (0)
FixTjuncs...
PruneNodes...
WriteBSP...
done (0)
writing c:\program files (x86)\steam\steamapps\sourcemods\hlmbv\maps\worship.prt...Building visibility clusters...
done (0)
Creating default LDR cubemaps for env_cubemap using skybox materials:
   skybox/sky_day01_01*.vmt
 ! Run buildcubemaps in the engine to get the correct cube maps.
Creating default HDR cubemaps for env_cubemap using skybox materials:
   skybox/sky_day01_01*.vmt
 ! Run buildcubemaps in the engine to get the correct cube maps.
Finding displacement neighbors...
Finding lightmap sample positions...
Displacement Alpha : 0...1...2...3...4...5...6...7...8...9...10
Building Physics collision data...
done (0) (9773 bytes)
Placing detail props : 0...1...2...3...4...5...6...7...8...9...10
Compacting texture/material tables...
Reduced 30 texinfos to 16
Reduced 5 texdatas to 5 (119 bytes to 119)
Writing c:\program files (x86)\steam\steamapps\sourcemods\hlmbv\maps\worship.bsp
0 seconds elapsed



4 threads
reading c:\program files (x86)\steam\steamapps\sourcemods\hlmbv\maps\worship.bsp
reading c:\program files (x86)\steam\steamapps\sourcemods\hlmbv\maps\worship.prt
  36 portalclusters
  79 numportals
0...1...2...3...4...5...6...7...8...9...10Optimized: 25 visible clusters (2.35%)
Total clusters visible: 1063
Average clusters visible: 29
Building PAS...
Average clusters audible: 36
visdatasize:658  compressed from 576
writing c:\program files (x86)\steam\steamapps\sourcemods\hlmbv\maps\worship.bsp
0 seconds elapsed



Could not find lights.rad in lights.rad.
Trying VRAD BIN directory instead...
Warning: Couldn't open texlight file C:\Program Files (x86)\Steam\steamapps\common\Source SDK Base 2013 Singleplayer\bin\lights.rad.
Loading c:\program files (x86)\steam\steamapps\sourcemods\hlmbv\maps\worship.bsp
191 faces
98744 square feet [14219264.00 square inches]
0 Displacements
0 Square Feet [0.00 Square Inches]
191 patches before subdivision
5741 patches after subdivision
2 direct lights
0...1...2...3...4...5...6...7...8...9...100...1...2...3...4...5...6...7...8...9...10transfers 169199, max 174
transfer lists:   1.3 megs
0...1...2...3...4...5...6...7...8...9...10	Bounce #1 added RGB(26822, 27053, 24125)
0...1...2...3...4...5...6...7...8...9...10	Bounce #2 added RGB(5081, 5212, 4167)
Build Patch/Sample Hash Table(s).....Done<0.0011 sec>
0...1...2...3...4...5...6...7...8...9...10FinalLightFace Done
0 of 0 (0% of) surface lights went in leaf ambient cubes.
0...1...2...3...4...5...6...7...8...9...10Writing leaf ambient...done
Ready to Finish

Object names       Objects/Maxobjs  Memory / Maxmem  Fullness 
------------       ---------------  ---------------  -------- 
models                   1/1024           48/49152    ( 0.1%) 
brushes                 26/8192          312/98304    ( 0.3%) 
brushsides             156/65536        1248/524288   ( 0.2%) 
planes                 102/65536        2040/1310720  ( 0.2%) 
vertexes               267/65536        3204/786432   ( 0.4%) 
nodes                   83/65536        2656/2097152  ( 0.1%) 
texinfos                16/12288        1152/884736   ( 0.1%) 
texdata                  5/2048          160/65536    ( 0.2%) 
dispinfos                0/0               0/0        ( 0.0%) 
disp_verts               0/0               0/0        ( 0.0%) 
disp_tris                0/0               0/0        ( 0.0%) 
disp_lmsamples           0/0               0/0        ( 0.0%) 
faces                  191/65536       10696/3670016  ( 0.3%) 
hdr faces                0/65536           0/3670016  ( 0.0%) 
origfaces               78/65536        4368/3670016  ( 0.1%) 
leaves                  85/65536        2720/2097152  ( 0.1%) 
leaffaces              206/65536         412/131072   ( 0.3%) 
leafbrushes             44/65536          88/131072   ( 0.1%) 
areas                    2/256            16/2048     ( 0.8%) 
surfedges             1198/512000       4792/2048000  ( 0.2%) 
edges                  663/256000       2652/1024000  ( 0.3%) 
LDR worldlights          2/8192          176/720896   ( 0.0%) 
HDR worldlights          0/8192            0/720896   ( 0.0%) 
leafwaterdata            0/32768           0/393216   ( 0.0%) 
waterstrips             21/32768         210/327680   ( 0.1%) 
waterverts               0/65536           0/786432   ( 0.0%) 
waterindices           282/65536         564/131072   ( 0.4%) 
cubemapsamples           0/1024            0/16384    ( 0.0%) 
overlays                 0/512             0/180224   ( 0.0%) 
LDR lightdata         [variable]      331552/0        ( 0.0%) 
HDR lightdata         [variable]           0/0        ( 0.0%) 
visdata               [variable]         658/16777216 ( 0.0%) 
entdata               [variable]       28237/393216   ( 7.2%) 
LDR ambient table       85/65536         340/262144   ( 0.1%) 
HDR ambient table       85/65536         340/262144   ( 0.1%) 
LDR leaf ambient       464/65536       12992/1835008  ( 0.7%) 
HDR leaf ambient        85/65536        2380/1835008  ( 0.1%) 
occluders                0/0               0/0        ( 0.0%) 
occluder polygons        0/0               0/0        ( 0.0%) 
occluder vert ind        0/0               0/0        ( 0.0%) 
detail props          [variable]           1/12       ( 8.3%) 
static props          [variable]           1/206      ( 0.5%) 
pakfile               [variable]      105659/0        ( 0.0%) 
physics               [variable]        9773/4194304  ( 0.2%) 
physics terrain       [variable]           2/1048576  ( 0.0%) 

Level flags = 0

Total triangle count: 504
Writing c:\program files (x86)\steam\steamapps\sourcemods\hlmbv\maps\worship.bsp
0 seconds elapsed



materialPath: C:\Program Files (x86)\Steam\steamapps\common\Source SDK Base 2013 Singleplayer\hl2\materials
Loading c:\program files (x86)\steam\steamapps\sourcemods\hlmbv\maps\worship.vmf
Could not locate 'GameData' key in c:\program files (x86)\steam\steamapps\common\source sdk base 2013 singleplayer\hl2\gameinfo.txt
fixing up env_cubemap materials on brush sides...
0...1...2...3...4...5...6...7...8...9...100...1...2...3...4...5...6...7...8...9...10Processing areas...done (0)
Building Faces...done (0)
FixTjuncs...
PruneNodes...
WriteBSP...
done (0)
writing c:\program files (x86)\steam\steamapps\sourcemods\hlmbv\maps\worship.prt...Building visibility clusters...
done (0)
Creating default LDR cubemaps for env_cubemap using skybox materials:
   skybox/sky_day01_01*.vmt
 ! Run buildcubemaps in the engine to get the correct cube maps.
Creating default HDR cubemaps for env_cubemap using skybox materials:
   skybox/sky_day01_01*.vmt
 ! Run buildcubemaps in the engine to get the correct cube maps.
Finding displacement neighbors...
Finding lightmap sample positions...
Displacement Alpha : 0...1...2...3...4...5...6...7...8...9...10
Building Physics collision data...
done (0) (9773 bytes)
Placing detail props : 0...1...2...3...4...5...6...7...8...9...10
Compacting texture/material tables...
Reduced 30 texinfos to 16
Reduced 5 texdatas to 5 (119 bytes to 119)
Writing c:\program files (x86)\steam\steamapps\sourcemods\hlmbv\maps\worship.bsp
0 seconds elapsed



4 threads
reading c:\program files (x86)\steam\steamapps\sourcemods\hlmbv\maps\worship.bsp
reading c:\program files (x86)\steam\steamapps\sourcemods\hlmbv\maps\worship.prt
  36 portalclusters
  79 numportals
0...1...2...3...4...5...6...7...8...9...10Optimized: 25 visible clusters (2.35%)
Total clusters visible: 1063
Average clusters visible: 29
Building PAS...
Average clusters audible: 36
visdatasize:658  compressed from 576
writing c:\program files (x86)\steam\steamapps\sourcemods\hlmbv\maps\worship.bsp
0 seconds elapsed



Could not find lights.rad in lights.rad.
Trying VRAD BIN directory instead...
Warning: Couldn't open texlight file C:\Program Files (x86)\Steam\steamapps\common\Source SDK Base 2013 Singleplayer\bin\lights.rad.
Loading c:\program files (x86)\steam\steamapps\sourcemods\hlmbv\maps\worship.bsp
191 faces
98744 square feet [14219264.00 square inches]
0 Displacements
0 Square Feet [0.00 Square Inches]
191 patches before subdivision
5741 patches after subdivision
2 direct lights
0...1...2...3...4...5...6...7...8...9...100...1...2...3...4...5...6...7...8...9...10transfers 169199, max 174
transfer lists:   1.3 megs
0...1...2...3...4...5...6...7...8...9...10	Bounce #1 added RGB(26822, 27053, 24125)
0...1...2...3...4...5...6...7...8...9...10	Bounce #2 added RGB(5081, 5212, 4167)
Build Patch/Sample Hash Table(s).....Done<0.0011 sec>
0...1...2...3...4...5...6...7...8...9...10FinalLightFace Done
0 of 0 (0% of) surface lights went in leaf ambient cubes.
0...1...2...3...4...5...6...7...8...9...10Writing leaf ambient...done
Ready to Finish

Object names       Objects/Maxobjs  Memory / Maxmem  Fullness 
------------       ---------------  ---------------  -------- 
models                   1/1024           48/49152    ( 0.1%) 
brushes                 26/8192          312/98304    ( 0.3%) 
brushsides             156/65536        1248/524288   ( 0.2%) 
planes                 102/65536        2040/1310720  ( 0.2%) 
vertexes               267/65536        3204/786432   ( 0.4%) 
nodes                   83/65536        2656/2097152  ( 0.1%) 
texinfos                16/12288        1152/884736   ( 0.1%) 
texdata                  5/2048          160/65536    ( 0.2%) 
dispinfos                0/0               0/0        ( 0.0%) 
disp_verts               0/0               0/0        ( 0.0%) 
disp_tris                0/0               0/0        ( 0.0%) 
disp_lmsamples           0/0               0/0        ( 0.0%) 
faces                  191/65536       10696/3670016  ( 0.3%) 
hdr faces                0/65536           0/3670016  ( 0.0%) 
origfaces               78/65536        4368/3670016  ( 0.1%) 
leaves                  85/65536        2720/2097152  ( 0.1%) 
leaffaces              206/65536         412/131072   ( 0.3%) 
leafbrushes             44/65536          88/131072   ( 0.1%) 
areas                    2/256            16/2048     ( 0.8%) 
surfedges             1198/512000       4792/2048000  ( 0.2%) 
edges                  663/256000       2652/1024000  ( 0.3%) 
LDR worldlights          2/8192          176/720896   ( 0.0%) 
HDR worldlights          0/8192            0/720896   ( 0.0%) 
leafwaterdata            0/32768           0/393216   ( 0.0%) 
waterstrips             21/32768         210/327680   ( 0.1%) 
waterverts               0/65536           0/786432   ( 0.0%) 
waterindices           282/65536         564/131072   ( 0.4%) 
cubemapsamples           0/1024            0/16384    ( 0.0%) 
overlays                 0/512             0/180224   ( 0.0%) 
LDR lightdata         [variable]      331552/0        ( 0.0%) 
HDR lightdata         [variable]           0/0        ( 0.0%) 
visdata               [variable]         658/16777216 ( 0.0%) 
entdata               [variable]       28237/393216   ( 7.2%) 
LDR ambient table       85/65536         340/262144   ( 0.1%) 
HDR ambient table       85/65536         340/262144   ( 0.1%) 
LDR leaf ambient       464/65536       12992/1835008  ( 0.7%) 
HDR leaf ambient        85/65536        2380/1835008  ( 0.1%) 
occluders                0/0               0/0        ( 0.0%) 
occluder polygons        0/0               0/0        ( 0.0%) 
occluder vert ind        0/0               0/0        ( 0.0%) 
detail props          [variable]           1/12       ( 8.3%) 
static props          [variable]           1/206      ( 0.5%) 
pakfile               [variable]      105659/0        ( 0.0%) 
physics               [variable]        9773/4194304  ( 0.2%) 
physics terrain       [variable]           2/1048576  ( 0.0%) 

Level flags = 0

Total triangle count: 504
Writing c:\program files (x86)\steam\steamapps\sourcemods\hlmbv\maps\worship.bsp
0 seconds elapsed



materialPath: C:\Program Files (x86)\Steam\steamapps\common\Source SDK Base 2013 Singleplayer\hl2\materials
Loading c:\program files (x86)\steam\steamapps\sourcemods\hlmbv\maps\worship.vmf
Could not locate 'GameData' key in c:\program files (x86)\steam\steamapps\common\source sdk base 2013 singleplayer\hl2\gameinfo.txt
fixing up env_cubemap materials on brush sides...
0...1...2...3...4...5...6...7...8...9...100...1...2...3...4...5...6...7...8...9...10Processing areas...done (0)
Building Faces...done (0)
FixTjuncs...
PruneNodes...
WriteBSP...
done (0)
writing c:\program files (x86)\steam\steamapps\sourcemods\hlmbv\maps\worship.prt...Building visibility clusters...
done (0)
Creating default LDR cubemaps for env_cubemap using skybox materials:
   skybox/sky_day01_01*.vmt
 ! Run buildcubemaps in the engine to get the correct cube maps.
Creating default HDR cubemaps for env_cubemap using skybox materials:
   skybox/sky_day01_01*.vmt
 ! Run buildcubemaps in the engine to get the correct cube maps.
Finding displacement neighbors...
Finding lightmap sample positions...
Displacement Alpha : 0...1...2...3...4...5...6...7...8...9...10
Building Physics collision data...
done (0) (10101 bytes)
Placing detail props : 0...1...2...3...4...5...6...7...8...9...10
Compacting texture/material tables...
Reduced 32 texinfos to 16
Reduced 5 texdatas to 5 (119 bytes to 119)
Writing c:\program files (x86)\steam\steamapps\sourcemods\hlmbv\maps\worship.bsp
0 seconds elapsed



4 threads
reading c:\program files (x86)\steam\steamapps\sourcemods\hlmbv\maps\worship.bsp
reading c:\program files (x86)\steam\steamapps\sourcemods\hlmbv\maps\worship.prt
  40 portalclusters
  79 numportals
0...1...2...3...4...5...6...7...8...9...10Optimized: 13 visible clusters (1.02%)
Total clusters visible: 1277
Average clusters visible: 31
Building PAS...
Average clusters audible: 40
visdatasize:728  compressed from 640
writing c:\program files (x86)\steam\steamapps\sourcemods\hlmbv\maps\worship.bsp
0 seconds elapsed



Could not find lights.rad in lights.rad.
Trying VRAD BIN directory instead...
Warning: Couldn't open texlight file C:\Program Files (x86)\Steam\steamapps\common\Source SDK Base 2013 Singleplayer\bin\lights.rad.
Loading c:\program files (x86)\steam\steamapps\sourcemods\hlmbv\maps\worship.bsp
198 faces
105777 square feet [15232000.00 square inches]
0 Displacements
0 Square Feet [0.00 Square Inches]
198 patches before subdivision
6648 patches after subdivision
2 direct lights
0...1...2...3...4...5...6...7...8...9...100...1...2...3...4...5...6...7...8...9...10transfers 243586, max 251
transfer lists:   1.9 megs
0...1...2...3...4...5...6...7...8...9...10	Bounce #1 added RGB(18266, 18407, 16423)
0...1...2...3...4...5...6...7...8...9...10	Bounce #2 added RGB(3025, 3099, 2476)
Build Patch/Sample Hash Table(s).....Done<0.0012 sec>
0...1...2...3...4...5...6...7...8...9...10FinalLightFace Done
0 of 0 (0% of) surface lights went in leaf ambient cubes.
0...1...2...3...4...5...6...7...8...9...10Writing leaf ambient...done
Ready to Finish

Object names       Objects/Maxobjs  Memory / Maxmem  Fullness 
------------       ---------------  ---------------  -------- 
models                   1/1024           48/49152    ( 0.1%) 
brushes                 27/8192          324/98304    ( 0.3%) 
brushsides             162/65536        1296/524288   ( 0.2%) 
planes                 104/65536        2080/1310720  ( 0.2%) 
vertexes               280/65536        3360/786432   ( 0.4%) 
nodes                   89/65536        2848/2097152  ( 0.1%) 
texinfos                16/12288        1152/884736   ( 0.1%) 
texdata                  5/2048          160/65536    ( 0.2%) 
dispinfos                0/0               0/0        ( 0.0%) 
disp_verts               0/0               0/0        ( 0.0%) 
disp_tris                0/0               0/0        ( 0.0%) 
disp_lmsamples           0/0               0/0        ( 0.0%) 
faces                  198/65536       11088/3670016  ( 0.3%) 
hdr faces                0/65536           0/3670016  ( 0.0%) 
origfaces               72/65536        4032/3670016  ( 0.1%) 
leaves                  91/65536        2912/2097152  ( 0.1%) 
leaffaces              221/65536         442/131072   ( 0.3%) 
leafbrushes             46/65536          92/131072   ( 0.1%) 
areas                    2/256            16/2048     ( 0.8%) 
surfedges             1218/512000       4872/2048000  ( 0.2%) 
edges                  685/256000       2740/1024000  ( 0.3%) 
LDR worldlights          2/8192          176/720896   ( 0.0%) 
HDR worldlights          0/8192            0/720896   ( 0.0%) 
leafwaterdata            0/32768           0/393216   ( 0.0%) 
waterstrips             23/32768         230/327680   ( 0.1%) 
waterverts               0/65536           0/786432   ( 0.0%) 
waterindices           312/65536         624/131072   ( 0.5%) 
cubemapsamples           0/1024            0/16384    ( 0.0%) 
overlays                 0/512             0/180224   ( 0.0%) 
LDR lightdata         [variable]      350116/0        ( 0.0%) 
HDR lightdata         [variable]           0/0        ( 0.0%) 
visdata               [variable]         728/16777216 ( 0.0%) 
entdata               [variable]       28237/393216   ( 7.2%) 
LDR ambient table       91/65536         364/262144   ( 0.1%) 
HDR ambient table       91/65536         364/262144   ( 0.1%) 
LDR leaf ambient       498/65536       13944/1835008  ( 0.8%) 
HDR leaf ambient        91/65536        2548/1835008  ( 0.1%) 
occluders                0/0               0/0        ( 0.0%) 
occluder polygons        0/0               0/0        ( 0.0%) 
occluder vert ind        0/0               0/0        ( 0.0%) 
detail props          [variable]           1/12       ( 8.3%) 
static props          [variable]           1/666      ( 0.2%) 
pakfile               [variable]      105659/0        ( 0.0%) 
physics               [variable]       10101/4194304  ( 0.2%) 
physics terrain       [variable]           2/1048576  ( 0.0%) 

Level flags = 0

Total triangle count: 534
Writing c:\program files (x86)\steam\steamapps\sourcemods\hlmbv\maps\worship.bsp
0 seconds elapsed



materialPath: C:\Program Files (x86)\Steam\steamapps\common\Source SDK Base 2013 Singleplayer\hl2\materials
Loading c:\program files (x86)\steam\steamapps\sourcemods\hlmbv\maps\worship.vmf
Could not locate 'GameData' key in c:\program files (x86)\steam\steamapps\common\source sdk base 2013 singleplayer\hl2\gameinfo.txt
fixing up env_cubemap materials on brush sides...
0...1...2...3...4...5...6...7...8...9...100...1...2...3...4...5...6...7...8...9...10Processing areas...done (0)
Building Faces...done (0)
FixTjuncs...
PruneNodes...
WriteBSP...
done (0)
writing c:\program files (x86)\steam\steamapps\sourcemods\hlmbv\maps\worship.prt...Building visibility clusters...
done (0)
Creating default LDR cubemaps for env_cubemap using skybox materials:
   skybox/sky_day01_01*.vmt
 ! Run buildcubemaps in the engine to get the correct cube maps.
Creating default HDR cubemaps for env_cubemap using skybox materials:
   skybox/sky_day01_01*.vmt
 ! Run buildcubemaps in the engine to get the correct cube maps.
Finding displacement neighbors...
Finding lightmap sample positions...
Displacement Alpha : 0...1...2...3...4...5...6...7...8...9...10
Building Physics collision data...
done (0) (10101 bytes)
Placing detail props : 0...1...2...3...4...5...6...7...8...9...10
Compacting texture/material tables...
Reduced 32 texinfos to 16
Reduced 5 texdatas to 5 (119 bytes to 119)
Writing c:\program files (x86)\steam\steamapps\sourcemods\hlmbv\maps\worship.bsp
0 seconds elapsed



4 threads
reading c:\program files (x86)\steam\steamapps\sourcemods\hlmbv\maps\worship.bsp
reading c:\program files (x86)\steam\steamapps\sourcemods\hlmbv\maps\worship.prt
  40 portalclusters
  79 numportals
0...1...2...3...4...5...6...7...8...9...10Optimized: 13 visible clusters (1.02%)
Total clusters visible: 1277
Average clusters visible: 31
Building PAS...
Average clusters audible: 40
visdatasize:728  compressed from 640
writing c:\program files (x86)\steam\steamapps\sourcemods\hlmbv\maps\worship.bsp
0 seconds elapsed



Could not find lights.rad in lights.rad.
Trying VRAD BIN directory instead...
Warning: Couldn't open texlight file C:\Program Files (x86)\Steam\steamapps\common\Source SDK Base 2013 Singleplayer\bin\lights.rad.
Loading c:\program files (x86)\steam\steamapps\sourcemods\hlmbv\maps\worship.bsp
198 faces
105777 square feet [15232000.00 square inches]
0 Displacements
0 Square Feet [0.00 Square Inches]
198 patches before subdivision
6648 patches after subdivision
6 direct lights
0...1...2...3...4...5...6...7...8...9...100...1...2...3...4...5...6...7...8...9...10transfers 243586, max 251
transfer lists:   1.9 megs
0...1...2...3...4...5...6...7...8...9...10	Bounce #1 added RGB(39572, 40071, 35895)
0...1...2...3...4...5...6...7...8...9...10	Bounce #2 added RGB(11370, 11700, 9394)
Build Patch/Sample Hash Table(s).....Done<0.0012 sec>
0...1...2...3...4...5...6...7...8...9...10FinalLightFace Done
0 of 0 (0% of) surface lights went in leaf ambient cubes.
0...1...2...3...4...5...6...7...8...9...10Writing leaf ambient...done
Ready to Finish

Object names       Objects/Maxobjs  Memory / Maxmem  Fullness 
------------       ---------------  ---------------  -------- 
models                   1/1024           48/49152    ( 0.1%) 
brushes                 27/8192          324/98304    ( 0.3%) 
brushsides             162/65536        1296/524288   ( 0.2%) 
planes                 104/65536        2080/1310720  ( 0.2%) 
vertexes               280/65536        3360/786432   ( 0.4%) 
nodes                   89/65536        2848/2097152  ( 0.1%) 
texinfos                16/12288        1152/884736   ( 0.1%) 
texdata                  5/2048          160/65536    ( 0.2%) 
dispinfos                0/0               0/0        ( 0.0%) 
disp_verts               0/0               0/0        ( 0.0%) 
disp_tris                0/0               0/0        ( 0.0%) 
disp_lmsamples           0/0               0/0        ( 0.0%) 
faces                  198/65536       11088/3670016  ( 0.3%) 
hdr faces                0/65536           0/3670016  ( 0.0%) 
origfaces               72/65536        4032/3670016  ( 0.1%) 
leaves                  91/65536        2912/2097152  ( 0.1%) 
leaffaces              221/65536         442/131072   ( 0.3%) 
leafbrushes             46/65536          92/131072   ( 0.1%) 
areas                    2/256            16/2048     ( 0.8%) 
surfedges             1218/512000       4872/2048000  ( 0.2%) 
edges                  685/256000       2740/1024000  ( 0.3%) 
LDR worldlights          6/8192          528/720896   ( 0.1%) 
HDR worldlights          0/8192            0/720896   ( 0.0%) 
leafwaterdata            0/32768           0/393216   ( 0.0%) 
waterstrips             23/32768         230/327680   ( 0.1%) 
waterverts               0/65536           0/786432   ( 0.0%) 
waterindices           312/65536         624/131072   ( 0.5%) 
cubemapsamples           0/1024            0/16384    ( 0.0%) 
overlays                 0/512             0/180224   ( 0.0%) 
LDR lightdata         [variable]      350116/0        ( 0.0%) 
HDR lightdata         [variable]           0/0        ( 0.0%) 
visdata               [variable]         728/16777216 ( 0.0%) 
entdata               [variable]       29486/393216   ( 7.5%) 
LDR ambient table       91/65536         364/262144   ( 0.1%) 
HDR ambient table       91/65536         364/262144   ( 0.1%) 
LDR leaf ambient       535/65536       14980/1835008  ( 0.8%) 
HDR leaf ambient        91/65536        2548/1835008  ( 0.1%) 
occluders                0/0               0/0        ( 0.0%) 
occluder polygons        0/0               0/0        ( 0.0%) 
occluder vert ind        0/0               0/0        ( 0.0%) 
detail props          [variable]           1/12       ( 8.3%) 
static props          [variable]           1/666      ( 0.2%) 
pakfile               [variable]      105659/0        ( 0.0%) 
physics               [variable]       10101/4194304  ( 0.2%) 
physics terrain       [variable]           2/1048576  ( 0.0%) 

Level flags = 0

Total triangle count: 534
Writing c:\program files (x86)\steam\steamapps\sourcemods\hlmbv\maps\worship.bsp
0 seconds elapsed
