PRT1
40
79
4 0 4 (1024 768 144 ) (1024 752 144 ) (320 752 144 ) (320 768 144 ) 
4 0 3 (320 1024 144 ) (1024 1024 144 ) (1024 768 144 ) (320 768 144 ) 
4 0 5 (1024 752 144 ) (1024 512 144 ) (320 512 144 ) (320 752 144 ) 
4 0 1 (320 512 512 ) (320 512 176 ) (1024 512 176 ) (1024 512 512 ) 
4 0 2 (320 1024 144 ) (320 512 144 ) (320 512 512 ) (320 1024 512 ) 
4 1 22 (1024 0 176 ) (1024 0 512 ) (320 0 512 ) (320 0 176 ) 
4 1 2 (320 0 176 ) (320 0 512 ) (320 512 512 ) (320 512 176 ) 
4 2 24 (320 0 512 ) (0 0 512 ) (0 0 144 ) (320 0 144 ) 
4 2 15 (0 0 144 ) (0 0 512 ) (0 1024 512 ) (0 1024 144 ) 
4 2 14 (0 0 144 ) (0 512 144 ) (320 512 144 ) (320 0 144 ) 
4 2 4 (0 752 144 ) (0 768 144 ) (320 768 144 ) (320 752 144 ) 
4 2 3 (0 768 144 ) (0 1024 144 ) (320 1024 144 ) (320 768 144 ) 
4 2 5 (0 512 144 ) (0 752 144 ) (320 752 144 ) (320 512 144 ) 
4 3 16 (0 1024 80 ) (0 1024 0 ) (0 768 0 ) (0 768 80 ) 
4 3 15 (0 768 144 ) (0 1024 144 ) (0 1024 80 ) (0 768 80 ) 
4 3 4 (1024 768 80 ) (1024 768 144 ) (0 768 144 ) (0 768 80 ) 
4 4 15 (0 752 144 ) (0 768 144 ) (0 768 80 ) (0 752 80 ) 
4 4 5 (1024 752 80 ) (1024 752 144 ) (0 752 144 ) (0 752 80 ) 
4 5 17 (0 752 80 ) (0 752 0 ) (0 512 0 ) (0 512 80 ) 
4 5 15 (0 512 144 ) (0 752 144 ) (0 752 80 ) (0 512 80 ) 
4 5 14 (0 512 0 ) (320 512 0 ) (320 512 144 ) (0 512 144 ) 
4 5 6 (848 512 0 ) (928 512 0 ) (928 512 144 ) (848 512 144 ) 
4 6 7 (848 496 0 ) (928 496 0 ) (928 496 144 ) (848 496 144 ) 
4 7 25 (1008 0 144 ) (640 0 144 ) (640 0 0 ) (1008 0 0 ) 
4 7 10 (640 208 0 ) (640 48 0 ) (640 48 144 ) (640 208 144 ) 
4 8 9 (544 496 144 ) (544 496 0 ) (544 224 0 ) (544 224 144 ) 
4 8 10 (544 208 0 ) (624 208 0 ) (624 208 144 ) (544 208 144 ) 
4 10 13 (336 208 0 ) (336 48 0 ) (336 48 144 ) (336 208 144 ) 
4 10 11 (544 48 0 ) (624 48 0 ) (624 48 144 ) (544 48 144 ) 
4 11 26 (624 0 144 ) (544 0 144 ) (544 0 0 ) (624 0 0 ) 
4 11 12 (544 32 0 ) (544 0 0 ) (544 0 144 ) (544 32 144 ) 
4 12 26 (544 0 144 ) (336 0 144 ) (336 0 0 ) (544 0 0 ) 
4 13 14 (320 208 0 ) (320 48 0 ) (320 48 144 ) (320 208 144 ) 
4 14 28 (320 0 144 ) (0 0 144 ) (0 0 0 ) (320 0 0 ) 
4 14 17 (0 0 0 ) (0 0 80 ) (0 512 80 ) (0 512 0 ) 
4 14 15 (0 0 80 ) (0 0 144 ) (0 512 144 ) (0 512 80 ) 
4 15 33 (0 0 80 ) (0 0 512 ) (-1024 0 512 ) (-1024 0 80 ) 
4 15 18 (-128 1024 80 ) (-112 1024 80 ) (-112 768 80 ) (-128 768 80 ) 
4 15 19 (-112 256 80 ) (-112 0 80 ) (-128 0 80 ) (-128 256 80 ) 
4 15 20 (-1024 1024 80 ) (-128 1024 80 ) (-128 0 80 ) (-1024 0 80 ) 
4 15 16 (-112 1024 80 ) (0 1024 80 ) (0 768 80 ) (-112 768 80 ) 
4 15 17 (0 752 80 ) (0 0 80 ) (-112 0 80 ) (-112 752 80 ) 
4 16 18 (-112 1024 0 ) (-112 768 0 ) (-112 768 80 ) (-112 1024 80 ) 
4 17 34 (0 0 0 ) (0 0 80 ) (-112 0 80 ) (-112 0 0 ) 
4 17 19 (-112 256 0 ) (-112 0 0 ) (-112 0 80 ) (-112 256 80 ) 
4 18 20 (-128 1024 0 ) (-128 768 0 ) (-128 768 80 ) (-128 1024 80 ) 
4 19 20 (-128 256 0 ) (-128 0 0 ) (-128 0 80 ) (-128 256 80 ) 
4 20 38 (-128 0 80 ) (-1024 0 80 ) (-1024 0 0 ) (-128 0 0 ) 
4 20 21 (-320 0 0 ) (-640 0 0 ) (-640 1024 0 ) (-320 1024 0 ) 
4 21 39 (-320 0 -16 ) (-320 0 0 ) (-640 0 0 ) (-640 0 -16 ) 
4 22 23 (320 -256 512 ) (320 -256 176 ) (1024 -256 176 ) (1024 -256 512 ) 
4 22 24 (320 -256 176 ) (320 -256 512 ) (320 0 512 ) (320 0 176 ) 
4 23 29 (1024 -256 144 ) (1024 -1024 144 ) (320 -1024 144 ) (320 -256 144 ) 
4 23 24 (320 -256 144 ) (320 -1024 144 ) (320 -1024 512 ) (320 -256 512 ) 
4 24 33 (0 0 512 ) (0 0 144 ) (0 -1024 144 ) (0 -1024 512 ) 
4 24 29 (320 -256 144 ) (320 -1024 144 ) (0 -1024 144 ) (0 -256 144 ) 
4 24 28 (0 0 144 ) (320 0 144 ) (320 -256 144 ) (0 -256 144 ) 
4 25 27 (848 -240 0 ) (928 -240 0 ) (928 -240 144 ) (848 -240 144 ) 
4 27 30 (848 -256 0 ) (928 -256 0 ) (928 -256 80 ) (848 -256 80 ) 
4 27 29 (928 -256 80 ) (928 -256 144 ) (848 -256 144 ) (848 -256 80 ) 
4 28 34 (0 0 80 ) (0 0 0 ) (0 -256 0 ) (0 -256 80 ) 
4 28 33 (0 0 144 ) (0 0 80 ) (0 -256 80 ) (0 -256 144 ) 
4 28 30 (0 -256 0 ) (320 -256 0 ) (320 -256 80 ) (0 -256 80 ) 
4 28 29 (320 -256 80 ) (320 -256 144 ) (0 -256 144 ) (0 -256 80 ) 
4 29 33 (0 -1024 80 ) (0 -1024 144 ) (0 -256 144 ) (0 -256 80 ) 
4 29 32 (1024 -800 80 ) (1024 -1024 80 ) (0 -1024 80 ) (0 -800 80 ) 
4 29 30 (0 -256 80 ) (1024 -256 80 ) (1024 -496 80 ) (0 -496 80 ) 
4 29 31 (1024 -512 80 ) (1024 -784 80 ) (0 -784 80 ) (0 -512 80 ) 
4 30 34 (0 -256 0 ) (0 -496 0 ) (0 -496 80 ) (0 -256 80 ) 
4 31 35 (0 -512 0 ) (0 -784 0 ) (0 -784 80 ) (0 -512 80 ) 
4 32 36 (0 -800 0 ) (0 -1024 0 ) (0 -1024 80 ) (0 -800 80 ) 
4 33 37 (-112 -512 80 ) (-112 -784 80 ) (-128 -784 80 ) (-128 -512 80 ) 
4 33 38 (-1024 -1024 80 ) (-1024 0 80 ) (-128 0 80 ) (-128 -1024 80 ) 
4 33 35 (0 -512 80 ) (0 -784 80 ) (-112 -784 80 ) (-112 -512 80 ) 
4 33 36 (0 -800 80 ) (0 -1024 80 ) (-112 -1024 80 ) (-112 -800 80 ) 
4 33 34 (-112 0 80 ) (0 0 80 ) (0 -496 80 ) (-112 -496 80 ) 
4 35 37 (-112 -512 0 ) (-112 -784 0 ) (-112 -784 80 ) (-112 -512 80 ) 
4 37 38 (-128 -512 0 ) (-128 -784 0 ) (-128 -784 80 ) (-128 -512 80 ) 
4 38 39 (-320 -1024 0 ) (-640 -1024 0 ) (-640 0 0 ) (-320 0 0 ) 
